2024-01-29 20:51:23: Experiment log path in: D:\omer\ST-SSL\experiments\Careem_linear\20240129-205123
2024-01-29 20:51:23: Experiment configs are: Namespace(seed=31, device='cuda', mode='train', best_path='None', debug=False, data_dir='data', dataset='Careem_linear', input_length=12, batch_size=64, val_batch_size=64, test_batch_size=1, graph_file='data/Careem/adj_mx.npz', d_input=1, d_output=1, d_model=64, dropout=0.2, percent=0.1, shm_temp=0.5, nmb_prototype=2, yita=1, epochs=10, lr_init=0.001, early_stop=True, early_stop_patience=150, grad_norm=True, max_grad_norm=5, use_dwa=True, temp=4, num_nodes=285, log_dir='D:\\omer\\ST-SSL\\experiments\\Careem_linear\\20240129-205123')
2024-01-29 20:51:28: *******Train Epoch 1: averaged Loss : 10.339457
2024-01-29 20:51:28: *******Val Epoch 1: averaged Loss : 9.347830
2024-01-29 20:51:28: **************Current best model saved to D:\omer\ST-SSL\experiments\Careem_linear\20240129-205123\best_model.pth
2024-01-29 20:51:30: *******Train Epoch 2: averaged Loss : 8.818892
2024-01-29 20:51:31: *******Val Epoch 2: averaged Loss : 8.747695
2024-01-29 20:51:31: **************Current best model saved to D:\omer\ST-SSL\experiments\Careem_linear\20240129-205123\best_model.pth
2024-01-29 20:51:33: *******Train Epoch 3: averaged Loss : 8.501773
2024-01-29 20:51:33: *******Val Epoch 3: averaged Loss : 8.578473
2024-01-29 20:51:33: **************Current best model saved to D:\omer\ST-SSL\experiments\Careem_linear\20240129-205123\best_model.pth
2024-01-29 20:51:35: *******Train Epoch 4: averaged Loss : 8.213520
2024-01-29 20:51:35: *******Val Epoch 4: averaged Loss : 8.417204
2024-01-29 20:51:35: **************Current best model saved to D:\omer\ST-SSL\experiments\Careem_linear\20240129-205123\best_model.pth
2024-01-29 20:51:38: *******Train Epoch 5: averaged Loss : 8.211012
2024-01-29 20:51:38: *******Val Epoch 5: averaged Loss : 8.663504
2024-01-29 20:51:40: *******Train Epoch 6: averaged Loss : 8.050466
2024-01-29 20:51:40: *******Val Epoch 6: averaged Loss : 8.327268
2024-01-29 20:51:40: **************Current best model saved to D:\omer\ST-SSL\experiments\Careem_linear\20240129-205123\best_model.pth
2024-01-29 20:51:43: *******Train Epoch 7: averaged Loss : 7.974609
2024-01-29 20:51:43: *******Val Epoch 7: averaged Loss : 7.998440
2024-01-29 20:51:43: **************Current best model saved to D:\omer\ST-SSL\experiments\Careem_linear\20240129-205123\best_model.pth
2024-01-29 20:51:45: *******Train Epoch 8: averaged Loss : 7.932506
2024-01-29 20:51:45: *******Val Epoch 8: averaged Loss : 8.164567
2024-01-29 20:51:48: *******Train Epoch 9: averaged Loss : 7.795138
2024-01-29 20:51:48: *******Val Epoch 9: averaged Loss : 7.987858
2024-01-29 20:51:48: **************Current best model saved to D:\omer\ST-SSL\experiments\Careem_linear\20240129-205123\best_model.pth
2024-01-29 20:51:50: *******Train Epoch 10: averaged Loss : 7.707687
2024-01-29 20:51:50: *******Val Epoch 10: averaged Loss : 8.129359
2024-01-29 20:51:50: == Training finished.
Total training time: 0.45 min	best loss: 7.9879	best epoch: 9	
2024-01-29 20:51:50: == Test results.
2024-01-29 20:51:55: test, MAE: 6.78, test MAPE: 32.3972%
2024-01-29 20:51:59: rolling, MAE: 14.57, rolling MAPE: 106.6926%
