2024-01-30 10:16:39: Experiment log path in: D:\omer\ST-SSL\experiments\Careem_linear\20240130-101639
2024-01-30 10:16:39: Experiment configs are: Namespace(seed=31, device='cuda', mode='train', best_path='None', debug=False, data_dir='data', dataset='Careem_linear', input_length=12, batch_size=32, val_batch_size=32, test_batch_size=1, graph_file='data/Careem/adj_mx.npz', d_input=1, d_output=1, d_model=64, dropout=0.2, percent=0.1, shm_temp=0.5, nmb_prototype=2, yita=1, epochs=1000, lr_init=0.001, early_stop=True, early_stop_patience=200, grad_norm=True, max_grad_norm=5, use_dwa=True, temp=4, num_nodes=285, log_dir='D:\\omer\\ST-SSL\\experiments\\Careem_linear\\20240130-101639')
2024-01-30 10:16:47: *******Train Epoch 1: averaged Loss : 9.662349
2024-01-30 10:16:47: *******Val Epoch 1: averaged Loss : 8.880867
2024-01-30 10:16:47: **************Current best model saved to D:\omer\ST-SSL\experiments\Careem_linear\20240130-101639\best_model.pth
2024-01-30 10:16:49: *******Train Epoch 2: averaged Loss : 8.386843
2024-01-30 10:16:49: *******Val Epoch 2: averaged Loss : 8.325396
2024-01-30 10:16:49: **************Current best model saved to D:\omer\ST-SSL\experiments\Careem_linear\20240130-101639\best_model.pth
2024-01-30 10:16:51: *******Train Epoch 3: averaged Loss : 8.279026
2024-01-30 10:16:51: *******Val Epoch 3: averaged Loss : 8.347754
2024-01-30 10:16:53: *******Train Epoch 4: averaged Loss : 7.989765
2024-01-30 10:16:53: *******Val Epoch 4: averaged Loss : 8.119628
2024-01-30 10:16:53: **************Current best model saved to D:\omer\ST-SSL\experiments\Careem_linear\20240130-101639\best_model.pth
2024-01-30 10:16:55: *******Train Epoch 5: averaged Loss : 7.796752
2024-01-30 10:16:55: *******Val Epoch 5: averaged Loss : 8.058032
2024-01-30 10:16:55: **************Current best model saved to D:\omer\ST-SSL\experiments\Careem_linear\20240130-101639\best_model.pth
2024-01-30 10:16:57: *******Train Epoch 6: averaged Loss : 7.733140
2024-01-30 10:16:57: *******Val Epoch 6: averaged Loss : 7.992762
2024-01-30 10:16:57: **************Current best model saved to D:\omer\ST-SSL\experiments\Careem_linear\20240130-101639\best_model.pth
2024-01-30 10:16:59: *******Train Epoch 7: averaged Loss : 7.670459
2024-01-30 10:16:59: *******Val Epoch 7: averaged Loss : 7.990733
2024-01-30 10:16:59: **************Current best model saved to D:\omer\ST-SSL\experiments\Careem_linear\20240130-101639\best_model.pth
2024-01-30 10:17:01: *******Train Epoch 8: averaged Loss : 7.641395
2024-01-30 10:17:01: *******Val Epoch 8: averaged Loss : 7.863961
2024-01-30 10:17:01: **************Current best model saved to D:\omer\ST-SSL\experiments\Careem_linear\20240130-101639\best_model.pth
2024-01-30 10:17:03: *******Train Epoch 9: averaged Loss : 7.560547
2024-01-30 10:17:03: *******Val Epoch 9: averaged Loss : 8.090915
2024-01-30 10:17:05: *******Train Epoch 10: averaged Loss : 7.521256
2024-01-30 10:17:06: *******Val Epoch 10: averaged Loss : 8.002540
2024-01-30 10:17:07: *******Train Epoch 11: averaged Loss : 7.569769
2024-01-30 10:17:08: *******Val Epoch 11: averaged Loss : 8.119542
2024-01-30 10:17:10: *******Train Epoch 12: averaged Loss : 7.542360
2024-01-30 10:17:10: *******Val Epoch 12: averaged Loss : 7.846335
2024-01-30 10:17:10: **************Current best model saved to D:\omer\ST-SSL\experiments\Careem_linear\20240130-101639\best_model.pth
2024-01-30 10:17:12: *******Train Epoch 13: averaged Loss : 7.441661
2024-01-30 10:17:12: *******Val Epoch 13: averaged Loss : 7.822649
2024-01-30 10:17:12: **************Current best model saved to D:\omer\ST-SSL\experiments\Careem_linear\20240130-101639\best_model.pth
2024-01-30 10:17:14: *******Train Epoch 14: averaged Loss : 7.443123
2024-01-30 10:17:14: *******Val Epoch 14: averaged Loss : 8.137081
2024-01-30 10:17:16: *******Train Epoch 15: averaged Loss : 7.472187
2024-01-30 10:17:16: *******Val Epoch 15: averaged Loss : 7.935260
2024-01-30 10:17:18: *******Train Epoch 16: averaged Loss : 7.446696
2024-01-30 10:17:18: *******Val Epoch 16: averaged Loss : 7.725704
2024-01-30 10:17:18: **************Current best model saved to D:\omer\ST-SSL\experiments\Careem_linear\20240130-101639\best_model.pth
2024-01-30 10:17:20: *******Train Epoch 17: averaged Loss : 7.324215
2024-01-30 10:17:20: *******Val Epoch 17: averaged Loss : 7.782110
2024-01-30 10:17:22: *******Train Epoch 18: averaged Loss : 7.382754
2024-01-30 10:17:22: *******Val Epoch 18: averaged Loss : 7.715134
2024-01-30 10:17:22: **************Current best model saved to D:\omer\ST-SSL\experiments\Careem_linear\20240130-101639\best_model.pth
2024-01-30 10:17:24: *******Train Epoch 19: averaged Loss : 7.282691
2024-01-30 10:17:24: *******Val Epoch 19: averaged Loss : 7.819230
2024-01-30 10:17:26: *******Train Epoch 20: averaged Loss : 7.319743
2024-01-30 10:17:26: *******Val Epoch 20: averaged Loss : 7.622932
2024-01-30 10:17:26: **************Current best model saved to D:\omer\ST-SSL\experiments\Careem_linear\20240130-101639\best_model.pth
2024-01-30 10:17:28: *******Train Epoch 21: averaged Loss : 7.249725
2024-01-30 10:17:28: *******Val Epoch 21: averaged Loss : 7.566241
2024-01-30 10:17:28: **************Current best model saved to D:\omer\ST-SSL\experiments\Careem_linear\20240130-101639\best_model.pth
2024-01-30 10:17:30: *******Train Epoch 22: averaged Loss : 7.193906
2024-01-30 10:17:30: *******Val Epoch 22: averaged Loss : 7.561924
2024-01-30 10:17:30: **************Current best model saved to D:\omer\ST-SSL\experiments\Careem_linear\20240130-101639\best_model.pth
2024-01-30 10:17:32: *******Train Epoch 23: averaged Loss : 7.161184
2024-01-30 10:17:32: *******Val Epoch 23: averaged Loss : 7.495231
2024-01-30 10:17:32: **************Current best model saved to D:\omer\ST-SSL\experiments\Careem_linear\20240130-101639\best_model.pth
2024-01-30 10:17:34: *******Train Epoch 24: averaged Loss : 7.119055
2024-01-30 10:17:34: *******Val Epoch 24: averaged Loss : 7.645619
2024-01-30 10:17:36: *******Train Epoch 25: averaged Loss : 7.114736
2024-01-30 10:17:36: *******Val Epoch 25: averaged Loss : 7.499013
2024-01-30 10:17:38: *******Train Epoch 26: averaged Loss : 7.086360
2024-01-30 10:17:38: *******Val Epoch 26: averaged Loss : 7.459100
2024-01-30 10:17:38: **************Current best model saved to D:\omer\ST-SSL\experiments\Careem_linear\20240130-101639\best_model.pth
2024-01-30 10:17:40: *******Train Epoch 27: averaged Loss : 7.010432
2024-01-30 10:17:40: *******Val Epoch 27: averaged Loss : 7.415441
2024-01-30 10:17:40: **************Current best model saved to D:\omer\ST-SSL\experiments\Careem_linear\20240130-101639\best_model.pth
2024-01-30 10:17:42: *******Train Epoch 28: averaged Loss : 7.045180
2024-01-30 10:17:42: *******Val Epoch 28: averaged Loss : 7.385221
2024-01-30 10:17:42: **************Current best model saved to D:\omer\ST-SSL\experiments\Careem_linear\20240130-101639\best_model.pth
2024-01-30 10:17:44: *******Train Epoch 29: averaged Loss : 6.974615
2024-01-30 10:17:44: *******Val Epoch 29: averaged Loss : 7.582280
2024-01-30 10:17:46: *******Train Epoch 30: averaged Loss : 6.935922
2024-01-30 10:17:46: *******Val Epoch 30: averaged Loss : 7.403634
2024-01-30 10:17:48: *******Train Epoch 31: averaged Loss : 6.960556
2024-01-30 10:17:48: *******Val Epoch 31: averaged Loss : 7.254310
2024-01-30 10:17:48: **************Current best model saved to D:\omer\ST-SSL\experiments\Careem_linear\20240130-101639\best_model.pth
2024-01-30 10:17:50: *******Train Epoch 32: averaged Loss : 6.919288
2024-01-30 10:17:50: *******Val Epoch 32: averaged Loss : 7.343405
2024-01-30 10:17:52: *******Train Epoch 33: averaged Loss : 6.901014
2024-01-30 10:17:52: *******Val Epoch 33: averaged Loss : 7.239174
2024-01-30 10:17:52: **************Current best model saved to D:\omer\ST-SSL\experiments\Careem_linear\20240130-101639\best_model.pth
2024-01-30 10:17:54: *******Train Epoch 34: averaged Loss : 6.832174
2024-01-30 10:17:54: *******Val Epoch 34: averaged Loss : 7.367286
2024-01-30 10:17:56: *******Train Epoch 35: averaged Loss : 6.805219
2024-01-30 10:17:56: *******Val Epoch 35: averaged Loss : 7.310547
2024-01-30 10:17:58: *******Train Epoch 36: averaged Loss : 6.892193
2024-01-30 10:17:58: *******Val Epoch 36: averaged Loss : 7.473646
2024-01-30 10:18:00: *******Train Epoch 37: averaged Loss : 6.797595
2024-01-30 10:18:00: *******Val Epoch 37: averaged Loss : 7.355455
2024-01-30 10:18:02: *******Train Epoch 38: averaged Loss : 6.792070
2024-01-30 10:18:02: *******Val Epoch 38: averaged Loss : 7.361007
2024-01-30 10:18:04: *******Train Epoch 39: averaged Loss : 6.805224
2024-01-30 10:18:04: *******Val Epoch 39: averaged Loss : 7.320212
2024-01-30 10:18:06: *******Train Epoch 40: averaged Loss : 6.779348
2024-01-30 10:18:06: *******Val Epoch 40: averaged Loss : 7.428602
2024-01-30 10:18:08: *******Train Epoch 41: averaged Loss : 6.797594
2024-01-30 10:18:08: *******Val Epoch 41: averaged Loss : 7.280309
2024-01-30 10:18:10: *******Train Epoch 42: averaged Loss : 6.808740
2024-01-30 10:18:10: *******Val Epoch 42: averaged Loss : 7.592463
2024-01-30 10:18:12: *******Train Epoch 43: averaged Loss : 6.771968
2024-01-30 10:18:12: *******Val Epoch 43: averaged Loss : 7.309818
2024-01-30 10:18:14: *******Train Epoch 44: averaged Loss : 6.715173
2024-01-30 10:18:14: *******Val Epoch 44: averaged Loss : 7.265806
2024-01-30 10:18:16: *******Train Epoch 45: averaged Loss : 6.736697
2024-01-30 10:18:16: *******Val Epoch 45: averaged Loss : 7.328638
2024-01-30 10:18:18: *******Train Epoch 46: averaged Loss : 6.729261
2024-01-30 10:18:18: *******Val Epoch 46: averaged Loss : 7.154660
2024-01-30 10:18:18: **************Current best model saved to D:\omer\ST-SSL\experiments\Careem_linear\20240130-101639\best_model.pth
2024-01-30 10:18:20: *******Train Epoch 47: averaged Loss : 6.694891
2024-01-30 10:18:20: *******Val Epoch 47: averaged Loss : 7.359044
2024-01-30 10:18:22: *******Train Epoch 48: averaged Loss : 6.696630
2024-01-30 10:18:22: *******Val Epoch 48: averaged Loss : 7.267243
2024-01-30 10:18:24: *******Train Epoch 49: averaged Loss : 6.660335
2024-01-30 10:18:24: *******Val Epoch 49: averaged Loss : 7.327936
2024-01-30 10:18:26: *******Train Epoch 50: averaged Loss : 6.683013
2024-01-30 10:18:26: *******Val Epoch 50: averaged Loss : 7.345762
2024-01-30 10:18:28: *******Train Epoch 51: averaged Loss : 6.666830
2024-01-30 10:18:28: *******Val Epoch 51: averaged Loss : 7.308585
2024-01-30 10:18:30: *******Train Epoch 52: averaged Loss : 6.695351
2024-01-30 10:18:30: *******Val Epoch 52: averaged Loss : 7.246384
2024-01-30 10:18:32: *******Train Epoch 53: averaged Loss : 6.679660
2024-01-30 10:18:32: *******Val Epoch 53: averaged Loss : 7.194040
2024-01-30 10:18:34: *******Train Epoch 54: averaged Loss : 6.693929
2024-01-30 10:18:34: *******Val Epoch 54: averaged Loss : 7.298836
2024-01-30 10:18:36: *******Train Epoch 55: averaged Loss : 6.637475
2024-01-30 10:18:36: *******Val Epoch 55: averaged Loss : 7.174633
2024-01-30 10:18:38: *******Train Epoch 56: averaged Loss : 6.608585
2024-01-30 10:18:38: *******Val Epoch 56: averaged Loss : 7.222878
2024-01-30 10:18:40: *******Train Epoch 57: averaged Loss : 6.673175
2024-01-30 10:18:40: *******Val Epoch 57: averaged Loss : 7.321238
2024-01-30 10:18:42: *******Train Epoch 58: averaged Loss : 6.623021
2024-01-30 10:18:42: *******Val Epoch 58: averaged Loss : 7.298544
2024-01-30 10:18:44: *******Train Epoch 59: averaged Loss : 6.595269
2024-01-30 10:18:44: *******Val Epoch 59: averaged Loss : 7.344331
2024-01-30 10:18:46: *******Train Epoch 60: averaged Loss : 6.624891
2024-01-30 10:18:46: *******Val Epoch 60: averaged Loss : 7.181429
2024-01-30 10:18:48: *******Train Epoch 61: averaged Loss : 6.678737
2024-01-30 10:18:49: *******Val Epoch 61: averaged Loss : 7.353078
2024-01-30 10:18:50: *******Train Epoch 62: averaged Loss : 6.606141
2024-01-30 10:18:51: *******Val Epoch 62: averaged Loss : 7.223183
2024-01-30 10:18:52: *******Train Epoch 63: averaged Loss : 6.660955
2024-01-30 10:18:53: *******Val Epoch 63: averaged Loss : 7.164686
2024-01-30 10:18:55: *******Train Epoch 64: averaged Loss : 6.605736
2024-01-30 10:18:55: *******Val Epoch 64: averaged Loss : 7.138572
2024-01-30 10:18:55: **************Current best model saved to D:\omer\ST-SSL\experiments\Careem_linear\20240130-101639\best_model.pth
2024-01-30 10:18:57: *******Train Epoch 65: averaged Loss : 6.596902
2024-01-30 10:18:57: *******Val Epoch 65: averaged Loss : 7.229426
2024-01-30 10:18:59: *******Train Epoch 66: averaged Loss : 6.582901
2024-01-30 10:18:59: *******Val Epoch 66: averaged Loss : 7.320339
2024-01-30 10:19:01: *******Train Epoch 67: averaged Loss : 6.648951
2024-01-30 10:19:01: *******Val Epoch 67: averaged Loss : 7.093471
2024-01-30 10:19:01: **************Current best model saved to D:\omer\ST-SSL\experiments\Careem_linear\20240130-101639\best_model.pth
2024-01-30 10:19:03: *******Train Epoch 68: averaged Loss : 6.609886
2024-01-30 10:19:03: *******Val Epoch 68: averaged Loss : 7.346714
2024-01-30 10:19:05: *******Train Epoch 69: averaged Loss : 6.574766
2024-01-30 10:19:05: *******Val Epoch 69: averaged Loss : 7.108640
2024-01-30 10:19:07: *******Train Epoch 70: averaged Loss : 6.524533
2024-01-30 10:19:07: *******Val Epoch 70: averaged Loss : 7.218192
2024-01-30 10:19:09: *******Train Epoch 71: averaged Loss : 6.566833
2024-01-30 10:19:09: *******Val Epoch 71: averaged Loss : 7.272972
2024-01-30 10:19:11: *******Train Epoch 72: averaged Loss : 6.509924
2024-01-30 10:19:11: *******Val Epoch 72: averaged Loss : 7.186436
2024-01-30 10:19:13: *******Train Epoch 73: averaged Loss : 6.569277
2024-01-30 10:19:13: *******Val Epoch 73: averaged Loss : 7.123925
2024-01-30 10:19:15: *******Train Epoch 74: averaged Loss : 6.503834
2024-01-30 10:19:15: *******Val Epoch 74: averaged Loss : 7.227356
2024-01-30 10:19:17: *******Train Epoch 75: averaged Loss : 6.558749
2024-01-30 10:19:17: *******Val Epoch 75: averaged Loss : 7.262538
2024-01-30 10:19:19: *******Train Epoch 76: averaged Loss : 6.495365
2024-01-30 10:19:19: *******Val Epoch 76: averaged Loss : 7.194337
2024-01-30 10:19:21: *******Train Epoch 77: averaged Loss : 6.566758
2024-01-30 10:19:21: *******Val Epoch 77: averaged Loss : 7.251252
2024-01-30 10:19:23: *******Train Epoch 78: averaged Loss : 6.492486
2024-01-30 10:19:23: *******Val Epoch 78: averaged Loss : 7.124317
2024-01-30 10:19:25: *******Train Epoch 79: averaged Loss : 6.478985
2024-01-30 10:19:25: *******Val Epoch 79: averaged Loss : 7.296696
2024-01-30 10:19:27: *******Train Epoch 80: averaged Loss : 6.476935
2024-01-30 10:19:27: *******Val Epoch 80: averaged Loss : 7.164895
2024-01-30 10:19:29: *******Train Epoch 81: averaged Loss : 6.514184
2024-01-30 10:19:29: *******Val Epoch 81: averaged Loss : 7.115373
2024-01-30 10:19:31: *******Train Epoch 82: averaged Loss : 6.457369
2024-01-30 10:19:31: *******Val Epoch 82: averaged Loss : 7.217593
2024-01-30 10:19:33: *******Train Epoch 83: averaged Loss : 6.468730
2024-01-30 10:19:33: *******Val Epoch 83: averaged Loss : 7.239222
2024-01-30 10:19:35: *******Train Epoch 84: averaged Loss : 6.503845
2024-01-30 10:19:35: *******Val Epoch 84: averaged Loss : 7.321375
2024-01-30 10:19:37: *******Train Epoch 85: averaged Loss : 6.449968
2024-01-30 10:19:37: *******Val Epoch 85: averaged Loss : 7.141332
2024-01-30 10:19:39: *******Train Epoch 86: averaged Loss : 6.473157
2024-01-30 10:19:39: *******Val Epoch 86: averaged Loss : 7.173451
2024-01-30 10:19:41: *******Train Epoch 87: averaged Loss : 6.395875
2024-01-30 10:19:41: *******Val Epoch 87: averaged Loss : 7.261012
2024-01-30 10:19:43: *******Train Epoch 88: averaged Loss : 6.480694
2024-01-30 10:19:43: *******Val Epoch 88: averaged Loss : 7.150825
2024-01-30 10:19:45: *******Train Epoch 89: averaged Loss : 6.411233
2024-01-30 10:19:45: *******Val Epoch 89: averaged Loss : 7.179012
2024-01-30 10:19:47: *******Train Epoch 90: averaged Loss : 6.406971
2024-01-30 10:19:47: *******Val Epoch 90: averaged Loss : 7.179857
2024-01-30 10:19:49: *******Train Epoch 91: averaged Loss : 6.419744
2024-01-30 10:19:49: *******Val Epoch 91: averaged Loss : 7.029712
2024-01-30 10:19:49: **************Current best model saved to D:\omer\ST-SSL\experiments\Careem_linear\20240130-101639\best_model.pth
2024-01-30 10:19:51: *******Train Epoch 92: averaged Loss : 6.450639
2024-01-30 10:19:51: *******Val Epoch 92: averaged Loss : 7.113294
2024-01-30 10:19:53: *******Train Epoch 93: averaged Loss : 6.378238
2024-01-30 10:19:53: *******Val Epoch 93: averaged Loss : 7.321712
2024-01-30 10:19:55: *******Train Epoch 94: averaged Loss : 6.473641
2024-01-30 10:19:55: *******Val Epoch 94: averaged Loss : 7.192267
2024-01-30 10:19:57: *******Train Epoch 95: averaged Loss : 6.396236
2024-01-30 10:19:57: *******Val Epoch 95: averaged Loss : 7.151296
2024-01-30 10:19:59: *******Train Epoch 96: averaged Loss : 6.365382
2024-01-30 10:19:59: *******Val Epoch 96: averaged Loss : 7.138749
2024-01-30 10:20:01: *******Train Epoch 97: averaged Loss : 6.452813
2024-01-30 10:20:01: *******Val Epoch 97: averaged Loss : 7.224689
2024-01-30 10:20:03: *******Train Epoch 98: averaged Loss : 6.387703
2024-01-30 10:20:03: *******Val Epoch 98: averaged Loss : 7.175207
2024-01-30 10:20:05: *******Train Epoch 99: averaged Loss : 6.373909
2024-01-30 10:20:05: *******Val Epoch 99: averaged Loss : 7.226960
2024-01-30 10:20:07: *******Train Epoch 100: averaged Loss : 6.366223
2024-01-30 10:20:07: *******Val Epoch 100: averaged Loss : 7.237807
2024-01-30 10:20:09: *******Train Epoch 101: averaged Loss : 6.400254
2024-01-30 10:20:09: *******Val Epoch 101: averaged Loss : 7.308206
2024-01-30 10:20:11: *******Train Epoch 102: averaged Loss : 6.319714
2024-01-30 10:20:11: *******Val Epoch 102: averaged Loss : 7.211786
2024-01-30 10:20:13: *******Train Epoch 103: averaged Loss : 6.348747
2024-01-30 10:20:13: *******Val Epoch 103: averaged Loss : 7.129735
2024-01-30 10:20:15: *******Train Epoch 104: averaged Loss : 6.379023
2024-01-30 10:20:15: *******Val Epoch 104: averaged Loss : 7.340215
2024-01-30 10:20:17: *******Train Epoch 105: averaged Loss : 6.388460
2024-01-30 10:20:17: *******Val Epoch 105: averaged Loss : 7.026472
2024-01-30 10:20:17: **************Current best model saved to D:\omer\ST-SSL\experiments\Careem_linear\20240130-101639\best_model.pth
2024-01-30 10:20:19: *******Train Epoch 106: averaged Loss : 6.289232
2024-01-30 10:20:19: *******Val Epoch 106: averaged Loss : 7.044424
2024-01-30 10:20:21: *******Train Epoch 107: averaged Loss : 6.353713
2024-01-30 10:20:21: *******Val Epoch 107: averaged Loss : 7.149152
2024-01-30 10:20:23: *******Train Epoch 108: averaged Loss : 6.298843
2024-01-30 10:20:23: *******Val Epoch 108: averaged Loss : 7.133802
2024-01-30 10:20:25: *******Train Epoch 109: averaged Loss : 6.292678
2024-01-30 10:20:25: *******Val Epoch 109: averaged Loss : 7.201955
2024-01-30 10:20:27: *******Train Epoch 110: averaged Loss : 6.299812
2024-01-30 10:20:27: *******Val Epoch 110: averaged Loss : 7.122463
2024-01-30 10:20:29: *******Train Epoch 111: averaged Loss : 6.308585
2024-01-30 10:20:29: *******Val Epoch 111: averaged Loss : 7.258165
2024-01-30 10:20:31: *******Train Epoch 112: averaged Loss : 6.286697
2024-01-30 10:20:31: *******Val Epoch 112: averaged Loss : 7.279071
2024-01-30 10:20:33: *******Train Epoch 113: averaged Loss : 6.369865
2024-01-30 10:20:33: *******Val Epoch 113: averaged Loss : 7.100356
2024-01-30 10:20:35: *******Train Epoch 114: averaged Loss : 6.275262
2024-01-30 10:20:35: *******Val Epoch 114: averaged Loss : 7.193579
2024-01-30 10:20:37: *******Train Epoch 115: averaged Loss : 6.297300
2024-01-30 10:20:37: *******Val Epoch 115: averaged Loss : 7.133945
2024-01-30 10:20:39: *******Train Epoch 116: averaged Loss : 6.287411
2024-01-30 10:20:39: *******Val Epoch 116: averaged Loss : 7.104546
2024-01-30 10:20:41: *******Train Epoch 117: averaged Loss : 6.309899
2024-01-30 10:20:41: *******Val Epoch 117: averaged Loss : 7.058012
2024-01-30 10:20:43: *******Train Epoch 118: averaged Loss : 6.274091
2024-01-30 10:20:43: *******Val Epoch 118: averaged Loss : 7.240969
2024-01-30 10:20:45: *******Train Epoch 119: averaged Loss : 6.303800
2024-01-30 10:20:45: *******Val Epoch 119: averaged Loss : 7.302231
2024-01-30 10:20:47: *******Train Epoch 120: averaged Loss : 6.294465
2024-01-30 10:20:47: *******Val Epoch 120: averaged Loss : 7.194778
2024-01-30 10:20:49: *******Train Epoch 121: averaged Loss : 6.256272
2024-01-30 10:20:49: *******Val Epoch 121: averaged Loss : 7.244242
2024-01-30 10:20:51: *******Train Epoch 122: averaged Loss : 6.251954
2024-01-30 10:20:51: *******Val Epoch 122: averaged Loss : 7.227447
2024-01-30 10:20:53: *******Train Epoch 123: averaged Loss : 6.256161
2024-01-30 10:20:53: *******Val Epoch 123: averaged Loss : 7.139528
2024-01-30 10:20:55: *******Train Epoch 124: averaged Loss : 6.300725
2024-01-30 10:20:55: *******Val Epoch 124: averaged Loss : 7.231752
2024-01-30 10:20:57: *******Train Epoch 125: averaged Loss : 6.236537
2024-01-30 10:20:57: *******Val Epoch 125: averaged Loss : 7.089329
2024-01-30 10:20:59: *******Train Epoch 126: averaged Loss : 6.239436
2024-01-30 10:20:59: *******Val Epoch 126: averaged Loss : 7.170814
2024-01-30 10:21:01: *******Train Epoch 127: averaged Loss : 6.223491
2024-01-30 10:21:01: *******Val Epoch 127: averaged Loss : 7.174599
2024-01-30 10:21:03: *******Train Epoch 128: averaged Loss : 6.227246
2024-01-30 10:21:03: *******Val Epoch 128: averaged Loss : 7.052743
2024-01-30 10:21:05: *******Train Epoch 129: averaged Loss : 6.226906
2024-01-30 10:21:05: *******Val Epoch 129: averaged Loss : 7.217068
2024-01-30 10:21:07: *******Train Epoch 130: averaged Loss : 6.181649
2024-01-30 10:21:07: *******Val Epoch 130: averaged Loss : 7.117763
2024-01-30 10:21:09: *******Train Epoch 131: averaged Loss : 6.218392
2024-01-30 10:21:09: *******Val Epoch 131: averaged Loss : 7.210964
2024-01-30 10:21:11: *******Train Epoch 132: averaged Loss : 6.164542
2024-01-30 10:21:11: *******Val Epoch 132: averaged Loss : 7.197922
2024-01-30 10:21:13: *******Train Epoch 133: averaged Loss : 6.192430
2024-01-30 10:21:13: *******Val Epoch 133: averaged Loss : 7.077604
2024-01-30 10:21:15: *******Train Epoch 134: averaged Loss : 6.191305
2024-01-30 10:21:15: *******Val Epoch 134: averaged Loss : 7.158186
2024-01-30 10:21:17: *******Train Epoch 135: averaged Loss : 6.160822
2024-01-30 10:21:17: *******Val Epoch 135: averaged Loss : 7.175091
2024-01-30 10:21:19: *******Train Epoch 136: averaged Loss : 6.201901
2024-01-30 10:21:19: *******Val Epoch 136: averaged Loss : 7.159863
2024-01-30 10:21:21: *******Train Epoch 137: averaged Loss : 6.185998
2024-01-30 10:21:21: *******Val Epoch 137: averaged Loss : 7.254499
2024-01-30 10:21:23: *******Train Epoch 138: averaged Loss : 6.192691
2024-01-30 10:21:23: *******Val Epoch 138: averaged Loss : 7.184274
2024-01-30 10:21:25: *******Train Epoch 139: averaged Loss : 6.171977
2024-01-30 10:21:25: *******Val Epoch 139: averaged Loss : 7.344010
2024-01-30 10:21:27: *******Train Epoch 140: averaged Loss : 6.126602
2024-01-30 10:21:27: *******Val Epoch 140: averaged Loss : 7.155685
2024-01-30 10:21:29: *******Train Epoch 141: averaged Loss : 6.165993
2024-01-30 10:21:29: *******Val Epoch 141: averaged Loss : 7.183209
2024-01-30 10:21:31: *******Train Epoch 142: averaged Loss : 6.125914
2024-01-30 10:21:31: *******Val Epoch 142: averaged Loss : 7.170857
2024-01-30 10:21:33: *******Train Epoch 143: averaged Loss : 6.184267
2024-01-30 10:21:33: *******Val Epoch 143: averaged Loss : 7.105215
2024-01-30 10:21:35: *******Train Epoch 144: averaged Loss : 6.128363
2024-01-30 10:21:35: *******Val Epoch 144: averaged Loss : 7.135690
2024-01-30 10:21:37: *******Train Epoch 145: averaged Loss : 6.130993
2024-01-30 10:21:37: *******Val Epoch 145: averaged Loss : 7.185206
2024-01-30 10:21:39: *******Train Epoch 146: averaged Loss : 6.121855
2024-01-30 10:21:39: *******Val Epoch 146: averaged Loss : 7.375277
2024-01-30 10:21:41: *******Train Epoch 147: averaged Loss : 6.159829
2024-01-30 10:21:41: *******Val Epoch 147: averaged Loss : 7.352944
2024-01-30 10:21:43: *******Train Epoch 148: averaged Loss : 6.120258
2024-01-30 10:21:43: *******Val Epoch 148: averaged Loss : 7.124570
2024-01-30 10:21:45: *******Train Epoch 149: averaged Loss : 6.105077
2024-01-30 10:21:45: *******Val Epoch 149: averaged Loss : 7.097975
2024-01-30 10:21:47: *******Train Epoch 150: averaged Loss : 6.157709
2024-01-30 10:21:47: *******Val Epoch 150: averaged Loss : 7.123201
2024-01-30 10:21:49: *******Train Epoch 151: averaged Loss : 6.094038
2024-01-30 10:21:49: *******Val Epoch 151: averaged Loss : 7.203117
2024-01-30 10:21:51: *******Train Epoch 152: averaged Loss : 6.124556
2024-01-30 10:21:51: *******Val Epoch 152: averaged Loss : 7.118747
2024-01-30 10:21:53: *******Train Epoch 153: averaged Loss : 6.087642
2024-01-30 10:21:53: *******Val Epoch 153: averaged Loss : 7.249363
2024-01-30 10:21:55: *******Train Epoch 154: averaged Loss : 6.084766
2024-01-30 10:21:55: *******Val Epoch 154: averaged Loss : 7.232151
2024-01-30 10:21:57: *******Train Epoch 155: averaged Loss : 6.085945
2024-01-30 10:21:57: *******Val Epoch 155: averaged Loss : 7.178917
2024-01-30 10:21:59: *******Train Epoch 156: averaged Loss : 6.059596
2024-01-30 10:21:59: *******Val Epoch 156: averaged Loss : 7.135594
2024-01-30 10:22:01: *******Train Epoch 157: averaged Loss : 6.089586
2024-01-30 10:22:01: *******Val Epoch 157: averaged Loss : 7.197837
2024-01-30 10:22:03: *******Train Epoch 158: averaged Loss : 6.062315
2024-01-30 10:22:03: *******Val Epoch 158: averaged Loss : 7.378076
2024-01-30 10:22:05: *******Train Epoch 159: averaged Loss : 6.067862
2024-01-30 10:22:05: *******Val Epoch 159: averaged Loss : 7.200903
2024-01-30 10:22:07: *******Train Epoch 160: averaged Loss : 6.061782
2024-01-30 10:22:07: *******Val Epoch 160: averaged Loss : 7.215403
2024-01-30 10:22:09: *******Train Epoch 161: averaged Loss : 6.066660
2024-01-30 10:22:09: *******Val Epoch 161: averaged Loss : 7.171289
2024-01-30 10:22:11: *******Train Epoch 162: averaged Loss : 6.046684
2024-01-30 10:22:11: *******Val Epoch 162: averaged Loss : 7.143809
2024-01-30 10:22:13: *******Train Epoch 163: averaged Loss : 6.082717
2024-01-30 10:22:13: *******Val Epoch 163: averaged Loss : 7.206893
2024-01-30 10:22:15: *******Train Epoch 164: averaged Loss : 6.022521
2024-01-30 10:22:15: *******Val Epoch 164: averaged Loss : 7.233595
2024-01-30 10:22:17: *******Train Epoch 165: averaged Loss : 6.044300
2024-01-30 10:22:17: *******Val Epoch 165: averaged Loss : 7.152860
2024-01-30 10:22:19: *******Train Epoch 166: averaged Loss : 6.040356
2024-01-30 10:22:19: *******Val Epoch 166: averaged Loss : 7.349915
2024-01-30 10:22:21: *******Train Epoch 167: averaged Loss : 6.014232
2024-01-30 10:22:21: *******Val Epoch 167: averaged Loss : 7.198226
2024-01-30 10:22:23: *******Train Epoch 168: averaged Loss : 6.030606
2024-01-30 10:22:23: *******Val Epoch 168: averaged Loss : 7.239743
2024-01-30 10:22:25: *******Train Epoch 169: averaged Loss : 6.042011
2024-01-30 10:22:25: *******Val Epoch 169: averaged Loss : 7.204514
2024-01-30 10:22:27: *******Train Epoch 170: averaged Loss : 6.004076
2024-01-30 10:22:27: *******Val Epoch 170: averaged Loss : 7.018545
2024-01-30 10:22:27: **************Current best model saved to D:\omer\ST-SSL\experiments\Careem_linear\20240130-101639\best_model.pth
2024-01-30 10:22:29: *******Train Epoch 171: averaged Loss : 6.018177
2024-01-30 10:22:29: *******Val Epoch 171: averaged Loss : 7.144382
2024-01-30 10:22:31: *******Train Epoch 172: averaged Loss : 6.032215
2024-01-30 10:22:31: *******Val Epoch 172: averaged Loss : 7.182250
2024-01-30 10:22:33: *******Train Epoch 173: averaged Loss : 5.970566
2024-01-30 10:22:33: *******Val Epoch 173: averaged Loss : 7.023371
2024-01-30 10:22:35: *******Train Epoch 174: averaged Loss : 5.997425
2024-01-30 10:22:35: *******Val Epoch 174: averaged Loss : 7.113175
2024-01-30 10:22:37: *******Train Epoch 175: averaged Loss : 5.973993
2024-01-30 10:22:37: *******Val Epoch 175: averaged Loss : 7.213385
2024-01-30 10:22:39: *******Train Epoch 176: averaged Loss : 5.990638
2024-01-30 10:22:39: *******Val Epoch 176: averaged Loss : 7.115440
2024-01-30 10:22:41: *******Train Epoch 177: averaged Loss : 5.956756
2024-01-30 10:22:41: *******Val Epoch 177: averaged Loss : 7.148330
2024-01-30 10:22:43: *******Train Epoch 178: averaged Loss : 6.020373
2024-01-30 10:22:43: *******Val Epoch 178: averaged Loss : 7.176659
2024-01-30 10:22:45: *******Train Epoch 179: averaged Loss : 5.941401
2024-01-30 10:22:45: *******Val Epoch 179: averaged Loss : 7.103974
2024-01-30 10:22:47: *******Train Epoch 180: averaged Loss : 6.009951
2024-01-30 10:22:47: *******Val Epoch 180: averaged Loss : 7.238796
2024-01-30 10:22:49: *******Train Epoch 181: averaged Loss : 5.955261
2024-01-30 10:22:49: *******Val Epoch 181: averaged Loss : 7.183792
2024-01-30 10:22:51: *******Train Epoch 182: averaged Loss : 5.981342
2024-01-30 10:22:51: *******Val Epoch 182: averaged Loss : 7.169408
2024-01-30 10:22:53: *******Train Epoch 183: averaged Loss : 5.969538
2024-01-30 10:22:53: *******Val Epoch 183: averaged Loss : 7.125048
2024-01-30 10:22:55: *******Train Epoch 184: averaged Loss : 5.961296
2024-01-30 10:22:55: *******Val Epoch 184: averaged Loss : 7.167154
2024-01-30 10:22:57: *******Train Epoch 185: averaged Loss : 5.982955
2024-01-30 10:22:57: *******Val Epoch 185: averaged Loss : 7.206716
2024-01-30 10:22:59: *******Train Epoch 186: averaged Loss : 5.971274
2024-01-30 10:22:59: *******Val Epoch 186: averaged Loss : 7.229866
2024-01-30 10:23:01: *******Train Epoch 187: averaged Loss : 5.928327
2024-01-30 10:23:01: *******Val Epoch 187: averaged Loss : 7.102840
2024-01-30 10:23:03: *******Train Epoch 188: averaged Loss : 5.961960
2024-01-30 10:23:03: *******Val Epoch 188: averaged Loss : 7.332091
2024-01-30 10:23:05: *******Train Epoch 189: averaged Loss : 5.941480
2024-01-30 10:23:05: *******Val Epoch 189: averaged Loss : 7.142349
2024-01-30 10:23:07: *******Train Epoch 190: averaged Loss : 5.920231
2024-01-30 10:23:08: *******Val Epoch 190: averaged Loss : 7.283962
2024-01-30 10:23:09: *******Train Epoch 191: averaged Loss : 5.943093
2024-01-30 10:23:10: *******Val Epoch 191: averaged Loss : 7.186297
2024-01-30 10:23:11: *******Train Epoch 192: averaged Loss : 5.913282
2024-01-30 10:23:12: *******Val Epoch 192: averaged Loss : 7.187474
2024-01-30 10:23:13: *******Train Epoch 193: averaged Loss : 5.944782
2024-01-30 10:23:14: *******Val Epoch 193: averaged Loss : 7.175421
2024-01-30 10:23:16: *******Train Epoch 194: averaged Loss : 5.882677
2024-01-30 10:23:16: *******Val Epoch 194: averaged Loss : 7.162387
2024-01-30 10:23:18: *******Train Epoch 195: averaged Loss : 5.953549
2024-01-30 10:23:18: *******Val Epoch 195: averaged Loss : 7.187709
2024-01-30 10:23:20: *******Train Epoch 196: averaged Loss : 5.867179
2024-01-30 10:23:20: *******Val Epoch 196: averaged Loss : 7.143484
2024-01-30 10:23:22: *******Train Epoch 197: averaged Loss : 5.903437
2024-01-30 10:23:22: *******Val Epoch 197: averaged Loss : 7.243926
2024-01-30 10:23:24: *******Train Epoch 198: averaged Loss : 5.905026
2024-01-30 10:23:24: *******Val Epoch 198: averaged Loss : 7.225881
2024-01-30 10:23:26: *******Train Epoch 199: averaged Loss : 5.912802
2024-01-30 10:23:26: *******Val Epoch 199: averaged Loss : 7.279063
2024-01-30 10:23:28: *******Train Epoch 200: averaged Loss : 5.890239
2024-01-30 10:23:28: *******Val Epoch 200: averaged Loss : 7.118729
2024-01-30 10:23:30: *******Train Epoch 201: averaged Loss : 5.904640
2024-01-30 10:23:30: *******Val Epoch 201: averaged Loss : 7.164679
2024-01-30 10:23:32: *******Train Epoch 202: averaged Loss : 5.863520
2024-01-30 10:23:32: *******Val Epoch 202: averaged Loss : 7.101552
2024-01-30 10:23:34: *******Train Epoch 203: averaged Loss : 5.918074
2024-01-30 10:23:34: *******Val Epoch 203: averaged Loss : 7.229315
2024-01-30 10:23:36: *******Train Epoch 204: averaged Loss : 5.841485
2024-01-30 10:23:36: *******Val Epoch 204: averaged Loss : 7.062945
2024-01-30 10:23:38: *******Train Epoch 205: averaged Loss : 5.909376
2024-01-30 10:23:38: *******Val Epoch 205: averaged Loss : 7.221991
2024-01-30 10:23:40: *******Train Epoch 206: averaged Loss : 5.840888
2024-01-30 10:23:40: *******Val Epoch 206: averaged Loss : 7.144202
2024-01-30 10:23:42: *******Train Epoch 207: averaged Loss : 5.893435
2024-01-30 10:23:42: *******Val Epoch 207: averaged Loss : 7.322012
2024-01-30 10:23:44: *******Train Epoch 208: averaged Loss : 5.884284
2024-01-30 10:23:44: *******Val Epoch 208: averaged Loss : 7.169802
2024-01-30 10:23:46: *******Train Epoch 209: averaged Loss : 5.848015
2024-01-30 10:23:46: *******Val Epoch 209: averaged Loss : 7.083045
2024-01-30 10:23:48: *******Train Epoch 210: averaged Loss : 5.883416
2024-01-30 10:23:48: *******Val Epoch 210: averaged Loss : 7.258132
2024-01-30 10:23:50: *******Train Epoch 211: averaged Loss : 5.843726
2024-01-30 10:23:50: *******Val Epoch 211: averaged Loss : 7.140446
2024-01-30 10:23:52: *******Train Epoch 212: averaged Loss : 5.852762
2024-01-30 10:23:53: *******Val Epoch 212: averaged Loss : 7.192729
2024-01-30 10:23:54: *******Train Epoch 213: averaged Loss : 5.830300
2024-01-30 10:23:55: *******Val Epoch 213: averaged Loss : 7.163983
2024-01-30 10:23:56: *******Train Epoch 214: averaged Loss : 5.861565
2024-01-30 10:23:57: *******Val Epoch 214: averaged Loss : 7.206428
2024-01-30 10:23:58: *******Train Epoch 215: averaged Loss : 5.867514
2024-01-30 10:23:59: *******Val Epoch 215: averaged Loss : 7.225306
2024-01-30 10:24:00: *******Train Epoch 216: averaged Loss : 5.838134
2024-01-30 10:24:01: *******Val Epoch 216: averaged Loss : 7.223138
2024-01-30 10:24:02: *******Train Epoch 217: averaged Loss : 5.814606
2024-01-30 10:24:03: *******Val Epoch 217: averaged Loss : 7.132704
2024-01-30 10:24:05: *******Train Epoch 218: averaged Loss : 5.881283
2024-01-30 10:24:05: *******Val Epoch 218: averaged Loss : 7.219518
2024-01-30 10:24:07: *******Train Epoch 219: averaged Loss : 5.814019
2024-01-30 10:24:07: *******Val Epoch 219: averaged Loss : 7.176478
2024-01-30 10:24:09: *******Train Epoch 220: averaged Loss : 5.821930
2024-01-30 10:24:09: *******Val Epoch 220: averaged Loss : 7.178956
2024-01-30 10:24:11: *******Train Epoch 221: averaged Loss : 5.806652
2024-01-30 10:24:11: *******Val Epoch 221: averaged Loss : 7.151254
2024-01-30 10:24:13: *******Train Epoch 222: averaged Loss : 5.785932
2024-01-30 10:24:13: *******Val Epoch 222: averaged Loss : 7.100923
2024-01-30 10:24:15: *******Train Epoch 223: averaged Loss : 5.857440
2024-01-30 10:24:15: *******Val Epoch 223: averaged Loss : 7.161709
2024-01-30 10:24:17: *******Train Epoch 224: averaged Loss : 5.813552
2024-01-30 10:24:17: *******Val Epoch 224: averaged Loss : 7.206159
2024-01-30 10:24:19: *******Train Epoch 225: averaged Loss : 5.805679
2024-01-30 10:24:19: *******Val Epoch 225: averaged Loss : 7.241371
2024-01-30 10:24:21: *******Train Epoch 226: averaged Loss : 5.801663
2024-01-30 10:24:21: *******Val Epoch 226: averaged Loss : 7.166646
2024-01-30 10:24:23: *******Train Epoch 227: averaged Loss : 5.805653
2024-01-30 10:24:23: *******Val Epoch 227: averaged Loss : 7.237477
2024-01-30 10:24:25: *******Train Epoch 228: averaged Loss : 5.811498
2024-01-30 10:24:25: *******Val Epoch 228: averaged Loss : 7.130797
2024-01-30 10:24:27: *******Train Epoch 229: averaged Loss : 5.780234
2024-01-30 10:24:27: *******Val Epoch 229: averaged Loss : 7.140059
2024-01-30 10:24:29: *******Train Epoch 230: averaged Loss : 5.819928
2024-01-30 10:24:29: *******Val Epoch 230: averaged Loss : 7.127114
2024-01-30 10:24:31: *******Train Epoch 231: averaged Loss : 5.743815
2024-01-30 10:24:31: *******Val Epoch 231: averaged Loss : 7.188629
2024-01-30 10:24:33: *******Train Epoch 232: averaged Loss : 5.813658
2024-01-30 10:24:33: *******Val Epoch 232: averaged Loss : 7.169708
2024-01-30 10:24:35: *******Train Epoch 233: averaged Loss : 5.767876
2024-01-30 10:24:35: *******Val Epoch 233: averaged Loss : 7.234044
2024-01-30 10:24:37: *******Train Epoch 234: averaged Loss : 5.796036
2024-01-30 10:24:37: *******Val Epoch 234: averaged Loss : 7.020190
2024-01-30 10:24:39: *******Train Epoch 235: averaged Loss : 5.770431
2024-01-30 10:24:39: *******Val Epoch 235: averaged Loss : 7.114007
2024-01-30 10:24:41: *******Train Epoch 236: averaged Loss : 5.767491
2024-01-30 10:24:41: *******Val Epoch 236: averaged Loss : 7.208432
2024-01-30 10:24:43: *******Train Epoch 237: averaged Loss : 5.801796
2024-01-30 10:24:43: *******Val Epoch 237: averaged Loss : 7.141715
2024-01-30 10:24:45: *******Train Epoch 238: averaged Loss : 5.786820
2024-01-30 10:24:45: *******Val Epoch 238: averaged Loss : 7.122524
2024-01-30 10:24:47: *******Train Epoch 239: averaged Loss : 5.747862
2024-01-30 10:24:47: *******Val Epoch 239: averaged Loss : 7.118120
2024-01-30 10:24:49: *******Train Epoch 240: averaged Loss : 5.806859
2024-01-30 10:24:49: *******Val Epoch 240: averaged Loss : 7.276068
2024-01-30 10:24:51: *******Train Epoch 241: averaged Loss : 5.773111
2024-01-30 10:24:51: *******Val Epoch 241: averaged Loss : 7.157811
2024-01-30 10:24:53: *******Train Epoch 242: averaged Loss : 5.743605
2024-01-30 10:24:53: *******Val Epoch 242: averaged Loss : 7.141465
2024-01-30 10:24:55: *******Train Epoch 243: averaged Loss : 5.736924
2024-01-30 10:24:55: *******Val Epoch 243: averaged Loss : 7.257837
2024-01-30 10:24:57: *******Train Epoch 244: averaged Loss : 5.763281
2024-01-30 10:24:57: *******Val Epoch 244: averaged Loss : 7.159597
2024-01-30 10:24:59: *******Train Epoch 245: averaged Loss : 5.744518
2024-01-30 10:24:59: *******Val Epoch 245: averaged Loss : 7.129463
2024-01-30 10:25:01: *******Train Epoch 246: averaged Loss : 5.736954
2024-01-30 10:25:01: *******Val Epoch 246: averaged Loss : 7.124759
2024-01-30 10:25:03: *******Train Epoch 247: averaged Loss : 5.718523
2024-01-30 10:25:03: *******Val Epoch 247: averaged Loss : 7.289709
2024-01-30 10:25:05: *******Train Epoch 248: averaged Loss : 5.733433
2024-01-30 10:25:05: *******Val Epoch 248: averaged Loss : 7.205123
2024-01-30 10:25:07: *******Train Epoch 249: averaged Loss : 5.739452
2024-01-30 10:25:08: *******Val Epoch 249: averaged Loss : 7.234132
2024-01-30 10:25:09: *******Train Epoch 250: averaged Loss : 5.745848
2024-01-30 10:25:10: *******Val Epoch 250: averaged Loss : 7.326021
2024-01-30 10:25:11: *******Train Epoch 251: averaged Loss : 5.707740
2024-01-30 10:25:12: *******Val Epoch 251: averaged Loss : 7.125470
2024-01-30 10:25:14: *******Train Epoch 252: averaged Loss : 5.752554
2024-01-30 10:25:14: *******Val Epoch 252: averaged Loss : 7.246442
2024-01-30 10:25:16: *******Train Epoch 253: averaged Loss : 5.719503
2024-01-30 10:25:16: *******Val Epoch 253: averaged Loss : 7.190259
2024-01-30 10:25:18: *******Train Epoch 254: averaged Loss : 5.730620
2024-01-30 10:25:18: *******Val Epoch 254: averaged Loss : 7.180866
2024-01-30 10:25:20: *******Train Epoch 255: averaged Loss : 5.735050
2024-01-30 10:25:20: *******Val Epoch 255: averaged Loss : 7.135381
2024-01-30 10:25:22: *******Train Epoch 256: averaged Loss : 5.717713
2024-01-30 10:25:22: *******Val Epoch 256: averaged Loss : 7.002692
2024-01-30 10:25:22: **************Current best model saved to D:\omer\ST-SSL\experiments\Careem_linear\20240130-101639\best_model.pth
2024-01-30 10:25:24: *******Train Epoch 257: averaged Loss : 5.718918
2024-01-30 10:25:24: *******Val Epoch 257: averaged Loss : 7.043001
2024-01-30 10:25:26: *******Train Epoch 258: averaged Loss : 5.735558
2024-01-30 10:25:26: *******Val Epoch 258: averaged Loss : 7.202085
2024-01-30 10:25:28: *******Train Epoch 259: averaged Loss : 5.678395
2024-01-30 10:25:28: *******Val Epoch 259: averaged Loss : 7.138187
2024-01-30 10:25:30: *******Train Epoch 260: averaged Loss : 5.745759
2024-01-30 10:25:30: *******Val Epoch 260: averaged Loss : 7.287996
2024-01-30 10:25:32: *******Train Epoch 261: averaged Loss : 5.728025
2024-01-30 10:25:32: *******Val Epoch 261: averaged Loss : 7.221001
2024-01-30 10:25:34: *******Train Epoch 262: averaged Loss : 5.696771
2024-01-30 10:25:34: *******Val Epoch 262: averaged Loss : 7.128181
2024-01-30 10:25:36: *******Train Epoch 263: averaged Loss : 5.697337
2024-01-30 10:25:36: *******Val Epoch 263: averaged Loss : 7.261171
2024-01-30 10:25:38: *******Train Epoch 264: averaged Loss : 5.739935
2024-01-30 10:25:38: *******Val Epoch 264: averaged Loss : 7.119446
2024-01-30 10:25:40: *******Train Epoch 265: averaged Loss : 5.670215
2024-01-30 10:25:40: *******Val Epoch 265: averaged Loss : 7.228114
2024-01-30 10:25:42: *******Train Epoch 266: averaged Loss : 5.713700
2024-01-30 10:25:42: *******Val Epoch 266: averaged Loss : 7.172501
2024-01-30 10:25:44: *******Train Epoch 267: averaged Loss : 5.695434
2024-01-30 10:25:44: *******Val Epoch 267: averaged Loss : 7.295165
2024-01-30 10:25:46: *******Train Epoch 268: averaged Loss : 5.706014
2024-01-30 10:25:46: *******Val Epoch 268: averaged Loss : 7.229268
2024-01-30 10:25:48: *******Train Epoch 269: averaged Loss : 5.693177
2024-01-30 10:25:48: *******Val Epoch 269: averaged Loss : 7.255618
2024-01-30 10:25:50: *******Train Epoch 270: averaged Loss : 5.685398
2024-01-30 10:25:50: *******Val Epoch 270: averaged Loss : 7.212420
2024-01-30 10:25:52: *******Train Epoch 271: averaged Loss : 5.696672
2024-01-30 10:25:52: *******Val Epoch 271: averaged Loss : 7.216830
2024-01-30 10:25:54: *******Train Epoch 272: averaged Loss : 5.704977
2024-01-30 10:25:54: *******Val Epoch 272: averaged Loss : 7.247003
2024-01-30 10:25:56: *******Train Epoch 273: averaged Loss : 5.699256
2024-01-30 10:25:56: *******Val Epoch 273: averaged Loss : 7.260202
2024-01-30 10:25:58: *******Train Epoch 274: averaged Loss : 5.729468
2024-01-30 10:25:58: *******Val Epoch 274: averaged Loss : 7.175966
2024-01-30 10:26:00: *******Train Epoch 275: averaged Loss : 5.638686
2024-01-30 10:26:00: *******Val Epoch 275: averaged Loss : 7.166551
2024-01-30 10:26:02: *******Train Epoch 276: averaged Loss : 5.672704
2024-01-30 10:26:02: *******Val Epoch 276: averaged Loss : 7.145912
2024-01-30 10:26:04: *******Train Epoch 277: averaged Loss : 5.685172
2024-01-30 10:26:04: *******Val Epoch 277: averaged Loss : 7.198255
2024-01-30 10:26:06: *******Train Epoch 278: averaged Loss : 5.673421
2024-01-30 10:26:06: *******Val Epoch 278: averaged Loss : 7.347115
2024-01-30 10:26:08: *******Train Epoch 279: averaged Loss : 5.672761
2024-01-30 10:26:08: *******Val Epoch 279: averaged Loss : 7.245664
2024-01-30 10:26:10: *******Train Epoch 280: averaged Loss : 5.678366
2024-01-30 10:26:10: *******Val Epoch 280: averaged Loss : 7.147399
2024-01-30 10:26:12: *******Train Epoch 281: averaged Loss : 5.687373
2024-01-30 10:26:12: *******Val Epoch 281: averaged Loss : 7.086695
2024-01-30 10:26:14: *******Train Epoch 282: averaged Loss : 5.636798
2024-01-30 10:26:14: *******Val Epoch 282: averaged Loss : 7.169273
2024-01-30 10:26:16: *******Train Epoch 283: averaged Loss : 5.663403
2024-01-30 10:26:16: *******Val Epoch 283: averaged Loss : 7.153341
2024-01-30 10:26:18: *******Train Epoch 284: averaged Loss : 5.682120
2024-01-30 10:26:18: *******Val Epoch 284: averaged Loss : 7.146431
2024-01-30 10:26:20: *******Train Epoch 285: averaged Loss : 5.642252
2024-01-30 10:26:20: *******Val Epoch 285: averaged Loss : 7.111841
2024-01-30 10:26:22: *******Train Epoch 286: averaged Loss : 5.674309
2024-01-30 10:26:22: *******Val Epoch 286: averaged Loss : 7.333056
2024-01-30 10:26:24: *******Train Epoch 287: averaged Loss : 5.594975
2024-01-30 10:26:24: *******Val Epoch 287: averaged Loss : 7.187495
2024-01-30 10:26:26: *******Train Epoch 288: averaged Loss : 5.663466
2024-01-30 10:26:26: *******Val Epoch 288: averaged Loss : 7.214630
2024-01-30 10:26:28: *******Train Epoch 289: averaged Loss : 5.664689
2024-01-30 10:26:28: *******Val Epoch 289: averaged Loss : 7.264533
2024-01-30 10:26:30: *******Train Epoch 290: averaged Loss : 5.657208
2024-01-30 10:26:30: *******Val Epoch 290: averaged Loss : 7.187401
2024-01-30 10:26:32: *******Train Epoch 291: averaged Loss : 5.603847
2024-01-30 10:26:32: *******Val Epoch 291: averaged Loss : 7.142277
2024-01-30 10:26:34: *******Train Epoch 292: averaged Loss : 5.629052
2024-01-30 10:26:34: *******Val Epoch 292: averaged Loss : 7.138637
2024-01-30 10:26:36: *******Train Epoch 293: averaged Loss : 5.633034
2024-01-30 10:26:36: *******Val Epoch 293: averaged Loss : 7.187281
2024-01-30 10:26:38: *******Train Epoch 294: averaged Loss : 5.643226
2024-01-30 10:26:38: *******Val Epoch 294: averaged Loss : 7.174090
2024-01-30 10:26:40: *******Train Epoch 295: averaged Loss : 5.619886
2024-01-30 10:26:40: *******Val Epoch 295: averaged Loss : 7.165608
2024-01-30 10:26:42: *******Train Epoch 296: averaged Loss : 5.626937
2024-01-30 10:26:42: *******Val Epoch 296: averaged Loss : 7.081607
2024-01-30 10:26:44: *******Train Epoch 297: averaged Loss : 5.628028
2024-01-30 10:26:44: *******Val Epoch 297: averaged Loss : 7.160488
2024-01-30 10:26:46: *******Train Epoch 298: averaged Loss : 5.615896
2024-01-30 10:26:46: *******Val Epoch 298: averaged Loss : 7.192268
2024-01-30 10:26:48: *******Train Epoch 299: averaged Loss : 5.637513
2024-01-30 10:26:48: *******Val Epoch 299: averaged Loss : 7.285747
2024-01-30 10:26:50: *******Train Epoch 300: averaged Loss : 5.613077
2024-01-30 10:26:51: *******Val Epoch 300: averaged Loss : 7.310092
2024-01-30 10:26:52: *******Train Epoch 301: averaged Loss : 5.607789
2024-01-30 10:26:53: *******Val Epoch 301: averaged Loss : 7.136653
2024-01-30 10:26:54: *******Train Epoch 302: averaged Loss : 5.630981
2024-01-30 10:26:55: *******Val Epoch 302: averaged Loss : 7.303760
2024-01-30 10:26:57: *******Train Epoch 303: averaged Loss : 5.601042
2024-01-30 10:26:57: *******Val Epoch 303: averaged Loss : 7.195071
2024-01-30 10:26:59: *******Train Epoch 304: averaged Loss : 5.650082
2024-01-30 10:26:59: *******Val Epoch 304: averaged Loss : 7.197602
2024-01-30 10:27:01: *******Train Epoch 305: averaged Loss : 5.607468
2024-01-30 10:27:01: *******Val Epoch 305: averaged Loss : 7.234953
2024-01-30 10:27:03: *******Train Epoch 306: averaged Loss : 5.617914
2024-01-30 10:27:03: *******Val Epoch 306: averaged Loss : 7.252346
2024-01-30 10:27:05: *******Train Epoch 307: averaged Loss : 5.572290
2024-01-30 10:27:05: *******Val Epoch 307: averaged Loss : 7.209249
2024-01-30 10:27:07: *******Train Epoch 308: averaged Loss : 5.624466
2024-01-30 10:27:07: *******Val Epoch 308: averaged Loss : 7.116277
2024-01-30 10:27:09: *******Train Epoch 309: averaged Loss : 5.603108
2024-01-30 10:27:09: *******Val Epoch 309: averaged Loss : 7.207964
2024-01-30 10:27:11: *******Train Epoch 310: averaged Loss : 5.608784
2024-01-30 10:27:11: *******Val Epoch 310: averaged Loss : 7.280805
2024-01-30 10:27:13: *******Train Epoch 311: averaged Loss : 5.575685
2024-01-30 10:27:13: *******Val Epoch 311: averaged Loss : 7.222758
2024-01-30 10:27:15: *******Train Epoch 312: averaged Loss : 5.583800
2024-01-30 10:27:15: *******Val Epoch 312: averaged Loss : 7.133821
2024-01-30 10:27:17: *******Train Epoch 313: averaged Loss : 5.616759
2024-01-30 10:27:17: *******Val Epoch 313: averaged Loss : 7.175697
2024-01-30 10:27:19: *******Train Epoch 314: averaged Loss : 5.556964
2024-01-30 10:27:19: *******Val Epoch 314: averaged Loss : 7.156973
2024-01-30 10:27:21: *******Train Epoch 315: averaged Loss : 5.602164
2024-01-30 10:27:21: *******Val Epoch 315: averaged Loss : 7.224628
2024-01-30 10:27:23: *******Train Epoch 316: averaged Loss : 5.590480
2024-01-30 10:27:23: *******Val Epoch 316: averaged Loss : 7.219936
2024-01-30 10:27:25: *******Train Epoch 317: averaged Loss : 5.565430
2024-01-30 10:27:25: *******Val Epoch 317: averaged Loss : 7.175908
2024-01-30 10:27:27: *******Train Epoch 318: averaged Loss : 5.597357
2024-01-30 10:27:27: *******Val Epoch 318: averaged Loss : 7.335473
2024-01-30 10:27:29: *******Train Epoch 319: averaged Loss : 5.586934
2024-01-30 10:27:29: *******Val Epoch 319: averaged Loss : 7.166612
2024-01-30 10:27:31: *******Train Epoch 320: averaged Loss : 5.555588
2024-01-30 10:27:31: *******Val Epoch 320: averaged Loss : 7.395006
2024-01-30 10:27:33: *******Train Epoch 321: averaged Loss : 5.590259
2024-01-30 10:27:33: *******Val Epoch 321: averaged Loss : 7.223288
2024-01-30 10:27:35: *******Train Epoch 322: averaged Loss : 5.550123
2024-01-30 10:27:35: *******Val Epoch 322: averaged Loss : 7.155695
2024-01-30 10:27:37: *******Train Epoch 323: averaged Loss : 5.594909
2024-01-30 10:27:37: *******Val Epoch 323: averaged Loss : 7.229714
2024-01-30 10:27:39: *******Train Epoch 324: averaged Loss : 5.564355
2024-01-30 10:27:39: *******Val Epoch 324: averaged Loss : 7.111136
2024-01-30 10:27:41: *******Train Epoch 325: averaged Loss : 5.547982
2024-01-30 10:27:41: *******Val Epoch 325: averaged Loss : 7.184866
2024-01-30 10:27:43: *******Train Epoch 326: averaged Loss : 5.599933
2024-01-30 10:27:43: *******Val Epoch 326: averaged Loss : 7.326089
2024-01-30 10:27:45: *******Train Epoch 327: averaged Loss : 5.538987
2024-01-30 10:27:45: *******Val Epoch 327: averaged Loss : 7.224739
2024-01-30 10:27:47: *******Train Epoch 328: averaged Loss : 5.573624
2024-01-30 10:27:47: *******Val Epoch 328: averaged Loss : 7.218409
2024-01-30 10:27:49: *******Train Epoch 329: averaged Loss : 5.540464
2024-01-30 10:27:49: *******Val Epoch 329: averaged Loss : 7.201170
2024-01-30 10:27:51: *******Train Epoch 330: averaged Loss : 5.584469
2024-01-30 10:27:51: *******Val Epoch 330: averaged Loss : 7.242512
2024-01-30 10:27:53: *******Train Epoch 331: averaged Loss : 5.558591
2024-01-30 10:27:54: *******Val Epoch 331: averaged Loss : 7.168467
2024-01-30 10:27:55: *******Train Epoch 332: averaged Loss : 5.551405
2024-01-30 10:27:55: *******Val Epoch 332: averaged Loss : 7.248110
2024-01-30 10:27:57: *******Train Epoch 333: averaged Loss : 5.552998
2024-01-30 10:27:58: *******Val Epoch 333: averaged Loss : 7.296294
2024-01-30 10:27:59: *******Train Epoch 334: averaged Loss : 5.546279
2024-01-30 10:28:00: *******Val Epoch 334: averaged Loss : 7.179366
2024-01-30 10:28:01: *******Train Epoch 335: averaged Loss : 5.553053
2024-01-30 10:28:02: *******Val Epoch 335: averaged Loss : 7.232331
2024-01-30 10:28:03: *******Train Epoch 336: averaged Loss : 5.520796
2024-01-30 10:28:04: *******Val Epoch 336: averaged Loss : 7.197788
2024-01-30 10:28:05: *******Train Epoch 337: averaged Loss : 5.532694
2024-01-30 10:28:06: *******Val Epoch 337: averaged Loss : 7.207233
2024-01-30 10:28:07: *******Train Epoch 338: averaged Loss : 5.527204
2024-01-30 10:28:08: *******Val Epoch 338: averaged Loss : 7.281918
2024-01-30 10:28:10: *******Train Epoch 339: averaged Loss : 5.532386
2024-01-30 10:28:10: *******Val Epoch 339: averaged Loss : 7.330034
2024-01-30 10:28:12: *******Train Epoch 340: averaged Loss : 5.544145
2024-01-30 10:28:12: *******Val Epoch 340: averaged Loss : 7.265467
2024-01-30 10:28:14: *******Train Epoch 341: averaged Loss : 5.517432
2024-01-30 10:28:14: *******Val Epoch 341: averaged Loss : 7.249029
2024-01-30 10:28:16: *******Train Epoch 342: averaged Loss : 5.545266
2024-01-30 10:28:16: *******Val Epoch 342: averaged Loss : 7.152783
2024-01-30 10:28:18: *******Train Epoch 343: averaged Loss : 5.565206
2024-01-30 10:28:18: *******Val Epoch 343: averaged Loss : 7.109918
2024-01-30 10:28:20: *******Train Epoch 344: averaged Loss : 5.522667
2024-01-30 10:28:20: *******Val Epoch 344: averaged Loss : 7.331816
2024-01-30 10:28:22: *******Train Epoch 345: averaged Loss : 5.520499
2024-01-30 10:28:22: *******Val Epoch 345: averaged Loss : 7.367514
2024-01-30 10:28:24: *******Train Epoch 346: averaged Loss : 5.509380
2024-01-30 10:28:24: *******Val Epoch 346: averaged Loss : 7.236802
2024-01-30 10:28:26: *******Train Epoch 347: averaged Loss : 5.532812
2024-01-30 10:28:26: *******Val Epoch 347: averaged Loss : 7.164175
2024-01-30 10:28:28: *******Train Epoch 348: averaged Loss : 5.571444
2024-01-30 10:28:28: *******Val Epoch 348: averaged Loss : 7.250116
2024-01-30 10:28:30: *******Train Epoch 349: averaged Loss : 5.500716
2024-01-30 10:28:30: *******Val Epoch 349: averaged Loss : 7.209145
2024-01-30 10:28:32: *******Train Epoch 350: averaged Loss : 5.525641
2024-01-30 10:28:32: *******Val Epoch 350: averaged Loss : 7.197001
2024-01-30 10:28:34: *******Train Epoch 351: averaged Loss : 5.537695
2024-01-30 10:28:34: *******Val Epoch 351: averaged Loss : 7.214400
2024-01-30 10:28:36: *******Train Epoch 352: averaged Loss : 5.519765
2024-01-30 10:28:36: *******Val Epoch 352: averaged Loss : 7.174791
2024-01-30 10:28:38: *******Train Epoch 353: averaged Loss : 5.515818
2024-01-30 10:28:38: *******Val Epoch 353: averaged Loss : 7.323068
2024-01-30 10:28:40: *******Train Epoch 354: averaged Loss : 5.567514
2024-01-30 10:28:40: *******Val Epoch 354: averaged Loss : 7.166669
2024-01-30 10:28:42: *******Train Epoch 355: averaged Loss : 5.487319
2024-01-30 10:28:42: *******Val Epoch 355: averaged Loss : 7.223915
2024-01-30 10:28:44: *******Train Epoch 356: averaged Loss : 5.548496
2024-01-30 10:28:44: *******Val Epoch 356: averaged Loss : 7.309538
2024-01-30 10:28:46: *******Train Epoch 357: averaged Loss : 5.489719
2024-01-30 10:28:46: *******Val Epoch 357: averaged Loss : 7.082413
2024-01-30 10:28:48: *******Train Epoch 358: averaged Loss : 5.565018
2024-01-30 10:28:48: *******Val Epoch 358: averaged Loss : 7.345072
2024-01-30 10:28:50: *******Train Epoch 359: averaged Loss : 5.477702
2024-01-30 10:28:50: *******Val Epoch 359: averaged Loss : 7.162207
2024-01-30 10:28:52: *******Train Epoch 360: averaged Loss : 5.518586
2024-01-30 10:28:52: *******Val Epoch 360: averaged Loss : 7.114364
2024-01-30 10:28:54: *******Train Epoch 361: averaged Loss : 5.510692
2024-01-30 10:28:54: *******Val Epoch 361: averaged Loss : 7.188257
2024-01-30 10:28:56: *******Train Epoch 362: averaged Loss : 5.491768
2024-01-30 10:28:56: *******Val Epoch 362: averaged Loss : 7.152215
2024-01-30 10:28:58: *******Train Epoch 363: averaged Loss : 5.499842
2024-01-30 10:28:58: *******Val Epoch 363: averaged Loss : 7.347297
2024-01-30 10:29:00: *******Train Epoch 364: averaged Loss : 5.498713
2024-01-30 10:29:00: *******Val Epoch 364: averaged Loss : 7.163835
2024-01-30 10:29:02: *******Train Epoch 365: averaged Loss : 5.474793
2024-01-30 10:29:02: *******Val Epoch 365: averaged Loss : 7.107824
2024-01-30 10:29:04: *******Train Epoch 366: averaged Loss : 5.519126
2024-01-30 10:29:04: *******Val Epoch 366: averaged Loss : 7.218439
2024-01-30 10:29:06: *******Train Epoch 367: averaged Loss : 5.518248
2024-01-30 10:29:06: *******Val Epoch 367: averaged Loss : 7.344869
2024-01-30 10:29:08: *******Train Epoch 368: averaged Loss : 5.474647
2024-01-30 10:29:08: *******Val Epoch 368: averaged Loss : 7.146331
2024-01-30 10:29:10: *******Train Epoch 369: averaged Loss : 5.512100
2024-01-30 10:29:10: *******Val Epoch 369: averaged Loss : 7.351706
2024-01-30 10:29:12: *******Train Epoch 370: averaged Loss : 5.497869
2024-01-30 10:29:12: *******Val Epoch 370: averaged Loss : 7.327041
2024-01-30 10:29:14: *******Train Epoch 371: averaged Loss : 5.470341
2024-01-30 10:29:14: *******Val Epoch 371: averaged Loss : 7.253614
2024-01-30 10:29:16: *******Train Epoch 372: averaged Loss : 5.472554
2024-01-30 10:29:16: *******Val Epoch 372: averaged Loss : 7.223210
2024-01-30 10:29:18: *******Train Epoch 373: averaged Loss : 5.466383
2024-01-30 10:29:18: *******Val Epoch 373: averaged Loss : 7.364984
2024-01-30 10:29:20: *******Train Epoch 374: averaged Loss : 5.512364
2024-01-30 10:29:20: *******Val Epoch 374: averaged Loss : 7.251210
2024-01-30 10:29:22: *******Train Epoch 375: averaged Loss : 5.452985
2024-01-30 10:29:22: *******Val Epoch 375: averaged Loss : 7.211708
2024-01-30 10:29:24: *******Train Epoch 376: averaged Loss : 5.515142
2024-01-30 10:29:24: *******Val Epoch 376: averaged Loss : 7.205539
2024-01-30 10:29:26: *******Train Epoch 377: averaged Loss : 5.480548
2024-01-30 10:29:26: *******Val Epoch 377: averaged Loss : 7.217186
2024-01-30 10:29:28: *******Train Epoch 378: averaged Loss : 5.485576
2024-01-30 10:29:28: *******Val Epoch 378: averaged Loss : 7.253724
2024-01-30 10:29:30: *******Train Epoch 379: averaged Loss : 5.461886
2024-01-30 10:29:30: *******Val Epoch 379: averaged Loss : 7.147755
2024-01-30 10:29:32: *******Train Epoch 380: averaged Loss : 5.478819
2024-01-30 10:29:32: *******Val Epoch 380: averaged Loss : 7.160372
2024-01-30 10:29:34: *******Train Epoch 381: averaged Loss : 5.501438
2024-01-30 10:29:34: *******Val Epoch 381: averaged Loss : 7.220131
2024-01-30 10:29:36: *******Train Epoch 382: averaged Loss : 5.464252
2024-01-30 10:29:36: *******Val Epoch 382: averaged Loss : 7.187943
2024-01-30 10:29:38: *******Train Epoch 383: averaged Loss : 5.438653
2024-01-30 10:29:39: *******Val Epoch 383: averaged Loss : 7.220943
2024-01-30 10:29:40: *******Train Epoch 384: averaged Loss : 5.476469
2024-01-30 10:29:41: *******Val Epoch 384: averaged Loss : 7.211694
2024-01-30 10:29:42: *******Train Epoch 385: averaged Loss : 5.470296
2024-01-30 10:29:43: *******Val Epoch 385: averaged Loss : 7.253516
2024-01-30 10:29:44: *******Train Epoch 386: averaged Loss : 5.450208
2024-01-30 10:29:45: *******Val Epoch 386: averaged Loss : 7.298995
2024-01-30 10:29:47: *******Train Epoch 387: averaged Loss : 5.467761
2024-01-30 10:29:47: *******Val Epoch 387: averaged Loss : 7.055675
2024-01-30 10:29:49: *******Train Epoch 388: averaged Loss : 5.475960
2024-01-30 10:29:49: *******Val Epoch 388: averaged Loss : 7.285496
2024-01-30 10:29:51: *******Train Epoch 389: averaged Loss : 5.458551
2024-01-30 10:29:51: *******Val Epoch 389: averaged Loss : 7.195504
2024-01-30 10:29:53: *******Train Epoch 390: averaged Loss : 5.447389
2024-01-30 10:29:53: *******Val Epoch 390: averaged Loss : 7.233450
2024-01-30 10:29:55: *******Train Epoch 391: averaged Loss : 5.504413
2024-01-30 10:29:55: *******Val Epoch 391: averaged Loss : 7.141635
2024-01-30 10:29:57: *******Train Epoch 392: averaged Loss : 5.442875
2024-01-30 10:29:57: *******Val Epoch 392: averaged Loss : 7.113999
2024-01-30 10:29:59: *******Train Epoch 393: averaged Loss : 5.472385
2024-01-30 10:29:59: *******Val Epoch 393: averaged Loss : 7.288876
2024-01-30 10:30:01: *******Train Epoch 394: averaged Loss : 5.449728
2024-01-30 10:30:01: *******Val Epoch 394: averaged Loss : 7.140149
2024-01-30 10:30:03: *******Train Epoch 395: averaged Loss : 5.413925
2024-01-30 10:30:03: *******Val Epoch 395: averaged Loss : 7.152166
2024-01-30 10:30:05: *******Train Epoch 396: averaged Loss : 5.481001
2024-01-30 10:30:05: *******Val Epoch 396: averaged Loss : 7.294291
2024-01-30 10:30:07: *******Train Epoch 397: averaged Loss : 5.419536
2024-01-30 10:30:07: *******Val Epoch 397: averaged Loss : 7.158364
2024-01-30 10:30:09: *******Train Epoch 398: averaged Loss : 5.480325
2024-01-30 10:30:09: *******Val Epoch 398: averaged Loss : 7.206585
2024-01-30 10:30:11: *******Train Epoch 399: averaged Loss : 5.446946
2024-01-30 10:30:11: *******Val Epoch 399: averaged Loss : 7.353823
2024-01-30 10:30:13: *******Train Epoch 400: averaged Loss : 5.433236
2024-01-30 10:30:13: *******Val Epoch 400: averaged Loss : 7.263028
2024-01-30 10:30:15: *******Train Epoch 401: averaged Loss : 5.461016
2024-01-30 10:30:15: *******Val Epoch 401: averaged Loss : 7.205457
2024-01-30 10:30:17: *******Train Epoch 402: averaged Loss : 5.424506
2024-01-30 10:30:17: *******Val Epoch 402: averaged Loss : 7.142876
2024-01-30 10:30:19: *******Train Epoch 403: averaged Loss : 5.420166
2024-01-30 10:30:19: *******Val Epoch 403: averaged Loss : 7.158776
2024-01-30 10:30:21: *******Train Epoch 404: averaged Loss : 5.482598
2024-01-30 10:30:21: *******Val Epoch 404: averaged Loss : 7.244047
2024-01-30 10:30:23: *******Train Epoch 405: averaged Loss : 5.416758
2024-01-30 10:30:23: *******Val Epoch 405: averaged Loss : 7.126524
2024-01-30 10:30:25: *******Train Epoch 406: averaged Loss : 5.420426
2024-01-30 10:30:25: *******Val Epoch 406: averaged Loss : 7.118242
2024-01-30 10:30:27: *******Train Epoch 407: averaged Loss : 5.448275
2024-01-30 10:30:27: *******Val Epoch 407: averaged Loss : 7.280252
2024-01-30 10:30:29: *******Train Epoch 408: averaged Loss : 5.408855
2024-01-30 10:30:29: *******Val Epoch 408: averaged Loss : 7.154830
2024-01-30 10:30:31: *******Train Epoch 409: averaged Loss : 5.463089
2024-01-30 10:30:31: *******Val Epoch 409: averaged Loss : 7.251182
2024-01-30 10:30:33: *******Train Epoch 410: averaged Loss : 5.384699
2024-01-30 10:30:33: *******Val Epoch 410: averaged Loss : 7.206383
2024-01-30 10:30:35: *******Train Epoch 411: averaged Loss : 5.434276
2024-01-30 10:30:35: *******Val Epoch 411: averaged Loss : 7.342587
2024-01-30 10:30:37: *******Train Epoch 412: averaged Loss : 5.409284
2024-01-30 10:30:37: *******Val Epoch 412: averaged Loss : 7.261010
2024-01-30 10:30:39: *******Train Epoch 413: averaged Loss : 5.463706
2024-01-30 10:30:39: *******Val Epoch 413: averaged Loss : 7.275664
2024-01-30 10:30:41: *******Train Epoch 414: averaged Loss : 5.382286
2024-01-30 10:30:41: *******Val Epoch 414: averaged Loss : 7.171371
2024-01-30 10:30:43: *******Train Epoch 415: averaged Loss : 5.433465
2024-01-30 10:30:43: *******Val Epoch 415: averaged Loss : 7.301085
2024-01-30 10:30:45: *******Train Epoch 416: averaged Loss : 5.422379
2024-01-30 10:30:45: *******Val Epoch 416: averaged Loss : 7.321595
2024-01-30 10:30:47: *******Train Epoch 417: averaged Loss : 5.446240
2024-01-30 10:30:47: *******Val Epoch 417: averaged Loss : 7.162036
2024-01-30 10:30:49: *******Train Epoch 418: averaged Loss : 5.390636
2024-01-30 10:30:49: *******Val Epoch 418: averaged Loss : 7.285725
2024-01-30 10:30:51: *******Train Epoch 419: averaged Loss : 5.439745
2024-01-30 10:30:51: *******Val Epoch 419: averaged Loss : 7.274956
2024-01-30 10:30:53: *******Train Epoch 420: averaged Loss : 5.383175
2024-01-30 10:30:53: *******Val Epoch 420: averaged Loss : 7.164410
2024-01-30 10:30:55: *******Train Epoch 421: averaged Loss : 5.416073
2024-01-30 10:30:55: *******Val Epoch 421: averaged Loss : 7.287626
2024-01-30 10:30:57: *******Train Epoch 422: averaged Loss : 5.416565
2024-01-30 10:30:57: *******Val Epoch 422: averaged Loss : 7.245839
2024-01-30 10:30:59: *******Train Epoch 423: averaged Loss : 5.421023
2024-01-30 10:30:59: *******Val Epoch 423: averaged Loss : 7.263274
2024-01-30 10:31:01: *******Train Epoch 424: averaged Loss : 5.430958
2024-01-30 10:31:02: *******Val Epoch 424: averaged Loss : 7.254336
2024-01-30 10:31:03: *******Train Epoch 425: averaged Loss : 5.398011
2024-01-30 10:31:04: *******Val Epoch 425: averaged Loss : 7.132288
2024-01-30 10:31:05: *******Train Epoch 426: averaged Loss : 5.389581
2024-01-30 10:31:06: *******Val Epoch 426: averaged Loss : 7.173638
2024-01-30 10:31:07: *******Train Epoch 427: averaged Loss : 5.421965
2024-01-30 10:31:08: *******Val Epoch 427: averaged Loss : 7.280310
2024-01-30 10:31:10: *******Train Epoch 428: averaged Loss : 5.421878
2024-01-30 10:31:10: *******Val Epoch 428: averaged Loss : 7.195388
2024-01-30 10:31:12: *******Train Epoch 429: averaged Loss : 5.388391
2024-01-30 10:31:12: *******Val Epoch 429: averaged Loss : 7.221064
2024-01-30 10:31:14: *******Train Epoch 430: averaged Loss : 5.418289
2024-01-30 10:31:14: *******Val Epoch 430: averaged Loss : 7.262248
2024-01-30 10:31:16: *******Train Epoch 431: averaged Loss : 5.363008
2024-01-30 10:31:16: *******Val Epoch 431: averaged Loss : 7.248455
2024-01-30 10:31:18: *******Train Epoch 432: averaged Loss : 5.411782
2024-01-30 10:31:18: *******Val Epoch 432: averaged Loss : 7.208106
2024-01-30 10:31:20: *******Train Epoch 433: averaged Loss : 5.394237
2024-01-30 10:31:20: *******Val Epoch 433: averaged Loss : 7.129513
2024-01-30 10:31:22: *******Train Epoch 434: averaged Loss : 5.397669
2024-01-30 10:31:22: *******Val Epoch 434: averaged Loss : 7.285024
2024-01-30 10:31:24: *******Train Epoch 435: averaged Loss : 5.387244
2024-01-30 10:31:24: *******Val Epoch 435: averaged Loss : 7.180352
2024-01-30 10:31:26: *******Train Epoch 436: averaged Loss : 5.408807
2024-01-30 10:31:26: *******Val Epoch 436: averaged Loss : 7.244230
2024-01-30 10:31:28: *******Train Epoch 437: averaged Loss : 5.373179
2024-01-30 10:31:28: *******Val Epoch 437: averaged Loss : 7.233582
2024-01-30 10:31:30: *******Train Epoch 438: averaged Loss : 5.406892
2024-01-30 10:31:30: *******Val Epoch 438: averaged Loss : 7.340329
2024-01-30 10:31:32: *******Train Epoch 439: averaged Loss : 5.393619
2024-01-30 10:31:32: *******Val Epoch 439: averaged Loss : 7.209763
2024-01-30 10:31:34: *******Train Epoch 440: averaged Loss : 5.403212
2024-01-30 10:31:34: *******Val Epoch 440: averaged Loss : 7.305989
2024-01-30 10:31:36: *******Train Epoch 441: averaged Loss : 5.375924
2024-01-30 10:31:36: *******Val Epoch 441: averaged Loss : 7.138930
2024-01-30 10:31:38: *******Train Epoch 442: averaged Loss : 5.399341
2024-01-30 10:31:38: *******Val Epoch 442: averaged Loss : 7.368297
2024-01-30 10:31:40: *******Train Epoch 443: averaged Loss : 5.370867
2024-01-30 10:31:40: *******Val Epoch 443: averaged Loss : 7.276594
2024-01-30 10:31:42: *******Train Epoch 444: averaged Loss : 5.389514
2024-01-30 10:31:42: *******Val Epoch 444: averaged Loss : 7.240745
2024-01-30 10:31:44: *******Train Epoch 445: averaged Loss : 5.401503
2024-01-30 10:31:44: *******Val Epoch 445: averaged Loss : 7.352378
2024-01-30 10:31:46: *******Train Epoch 446: averaged Loss : 5.391626
2024-01-30 10:31:46: *******Val Epoch 446: averaged Loss : 7.190329
2024-01-30 10:31:48: *******Train Epoch 447: averaged Loss : 5.394089
2024-01-30 10:31:48: *******Val Epoch 447: averaged Loss : 7.145698
2024-01-30 10:31:50: *******Train Epoch 448: averaged Loss : 5.379143
2024-01-30 10:31:50: *******Val Epoch 448: averaged Loss : 7.310737
2024-01-30 10:31:52: *******Train Epoch 449: averaged Loss : 5.383331
2024-01-30 10:31:52: *******Val Epoch 449: averaged Loss : 7.176895
2024-01-30 10:31:54: *******Train Epoch 450: averaged Loss : 5.376815
2024-01-30 10:31:54: *******Val Epoch 450: averaged Loss : 7.276486
2024-01-30 10:31:56: *******Train Epoch 451: averaged Loss : 5.376914
2024-01-30 10:31:56: *******Val Epoch 451: averaged Loss : 7.170032
2024-01-30 10:31:58: *******Train Epoch 452: averaged Loss : 5.387838
2024-01-30 10:31:58: *******Val Epoch 452: averaged Loss : 7.230351
2024-01-30 10:32:00: *******Train Epoch 453: averaged Loss : 5.382353
2024-01-30 10:32:00: *******Val Epoch 453: averaged Loss : 7.194350
2024-01-30 10:32:02: *******Train Epoch 454: averaged Loss : 5.361686
2024-01-30 10:32:02: *******Val Epoch 454: averaged Loss : 7.314174
2024-01-30 10:32:04: *******Train Epoch 455: averaged Loss : 5.371997
2024-01-30 10:32:04: *******Val Epoch 455: averaged Loss : 7.388265
2024-01-30 10:32:06: *******Train Epoch 456: averaged Loss : 5.392063
2024-01-30 10:32:06: *******Val Epoch 456: averaged Loss : 7.258660
2024-01-30 10:32:06: Validation performance didn't improve for 200 epochs. Training stops.
2024-01-30 10:32:06: == Training finished.
Total training time: 15.45 min	best loss: 7.0027	best epoch: 256	
2024-01-30 10:32:06: == Test results.
2024-01-30 10:32:11: test, MAE: 6.36, test MAPE: 32.4672%
2024-01-30 10:32:17: rolling, MAE: 25.70, rolling MAPE: 171.0339%
