2024-01-29 17:56:31: Experiment log path in: D:\omer\ST-SSL\experiments\Careem\20240129-175631
2024-01-29 17:56:31: Experiment configs are: Namespace(seed=31, device='cuda', mode='train', best_path='None', debug=False, data_dir='data', dataset='Careem', input_length=8, batch_size=32, test_batch_size=32, graph_file='data/Careem/adj_mx.npz', d_input=1, d_output=1, d_model=64, dropout=0.2, percent=0.1, shm_temp=0.5, nmb_prototype=2, yita=1, epochs=1, lr_init=0.001, early_stop=True, early_stop_patience=150, grad_norm=True, max_grad_norm=5, use_dwa=True, temp=4, num_nodes=285, log_dir='D:\\omer\\ST-SSL\\experiments\\Careem\\20240129-175631')
2024-01-29 17:56:33: Traceback (most recent call last):
  File "D:\omer\ST-SSL\main.py", line 60, in model_supervisor
    results = trainer.train() # best_eval_loss, best_epoch
              ^^^^^^^^^^^^^^^
  File "D:\omer\ST-SSL\model\trainer.py", line 110, in train
    train_epoch_loss, loss_t = self.train_epoch(epoch, loss_weights)
                               ^^^^^^^^^^^^^^^^^^^^^^^^^^^^^^^^^^^^^
  File "D:\omer\ST-SSL\model\trainer.py", line 58, in train_epoch
    repr1, repr2 = self.model(data, self.graph) # nvc
                   ^^^^^^^^^^^^^^^^^^^^^^^^^^^^
  File "C:\Users\CITY3\.conda\envs\i-jepaVENV\Lib\site-packages\torch\nn\modules\module.py", line 1518, in _wrapped_call_impl
    return self._call_impl(*args, **kwargs)
           ^^^^^^^^^^^^^^^^^^^^^^^^^^^^^^^^
  File "C:\Users\CITY3\.conda\envs\i-jepaVENV\Lib\site-packages\torch\nn\modules\module.py", line 1527, in _call_impl
    return forward_call(*args, **kwargs)
           ^^^^^^^^^^^^^^^^^^^^^^^^^^^^^
  File "D:\omer\ST-SSL\model\models.py", line 32, in forward
    repr1 = self.encoder(view1, graph) # view1: n,l,v,c; graph: v,v
           ^^^^^^^^^^^^^^^^^^^^^^^^^^
  File "C:\Users\CITY3\.conda\envs\i-jepaVENV\Lib\site-packages\torch\nn\modules\module.py", line 1518, in _wrapped_call_impl
    return self._call_impl(*args, **kwargs)
           ^^^^^^^^^^^^^^^^^^^^^^^^^^^^^^^^
  File "C:\Users\CITY3\.conda\envs\i-jepaVENV\Lib\site-packages\torch\nn\modules\module.py", line 1527, in _call_impl
    return forward_call(*args, **kwargs)
           ^^^^^^^^^^^^^^^^^^^^^^^^^^^^^
  File "D:\omer\ST-SSL\model\layers.py", line 221, in forward
    x = self.tconv23(x)
        ^^^^^^^^^^^^^^^
  File "C:\Users\CITY3\.conda\envs\i-jepaVENV\Lib\site-packages\torch\nn\modules\module.py", line 1518, in _wrapped_call_impl
    return self._call_impl(*args, **kwargs)
           ^^^^^^^^^^^^^^^^^^^^^^^^^^^^^^^^
  File "C:\Users\CITY3\.conda\envs\i-jepaVENV\Lib\site-packages\torch\nn\modules\module.py", line 1527, in _call_impl
    return forward_call(*args, **kwargs)
           ^^^^^^^^^^^^^^^^^^^^^^^^^^^^^
  File "D:\omer\ST-SSL\model\layers.py", line 307, in forward
    return torch.relu(self.conv(x) + x_in)
                    ^^^^^^^^^^^^
  File "C:\Users\CITY3\.conda\envs\i-jepaVENV\Lib\site-packages\torch\nn\modules\module.py", line 1518, in _wrapped_call_impl
    return self._call_impl(*args, **kwargs)
           ^^^^^^^^^^^^^^^^^^^^^^^^^^^^^^^^
  File "C:\Users\CITY3\.conda\envs\i-jepaVENV\Lib\site-packages\torch\nn\modules\module.py", line 1527, in _call_impl
    return forward_call(*args, **kwargs)
           ^^^^^^^^^^^^^^^^^^^^^^^^^^^^^
  File "C:\Users\CITY3\.conda\envs\i-jepaVENV\Lib\site-packages\torch\nn\modules\conv.py", line 460, in forward
    return self._conv_forward(input, self.weight, self.bias)
           ^^^^^^^^^^^^^^^^^^^^^^^^^^^^^^^^^^^^^^^^^^^^^^^^^
  File "C:\Users\CITY3\.conda\envs\i-jepaVENV\Lib\site-packages\torch\nn\modules\conv.py", line 456, in _conv_forward
    return F.conv2d(input, weight, bias, self.stride,
           ^^^^^^^^^^^^^^^^^^^^^^^^^^^^^^^^^^^^^^^^^^
RuntimeError: Calculated padded input size per channel: (2 x 285). Kernel size: (3 x 1). Kernel size can't be greater than actual input size

