2024-01-30 10:01:55: Experiment log path in: D:\omer\ST-SSL\experiments\Careem_linear\20240130-100155
2024-01-30 10:01:55: Experiment configs are: Namespace(seed=31, device='cuda', mode='train', best_path='None', debug=False, data_dir='data', dataset='Careem_linear', input_length=12, batch_size=32, val_batch_size=32, test_batch_size=1, graph_file='data/Careem/adj_mx.npz', d_input=1, d_output=1, d_model=64, dropout=0.2, percent=0.1, shm_temp=0.5, nmb_prototype=2, yita=1, epochs=200, lr_init=0.001, early_stop=True, early_stop_patience=100, grad_norm=True, max_grad_norm=5, use_dwa=True, temp=4, num_nodes=285, log_dir='D:\\omer\\ST-SSL\\experiments\\Careem_linear\\20240130-100155')
2024-01-30 10:02:01: *******Train Epoch 1: averaged Loss : 9.662349
2024-01-30 10:02:01: *******Val Epoch 1: averaged Loss : 8.880867
2024-01-30 10:02:01: **************Current best model saved to D:\omer\ST-SSL\experiments\Careem_linear\20240130-100155\best_model.pth
2024-01-30 10:02:03: *******Train Epoch 2: averaged Loss : 8.386843
2024-01-30 10:02:03: *******Val Epoch 2: averaged Loss : 8.325396
2024-01-30 10:02:03: **************Current best model saved to D:\omer\ST-SSL\experiments\Careem_linear\20240130-100155\best_model.pth
2024-01-30 10:02:04: *******Train Epoch 3: averaged Loss : 8.279026
2024-01-30 10:02:04: *******Val Epoch 3: averaged Loss : 8.347754
2024-01-30 10:02:06: *******Train Epoch 4: averaged Loss : 7.989765
2024-01-30 10:02:06: *******Val Epoch 4: averaged Loss : 8.119628
2024-01-30 10:02:06: **************Current best model saved to D:\omer\ST-SSL\experiments\Careem_linear\20240130-100155\best_model.pth
2024-01-30 10:02:07: *******Train Epoch 5: averaged Loss : 7.796752
2024-01-30 10:02:07: *******Val Epoch 5: averaged Loss : 8.058032
2024-01-30 10:02:07: **************Current best model saved to D:\omer\ST-SSL\experiments\Careem_linear\20240130-100155\best_model.pth
2024-01-30 10:02:09: *******Train Epoch 6: averaged Loss : 7.733140
2024-01-30 10:02:09: *******Val Epoch 6: averaged Loss : 7.992762
2024-01-30 10:02:09: **************Current best model saved to D:\omer\ST-SSL\experiments\Careem_linear\20240130-100155\best_model.pth
2024-01-30 10:02:10: *******Train Epoch 7: averaged Loss : 7.670459
2024-01-30 10:02:10: *******Val Epoch 7: averaged Loss : 7.990733
2024-01-30 10:02:10: **************Current best model saved to D:\omer\ST-SSL\experiments\Careem_linear\20240130-100155\best_model.pth
2024-01-30 10:02:12: *******Train Epoch 8: averaged Loss : 7.641395
2024-01-30 10:02:12: *******Val Epoch 8: averaged Loss : 7.863961
2024-01-30 10:02:12: **************Current best model saved to D:\omer\ST-SSL\experiments\Careem_linear\20240130-100155\best_model.pth
2024-01-30 10:02:13: *******Train Epoch 9: averaged Loss : 7.560547
2024-01-30 10:02:13: *******Val Epoch 9: averaged Loss : 8.090915
2024-01-30 10:02:15: *******Train Epoch 10: averaged Loss : 7.521256
2024-01-30 10:02:15: *******Val Epoch 10: averaged Loss : 8.002540
2024-01-30 10:02:16: *******Train Epoch 11: averaged Loss : 7.569769
2024-01-30 10:02:16: *******Val Epoch 11: averaged Loss : 8.119542
2024-01-30 10:02:17: *******Train Epoch 12: averaged Loss : 7.542360
2024-01-30 10:02:17: *******Val Epoch 12: averaged Loss : 7.846335
2024-01-30 10:02:17: **************Current best model saved to D:\omer\ST-SSL\experiments\Careem_linear\20240130-100155\best_model.pth
2024-01-30 10:02:19: *******Train Epoch 13: averaged Loss : 7.441661
2024-01-30 10:02:19: *******Val Epoch 13: averaged Loss : 7.822649
2024-01-30 10:02:19: **************Current best model saved to D:\omer\ST-SSL\experiments\Careem_linear\20240130-100155\best_model.pth
2024-01-30 10:02:20: *******Train Epoch 14: averaged Loss : 7.443123
2024-01-30 10:02:20: *******Val Epoch 14: averaged Loss : 8.137081
2024-01-30 10:02:22: *******Train Epoch 15: averaged Loss : 7.472187
2024-01-30 10:02:22: *******Val Epoch 15: averaged Loss : 7.935260
2024-01-30 10:02:23: *******Train Epoch 16: averaged Loss : 7.446696
2024-01-30 10:02:23: *******Val Epoch 16: averaged Loss : 7.725704
2024-01-30 10:02:23: **************Current best model saved to D:\omer\ST-SSL\experiments\Careem_linear\20240130-100155\best_model.pth
2024-01-30 10:02:25: *******Train Epoch 17: averaged Loss : 7.324215
2024-01-30 10:02:25: *******Val Epoch 17: averaged Loss : 7.782110
2024-01-30 10:02:26: *******Train Epoch 18: averaged Loss : 7.382754
2024-01-30 10:02:26: *******Val Epoch 18: averaged Loss : 7.715134
2024-01-30 10:02:26: **************Current best model saved to D:\omer\ST-SSL\experiments\Careem_linear\20240130-100155\best_model.pth
2024-01-30 10:02:27: *******Train Epoch 19: averaged Loss : 7.282691
2024-01-30 10:02:28: *******Val Epoch 19: averaged Loss : 7.819230
2024-01-30 10:02:29: *******Train Epoch 20: averaged Loss : 7.319743
2024-01-30 10:02:29: *******Val Epoch 20: averaged Loss : 7.622932
2024-01-30 10:02:29: **************Current best model saved to D:\omer\ST-SSL\experiments\Careem_linear\20240130-100155\best_model.pth
2024-01-30 10:02:30: *******Train Epoch 21: averaged Loss : 7.249725
2024-01-30 10:02:30: *******Val Epoch 21: averaged Loss : 7.566241
2024-01-30 10:02:30: **************Current best model saved to D:\omer\ST-SSL\experiments\Careem_linear\20240130-100155\best_model.pth
2024-01-30 10:02:32: *******Train Epoch 22: averaged Loss : 7.193906
2024-01-30 10:02:32: *******Val Epoch 22: averaged Loss : 7.561924
2024-01-30 10:02:32: **************Current best model saved to D:\omer\ST-SSL\experiments\Careem_linear\20240130-100155\best_model.pth
2024-01-30 10:02:33: *******Train Epoch 23: averaged Loss : 7.161184
2024-01-30 10:02:33: *******Val Epoch 23: averaged Loss : 7.495231
2024-01-30 10:02:33: **************Current best model saved to D:\omer\ST-SSL\experiments\Careem_linear\20240130-100155\best_model.pth
2024-01-30 10:02:35: *******Train Epoch 24: averaged Loss : 7.119055
2024-01-30 10:02:35: *******Val Epoch 24: averaged Loss : 7.645619
2024-01-30 10:02:37: *******Train Epoch 25: averaged Loss : 7.114736
2024-01-30 10:02:37: *******Val Epoch 25: averaged Loss : 7.499013
2024-01-30 10:02:39: *******Train Epoch 26: averaged Loss : 7.086360
2024-01-30 10:02:39: *******Val Epoch 26: averaged Loss : 7.459100
2024-01-30 10:02:39: **************Current best model saved to D:\omer\ST-SSL\experiments\Careem_linear\20240130-100155\best_model.pth
2024-01-30 10:02:41: *******Train Epoch 27: averaged Loss : 7.010432
2024-01-30 10:02:41: *******Val Epoch 27: averaged Loss : 7.415441
2024-01-30 10:02:41: **************Current best model saved to D:\omer\ST-SSL\experiments\Careem_linear\20240130-100155\best_model.pth
2024-01-30 10:02:43: *******Train Epoch 28: averaged Loss : 7.045180
2024-01-30 10:02:43: *******Val Epoch 28: averaged Loss : 7.385221
2024-01-30 10:02:43: **************Current best model saved to D:\omer\ST-SSL\experiments\Careem_linear\20240130-100155\best_model.pth
2024-01-30 10:02:45: *******Train Epoch 29: averaged Loss : 6.974615
2024-01-30 10:02:45: *******Val Epoch 29: averaged Loss : 7.582280
2024-01-30 10:02:47: *******Train Epoch 30: averaged Loss : 6.935922
2024-01-30 10:02:47: *******Val Epoch 30: averaged Loss : 7.403634
2024-01-30 10:02:49: *******Train Epoch 31: averaged Loss : 6.960556
2024-01-30 10:02:49: *******Val Epoch 31: averaged Loss : 7.254310
2024-01-30 10:02:49: **************Current best model saved to D:\omer\ST-SSL\experiments\Careem_linear\20240130-100155\best_model.pth
2024-01-30 10:02:51: *******Train Epoch 32: averaged Loss : 6.919288
2024-01-30 10:02:51: *******Val Epoch 32: averaged Loss : 7.343405
2024-01-30 10:02:53: *******Train Epoch 33: averaged Loss : 6.901014
2024-01-30 10:02:53: *******Val Epoch 33: averaged Loss : 7.239174
2024-01-30 10:02:53: **************Current best model saved to D:\omer\ST-SSL\experiments\Careem_linear\20240130-100155\best_model.pth
2024-01-30 10:02:55: *******Train Epoch 34: averaged Loss : 6.832174
2024-01-30 10:02:55: *******Val Epoch 34: averaged Loss : 7.367286
2024-01-30 10:02:57: *******Train Epoch 35: averaged Loss : 6.805219
2024-01-30 10:02:57: *******Val Epoch 35: averaged Loss : 7.310547
2024-01-30 10:02:59: *******Train Epoch 36: averaged Loss : 6.892193
2024-01-30 10:02:59: *******Val Epoch 36: averaged Loss : 7.473646
2024-01-30 10:03:01: *******Train Epoch 37: averaged Loss : 6.797595
2024-01-30 10:03:01: *******Val Epoch 37: averaged Loss : 7.355455
2024-01-30 10:03:03: *******Train Epoch 38: averaged Loss : 6.792070
2024-01-30 10:03:03: *******Val Epoch 38: averaged Loss : 7.361007
2024-01-30 10:03:05: *******Train Epoch 39: averaged Loss : 6.805224
2024-01-30 10:03:05: *******Val Epoch 39: averaged Loss : 7.320212
2024-01-30 10:03:07: *******Train Epoch 40: averaged Loss : 6.779348
2024-01-30 10:03:07: *******Val Epoch 40: averaged Loss : 7.428602
2024-01-30 10:03:09: *******Train Epoch 41: averaged Loss : 6.797594
2024-01-30 10:03:09: *******Val Epoch 41: averaged Loss : 7.280309
2024-01-30 10:03:11: *******Train Epoch 42: averaged Loss : 6.808740
2024-01-30 10:03:11: *******Val Epoch 42: averaged Loss : 7.592463
2024-01-30 10:03:13: *******Train Epoch 43: averaged Loss : 6.771968
2024-01-30 10:03:13: *******Val Epoch 43: averaged Loss : 7.309818
2024-01-30 10:03:15: *******Train Epoch 44: averaged Loss : 6.715173
2024-01-30 10:03:15: *******Val Epoch 44: averaged Loss : 7.265806
2024-01-30 10:03:17: *******Train Epoch 45: averaged Loss : 6.736697
2024-01-30 10:03:17: *******Val Epoch 45: averaged Loss : 7.328638
2024-01-30 10:03:19: *******Train Epoch 46: averaged Loss : 6.729261
2024-01-30 10:03:19: *******Val Epoch 46: averaged Loss : 7.154660
2024-01-30 10:03:19: **************Current best model saved to D:\omer\ST-SSL\experiments\Careem_linear\20240130-100155\best_model.pth
2024-01-30 10:03:21: *******Train Epoch 47: averaged Loss : 6.694891
2024-01-30 10:03:21: *******Val Epoch 47: averaged Loss : 7.359044
2024-01-30 10:03:23: *******Train Epoch 48: averaged Loss : 6.696630
2024-01-30 10:03:23: *******Val Epoch 48: averaged Loss : 7.267243
2024-01-30 10:03:25: *******Train Epoch 49: averaged Loss : 6.660335
2024-01-30 10:03:25: *******Val Epoch 49: averaged Loss : 7.327936
2024-01-30 10:03:27: *******Train Epoch 50: averaged Loss : 6.683013
2024-01-30 10:03:27: *******Val Epoch 50: averaged Loss : 7.345762
2024-01-30 10:03:29: *******Train Epoch 51: averaged Loss : 6.666830
2024-01-30 10:03:29: *******Val Epoch 51: averaged Loss : 7.308585
2024-01-30 10:03:31: *******Train Epoch 52: averaged Loss : 6.695351
2024-01-30 10:03:31: *******Val Epoch 52: averaged Loss : 7.246384
2024-01-30 10:03:33: *******Train Epoch 53: averaged Loss : 6.679660
2024-01-30 10:03:33: *******Val Epoch 53: averaged Loss : 7.194040
2024-01-30 10:03:35: *******Train Epoch 54: averaged Loss : 6.693929
2024-01-30 10:03:35: *******Val Epoch 54: averaged Loss : 7.298836
2024-01-30 10:03:37: *******Train Epoch 55: averaged Loss : 6.637475
2024-01-30 10:03:37: *******Val Epoch 55: averaged Loss : 7.174633
2024-01-30 10:03:39: *******Train Epoch 56: averaged Loss : 6.608585
2024-01-30 10:03:39: *******Val Epoch 56: averaged Loss : 7.222878
2024-01-30 10:03:41: *******Train Epoch 57: averaged Loss : 6.673175
2024-01-30 10:03:41: *******Val Epoch 57: averaged Loss : 7.321238
2024-01-30 10:03:43: *******Train Epoch 58: averaged Loss : 6.623021
2024-01-30 10:03:43: *******Val Epoch 58: averaged Loss : 7.298544
2024-01-30 10:03:45: *******Train Epoch 59: averaged Loss : 6.595269
2024-01-30 10:03:45: *******Val Epoch 59: averaged Loss : 7.344331
2024-01-30 10:03:47: *******Train Epoch 60: averaged Loss : 6.624891
2024-01-30 10:03:48: *******Val Epoch 60: averaged Loss : 7.181429
2024-01-30 10:03:49: *******Train Epoch 61: averaged Loss : 6.678737
2024-01-30 10:03:50: *******Val Epoch 61: averaged Loss : 7.353078
2024-01-30 10:03:51: *******Train Epoch 62: averaged Loss : 6.606141
2024-01-30 10:03:52: *******Val Epoch 62: averaged Loss : 7.223183
2024-01-30 10:03:53: *******Train Epoch 63: averaged Loss : 6.660955
2024-01-30 10:03:54: *******Val Epoch 63: averaged Loss : 7.164686
2024-01-30 10:03:55: *******Train Epoch 64: averaged Loss : 6.605736
2024-01-30 10:03:56: *******Val Epoch 64: averaged Loss : 7.138572
2024-01-30 10:03:56: **************Current best model saved to D:\omer\ST-SSL\experiments\Careem_linear\20240130-100155\best_model.pth
2024-01-30 10:03:57: *******Train Epoch 65: averaged Loss : 6.596902
2024-01-30 10:03:58: *******Val Epoch 65: averaged Loss : 7.229426
2024-01-30 10:03:59: *******Train Epoch 66: averaged Loss : 6.582901
2024-01-30 10:04:00: *******Val Epoch 66: averaged Loss : 7.320339
2024-01-30 10:04:01: *******Train Epoch 67: averaged Loss : 6.648951
2024-01-30 10:04:02: *******Val Epoch 67: averaged Loss : 7.093471
2024-01-30 10:04:02: **************Current best model saved to D:\omer\ST-SSL\experiments\Careem_linear\20240130-100155\best_model.pth
2024-01-30 10:04:03: *******Train Epoch 68: averaged Loss : 6.609886
2024-01-30 10:04:04: *******Val Epoch 68: averaged Loss : 7.346714
2024-01-30 10:04:05: *******Train Epoch 69: averaged Loss : 6.574766
2024-01-30 10:04:06: *******Val Epoch 69: averaged Loss : 7.108640
2024-01-30 10:04:07: *******Train Epoch 70: averaged Loss : 6.524533
2024-01-30 10:04:08: *******Val Epoch 70: averaged Loss : 7.218192
2024-01-30 10:04:09: *******Train Epoch 71: averaged Loss : 6.566833
2024-01-30 10:04:10: *******Val Epoch 71: averaged Loss : 7.272972
2024-01-30 10:04:12: *******Train Epoch 72: averaged Loss : 6.509924
2024-01-30 10:04:12: *******Val Epoch 72: averaged Loss : 7.186436
2024-01-30 10:04:14: *******Train Epoch 73: averaged Loss : 6.569277
2024-01-30 10:04:14: *******Val Epoch 73: averaged Loss : 7.123925
2024-01-30 10:04:16: *******Train Epoch 74: averaged Loss : 6.503834
2024-01-30 10:04:16: *******Val Epoch 74: averaged Loss : 7.227356
2024-01-30 10:04:18: *******Train Epoch 75: averaged Loss : 6.558749
2024-01-30 10:04:18: *******Val Epoch 75: averaged Loss : 7.262538
2024-01-30 10:04:20: *******Train Epoch 76: averaged Loss : 6.495365
2024-01-30 10:04:20: *******Val Epoch 76: averaged Loss : 7.194337
2024-01-30 10:04:22: *******Train Epoch 77: averaged Loss : 6.566758
2024-01-30 10:04:22: *******Val Epoch 77: averaged Loss : 7.251252
2024-01-30 10:04:24: *******Train Epoch 78: averaged Loss : 6.492486
2024-01-30 10:04:24: *******Val Epoch 78: averaged Loss : 7.124317
2024-01-30 10:04:26: *******Train Epoch 79: averaged Loss : 6.478985
2024-01-30 10:04:26: *******Val Epoch 79: averaged Loss : 7.296696
2024-01-30 10:04:28: *******Train Epoch 80: averaged Loss : 6.476935
2024-01-30 10:04:28: *******Val Epoch 80: averaged Loss : 7.164895
2024-01-30 10:04:30: *******Train Epoch 81: averaged Loss : 6.514184
2024-01-30 10:04:30: *******Val Epoch 81: averaged Loss : 7.115373
2024-01-30 10:04:32: *******Train Epoch 82: averaged Loss : 6.457369
2024-01-30 10:04:32: *******Val Epoch 82: averaged Loss : 7.217593
2024-01-30 10:04:34: *******Train Epoch 83: averaged Loss : 6.468730
2024-01-30 10:04:34: *******Val Epoch 83: averaged Loss : 7.239222
2024-01-30 10:04:36: *******Train Epoch 84: averaged Loss : 6.503845
2024-01-30 10:04:36: *******Val Epoch 84: averaged Loss : 7.321375
2024-01-30 10:04:38: *******Train Epoch 85: averaged Loss : 6.449968
2024-01-30 10:04:38: *******Val Epoch 85: averaged Loss : 7.141332
2024-01-30 10:04:40: *******Train Epoch 86: averaged Loss : 6.473157
2024-01-30 10:04:40: *******Val Epoch 86: averaged Loss : 7.173451
2024-01-30 10:04:42: *******Train Epoch 87: averaged Loss : 6.395875
2024-01-30 10:04:42: *******Val Epoch 87: averaged Loss : 7.261012
2024-01-30 10:04:44: *******Train Epoch 88: averaged Loss : 6.480694
2024-01-30 10:04:45: *******Val Epoch 88: averaged Loss : 7.150825
2024-01-30 10:04:46: *******Train Epoch 89: averaged Loss : 6.411233
2024-01-30 10:04:47: *******Val Epoch 89: averaged Loss : 7.179012
2024-01-30 10:04:48: *******Train Epoch 90: averaged Loss : 6.406971
2024-01-30 10:04:49: *******Val Epoch 90: averaged Loss : 7.179857
2024-01-30 10:04:50: *******Train Epoch 91: averaged Loss : 6.419744
2024-01-30 10:04:51: *******Val Epoch 91: averaged Loss : 7.029712
2024-01-30 10:04:51: **************Current best model saved to D:\omer\ST-SSL\experiments\Careem_linear\20240130-100155\best_model.pth
2024-01-30 10:04:52: *******Train Epoch 92: averaged Loss : 6.450639
2024-01-30 10:04:53: *******Val Epoch 92: averaged Loss : 7.113294
2024-01-30 10:04:55: *******Train Epoch 93: averaged Loss : 6.378238
2024-01-30 10:04:55: *******Val Epoch 93: averaged Loss : 7.321712
2024-01-30 10:04:57: *******Train Epoch 94: averaged Loss : 6.473641
2024-01-30 10:04:57: *******Val Epoch 94: averaged Loss : 7.192267
2024-01-30 10:04:59: *******Train Epoch 95: averaged Loss : 6.396236
2024-01-30 10:04:59: *******Val Epoch 95: averaged Loss : 7.151296
2024-01-30 10:05:01: *******Train Epoch 96: averaged Loss : 6.365382
2024-01-30 10:05:01: *******Val Epoch 96: averaged Loss : 7.138749
2024-01-30 10:05:03: *******Train Epoch 97: averaged Loss : 6.452813
2024-01-30 10:05:03: *******Val Epoch 97: averaged Loss : 7.224689
2024-01-30 10:05:05: *******Train Epoch 98: averaged Loss : 6.387703
2024-01-30 10:05:05: *******Val Epoch 98: averaged Loss : 7.175207
2024-01-30 10:05:07: *******Train Epoch 99: averaged Loss : 6.373909
2024-01-30 10:05:07: *******Val Epoch 99: averaged Loss : 7.226960
2024-01-30 10:05:09: *******Train Epoch 100: averaged Loss : 6.366223
2024-01-30 10:05:09: *******Val Epoch 100: averaged Loss : 7.237807
2024-01-30 10:05:11: *******Train Epoch 101: averaged Loss : 6.400254
2024-01-30 10:05:11: *******Val Epoch 101: averaged Loss : 7.308206
2024-01-30 10:05:13: *******Train Epoch 102: averaged Loss : 6.319714
2024-01-30 10:05:13: *******Val Epoch 102: averaged Loss : 7.211786
2024-01-30 10:05:15: *******Train Epoch 103: averaged Loss : 6.348747
2024-01-30 10:05:15: *******Val Epoch 103: averaged Loss : 7.129735
2024-01-30 10:05:17: *******Train Epoch 104: averaged Loss : 6.379023
2024-01-30 10:05:17: *******Val Epoch 104: averaged Loss : 7.340215
2024-01-30 10:05:19: *******Train Epoch 105: averaged Loss : 6.388460
2024-01-30 10:05:19: *******Val Epoch 105: averaged Loss : 7.026472
2024-01-30 10:05:19: **************Current best model saved to D:\omer\ST-SSL\experiments\Careem_linear\20240130-100155\best_model.pth
2024-01-30 10:05:21: *******Train Epoch 106: averaged Loss : 6.289232
2024-01-30 10:05:21: *******Val Epoch 106: averaged Loss : 7.044424
2024-01-30 10:05:23: *******Train Epoch 107: averaged Loss : 6.353713
2024-01-30 10:05:23: *******Val Epoch 107: averaged Loss : 7.149152
2024-01-30 10:05:25: *******Train Epoch 108: averaged Loss : 6.298843
2024-01-30 10:05:25: *******Val Epoch 108: averaged Loss : 7.133802
2024-01-30 10:05:27: *******Train Epoch 109: averaged Loss : 6.292678
2024-01-30 10:05:27: *******Val Epoch 109: averaged Loss : 7.201955
2024-01-30 10:05:29: *******Train Epoch 110: averaged Loss : 6.299812
2024-01-30 10:05:29: *******Val Epoch 110: averaged Loss : 7.122463
2024-01-30 10:05:31: *******Train Epoch 111: averaged Loss : 6.308585
2024-01-30 10:05:31: *******Val Epoch 111: averaged Loss : 7.258165
2024-01-30 10:05:33: *******Train Epoch 112: averaged Loss : 6.286697
2024-01-30 10:05:33: *******Val Epoch 112: averaged Loss : 7.279071
2024-01-30 10:05:35: *******Train Epoch 113: averaged Loss : 6.369865
2024-01-30 10:05:35: *******Val Epoch 113: averaged Loss : 7.100356
2024-01-30 10:05:37: *******Train Epoch 114: averaged Loss : 6.275262
2024-01-30 10:05:37: *******Val Epoch 114: averaged Loss : 7.193579
2024-01-30 10:05:39: *******Train Epoch 115: averaged Loss : 6.297300
2024-01-30 10:05:39: *******Val Epoch 115: averaged Loss : 7.133945
2024-01-30 10:05:41: *******Train Epoch 116: averaged Loss : 6.287411
2024-01-30 10:05:41: *******Val Epoch 116: averaged Loss : 7.104546
2024-01-30 10:05:43: *******Train Epoch 117: averaged Loss : 6.309899
2024-01-30 10:05:43: *******Val Epoch 117: averaged Loss : 7.058012
2024-01-30 10:05:45: *******Train Epoch 118: averaged Loss : 6.274091
2024-01-30 10:05:45: *******Val Epoch 118: averaged Loss : 7.240969
2024-01-30 10:05:47: *******Train Epoch 119: averaged Loss : 6.303800
2024-01-30 10:05:47: *******Val Epoch 119: averaged Loss : 7.302231
2024-01-30 10:05:49: *******Train Epoch 120: averaged Loss : 6.294465
2024-01-30 10:05:49: *******Val Epoch 120: averaged Loss : 7.194778
2024-01-30 10:05:51: *******Train Epoch 121: averaged Loss : 6.256272
2024-01-30 10:05:52: *******Val Epoch 121: averaged Loss : 7.244242
2024-01-30 10:05:53: *******Train Epoch 122: averaged Loss : 6.251954
2024-01-30 10:05:54: *******Val Epoch 122: averaged Loss : 7.227447
2024-01-30 10:05:55: *******Train Epoch 123: averaged Loss : 6.256161
2024-01-30 10:05:56: *******Val Epoch 123: averaged Loss : 7.139528
2024-01-30 10:05:57: *******Train Epoch 124: averaged Loss : 6.300725
2024-01-30 10:05:58: *******Val Epoch 124: averaged Loss : 7.231752
2024-01-30 10:05:59: *******Train Epoch 125: averaged Loss : 6.236537
2024-01-30 10:06:00: *******Val Epoch 125: averaged Loss : 7.089329
2024-01-30 10:06:01: *******Train Epoch 126: averaged Loss : 6.239436
2024-01-30 10:06:02: *******Val Epoch 126: averaged Loss : 7.170814
2024-01-30 10:06:03: *******Train Epoch 127: averaged Loss : 6.223491
2024-01-30 10:06:04: *******Val Epoch 127: averaged Loss : 7.174599
2024-01-30 10:06:05: *******Train Epoch 128: averaged Loss : 6.227246
2024-01-30 10:06:06: *******Val Epoch 128: averaged Loss : 7.052743
2024-01-30 10:06:07: *******Train Epoch 129: averaged Loss : 6.226906
2024-01-30 10:06:08: *******Val Epoch 129: averaged Loss : 7.217068
2024-01-30 10:06:09: *******Train Epoch 130: averaged Loss : 6.181649
2024-01-30 10:06:10: *******Val Epoch 130: averaged Loss : 7.117763
2024-01-30 10:06:11: *******Train Epoch 131: averaged Loss : 6.218392
2024-01-30 10:06:12: *******Val Epoch 131: averaged Loss : 7.210964
2024-01-30 10:06:13: *******Train Epoch 132: averaged Loss : 6.164542
2024-01-30 10:06:14: *******Val Epoch 132: averaged Loss : 7.197922
2024-01-30 10:06:15: *******Train Epoch 133: averaged Loss : 6.192430
2024-01-30 10:06:16: *******Val Epoch 133: averaged Loss : 7.077604
2024-01-30 10:06:17: *******Train Epoch 134: averaged Loss : 6.191305
2024-01-30 10:06:18: *******Val Epoch 134: averaged Loss : 7.158186
2024-01-30 10:06:19: *******Train Epoch 135: averaged Loss : 6.160822
2024-01-30 10:06:20: *******Val Epoch 135: averaged Loss : 7.175091
2024-01-30 10:06:21: *******Train Epoch 136: averaged Loss : 6.201901
2024-01-30 10:06:22: *******Val Epoch 136: averaged Loss : 7.159863
2024-01-30 10:06:24: *******Train Epoch 137: averaged Loss : 6.185998
2024-01-30 10:06:24: *******Val Epoch 137: averaged Loss : 7.254499
2024-01-30 10:06:26: *******Train Epoch 138: averaged Loss : 6.192691
2024-01-30 10:06:26: *******Val Epoch 138: averaged Loss : 7.184274
2024-01-30 10:06:28: *******Train Epoch 139: averaged Loss : 6.171977
2024-01-30 10:06:28: *******Val Epoch 139: averaged Loss : 7.344010
2024-01-30 10:06:30: *******Train Epoch 140: averaged Loss : 6.126602
2024-01-30 10:06:30: *******Val Epoch 140: averaged Loss : 7.155685
2024-01-30 10:06:32: *******Train Epoch 141: averaged Loss : 6.165993
2024-01-30 10:06:32: *******Val Epoch 141: averaged Loss : 7.183209
2024-01-30 10:06:34: *******Train Epoch 142: averaged Loss : 6.125914
2024-01-30 10:06:34: *******Val Epoch 142: averaged Loss : 7.170857
2024-01-30 10:06:36: *******Train Epoch 143: averaged Loss : 6.184267
2024-01-30 10:06:36: *******Val Epoch 143: averaged Loss : 7.105215
2024-01-30 10:06:38: *******Train Epoch 144: averaged Loss : 6.128363
2024-01-30 10:06:38: *******Val Epoch 144: averaged Loss : 7.135690
2024-01-30 10:06:40: *******Train Epoch 145: averaged Loss : 6.130993
2024-01-30 10:06:40: *******Val Epoch 145: averaged Loss : 7.185206
2024-01-30 10:06:42: *******Train Epoch 146: averaged Loss : 6.121855
2024-01-30 10:06:42: *******Val Epoch 146: averaged Loss : 7.375277
2024-01-30 10:06:44: *******Train Epoch 147: averaged Loss : 6.159829
2024-01-30 10:06:44: *******Val Epoch 147: averaged Loss : 7.352944
2024-01-30 10:06:46: *******Train Epoch 148: averaged Loss : 6.120258
2024-01-30 10:06:46: *******Val Epoch 148: averaged Loss : 7.124570
2024-01-30 10:06:48: *******Train Epoch 149: averaged Loss : 6.105077
2024-01-30 10:06:48: *******Val Epoch 149: averaged Loss : 7.097975
2024-01-30 10:06:50: *******Train Epoch 150: averaged Loss : 6.157709
2024-01-30 10:06:50: *******Val Epoch 150: averaged Loss : 7.123201
2024-01-30 10:06:52: *******Train Epoch 151: averaged Loss : 6.094038
2024-01-30 10:06:52: *******Val Epoch 151: averaged Loss : 7.203117
2024-01-30 10:06:54: *******Train Epoch 152: averaged Loss : 6.124556
2024-01-30 10:06:54: *******Val Epoch 152: averaged Loss : 7.118747
2024-01-30 10:06:56: *******Train Epoch 153: averaged Loss : 6.087642
2024-01-30 10:06:56: *******Val Epoch 153: averaged Loss : 7.249363
2024-01-30 10:06:58: *******Train Epoch 154: averaged Loss : 6.084766
2024-01-30 10:06:58: *******Val Epoch 154: averaged Loss : 7.232151
2024-01-30 10:07:00: *******Train Epoch 155: averaged Loss : 6.085945
2024-01-30 10:07:00: *******Val Epoch 155: averaged Loss : 7.178917
2024-01-30 10:07:02: *******Train Epoch 156: averaged Loss : 6.059596
2024-01-30 10:07:02: *******Val Epoch 156: averaged Loss : 7.135594
2024-01-30 10:07:04: *******Train Epoch 157: averaged Loss : 6.089586
2024-01-30 10:07:04: *******Val Epoch 157: averaged Loss : 7.197837
2024-01-30 10:07:06: *******Train Epoch 158: averaged Loss : 6.062315
2024-01-30 10:07:06: *******Val Epoch 158: averaged Loss : 7.378076
2024-01-30 10:07:08: *******Train Epoch 159: averaged Loss : 6.067862
2024-01-30 10:07:08: *******Val Epoch 159: averaged Loss : 7.200903
2024-01-30 10:07:10: *******Train Epoch 160: averaged Loss : 6.061782
2024-01-30 10:07:10: *******Val Epoch 160: averaged Loss : 7.215403
2024-01-30 10:07:12: *******Train Epoch 161: averaged Loss : 6.066660
2024-01-30 10:07:12: *******Val Epoch 161: averaged Loss : 7.171289
2024-01-30 10:07:14: *******Train Epoch 162: averaged Loss : 6.046684
2024-01-30 10:07:14: *******Val Epoch 162: averaged Loss : 7.143809
2024-01-30 10:07:16: *******Train Epoch 163: averaged Loss : 6.082717
2024-01-30 10:07:16: *******Val Epoch 163: averaged Loss : 7.206893
2024-01-30 10:07:18: *******Train Epoch 164: averaged Loss : 6.022521
2024-01-30 10:07:18: *******Val Epoch 164: averaged Loss : 7.233595
2024-01-30 10:07:20: *******Train Epoch 165: averaged Loss : 6.044300
2024-01-30 10:07:20: *******Val Epoch 165: averaged Loss : 7.152860
2024-01-30 10:07:22: *******Train Epoch 166: averaged Loss : 6.040356
2024-01-30 10:07:22: *******Val Epoch 166: averaged Loss : 7.349915
2024-01-30 10:07:24: *******Train Epoch 167: averaged Loss : 6.014232
2024-01-30 10:07:24: *******Val Epoch 167: averaged Loss : 7.198226
2024-01-30 10:07:26: *******Train Epoch 168: averaged Loss : 6.030606
2024-01-30 10:07:26: *******Val Epoch 168: averaged Loss : 7.239743
2024-01-30 10:07:28: *******Train Epoch 169: averaged Loss : 6.042011
2024-01-30 10:07:28: *******Val Epoch 169: averaged Loss : 7.204514
2024-01-30 10:07:30: *******Train Epoch 170: averaged Loss : 6.004076
2024-01-30 10:07:30: *******Val Epoch 170: averaged Loss : 7.018545
2024-01-30 10:07:30: **************Current best model saved to D:\omer\ST-SSL\experiments\Careem_linear\20240130-100155\best_model.pth
2024-01-30 10:07:32: *******Train Epoch 171: averaged Loss : 6.018177
2024-01-30 10:07:33: *******Val Epoch 171: averaged Loss : 7.144382
2024-01-30 10:07:34: *******Train Epoch 172: averaged Loss : 6.032215
2024-01-30 10:07:35: *******Val Epoch 172: averaged Loss : 7.182250
2024-01-30 10:07:36: *******Train Epoch 173: averaged Loss : 5.970566
2024-01-30 10:07:37: *******Val Epoch 173: averaged Loss : 7.023371
2024-01-30 10:07:38: *******Train Epoch 174: averaged Loss : 5.997425
2024-01-30 10:07:39: *******Val Epoch 174: averaged Loss : 7.113175
2024-01-30 10:07:40: *******Train Epoch 175: averaged Loss : 5.973993
2024-01-30 10:07:41: *******Val Epoch 175: averaged Loss : 7.213385
2024-01-30 10:07:42: *******Train Epoch 176: averaged Loss : 5.990638
2024-01-30 10:07:43: *******Val Epoch 176: averaged Loss : 7.115440
2024-01-30 10:07:44: *******Train Epoch 177: averaged Loss : 5.956756
2024-01-30 10:07:45: *******Val Epoch 177: averaged Loss : 7.148330
2024-01-30 10:07:47: *******Train Epoch 178: averaged Loss : 6.020373
2024-01-30 10:07:47: *******Val Epoch 178: averaged Loss : 7.176659
2024-01-30 10:07:49: *******Train Epoch 179: averaged Loss : 5.941401
2024-01-30 10:07:49: *******Val Epoch 179: averaged Loss : 7.103974
2024-01-30 10:07:51: *******Train Epoch 180: averaged Loss : 6.009951
2024-01-30 10:07:51: *******Val Epoch 180: averaged Loss : 7.238796
2024-01-30 10:07:53: *******Train Epoch 181: averaged Loss : 5.955261
2024-01-30 10:07:53: *******Val Epoch 181: averaged Loss : 7.183792
2024-01-30 10:07:55: *******Train Epoch 182: averaged Loss : 5.981342
2024-01-30 10:07:55: *******Val Epoch 182: averaged Loss : 7.169408
2024-01-30 10:07:57: *******Train Epoch 183: averaged Loss : 5.969538
2024-01-30 10:07:57: *******Val Epoch 183: averaged Loss : 7.125048
2024-01-30 10:07:59: *******Train Epoch 184: averaged Loss : 5.961296
2024-01-30 10:07:59: *******Val Epoch 184: averaged Loss : 7.167154
2024-01-30 10:08:01: *******Train Epoch 185: averaged Loss : 5.982955
2024-01-30 10:08:01: *******Val Epoch 185: averaged Loss : 7.206716
2024-01-30 10:08:03: *******Train Epoch 186: averaged Loss : 5.971274
2024-01-30 10:08:03: *******Val Epoch 186: averaged Loss : 7.229866
2024-01-30 10:08:05: *******Train Epoch 187: averaged Loss : 5.928327
2024-01-30 10:08:05: *******Val Epoch 187: averaged Loss : 7.102840
2024-01-30 10:08:07: *******Train Epoch 188: averaged Loss : 5.961960
2024-01-30 10:08:07: *******Val Epoch 188: averaged Loss : 7.332091
2024-01-30 10:08:09: *******Train Epoch 189: averaged Loss : 5.941480
2024-01-30 10:08:09: *******Val Epoch 189: averaged Loss : 7.142349
2024-01-30 10:08:11: *******Train Epoch 190: averaged Loss : 5.920231
2024-01-30 10:08:11: *******Val Epoch 190: averaged Loss : 7.283962
2024-01-30 10:08:13: *******Train Epoch 191: averaged Loss : 5.943093
2024-01-30 10:08:13: *******Val Epoch 191: averaged Loss : 7.186297
2024-01-30 10:08:15: *******Train Epoch 192: averaged Loss : 5.913282
2024-01-30 10:08:15: *******Val Epoch 192: averaged Loss : 7.187474
2024-01-30 10:08:17: *******Train Epoch 193: averaged Loss : 5.944782
2024-01-30 10:08:17: *******Val Epoch 193: averaged Loss : 7.175421
2024-01-30 10:08:19: *******Train Epoch 194: averaged Loss : 5.882677
2024-01-30 10:08:19: *******Val Epoch 194: averaged Loss : 7.162387
2024-01-30 10:08:21: *******Train Epoch 195: averaged Loss : 5.953549
2024-01-30 10:08:21: *******Val Epoch 195: averaged Loss : 7.187709
2024-01-30 10:08:23: *******Train Epoch 196: averaged Loss : 5.867179
2024-01-30 10:08:23: *******Val Epoch 196: averaged Loss : 7.143484
2024-01-30 10:08:25: *******Train Epoch 197: averaged Loss : 5.903437
2024-01-30 10:08:25: *******Val Epoch 197: averaged Loss : 7.243926
2024-01-30 10:08:27: *******Train Epoch 198: averaged Loss : 5.905026
2024-01-30 10:08:27: *******Val Epoch 198: averaged Loss : 7.225881
2024-01-30 10:08:29: *******Train Epoch 199: averaged Loss : 5.912802
2024-01-30 10:08:29: *******Val Epoch 199: averaged Loss : 7.279063
2024-01-30 10:08:31: *******Train Epoch 200: averaged Loss : 5.890239
2024-01-30 10:08:31: *******Val Epoch 200: averaged Loss : 7.118729
2024-01-30 10:08:31: == Training finished.
Total training time: 6.60 min	best loss: 7.0185	best epoch: 170	
2024-01-30 10:08:31: == Test results.
2024-01-30 10:08:37: test, MAE: 6.32, test MAPE: 31.3048%
2024-01-30 10:08:43: rolling, MAE: 33.49, rolling MAPE: 217.6308%
