2024-01-30 14:28:05: Experiment log path in: D:\omer\ST-SSL\experiments\Careem_linear\20240130-142805
2024-01-30 14:28:05: Experiment configs are: Namespace(seed=31, device='cuda', mode='train', best_path='None', debug=False, data_dir='data', dataset='Careem_linear', input_length=12, batch_size=32, val_batch_size=32, test_batch_size=1, graph_file='data/Careem/adj_mx.npz', d_input=1, d_output=1, d_model=64, dropout=0.2, percent=0.1, shm_temp=0.5, nmb_prototype=2, yita=1, epochs=1000, lr_init=0.001, early_stop=True, early_stop_patience=500, grad_norm=True, max_grad_norm=5, use_dwa=True, temp=4, num_nodes=285, log_dir='D:\\omer\\ST-SSL\\experiments\\Careem_linear\\20240130-142805')
2024-01-30 14:28:09: *******Train Epoch 1: averaged Loss : 9.661876
2024-01-30 14:28:09: *******Val Epoch 1: averaged Loss : 8.858274
2024-01-30 14:28:09: **************Current best model saved to D:\omer\ST-SSL\experiments\Careem_linear\20240130-142805\best_model.pth
2024-01-30 14:28:10: *******Train Epoch 2: averaged Loss : 8.388361
2024-01-30 14:28:10: *******Val Epoch 2: averaged Loss : 8.303335
2024-01-30 14:28:10: **************Current best model saved to D:\omer\ST-SSL\experiments\Careem_linear\20240130-142805\best_model.pth
2024-01-30 14:28:12: *******Train Epoch 3: averaged Loss : 8.251797
2024-01-30 14:28:12: *******Val Epoch 3: averaged Loss : 8.448767
2024-01-30 14:28:13: *******Train Epoch 4: averaged Loss : 8.061600
2024-01-30 14:28:13: *******Val Epoch 4: averaged Loss : 8.290482
2024-01-30 14:28:13: **************Current best model saved to D:\omer\ST-SSL\experiments\Careem_linear\20240130-142805\best_model.pth
2024-01-30 14:28:15: *******Train Epoch 5: averaged Loss : 7.996101
2024-01-30 14:28:15: *******Val Epoch 5: averaged Loss : 8.505423
2024-01-30 14:28:16: *******Train Epoch 6: averaged Loss : 7.882666
2024-01-30 14:28:16: *******Val Epoch 6: averaged Loss : 8.135192
2024-01-30 14:28:16: **************Current best model saved to D:\omer\ST-SSL\experiments\Careem_linear\20240130-142805\best_model.pth
2024-01-30 14:28:18: *******Train Epoch 7: averaged Loss : 7.678745
2024-01-30 14:28:18: *******Val Epoch 7: averaged Loss : 8.021711
2024-01-30 14:28:18: **************Current best model saved to D:\omer\ST-SSL\experiments\Careem_linear\20240130-142805\best_model.pth
2024-01-30 14:28:19: *******Train Epoch 8: averaged Loss : 7.709605
2024-01-30 14:28:19: *******Val Epoch 8: averaged Loss : 8.131284
2024-01-30 14:28:21: *******Train Epoch 9: averaged Loss : 7.615505
2024-01-30 14:28:21: *******Val Epoch 9: averaged Loss : 8.186410
2024-01-30 14:28:22: *******Train Epoch 10: averaged Loss : 7.590461
2024-01-30 14:28:22: *******Val Epoch 10: averaged Loss : 7.890308
2024-01-30 14:28:22: **************Current best model saved to D:\omer\ST-SSL\experiments\Careem_linear\20240130-142805\best_model.pth
2024-01-30 14:28:24: *******Train Epoch 11: averaged Loss : 7.559365
2024-01-30 14:28:24: *******Val Epoch 11: averaged Loss : 7.847655
2024-01-30 14:28:24: **************Current best model saved to D:\omer\ST-SSL\experiments\Careem_linear\20240130-142805\best_model.pth
2024-01-30 14:28:25: *******Train Epoch 12: averaged Loss : 7.450228
2024-01-30 14:28:25: *******Val Epoch 12: averaged Loss : 7.931627
2024-01-30 14:28:27: *******Train Epoch 13: averaged Loss : 7.421066
2024-01-30 14:28:27: *******Val Epoch 13: averaged Loss : 7.814725
2024-01-30 14:28:27: **************Current best model saved to D:\omer\ST-SSL\experiments\Careem_linear\20240130-142805\best_model.pth
2024-01-30 14:28:28: *******Train Epoch 14: averaged Loss : 7.379098
2024-01-30 14:28:28: *******Val Epoch 14: averaged Loss : 7.747799
2024-01-30 14:28:28: **************Current best model saved to D:\omer\ST-SSL\experiments\Careem_linear\20240130-142805\best_model.pth
2024-01-30 14:28:29: *******Train Epoch 15: averaged Loss : 7.390454
2024-01-30 14:28:30: *******Val Epoch 15: averaged Loss : 7.723390
2024-01-30 14:28:30: **************Current best model saved to D:\omer\ST-SSL\experiments\Careem_linear\20240130-142805\best_model.pth
2024-01-30 14:28:31: *******Train Epoch 16: averaged Loss : 7.374663
2024-01-30 14:28:31: *******Val Epoch 16: averaged Loss : 7.727796
2024-01-30 14:28:32: *******Train Epoch 17: averaged Loss : 7.344831
2024-01-30 14:28:32: *******Val Epoch 17: averaged Loss : 7.716036
2024-01-30 14:28:32: **************Current best model saved to D:\omer\ST-SSL\experiments\Careem_linear\20240130-142805\best_model.pth
2024-01-30 14:28:34: *******Train Epoch 18: averaged Loss : 7.306062
2024-01-30 14:28:34: *******Val Epoch 18: averaged Loss : 7.671364
2024-01-30 14:28:34: **************Current best model saved to D:\omer\ST-SSL\experiments\Careem_linear\20240130-142805\best_model.pth
2024-01-30 14:28:35: *******Train Epoch 19: averaged Loss : 7.250546
2024-01-30 14:28:35: *******Val Epoch 19: averaged Loss : 7.743929
2024-01-30 14:28:37: *******Train Epoch 20: averaged Loss : 7.268172
2024-01-30 14:28:37: *******Val Epoch 20: averaged Loss : 7.687377
2024-01-30 14:28:38: *******Train Epoch 21: averaged Loss : 7.230957
2024-01-30 14:28:38: *******Val Epoch 21: averaged Loss : 7.566912
2024-01-30 14:28:38: **************Current best model saved to D:\omer\ST-SSL\experiments\Careem_linear\20240130-142805\best_model.pth
2024-01-30 14:28:39: *******Train Epoch 22: averaged Loss : 7.153343
2024-01-30 14:28:39: *******Val Epoch 22: averaged Loss : 7.763947
2024-01-30 14:28:41: *******Train Epoch 23: averaged Loss : 7.143740
2024-01-30 14:28:41: *******Val Epoch 23: averaged Loss : 7.549760
2024-01-30 14:28:41: **************Current best model saved to D:\omer\ST-SSL\experiments\Careem_linear\20240130-142805\best_model.pth
2024-01-30 14:28:42: *******Train Epoch 24: averaged Loss : 7.178085
2024-01-30 14:28:42: *******Val Epoch 24: averaged Loss : 7.725819
2024-01-30 14:28:44: *******Train Epoch 25: averaged Loss : 7.087711
2024-01-30 14:28:44: *******Val Epoch 25: averaged Loss : 7.529326
2024-01-30 14:28:44: **************Current best model saved to D:\omer\ST-SSL\experiments\Careem_linear\20240130-142805\best_model.pth
2024-01-30 14:28:45: *******Train Epoch 26: averaged Loss : 7.077790
2024-01-30 14:28:45: *******Val Epoch 26: averaged Loss : 7.547799
2024-01-30 14:28:46: *******Train Epoch 27: averaged Loss : 7.041356
2024-01-30 14:28:47: *******Val Epoch 27: averaged Loss : 7.562470
2024-01-30 14:28:48: *******Train Epoch 28: averaged Loss : 7.016802
2024-01-30 14:28:48: *******Val Epoch 28: averaged Loss : 7.439070
2024-01-30 14:28:48: **************Current best model saved to D:\omer\ST-SSL\experiments\Careem_linear\20240130-142805\best_model.pth
2024-01-30 14:28:49: *******Train Epoch 29: averaged Loss : 6.995061
2024-01-30 14:28:49: *******Val Epoch 29: averaged Loss : 7.618443
2024-01-30 14:28:51: *******Train Epoch 30: averaged Loss : 6.971026
2024-01-30 14:28:51: *******Val Epoch 30: averaged Loss : 7.465312
2024-01-30 14:28:52: *******Train Epoch 31: averaged Loss : 6.942251
2024-01-30 14:28:52: *******Val Epoch 31: averaged Loss : 7.203313
2024-01-30 14:28:52: **************Current best model saved to D:\omer\ST-SSL\experiments\Careem_linear\20240130-142805\best_model.pth
2024-01-30 14:28:54: *******Train Epoch 32: averaged Loss : 6.935617
2024-01-30 14:28:54: *******Val Epoch 32: averaged Loss : 7.360782
2024-01-30 14:28:55: *******Train Epoch 33: averaged Loss : 6.891265
2024-01-30 14:28:55: *******Val Epoch 33: averaged Loss : 7.272360
2024-01-30 14:28:56: *******Train Epoch 34: averaged Loss : 6.822382
2024-01-30 14:28:56: *******Val Epoch 34: averaged Loss : 7.467753
2024-01-30 14:28:58: *******Train Epoch 35: averaged Loss : 6.828956
2024-01-30 14:28:58: *******Val Epoch 35: averaged Loss : 7.312722
2024-01-30 14:28:59: *******Train Epoch 36: averaged Loss : 6.891951
2024-01-30 14:28:59: *******Val Epoch 36: averaged Loss : 7.539472
2024-01-30 14:29:01: *******Train Epoch 37: averaged Loss : 6.833489
2024-01-30 14:29:01: *******Val Epoch 37: averaged Loss : 7.435831
2024-01-30 14:29:02: *******Train Epoch 38: averaged Loss : 6.779204
2024-01-30 14:29:02: *******Val Epoch 38: averaged Loss : 7.324236
2024-01-30 14:29:04: *******Train Epoch 39: averaged Loss : 6.850444
2024-01-30 14:29:04: *******Val Epoch 39: averaged Loss : 7.342109
2024-01-30 14:29:05: *******Train Epoch 40: averaged Loss : 6.772021
2024-01-30 14:29:05: *******Val Epoch 40: averaged Loss : 7.388958
2024-01-30 14:29:06: *******Train Epoch 41: averaged Loss : 6.783840
2024-01-30 14:29:06: *******Val Epoch 41: averaged Loss : 7.209951
2024-01-30 14:29:08: *******Train Epoch 42: averaged Loss : 6.872217
2024-01-30 14:29:08: *******Val Epoch 42: averaged Loss : 7.335589
2024-01-30 14:29:09: *******Train Epoch 43: averaged Loss : 6.811696
2024-01-30 14:29:09: *******Val Epoch 43: averaged Loss : 7.263527
2024-01-30 14:29:11: *******Train Epoch 44: averaged Loss : 6.699474
2024-01-30 14:29:11: *******Val Epoch 44: averaged Loss : 7.247024
2024-01-30 14:29:12: *******Train Epoch 45: averaged Loss : 6.739299
2024-01-30 14:29:12: *******Val Epoch 45: averaged Loss : 7.343315
2024-01-30 14:29:14: *******Train Epoch 46: averaged Loss : 6.732903
2024-01-30 14:29:14: *******Val Epoch 46: averaged Loss : 7.136642
2024-01-30 14:29:14: **************Current best model saved to D:\omer\ST-SSL\experiments\Careem_linear\20240130-142805\best_model.pth
2024-01-30 14:29:15: *******Train Epoch 47: averaged Loss : 6.693872
2024-01-30 14:29:15: *******Val Epoch 47: averaged Loss : 7.397849
2024-01-30 14:29:16: *******Train Epoch 48: averaged Loss : 6.731149
2024-01-30 14:29:17: *******Val Epoch 48: averaged Loss : 7.347736
2024-01-30 14:29:18: *******Train Epoch 49: averaged Loss : 6.706574
2024-01-30 14:29:18: *******Val Epoch 49: averaged Loss : 7.289676
2024-01-30 14:29:19: *******Train Epoch 50: averaged Loss : 6.684524
2024-01-30 14:29:19: *******Val Epoch 50: averaged Loss : 7.425219
2024-01-30 14:29:21: *******Train Epoch 51: averaged Loss : 6.652215
2024-01-30 14:29:21: *******Val Epoch 51: averaged Loss : 7.292105
2024-01-30 14:29:22: *******Train Epoch 52: averaged Loss : 6.700645
2024-01-30 14:29:22: *******Val Epoch 52: averaged Loss : 7.244330
2024-01-30 14:29:24: *******Train Epoch 53: averaged Loss : 6.659137
2024-01-30 14:29:24: *******Val Epoch 53: averaged Loss : 7.176696
2024-01-30 14:29:25: *******Train Epoch 54: averaged Loss : 6.686363
2024-01-30 14:29:25: *******Val Epoch 54: averaged Loss : 7.165926
2024-01-30 14:29:26: *******Train Epoch 55: averaged Loss : 6.628573
2024-01-30 14:29:26: *******Val Epoch 55: averaged Loss : 7.194290
2024-01-30 14:29:28: *******Train Epoch 56: averaged Loss : 6.604936
2024-01-30 14:29:28: *******Val Epoch 56: averaged Loss : 7.344770
2024-01-30 14:29:29: *******Train Epoch 57: averaged Loss : 6.675448
2024-01-30 14:29:29: *******Val Epoch 57: averaged Loss : 7.358732
2024-01-30 14:29:31: *******Train Epoch 58: averaged Loss : 6.627270
2024-01-30 14:29:31: *******Val Epoch 58: averaged Loss : 7.204535
2024-01-30 14:29:32: *******Train Epoch 59: averaged Loss : 6.583301
2024-01-30 14:29:32: *******Val Epoch 59: averaged Loss : 7.290940
2024-01-30 14:29:33: *******Train Epoch 60: averaged Loss : 6.626530
2024-01-30 14:29:34: *******Val Epoch 60: averaged Loss : 7.157351
2024-01-30 14:29:35: *******Train Epoch 61: averaged Loss : 6.617704
2024-01-30 14:29:35: *******Val Epoch 61: averaged Loss : 7.255589
2024-01-30 14:29:36: *******Train Epoch 62: averaged Loss : 6.605764
2024-01-30 14:29:36: *******Val Epoch 62: averaged Loss : 7.182749
2024-01-30 14:29:38: *******Train Epoch 63: averaged Loss : 6.632324
2024-01-30 14:29:38: *******Val Epoch 63: averaged Loss : 7.168099
2024-01-30 14:29:39: *******Train Epoch 64: averaged Loss : 6.575431
2024-01-30 14:29:39: *******Val Epoch 64: averaged Loss : 7.109406
2024-01-30 14:29:39: **************Current best model saved to D:\omer\ST-SSL\experiments\Careem_linear\20240130-142805\best_model.pth
2024-01-30 14:29:41: *******Train Epoch 65: averaged Loss : 6.613146
2024-01-30 14:29:41: *******Val Epoch 65: averaged Loss : 7.241933
2024-01-30 14:29:42: *******Train Epoch 66: averaged Loss : 6.579889
2024-01-30 14:29:42: *******Val Epoch 66: averaged Loss : 7.272933
2024-01-30 14:29:43: *******Train Epoch 67: averaged Loss : 6.617054
2024-01-30 14:29:43: *******Val Epoch 67: averaged Loss : 7.055447
2024-01-30 14:29:43: **************Current best model saved to D:\omer\ST-SSL\experiments\Careem_linear\20240130-142805\best_model.pth
2024-01-30 14:29:45: *******Train Epoch 68: averaged Loss : 6.566569
2024-01-30 14:29:45: *******Val Epoch 68: averaged Loss : 7.363448
2024-01-30 14:29:46: *******Train Epoch 69: averaged Loss : 6.584059
2024-01-30 14:29:46: *******Val Epoch 69: averaged Loss : 7.071792
2024-01-30 14:29:48: *******Train Epoch 70: averaged Loss : 6.532575
2024-01-30 14:29:48: *******Val Epoch 70: averaged Loss : 7.205697
2024-01-30 14:29:49: *******Train Epoch 71: averaged Loss : 6.559635
2024-01-30 14:29:49: *******Val Epoch 71: averaged Loss : 7.403839
2024-01-30 14:29:51: *******Train Epoch 72: averaged Loss : 6.507894
2024-01-30 14:29:51: *******Val Epoch 72: averaged Loss : 7.178319
2024-01-30 14:29:52: *******Train Epoch 73: averaged Loss : 6.524396
2024-01-30 14:29:52: *******Val Epoch 73: averaged Loss : 7.133044
2024-01-30 14:29:53: *******Train Epoch 74: averaged Loss : 6.532088
2024-01-30 14:29:53: *******Val Epoch 74: averaged Loss : 7.289750
2024-01-30 14:29:55: *******Train Epoch 75: averaged Loss : 6.565956
2024-01-30 14:29:55: *******Val Epoch 75: averaged Loss : 7.314238
2024-01-30 14:29:56: *******Train Epoch 76: averaged Loss : 6.504107
2024-01-30 14:29:56: *******Val Epoch 76: averaged Loss : 7.132788
2024-01-30 14:29:58: *******Train Epoch 77: averaged Loss : 6.506426
2024-01-30 14:29:58: *******Val Epoch 77: averaged Loss : 7.188838
2024-01-30 14:29:59: *******Train Epoch 78: averaged Loss : 6.477457
2024-01-30 14:29:59: *******Val Epoch 78: averaged Loss : 7.049157
2024-01-30 14:29:59: **************Current best model saved to D:\omer\ST-SSL\experiments\Careem_linear\20240130-142805\best_model.pth
2024-01-30 14:30:01: *******Train Epoch 79: averaged Loss : 6.451237
2024-01-30 14:30:01: *******Val Epoch 79: averaged Loss : 7.254263
2024-01-30 14:30:02: *******Train Epoch 80: averaged Loss : 6.528077
2024-01-30 14:30:02: *******Val Epoch 80: averaged Loss : 7.202215
2024-01-30 14:30:04: *******Train Epoch 81: averaged Loss : 6.530013
2024-01-30 14:30:04: *******Val Epoch 81: averaged Loss : 7.356808
2024-01-30 14:30:05: *******Train Epoch 82: averaged Loss : 6.470676
2024-01-30 14:30:05: *******Val Epoch 82: averaged Loss : 7.265656
2024-01-30 14:30:07: *******Train Epoch 83: averaged Loss : 6.451130
2024-01-30 14:30:07: *******Val Epoch 83: averaged Loss : 7.128607
2024-01-30 14:30:08: *******Train Epoch 84: averaged Loss : 6.494382
2024-01-30 14:30:08: *******Val Epoch 84: averaged Loss : 7.277468
2024-01-30 14:30:10: *******Train Epoch 85: averaged Loss : 6.440024
2024-01-30 14:30:10: *******Val Epoch 85: averaged Loss : 7.086963
2024-01-30 14:30:11: *******Train Epoch 86: averaged Loss : 6.442603
2024-01-30 14:30:11: *******Val Epoch 86: averaged Loss : 7.214884
2024-01-30 14:30:12: *******Train Epoch 87: averaged Loss : 6.401791
2024-01-30 14:30:13: *******Val Epoch 87: averaged Loss : 7.219191
2024-01-30 14:30:14: *******Train Epoch 88: averaged Loss : 6.454607
2024-01-30 14:30:14: *******Val Epoch 88: averaged Loss : 7.097909
2024-01-30 14:30:15: *******Train Epoch 89: averaged Loss : 6.409692
2024-01-30 14:30:15: *******Val Epoch 89: averaged Loss : 7.224403
2024-01-30 14:30:17: *******Train Epoch 90: averaged Loss : 6.412718
2024-01-30 14:30:17: *******Val Epoch 90: averaged Loss : 7.169727
2024-01-30 14:30:18: *******Train Epoch 91: averaged Loss : 6.438117
2024-01-30 14:30:18: *******Val Epoch 91: averaged Loss : 7.083812
2024-01-30 14:30:20: *******Train Epoch 92: averaged Loss : 6.431109
2024-01-30 14:30:20: *******Val Epoch 92: averaged Loss : 7.080137
2024-01-30 14:30:21: *******Train Epoch 93: averaged Loss : 6.376379
2024-01-30 14:30:21: *******Val Epoch 93: averaged Loss : 7.338911
2024-01-30 14:30:23: *******Train Epoch 94: averaged Loss : 6.463222
2024-01-30 14:30:23: *******Val Epoch 94: averaged Loss : 7.129383
2024-01-30 14:30:24: *******Train Epoch 95: averaged Loss : 6.419843
2024-01-30 14:30:24: *******Val Epoch 95: averaged Loss : 7.178865
2024-01-30 14:30:26: *******Train Epoch 96: averaged Loss : 6.371184
2024-01-30 14:30:26: *******Val Epoch 96: averaged Loss : 7.210707
2024-01-30 14:30:27: *******Train Epoch 97: averaged Loss : 6.428834
2024-01-30 14:30:27: *******Val Epoch 97: averaged Loss : 7.244574
2024-01-30 14:30:28: *******Train Epoch 98: averaged Loss : 6.373640
2024-01-30 14:30:28: *******Val Epoch 98: averaged Loss : 7.268197
2024-01-30 14:30:30: *******Train Epoch 99: averaged Loss : 6.391234
2024-01-30 14:30:30: *******Val Epoch 99: averaged Loss : 7.142092
2024-01-30 14:30:31: *******Train Epoch 100: averaged Loss : 6.376348
2024-01-30 14:30:31: *******Val Epoch 100: averaged Loss : 7.284996
2024-01-30 14:30:32: *******Train Epoch 101: averaged Loss : 6.370320
2024-01-30 14:30:33: *******Val Epoch 101: averaged Loss : 7.167544
2024-01-30 14:30:34: *******Train Epoch 102: averaged Loss : 6.343150
2024-01-30 14:30:34: *******Val Epoch 102: averaged Loss : 7.339586
2024-01-30 14:30:35: *******Train Epoch 103: averaged Loss : 6.350995
2024-01-30 14:30:35: *******Val Epoch 103: averaged Loss : 7.187826
2024-01-30 14:30:37: *******Train Epoch 104: averaged Loss : 6.395604
2024-01-30 14:30:37: *******Val Epoch 104: averaged Loss : 7.328780
2024-01-30 14:30:38: *******Train Epoch 105: averaged Loss : 6.355238
2024-01-30 14:30:38: *******Val Epoch 105: averaged Loss : 7.033983
2024-01-30 14:30:38: **************Current best model saved to D:\omer\ST-SSL\experiments\Careem_linear\20240130-142805\best_model.pth
2024-01-30 14:30:39: *******Train Epoch 106: averaged Loss : 6.282633
2024-01-30 14:30:39: *******Val Epoch 106: averaged Loss : 7.076886
2024-01-30 14:30:41: *******Train Epoch 107: averaged Loss : 6.384716
2024-01-30 14:30:41: *******Val Epoch 107: averaged Loss : 7.121876
2024-01-30 14:30:42: *******Train Epoch 108: averaged Loss : 6.299530
2024-01-30 14:30:42: *******Val Epoch 108: averaged Loss : 7.164799
2024-01-30 14:30:43: *******Train Epoch 109: averaged Loss : 6.341647
2024-01-30 14:30:43: *******Val Epoch 109: averaged Loss : 7.189304
2024-01-30 14:30:45: *******Train Epoch 110: averaged Loss : 6.339728
2024-01-30 14:30:45: *******Val Epoch 110: averaged Loss : 7.227743
2024-01-30 14:30:46: *******Train Epoch 111: averaged Loss : 6.297227
2024-01-30 14:30:46: *******Val Epoch 111: averaged Loss : 7.269029
2024-01-30 14:30:48: *******Train Epoch 112: averaged Loss : 6.293006
2024-01-30 14:30:48: *******Val Epoch 112: averaged Loss : 7.296331
2024-01-30 14:30:49: *******Train Epoch 113: averaged Loss : 6.395192
2024-01-30 14:30:49: *******Val Epoch 113: averaged Loss : 7.121838
2024-01-30 14:30:50: *******Train Epoch 114: averaged Loss : 6.312811
2024-01-30 14:30:50: *******Val Epoch 114: averaged Loss : 7.274564
2024-01-30 14:30:52: *******Train Epoch 115: averaged Loss : 6.291372
2024-01-30 14:30:52: *******Val Epoch 115: averaged Loss : 7.147006
2024-01-30 14:30:53: *******Train Epoch 116: averaged Loss : 6.274308
2024-01-30 14:30:53: *******Val Epoch 116: averaged Loss : 7.130531
2024-01-30 14:30:54: *******Train Epoch 117: averaged Loss : 6.276450
2024-01-30 14:30:54: *******Val Epoch 117: averaged Loss : 7.156463
2024-01-30 14:30:56: *******Train Epoch 118: averaged Loss : 6.292916
2024-01-30 14:30:56: *******Val Epoch 118: averaged Loss : 7.267904
2024-01-30 14:30:57: *******Train Epoch 119: averaged Loss : 6.291964
2024-01-30 14:30:57: *******Val Epoch 119: averaged Loss : 7.261343
2024-01-30 14:30:59: *******Train Epoch 120: averaged Loss : 6.301123
2024-01-30 14:30:59: *******Val Epoch 120: averaged Loss : 7.137437
2024-01-30 14:31:00: *******Train Epoch 121: averaged Loss : 6.245940
2024-01-30 14:31:00: *******Val Epoch 121: averaged Loss : 7.271905
2024-01-30 14:31:01: *******Train Epoch 122: averaged Loss : 6.260915
2024-01-30 14:31:01: *******Val Epoch 122: averaged Loss : 7.213147
2024-01-30 14:31:03: *******Train Epoch 123: averaged Loss : 6.237426
2024-01-30 14:31:03: *******Val Epoch 123: averaged Loss : 7.198019
2024-01-30 14:31:04: *******Train Epoch 124: averaged Loss : 6.305031
2024-01-30 14:31:04: *******Val Epoch 124: averaged Loss : 7.237315
2024-01-30 14:31:05: *******Train Epoch 125: averaged Loss : 6.313973
2024-01-30 14:31:06: *******Val Epoch 125: averaged Loss : 7.288318
2024-01-30 14:31:07: *******Train Epoch 126: averaged Loss : 6.203782
2024-01-30 14:31:07: *******Val Epoch 126: averaged Loss : 7.292746
2024-01-30 14:31:08: *******Train Epoch 127: averaged Loss : 6.237084
2024-01-30 14:31:08: *******Val Epoch 127: averaged Loss : 7.298660
2024-01-30 14:31:10: *******Train Epoch 128: averaged Loss : 6.233852
2024-01-30 14:31:10: *******Val Epoch 128: averaged Loss : 7.072537
2024-01-30 14:31:11: *******Train Epoch 129: averaged Loss : 6.222869
2024-01-30 14:31:11: *******Val Epoch 129: averaged Loss : 7.201493
2024-01-30 14:31:12: *******Train Epoch 130: averaged Loss : 6.188185
2024-01-30 14:31:12: *******Val Epoch 130: averaged Loss : 7.154863
2024-01-30 14:31:14: *******Train Epoch 131: averaged Loss : 6.241281
2024-01-30 14:31:14: *******Val Epoch 131: averaged Loss : 7.256909
2024-01-30 14:31:15: *******Train Epoch 132: averaged Loss : 6.182005
2024-01-30 14:31:15: *******Val Epoch 132: averaged Loss : 7.171627
2024-01-30 14:31:17: *******Train Epoch 133: averaged Loss : 6.176517
2024-01-30 14:31:17: *******Val Epoch 133: averaged Loss : 7.184958
2024-01-30 14:31:18: *******Train Epoch 134: averaged Loss : 6.235223
2024-01-30 14:31:18: *******Val Epoch 134: averaged Loss : 7.257160
2024-01-30 14:31:19: *******Train Epoch 135: averaged Loss : 6.136397
2024-01-30 14:31:19: *******Val Epoch 135: averaged Loss : 7.145535
2024-01-30 14:31:21: *******Train Epoch 136: averaged Loss : 6.227251
2024-01-30 14:31:21: *******Val Epoch 136: averaged Loss : 7.217503
2024-01-30 14:31:22: *******Train Epoch 137: averaged Loss : 6.179087
2024-01-30 14:31:22: *******Val Epoch 137: averaged Loss : 7.182936
2024-01-30 14:31:23: *******Train Epoch 138: averaged Loss : 6.160236
2024-01-30 14:31:23: *******Val Epoch 138: averaged Loss : 7.193918
2024-01-30 14:31:25: *******Train Epoch 139: averaged Loss : 6.170605
2024-01-30 14:31:25: *******Val Epoch 139: averaged Loss : 7.337103
2024-01-30 14:31:26: *******Train Epoch 140: averaged Loss : 6.105000
2024-01-30 14:31:26: *******Val Epoch 140: averaged Loss : 7.214053
2024-01-30 14:31:28: *******Train Epoch 141: averaged Loss : 6.152561
2024-01-30 14:31:28: *******Val Epoch 141: averaged Loss : 7.198433
2024-01-30 14:31:29: *******Train Epoch 142: averaged Loss : 6.104661
2024-01-30 14:31:29: *******Val Epoch 142: averaged Loss : 7.260847
2024-01-30 14:31:30: *******Train Epoch 143: averaged Loss : 6.129387
2024-01-30 14:31:30: *******Val Epoch 143: averaged Loss : 7.111513
2024-01-30 14:31:32: *******Train Epoch 144: averaged Loss : 6.121267
2024-01-30 14:31:32: *******Val Epoch 144: averaged Loss : 7.114366
2024-01-30 14:31:33: *******Train Epoch 145: averaged Loss : 6.111012
2024-01-30 14:31:33: *******Val Epoch 145: averaged Loss : 7.127090
2024-01-30 14:31:34: *******Train Epoch 146: averaged Loss : 6.128633
2024-01-30 14:31:35: *******Val Epoch 146: averaged Loss : 7.382529
2024-01-30 14:31:36: *******Train Epoch 147: averaged Loss : 6.147040
2024-01-30 14:31:36: *******Val Epoch 147: averaged Loss : 7.158078
2024-01-30 14:31:37: *******Train Epoch 148: averaged Loss : 6.103757
2024-01-30 14:31:37: *******Val Epoch 148: averaged Loss : 7.156408
2024-01-30 14:31:39: *******Train Epoch 149: averaged Loss : 6.122467
2024-01-30 14:31:39: *******Val Epoch 149: averaged Loss : 7.230597
2024-01-30 14:31:40: *******Train Epoch 150: averaged Loss : 6.163632
2024-01-30 14:31:40: *******Val Epoch 150: averaged Loss : 7.098592
2024-01-30 14:31:41: *******Train Epoch 151: averaged Loss : 6.066972
2024-01-30 14:31:41: *******Val Epoch 151: averaged Loss : 7.145682
2024-01-30 14:31:43: *******Train Epoch 152: averaged Loss : 6.084006
2024-01-30 14:31:43: *******Val Epoch 152: averaged Loss : 7.159547
2024-01-30 14:31:44: *******Train Epoch 153: averaged Loss : 6.114210
2024-01-30 14:31:44: *******Val Epoch 153: averaged Loss : 7.224019
2024-01-30 14:31:46: *******Train Epoch 154: averaged Loss : 6.086825
2024-01-30 14:31:46: *******Val Epoch 154: averaged Loss : 7.269939
2024-01-30 14:31:47: *******Train Epoch 155: averaged Loss : 6.078323
2024-01-30 14:31:47: *******Val Epoch 155: averaged Loss : 7.212761
2024-01-30 14:31:48: *******Train Epoch 156: averaged Loss : 6.045369
2024-01-30 14:31:48: *******Val Epoch 156: averaged Loss : 7.168399
2024-01-30 14:31:50: *******Train Epoch 157: averaged Loss : 6.084729
2024-01-30 14:31:50: *******Val Epoch 157: averaged Loss : 7.253154
2024-01-30 14:31:51: *******Train Epoch 158: averaged Loss : 6.056647
2024-01-30 14:31:51: *******Val Epoch 158: averaged Loss : 7.461729
2024-01-30 14:31:52: *******Train Epoch 159: averaged Loss : 6.029740
2024-01-30 14:31:52: *******Val Epoch 159: averaged Loss : 7.227284
2024-01-30 14:31:54: *******Train Epoch 160: averaged Loss : 6.069837
2024-01-30 14:31:54: *******Val Epoch 160: averaged Loss : 7.212151
2024-01-30 14:31:55: *******Train Epoch 161: averaged Loss : 6.046529
2024-01-30 14:31:55: *******Val Epoch 161: averaged Loss : 7.152554
2024-01-30 14:31:57: *******Train Epoch 162: averaged Loss : 6.058231
2024-01-30 14:31:57: *******Val Epoch 162: averaged Loss : 7.149202
2024-01-30 14:31:58: *******Train Epoch 163: averaged Loss : 6.096097
2024-01-30 14:31:58: *******Val Epoch 163: averaged Loss : 7.206763
2024-01-30 14:32:00: *******Train Epoch 164: averaged Loss : 5.998593
2024-01-30 14:32:00: *******Val Epoch 164: averaged Loss : 7.218462
2024-01-30 14:32:01: *******Train Epoch 165: averaged Loss : 6.030233
2024-01-30 14:32:01: *******Val Epoch 165: averaged Loss : 7.123596
2024-01-30 14:32:02: *******Train Epoch 166: averaged Loss : 6.024682
2024-01-30 14:32:03: *******Val Epoch 166: averaged Loss : 7.398105
2024-01-30 14:32:04: *******Train Epoch 167: averaged Loss : 5.993649
2024-01-30 14:32:04: *******Val Epoch 167: averaged Loss : 7.187951
2024-01-30 14:32:05: *******Train Epoch 168: averaged Loss : 6.016610
2024-01-30 14:32:06: *******Val Epoch 168: averaged Loss : 7.311744
2024-01-30 14:32:07: *******Train Epoch 169: averaged Loss : 6.054406
2024-01-30 14:32:07: *******Val Epoch 169: averaged Loss : 7.333197
2024-01-30 14:32:09: *******Train Epoch 170: averaged Loss : 5.998494
2024-01-30 14:32:09: *******Val Epoch 170: averaged Loss : 7.077083
2024-01-30 14:32:10: *******Train Epoch 171: averaged Loss : 6.013143
2024-01-30 14:32:10: *******Val Epoch 171: averaged Loss : 7.214399
2024-01-30 14:32:11: *******Train Epoch 172: averaged Loss : 6.016623
2024-01-30 14:32:12: *******Val Epoch 172: averaged Loss : 7.252923
2024-01-30 14:32:13: *******Train Epoch 173: averaged Loss : 6.035790
2024-01-30 14:32:13: *******Val Epoch 173: averaged Loss : 7.060532
2024-01-30 14:32:14: *******Train Epoch 174: averaged Loss : 5.999049
2024-01-30 14:32:14: *******Val Epoch 174: averaged Loss : 7.106596
2024-01-30 14:32:16: *******Train Epoch 175: averaged Loss : 5.956937
2024-01-30 14:32:16: *******Val Epoch 175: averaged Loss : 7.265542
2024-01-30 14:32:17: *******Train Epoch 176: averaged Loss : 6.005849
2024-01-30 14:32:17: *******Val Epoch 176: averaged Loss : 7.207495
2024-01-30 14:32:19: *******Train Epoch 177: averaged Loss : 5.970223
2024-01-30 14:32:19: *******Val Epoch 177: averaged Loss : 7.128937
2024-01-30 14:32:20: *******Train Epoch 178: averaged Loss : 6.004547
2024-01-30 14:32:20: *******Val Epoch 178: averaged Loss : 7.268310
2024-01-30 14:32:22: *******Train Epoch 179: averaged Loss : 5.937243
2024-01-30 14:32:22: *******Val Epoch 179: averaged Loss : 7.080334
2024-01-30 14:32:23: *******Train Epoch 180: averaged Loss : 6.032544
2024-01-30 14:32:23: *******Val Epoch 180: averaged Loss : 7.247898
2024-01-30 14:32:25: *******Train Epoch 181: averaged Loss : 5.951595
2024-01-30 14:32:25: *******Val Epoch 181: averaged Loss : 7.139080
2024-01-30 14:32:26: *******Train Epoch 182: averaged Loss : 5.973950
2024-01-30 14:32:26: *******Val Epoch 182: averaged Loss : 7.161453
2024-01-30 14:32:27: *******Train Epoch 183: averaged Loss : 5.957281
2024-01-30 14:32:27: *******Val Epoch 183: averaged Loss : 7.130676
2024-01-30 14:32:29: *******Train Epoch 184: averaged Loss : 5.950314
2024-01-30 14:32:29: *******Val Epoch 184: averaged Loss : 7.171136
2024-01-30 14:32:30: *******Train Epoch 185: averaged Loss : 5.963680
2024-01-30 14:32:30: *******Val Epoch 185: averaged Loss : 7.151040
2024-01-30 14:32:32: *******Train Epoch 186: averaged Loss : 5.946034
2024-01-30 14:32:32: *******Val Epoch 186: averaged Loss : 7.233013
2024-01-30 14:32:33: *******Train Epoch 187: averaged Loss : 5.938617
2024-01-30 14:32:33: *******Val Epoch 187: averaged Loss : 7.100386
2024-01-30 14:32:34: *******Train Epoch 188: averaged Loss : 5.944976
2024-01-30 14:32:34: *******Val Epoch 188: averaged Loss : 7.359965
2024-01-30 14:32:36: *******Train Epoch 189: averaged Loss : 5.928413
2024-01-30 14:32:36: *******Val Epoch 189: averaged Loss : 7.192645
2024-01-30 14:32:37: *******Train Epoch 190: averaged Loss : 5.896355
2024-01-30 14:32:37: *******Val Epoch 190: averaged Loss : 7.305486
2024-01-30 14:32:39: *******Train Epoch 191: averaged Loss : 5.950385
2024-01-30 14:32:39: *******Val Epoch 191: averaged Loss : 7.205208
2024-01-30 14:32:40: *******Train Epoch 192: averaged Loss : 5.889981
2024-01-30 14:32:40: *******Val Epoch 192: averaged Loss : 7.172762
2024-01-30 14:32:41: *******Train Epoch 193: averaged Loss : 5.945773
2024-01-30 14:32:41: *******Val Epoch 193: averaged Loss : 7.208992
2024-01-30 14:32:43: *******Train Epoch 194: averaged Loss : 5.874600
2024-01-30 14:32:43: *******Val Epoch 194: averaged Loss : 7.189369
2024-01-30 14:32:44: *******Train Epoch 195: averaged Loss : 5.948305
2024-01-30 14:32:44: *******Val Epoch 195: averaged Loss : 7.172116
2024-01-30 14:32:46: *******Train Epoch 196: averaged Loss : 5.913444
2024-01-30 14:32:46: *******Val Epoch 196: averaged Loss : 7.225363
2024-01-30 14:32:47: *******Train Epoch 197: averaged Loss : 5.907170
2024-01-30 14:32:47: *******Val Epoch 197: averaged Loss : 7.276486
2024-01-30 14:32:48: *******Train Epoch 198: averaged Loss : 5.891620
2024-01-30 14:32:48: *******Val Epoch 198: averaged Loss : 7.210652
2024-01-30 14:32:50: *******Train Epoch 199: averaged Loss : 5.917787
2024-01-30 14:32:50: *******Val Epoch 199: averaged Loss : 7.282360
2024-01-30 14:32:51: *******Train Epoch 200: averaged Loss : 5.885402
2024-01-30 14:32:51: *******Val Epoch 200: averaged Loss : 7.134023
2024-01-30 14:32:53: *******Train Epoch 201: averaged Loss : 5.898078
2024-01-30 14:32:53: *******Val Epoch 201: averaged Loss : 7.157674
2024-01-30 14:32:54: *******Train Epoch 202: averaged Loss : 5.870834
2024-01-30 14:32:54: *******Val Epoch 202: averaged Loss : 7.115242
2024-01-30 14:32:55: *******Train Epoch 203: averaged Loss : 5.920537
2024-01-30 14:32:56: *******Val Epoch 203: averaged Loss : 7.235539
2024-01-30 14:32:57: *******Train Epoch 204: averaged Loss : 5.840935
2024-01-30 14:32:57: *******Val Epoch 204: averaged Loss : 7.154181
2024-01-30 14:32:58: *******Train Epoch 205: averaged Loss : 5.896452
2024-01-30 14:32:58: *******Val Epoch 205: averaged Loss : 7.242799
2024-01-30 14:33:00: *******Train Epoch 206: averaged Loss : 5.831522
2024-01-30 14:33:00: *******Val Epoch 206: averaged Loss : 7.176549
2024-01-30 14:33:01: *******Train Epoch 207: averaged Loss : 5.889155
2024-01-30 14:33:01: *******Val Epoch 207: averaged Loss : 7.248917
2024-01-30 14:33:02: *******Train Epoch 208: averaged Loss : 5.902366
2024-01-30 14:33:03: *******Val Epoch 208: averaged Loss : 7.230261
2024-01-30 14:33:04: *******Train Epoch 209: averaged Loss : 5.836087
2024-01-30 14:33:04: *******Val Epoch 209: averaged Loss : 7.149282
2024-01-30 14:33:05: *******Train Epoch 210: averaged Loss : 5.889599
2024-01-30 14:33:05: *******Val Epoch 210: averaged Loss : 7.260701
2024-01-30 14:33:07: *******Train Epoch 211: averaged Loss : 5.842540
2024-01-30 14:33:07: *******Val Epoch 211: averaged Loss : 7.204139
2024-01-30 14:33:08: *******Train Epoch 212: averaged Loss : 5.851305
2024-01-30 14:33:08: *******Val Epoch 212: averaged Loss : 7.225944
2024-01-30 14:33:09: *******Train Epoch 213: averaged Loss : 5.838151
2024-01-30 14:33:09: *******Val Epoch 213: averaged Loss : 7.216373
2024-01-30 14:33:11: *******Train Epoch 214: averaged Loss : 5.878171
2024-01-30 14:33:11: *******Val Epoch 214: averaged Loss : 7.201896
2024-01-30 14:33:12: *******Train Epoch 215: averaged Loss : 5.824649
2024-01-30 14:33:12: *******Val Epoch 215: averaged Loss : 7.234075
2024-01-30 14:33:14: *******Train Epoch 216: averaged Loss : 5.869988
2024-01-30 14:33:14: *******Val Epoch 216: averaged Loss : 7.212309
2024-01-30 14:33:15: *******Train Epoch 217: averaged Loss : 5.811889
2024-01-30 14:33:15: *******Val Epoch 217: averaged Loss : 7.147226
2024-01-30 14:33:16: *******Train Epoch 218: averaged Loss : 5.870315
2024-01-30 14:33:16: *******Val Epoch 218: averaged Loss : 7.236818
2024-01-30 14:33:18: *******Train Epoch 219: averaged Loss : 5.789355
2024-01-30 14:33:18: *******Val Epoch 219: averaged Loss : 7.237529
2024-01-30 14:33:19: *******Train Epoch 220: averaged Loss : 5.816097
2024-01-30 14:33:19: *******Val Epoch 220: averaged Loss : 7.170568
2024-01-30 14:33:21: *******Train Epoch 221: averaged Loss : 5.835454
2024-01-30 14:33:21: *******Val Epoch 221: averaged Loss : 7.268115
2024-01-30 14:33:22: *******Train Epoch 222: averaged Loss : 5.816100
2024-01-30 14:33:22: *******Val Epoch 222: averaged Loss : 7.171659
2024-01-30 14:33:23: *******Train Epoch 223: averaged Loss : 5.828930
2024-01-30 14:33:23: *******Val Epoch 223: averaged Loss : 7.253015
2024-01-30 14:33:25: *******Train Epoch 224: averaged Loss : 5.783018
2024-01-30 14:33:25: *******Val Epoch 224: averaged Loss : 7.219362
2024-01-30 14:33:26: *******Train Epoch 225: averaged Loss : 5.827289
2024-01-30 14:33:26: *******Val Epoch 225: averaged Loss : 7.268935
2024-01-30 14:33:28: *******Train Epoch 226: averaged Loss : 5.766811
2024-01-30 14:33:28: *******Val Epoch 226: averaged Loss : 7.150313
2024-01-30 14:33:29: *******Train Epoch 227: averaged Loss : 5.796473
2024-01-30 14:33:29: *******Val Epoch 227: averaged Loss : 7.247083
2024-01-30 14:33:30: *******Train Epoch 228: averaged Loss : 5.831219
2024-01-30 14:33:30: *******Val Epoch 228: averaged Loss : 7.179228
2024-01-30 14:33:32: *******Train Epoch 229: averaged Loss : 5.779634
2024-01-30 14:33:32: *******Val Epoch 229: averaged Loss : 7.174915
2024-01-30 14:33:33: *******Train Epoch 230: averaged Loss : 5.837120
2024-01-30 14:33:33: *******Val Epoch 230: averaged Loss : 7.121816
2024-01-30 14:33:35: *******Train Epoch 231: averaged Loss : 5.752632
2024-01-30 14:33:35: *******Val Epoch 231: averaged Loss : 7.178174
2024-01-30 14:33:36: *******Train Epoch 232: averaged Loss : 5.797648
2024-01-30 14:33:36: *******Val Epoch 232: averaged Loss : 7.124016
2024-01-30 14:33:37: *******Train Epoch 233: averaged Loss : 5.798055
2024-01-30 14:33:37: *******Val Epoch 233: averaged Loss : 7.268232
2024-01-30 14:33:39: *******Train Epoch 234: averaged Loss : 5.796950
2024-01-30 14:33:39: *******Val Epoch 234: averaged Loss : 7.102007
2024-01-30 14:33:40: *******Train Epoch 235: averaged Loss : 5.768197
2024-01-30 14:33:40: *******Val Epoch 235: averaged Loss : 7.131447
2024-01-30 14:33:41: *******Train Epoch 236: averaged Loss : 5.807208
2024-01-30 14:33:42: *******Val Epoch 236: averaged Loss : 7.112237
2024-01-30 14:33:43: *******Train Epoch 237: averaged Loss : 5.788062
2024-01-30 14:33:43: *******Val Epoch 237: averaged Loss : 7.196013
2024-01-30 14:33:44: *******Train Epoch 238: averaged Loss : 5.777959
2024-01-30 14:33:44: *******Val Epoch 238: averaged Loss : 7.144616
2024-01-30 14:33:46: *******Train Epoch 239: averaged Loss : 5.751024
2024-01-30 14:33:46: *******Val Epoch 239: averaged Loss : 7.113900
2024-01-30 14:33:47: *******Train Epoch 240: averaged Loss : 5.792537
2024-01-30 14:33:47: *******Val Epoch 240: averaged Loss : 7.412560
2024-01-30 14:33:48: *******Train Epoch 241: averaged Loss : 5.789682
2024-01-30 14:33:49: *******Val Epoch 241: averaged Loss : 7.167897
2024-01-30 14:33:50: *******Train Epoch 242: averaged Loss : 5.744060
2024-01-30 14:33:50: *******Val Epoch 242: averaged Loss : 7.176578
2024-01-30 14:33:51: *******Train Epoch 243: averaged Loss : 5.750403
2024-01-30 14:33:51: *******Val Epoch 243: averaged Loss : 7.384888
2024-01-30 14:33:53: *******Train Epoch 244: averaged Loss : 5.773014
2024-01-30 14:33:53: *******Val Epoch 244: averaged Loss : 7.218754
2024-01-30 14:33:54: *******Train Epoch 245: averaged Loss : 5.718204
2024-01-30 14:33:54: *******Val Epoch 245: averaged Loss : 7.214816
2024-01-30 14:33:56: *******Train Epoch 246: averaged Loss : 5.748411
2024-01-30 14:33:56: *******Val Epoch 246: averaged Loss : 7.179204
2024-01-30 14:33:57: *******Train Epoch 247: averaged Loss : 5.767870
2024-01-30 14:33:57: *******Val Epoch 247: averaged Loss : 7.491456
2024-01-30 14:33:58: *******Train Epoch 248: averaged Loss : 5.745592
2024-01-30 14:33:59: *******Val Epoch 248: averaged Loss : 7.298734
2024-01-30 14:34:00: *******Train Epoch 249: averaged Loss : 5.741842
2024-01-30 14:34:00: *******Val Epoch 249: averaged Loss : 7.246482
2024-01-30 14:34:01: *******Train Epoch 250: averaged Loss : 5.770477
2024-01-30 14:34:01: *******Val Epoch 250: averaged Loss : 7.327032
2024-01-30 14:34:03: *******Train Epoch 251: averaged Loss : 5.730105
2024-01-30 14:34:03: *******Val Epoch 251: averaged Loss : 7.174631
2024-01-30 14:34:04: *******Train Epoch 252: averaged Loss : 5.770458
2024-01-30 14:34:04: *******Val Epoch 252: averaged Loss : 7.198946
2024-01-30 14:34:05: *******Train Epoch 253: averaged Loss : 5.726529
2024-01-30 14:34:06: *******Val Epoch 253: averaged Loss : 7.264791
2024-01-30 14:34:07: *******Train Epoch 254: averaged Loss : 5.710948
2024-01-30 14:34:07: *******Val Epoch 254: averaged Loss : 7.301416
2024-01-30 14:34:08: *******Train Epoch 255: averaged Loss : 5.734832
2024-01-30 14:34:08: *******Val Epoch 255: averaged Loss : 7.195806
2024-01-30 14:34:10: *******Train Epoch 256: averaged Loss : 5.719906
2024-01-30 14:34:10: *******Val Epoch 256: averaged Loss : 7.063771
2024-01-30 14:34:11: *******Train Epoch 257: averaged Loss : 5.725286
2024-01-30 14:34:11: *******Val Epoch 257: averaged Loss : 7.187964
2024-01-30 14:34:12: *******Train Epoch 258: averaged Loss : 5.742589
2024-01-30 14:34:13: *******Val Epoch 258: averaged Loss : 7.246002
2024-01-30 14:34:14: *******Train Epoch 259: averaged Loss : 5.685966
2024-01-30 14:34:14: *******Val Epoch 259: averaged Loss : 7.194862
2024-01-30 14:34:15: *******Train Epoch 260: averaged Loss : 5.715819
2024-01-30 14:34:15: *******Val Epoch 260: averaged Loss : 7.291561
2024-01-30 14:34:17: *******Train Epoch 261: averaged Loss : 5.740485
2024-01-30 14:34:17: *******Val Epoch 261: averaged Loss : 7.293644
2024-01-30 14:34:18: *******Train Epoch 262: averaged Loss : 5.717817
2024-01-30 14:34:18: *******Val Epoch 262: averaged Loss : 7.159787
2024-01-30 14:34:20: *******Train Epoch 263: averaged Loss : 5.729037
2024-01-30 14:34:20: *******Val Epoch 263: averaged Loss : 7.288920
2024-01-30 14:34:21: *******Train Epoch 264: averaged Loss : 5.690984
2024-01-30 14:34:21: *******Val Epoch 264: averaged Loss : 7.184005
2024-01-30 14:34:22: *******Train Epoch 265: averaged Loss : 5.677001
2024-01-30 14:34:22: *******Val Epoch 265: averaged Loss : 7.241287
2024-01-30 14:34:24: *******Train Epoch 266: averaged Loss : 5.733990
2024-01-30 14:34:24: *******Val Epoch 266: averaged Loss : 7.227166
2024-01-30 14:34:25: *******Train Epoch 267: averaged Loss : 5.691021
2024-01-30 14:34:25: *******Val Epoch 267: averaged Loss : 7.255831
2024-01-30 14:34:27: *******Train Epoch 268: averaged Loss : 5.704190
2024-01-30 14:34:27: *******Val Epoch 268: averaged Loss : 7.348418
2024-01-30 14:34:28: *******Train Epoch 269: averaged Loss : 5.699462
2024-01-30 14:34:28: *******Val Epoch 269: averaged Loss : 7.286606
2024-01-30 14:34:29: *******Train Epoch 270: averaged Loss : 5.668701
2024-01-30 14:34:29: *******Val Epoch 270: averaged Loss : 7.185709
2024-01-30 14:34:31: *******Train Epoch 271: averaged Loss : 5.705047
2024-01-30 14:34:31: *******Val Epoch 271: averaged Loss : 7.239566
2024-01-30 14:34:32: *******Train Epoch 272: averaged Loss : 5.700451
2024-01-30 14:34:32: *******Val Epoch 272: averaged Loss : 7.239836
2024-01-30 14:34:33: *******Train Epoch 273: averaged Loss : 5.679891
2024-01-30 14:34:34: *******Val Epoch 273: averaged Loss : 7.331607
2024-01-30 14:34:35: *******Train Epoch 274: averaged Loss : 5.721502
2024-01-30 14:34:35: *******Val Epoch 274: averaged Loss : 7.152803
2024-01-30 14:34:36: *******Train Epoch 275: averaged Loss : 5.658223
2024-01-30 14:34:36: *******Val Epoch 275: averaged Loss : 7.189303
2024-01-30 14:34:38: *******Train Epoch 276: averaged Loss : 5.667888
2024-01-30 14:34:38: *******Val Epoch 276: averaged Loss : 7.128764
2024-01-30 14:34:39: *******Train Epoch 277: averaged Loss : 5.693874
2024-01-30 14:34:39: *******Val Epoch 277: averaged Loss : 7.197284
2024-01-30 14:34:40: *******Train Epoch 278: averaged Loss : 5.675299
2024-01-30 14:34:41: *******Val Epoch 278: averaged Loss : 7.414466
2024-01-30 14:34:42: *******Train Epoch 279: averaged Loss : 5.663099
2024-01-30 14:34:42: *******Val Epoch 279: averaged Loss : 7.301820
2024-01-30 14:34:43: *******Train Epoch 280: averaged Loss : 5.691712
2024-01-30 14:34:43: *******Val Epoch 280: averaged Loss : 7.215136
2024-01-30 14:34:45: *******Train Epoch 281: averaged Loss : 5.679567
2024-01-30 14:34:45: *******Val Epoch 281: averaged Loss : 7.156887
2024-01-30 14:34:46: *******Train Epoch 282: averaged Loss : 5.651832
2024-01-30 14:34:46: *******Val Epoch 282: averaged Loss : 7.219323
2024-01-30 14:34:47: *******Train Epoch 283: averaged Loss : 5.671332
2024-01-30 14:34:48: *******Val Epoch 283: averaged Loss : 7.268510
2024-01-30 14:34:49: *******Train Epoch 284: averaged Loss : 5.666274
2024-01-30 14:34:49: *******Val Epoch 284: averaged Loss : 7.157506
2024-01-30 14:34:50: *******Train Epoch 285: averaged Loss : 5.627403
2024-01-30 14:34:50: *******Val Epoch 285: averaged Loss : 7.161115
2024-01-30 14:34:52: *******Train Epoch 286: averaged Loss : 5.662234
2024-01-30 14:34:52: *******Val Epoch 286: averaged Loss : 7.375855
2024-01-30 14:34:53: *******Train Epoch 287: averaged Loss : 5.623968
2024-01-30 14:34:53: *******Val Epoch 287: averaged Loss : 7.241544
2024-01-30 14:34:54: *******Train Epoch 288: averaged Loss : 5.684321
2024-01-30 14:34:54: *******Val Epoch 288: averaged Loss : 7.237054
2024-01-30 14:34:56: *******Train Epoch 289: averaged Loss : 5.650109
2024-01-30 14:34:56: *******Val Epoch 289: averaged Loss : 7.286640
2024-01-30 14:34:57: *******Train Epoch 290: averaged Loss : 5.636945
2024-01-30 14:34:57: *******Val Epoch 290: averaged Loss : 7.173811
2024-01-30 14:34:59: *******Train Epoch 291: averaged Loss : 5.607642
2024-01-30 14:34:59: *******Val Epoch 291: averaged Loss : 7.188870
2024-01-30 14:35:00: *******Train Epoch 292: averaged Loss : 5.639737
2024-01-30 14:35:00: *******Val Epoch 292: averaged Loss : 7.322064
2024-01-30 14:35:01: *******Train Epoch 293: averaged Loss : 5.622897
2024-01-30 14:35:01: *******Val Epoch 293: averaged Loss : 7.165892
2024-01-30 14:35:03: *******Train Epoch 294: averaged Loss : 5.650711
2024-01-30 14:35:03: *******Val Epoch 294: averaged Loss : 7.224295
2024-01-30 14:35:04: *******Train Epoch 295: averaged Loss : 5.632865
2024-01-30 14:35:04: *******Val Epoch 295: averaged Loss : 7.395264
2024-01-30 14:35:06: *******Train Epoch 296: averaged Loss : 5.683005
2024-01-30 14:35:06: *******Val Epoch 296: averaged Loss : 7.229973
2024-01-30 14:35:07: *******Train Epoch 297: averaged Loss : 5.617299
2024-01-30 14:35:07: *******Val Epoch 297: averaged Loss : 7.181332
2024-01-30 14:35:08: *******Train Epoch 298: averaged Loss : 5.627102
2024-01-30 14:35:08: *******Val Epoch 298: averaged Loss : 7.156873
2024-01-30 14:35:10: *******Train Epoch 299: averaged Loss : 5.648056
2024-01-30 14:35:10: *******Val Epoch 299: averaged Loss : 7.253086
2024-01-30 14:35:11: *******Train Epoch 300: averaged Loss : 5.637376
2024-01-30 14:35:11: *******Val Epoch 300: averaged Loss : 7.448656
2024-01-30 14:35:13: *******Train Epoch 301: averaged Loss : 5.631511
2024-01-30 14:35:13: *******Val Epoch 301: averaged Loss : 7.267446
2024-01-30 14:35:14: *******Train Epoch 302: averaged Loss : 5.640335
2024-01-30 14:35:14: *******Val Epoch 302: averaged Loss : 7.319617
2024-01-30 14:35:15: *******Train Epoch 303: averaged Loss : 5.605762
2024-01-30 14:35:15: *******Val Epoch 303: averaged Loss : 7.176881
2024-01-30 14:35:17: *******Train Epoch 304: averaged Loss : 5.636842
2024-01-30 14:35:17: *******Val Epoch 304: averaged Loss : 7.242079
2024-01-30 14:35:18: *******Train Epoch 305: averaged Loss : 5.610120
2024-01-30 14:35:18: *******Val Epoch 305: averaged Loss : 7.247052
2024-01-30 14:35:20: *******Train Epoch 306: averaged Loss : 5.652089
2024-01-30 14:35:20: *******Val Epoch 306: averaged Loss : 7.274988
2024-01-30 14:35:21: *******Train Epoch 307: averaged Loss : 5.575051
2024-01-30 14:35:21: *******Val Epoch 307: averaged Loss : 7.209187
2024-01-30 14:35:22: *******Train Epoch 308: averaged Loss : 5.643158
2024-01-30 14:35:22: *******Val Epoch 308: averaged Loss : 7.161221
2024-01-30 14:35:24: *******Train Epoch 309: averaged Loss : 5.584563
2024-01-30 14:35:24: *******Val Epoch 309: averaged Loss : 7.291173
2024-01-30 14:35:25: *******Train Epoch 310: averaged Loss : 5.643793
2024-01-30 14:35:25: *******Val Epoch 310: averaged Loss : 7.372417
2024-01-30 14:35:27: *******Train Epoch 311: averaged Loss : 5.604117
2024-01-30 14:35:27: *******Val Epoch 311: averaged Loss : 7.250889
2024-01-30 14:35:28: *******Train Epoch 312: averaged Loss : 5.591157
2024-01-30 14:35:28: *******Val Epoch 312: averaged Loss : 7.223492
2024-01-30 14:35:29: *******Train Epoch 313: averaged Loss : 5.607538
2024-01-30 14:35:29: *******Val Epoch 313: averaged Loss : 7.191824
2024-01-30 14:35:31: *******Train Epoch 314: averaged Loss : 5.585087
2024-01-30 14:35:31: *******Val Epoch 314: averaged Loss : 7.230064
2024-01-30 14:35:32: *******Train Epoch 315: averaged Loss : 5.634799
2024-01-30 14:35:32: *******Val Epoch 315: averaged Loss : 7.293639
2024-01-30 14:35:34: *******Train Epoch 316: averaged Loss : 5.582816
2024-01-30 14:35:34: *******Val Epoch 316: averaged Loss : 7.253575
2024-01-30 14:35:35: *******Train Epoch 317: averaged Loss : 5.578674
2024-01-30 14:35:35: *******Val Epoch 317: averaged Loss : 7.199564
2024-01-30 14:35:36: *******Train Epoch 318: averaged Loss : 5.629300
2024-01-30 14:35:36: *******Val Epoch 318: averaged Loss : 7.309074
2024-01-30 14:35:38: *******Train Epoch 319: averaged Loss : 5.612069
2024-01-30 14:35:38: *******Val Epoch 319: averaged Loss : 7.231107
2024-01-30 14:35:39: *******Train Epoch 320: averaged Loss : 5.553967
2024-01-30 14:35:39: *******Val Epoch 320: averaged Loss : 7.364573
2024-01-30 14:35:41: *******Train Epoch 321: averaged Loss : 5.607605
2024-01-30 14:35:41: *******Val Epoch 321: averaged Loss : 7.259817
2024-01-30 14:35:42: *******Train Epoch 322: averaged Loss : 5.561121
2024-01-30 14:35:42: *******Val Epoch 322: averaged Loss : 7.233797
2024-01-30 14:35:43: *******Train Epoch 323: averaged Loss : 5.593356
2024-01-30 14:35:43: *******Val Epoch 323: averaged Loss : 7.162744
2024-01-30 14:35:45: *******Train Epoch 324: averaged Loss : 5.571220
2024-01-30 14:35:45: *******Val Epoch 324: averaged Loss : 7.165895
2024-01-30 14:35:46: *******Train Epoch 325: averaged Loss : 5.575110
2024-01-30 14:35:46: *******Val Epoch 325: averaged Loss : 7.299928
2024-01-30 14:35:48: *******Train Epoch 326: averaged Loss : 5.639922
2024-01-30 14:35:48: *******Val Epoch 326: averaged Loss : 7.298569
2024-01-30 14:35:49: *******Train Epoch 327: averaged Loss : 5.531875
2024-01-30 14:35:49: *******Val Epoch 327: averaged Loss : 7.246094
2024-01-30 14:35:50: *******Train Epoch 328: averaged Loss : 5.587194
2024-01-30 14:35:51: *******Val Epoch 328: averaged Loss : 7.259475
2024-01-30 14:35:52: *******Train Epoch 329: averaged Loss : 5.533408
2024-01-30 14:35:52: *******Val Epoch 329: averaged Loss : 7.121193
2024-01-30 14:35:53: *******Train Epoch 330: averaged Loss : 5.589213
2024-01-30 14:35:53: *******Val Epoch 330: averaged Loss : 7.255060
2024-01-30 14:35:55: *******Train Epoch 331: averaged Loss : 5.544552
2024-01-30 14:35:55: *******Val Epoch 331: averaged Loss : 7.129637
2024-01-30 14:35:56: *******Train Epoch 332: averaged Loss : 5.576245
2024-01-30 14:35:56: *******Val Epoch 332: averaged Loss : 7.329733
2024-01-30 14:35:58: *******Train Epoch 333: averaged Loss : 5.560263
2024-01-30 14:35:58: *******Val Epoch 333: averaged Loss : 7.358962
2024-01-30 14:35:59: *******Train Epoch 334: averaged Loss : 5.556840
2024-01-30 14:35:59: *******Val Epoch 334: averaged Loss : 7.191528
2024-01-30 14:36:01: *******Train Epoch 335: averaged Loss : 5.567152
2024-01-30 14:36:01: *******Val Epoch 335: averaged Loss : 7.231982
2024-01-30 14:36:02: *******Train Epoch 336: averaged Loss : 5.542688
2024-01-30 14:36:02: *******Val Epoch 336: averaged Loss : 7.260573
2024-01-30 14:36:03: *******Train Epoch 337: averaged Loss : 5.540030
2024-01-30 14:36:04: *******Val Epoch 337: averaged Loss : 7.217762
2024-01-30 14:36:05: *******Train Epoch 338: averaged Loss : 5.547294
2024-01-30 14:36:05: *******Val Epoch 338: averaged Loss : 7.255108
2024-01-30 14:36:06: *******Train Epoch 339: averaged Loss : 5.522251
2024-01-30 14:36:06: *******Val Epoch 339: averaged Loss : 7.402380
2024-01-30 14:36:08: *******Train Epoch 340: averaged Loss : 5.550265
2024-01-30 14:36:08: *******Val Epoch 340: averaged Loss : 7.296406
2024-01-30 14:36:09: *******Train Epoch 341: averaged Loss : 5.525479
2024-01-30 14:36:09: *******Val Epoch 341: averaged Loss : 7.332889
2024-01-30 14:36:11: *******Train Epoch 342: averaged Loss : 5.562136
2024-01-30 14:36:11: *******Val Epoch 342: averaged Loss : 7.210405
2024-01-30 14:36:12: *******Train Epoch 343: averaged Loss : 5.544806
2024-01-30 14:36:12: *******Val Epoch 343: averaged Loss : 7.175834
2024-01-30 14:36:14: *******Train Epoch 344: averaged Loss : 5.515097
2024-01-30 14:36:14: *******Val Epoch 344: averaged Loss : 7.345062
2024-01-30 14:36:15: *******Train Epoch 345: averaged Loss : 5.552364
2024-01-30 14:36:15: *******Val Epoch 345: averaged Loss : 7.419729
2024-01-30 14:36:17: *******Train Epoch 346: averaged Loss : 5.532426
2024-01-30 14:36:17: *******Val Epoch 346: averaged Loss : 7.349187
2024-01-30 14:36:18: *******Train Epoch 347: averaged Loss : 5.543157
2024-01-30 14:36:18: *******Val Epoch 347: averaged Loss : 7.262479
2024-01-30 14:36:20: *******Train Epoch 348: averaged Loss : 5.554857
2024-01-30 14:36:20: *******Val Epoch 348: averaged Loss : 7.307968
2024-01-30 14:36:21: *******Train Epoch 349: averaged Loss : 5.517859
2024-01-30 14:36:21: *******Val Epoch 349: averaged Loss : 7.236125
2024-01-30 14:36:22: *******Train Epoch 350: averaged Loss : 5.517302
2024-01-30 14:36:23: *******Val Epoch 350: averaged Loss : 7.254069
2024-01-30 14:36:24: *******Train Epoch 351: averaged Loss : 5.533002
2024-01-30 14:36:24: *******Val Epoch 351: averaged Loss : 7.255802
2024-01-30 14:36:25: *******Train Epoch 352: averaged Loss : 5.528293
2024-01-30 14:36:25: *******Val Epoch 352: averaged Loss : 7.258655
2024-01-30 14:36:27: *******Train Epoch 353: averaged Loss : 5.504111
2024-01-30 14:36:27: *******Val Epoch 353: averaged Loss : 7.268617
2024-01-30 14:36:28: *******Train Epoch 354: averaged Loss : 5.520297
2024-01-30 14:36:28: *******Val Epoch 354: averaged Loss : 7.245451
2024-01-30 14:36:30: *******Train Epoch 355: averaged Loss : 5.511465
2024-01-30 14:36:30: *******Val Epoch 355: averaged Loss : 7.269565
2024-01-30 14:36:31: *******Train Epoch 356: averaged Loss : 5.585498
2024-01-30 14:36:31: *******Val Epoch 356: averaged Loss : 7.383954
2024-01-30 14:36:32: *******Train Epoch 357: averaged Loss : 5.476862
2024-01-30 14:36:32: *******Val Epoch 357: averaged Loss : 7.152678
2024-01-30 14:36:34: *******Train Epoch 358: averaged Loss : 5.551643
2024-01-30 14:36:34: *******Val Epoch 358: averaged Loss : 7.337415
2024-01-30 14:36:35: *******Train Epoch 359: averaged Loss : 5.495327
2024-01-30 14:36:35: *******Val Epoch 359: averaged Loss : 7.166328
2024-01-30 14:36:37: *******Train Epoch 360: averaged Loss : 5.525815
2024-01-30 14:36:37: *******Val Epoch 360: averaged Loss : 7.182135
2024-01-30 14:36:38: *******Train Epoch 361: averaged Loss : 5.502077
2024-01-30 14:36:38: *******Val Epoch 361: averaged Loss : 7.189398
2024-01-30 14:36:39: *******Train Epoch 362: averaged Loss : 5.497824
2024-01-30 14:36:39: *******Val Epoch 362: averaged Loss : 7.210953
2024-01-30 14:36:41: *******Train Epoch 363: averaged Loss : 5.503638
2024-01-30 14:36:41: *******Val Epoch 363: averaged Loss : 7.345071
2024-01-30 14:36:42: *******Train Epoch 364: averaged Loss : 5.525847
2024-01-30 14:36:42: *******Val Epoch 364: averaged Loss : 7.278176
2024-01-30 14:36:44: *******Train Epoch 365: averaged Loss : 5.489961
2024-01-30 14:36:44: *******Val Epoch 365: averaged Loss : 7.109883
2024-01-30 14:36:45: *******Train Epoch 366: averaged Loss : 5.501088
2024-01-30 14:36:45: *******Val Epoch 366: averaged Loss : 7.295951
2024-01-30 14:36:46: *******Train Epoch 367: averaged Loss : 5.520597
2024-01-30 14:36:47: *******Val Epoch 367: averaged Loss : 7.385311
2024-01-30 14:36:48: *******Train Epoch 368: averaged Loss : 5.488781
2024-01-30 14:36:48: *******Val Epoch 368: averaged Loss : 7.209010
2024-01-30 14:36:49: *******Train Epoch 369: averaged Loss : 5.540860
2024-01-30 14:36:49: *******Val Epoch 369: averaged Loss : 7.334829
2024-01-30 14:36:51: *******Train Epoch 370: averaged Loss : 5.491201
2024-01-30 14:36:51: *******Val Epoch 370: averaged Loss : 7.345486
2024-01-30 14:36:52: *******Train Epoch 371: averaged Loss : 5.484329
2024-01-30 14:36:52: *******Val Epoch 371: averaged Loss : 7.303620
2024-01-30 14:36:53: *******Train Epoch 372: averaged Loss : 5.484693
2024-01-30 14:36:54: *******Val Epoch 372: averaged Loss : 7.332811
2024-01-30 14:36:55: *******Train Epoch 373: averaged Loss : 5.486275
2024-01-30 14:36:55: *******Val Epoch 373: averaged Loss : 7.380390
2024-01-30 14:36:56: *******Train Epoch 374: averaged Loss : 5.506068
2024-01-30 14:36:56: *******Val Epoch 374: averaged Loss : 7.182448
2024-01-30 14:36:58: *******Train Epoch 375: averaged Loss : 5.456049
2024-01-30 14:36:58: *******Val Epoch 375: averaged Loss : 7.275450
2024-01-30 14:36:59: *******Train Epoch 376: averaged Loss : 5.512167
2024-01-30 14:36:59: *******Val Epoch 376: averaged Loss : 7.252570
2024-01-30 14:37:00: *******Train Epoch 377: averaged Loss : 5.500468
2024-01-30 14:37:01: *******Val Epoch 377: averaged Loss : 7.225973
2024-01-30 14:37:02: *******Train Epoch 378: averaged Loss : 5.516641
2024-01-30 14:37:02: *******Val Epoch 378: averaged Loss : 7.297500
2024-01-30 14:37:03: *******Train Epoch 379: averaged Loss : 5.468455
2024-01-30 14:37:03: *******Val Epoch 379: averaged Loss : 7.245845
2024-01-30 14:37:05: *******Train Epoch 380: averaged Loss : 5.468606
2024-01-30 14:37:05: *******Val Epoch 380: averaged Loss : 7.141130
2024-01-30 14:37:06: *******Train Epoch 381: averaged Loss : 5.499758
2024-01-30 14:37:06: *******Val Epoch 381: averaged Loss : 7.255835
2024-01-30 14:37:07: *******Train Epoch 382: averaged Loss : 5.495271
2024-01-30 14:37:08: *******Val Epoch 382: averaged Loss : 7.360863
2024-01-30 14:37:09: *******Train Epoch 383: averaged Loss : 5.456180
2024-01-30 14:37:09: *******Val Epoch 383: averaged Loss : 7.256500
2024-01-30 14:37:10: *******Train Epoch 384: averaged Loss : 5.468903
2024-01-30 14:37:10: *******Val Epoch 384: averaged Loss : 7.243555
2024-01-30 14:37:12: *******Train Epoch 385: averaged Loss : 5.476615
2024-01-30 14:37:12: *******Val Epoch 385: averaged Loss : 7.277074
2024-01-30 14:37:13: *******Train Epoch 386: averaged Loss : 5.458655
2024-01-30 14:37:13: *******Val Epoch 386: averaged Loss : 7.324761
2024-01-30 14:37:15: *******Train Epoch 387: averaged Loss : 5.467841
2024-01-30 14:37:15: *******Val Epoch 387: averaged Loss : 7.102139
2024-01-30 14:37:16: *******Train Epoch 388: averaged Loss : 5.465436
2024-01-30 14:37:16: *******Val Epoch 388: averaged Loss : 7.292051
2024-01-30 14:37:17: *******Train Epoch 389: averaged Loss : 5.477664
2024-01-30 14:37:17: *******Val Epoch 389: averaged Loss : 7.232368
2024-01-30 14:37:19: *******Train Epoch 390: averaged Loss : 5.452687
2024-01-30 14:37:19: *******Val Epoch 390: averaged Loss : 7.258233
2024-01-30 14:37:20: *******Train Epoch 391: averaged Loss : 5.518336
2024-01-30 14:37:20: *******Val Epoch 391: averaged Loss : 7.171331
2024-01-30 14:37:21: *******Train Epoch 392: averaged Loss : 5.435837
2024-01-30 14:37:22: *******Val Epoch 392: averaged Loss : 7.222513
2024-01-30 14:37:23: *******Train Epoch 393: averaged Loss : 5.471015
2024-01-30 14:37:23: *******Val Epoch 393: averaged Loss : 7.309024
2024-01-30 14:37:24: *******Train Epoch 394: averaged Loss : 5.457527
2024-01-30 14:37:24: *******Val Epoch 394: averaged Loss : 7.191419
2024-01-30 14:37:26: *******Train Epoch 395: averaged Loss : 5.440122
2024-01-30 14:37:26: *******Val Epoch 395: averaged Loss : 7.165272
2024-01-30 14:37:27: *******Train Epoch 396: averaged Loss : 5.478397
2024-01-30 14:37:27: *******Val Epoch 396: averaged Loss : 7.320053
2024-01-30 14:37:29: *******Train Epoch 397: averaged Loss : 5.445982
2024-01-30 14:37:29: *******Val Epoch 397: averaged Loss : 7.282481
2024-01-30 14:37:30: *******Train Epoch 398: averaged Loss : 5.492859
2024-01-30 14:37:30: *******Val Epoch 398: averaged Loss : 7.322301
2024-01-30 14:37:31: *******Train Epoch 399: averaged Loss : 5.431835
2024-01-30 14:37:31: *******Val Epoch 399: averaged Loss : 7.344301
2024-01-30 14:37:33: *******Train Epoch 400: averaged Loss : 5.440220
2024-01-30 14:37:33: *******Val Epoch 400: averaged Loss : 7.211958
2024-01-30 14:37:34: *******Train Epoch 401: averaged Loss : 5.489658
2024-01-30 14:37:34: *******Val Epoch 401: averaged Loss : 7.316664
2024-01-30 14:37:36: *******Train Epoch 402: averaged Loss : 5.449155
2024-01-30 14:37:36: *******Val Epoch 402: averaged Loss : 7.200857
2024-01-30 14:37:37: *******Train Epoch 403: averaged Loss : 5.438409
2024-01-30 14:37:37: *******Val Epoch 403: averaged Loss : 7.230896
2024-01-30 14:37:38: *******Train Epoch 404: averaged Loss : 5.490274
2024-01-30 14:37:38: *******Val Epoch 404: averaged Loss : 7.294782
2024-01-30 14:37:40: *******Train Epoch 405: averaged Loss : 5.449527
2024-01-30 14:37:40: *******Val Epoch 405: averaged Loss : 7.237404
2024-01-30 14:37:41: *******Train Epoch 406: averaged Loss : 5.433174
2024-01-30 14:37:41: *******Val Epoch 406: averaged Loss : 7.175585
2024-01-30 14:37:43: *******Train Epoch 407: averaged Loss : 5.454649
2024-01-30 14:37:43: *******Val Epoch 407: averaged Loss : 7.340576
2024-01-30 14:37:44: *******Train Epoch 408: averaged Loss : 5.419335
2024-01-30 14:37:44: *******Val Epoch 408: averaged Loss : 7.193809
2024-01-30 14:37:45: *******Train Epoch 409: averaged Loss : 5.482359
2024-01-30 14:37:45: *******Val Epoch 409: averaged Loss : 7.239045
2024-01-30 14:37:47: *******Train Epoch 410: averaged Loss : 5.396305
2024-01-30 14:37:47: *******Val Epoch 410: averaged Loss : 7.229974
2024-01-30 14:37:48: *******Train Epoch 411: averaged Loss : 5.444558
2024-01-30 14:37:48: *******Val Epoch 411: averaged Loss : 7.381580
2024-01-30 14:37:49: *******Train Epoch 412: averaged Loss : 5.419676
2024-01-30 14:37:49: *******Val Epoch 412: averaged Loss : 7.272568
2024-01-30 14:37:51: *******Train Epoch 413: averaged Loss : 5.452069
2024-01-30 14:37:51: *******Val Epoch 413: averaged Loss : 7.345785
2024-01-30 14:37:52: *******Train Epoch 414: averaged Loss : 5.425540
2024-01-30 14:37:52: *******Val Epoch 414: averaged Loss : 7.312187
2024-01-30 14:37:54: *******Train Epoch 415: averaged Loss : 5.463441
2024-01-30 14:37:54: *******Val Epoch 415: averaged Loss : 7.399982
2024-01-30 14:37:55: *******Train Epoch 416: averaged Loss : 5.411880
2024-01-30 14:37:55: *******Val Epoch 416: averaged Loss : 7.375853
2024-01-30 14:37:57: *******Train Epoch 417: averaged Loss : 5.456693
2024-01-30 14:37:57: *******Val Epoch 417: averaged Loss : 7.279597
2024-01-30 14:37:58: *******Train Epoch 418: averaged Loss : 5.366269
2024-01-30 14:37:58: *******Val Epoch 418: averaged Loss : 7.386406
2024-01-30 14:37:59: *******Train Epoch 419: averaged Loss : 5.454021
2024-01-30 14:38:00: *******Val Epoch 419: averaged Loss : 7.380851
2024-01-30 14:38:01: *******Train Epoch 420: averaged Loss : 5.416464
2024-01-30 14:38:01: *******Val Epoch 420: averaged Loss : 7.210136
2024-01-30 14:38:02: *******Train Epoch 421: averaged Loss : 5.433520
2024-01-30 14:38:03: *******Val Epoch 421: averaged Loss : 7.336541
2024-01-30 14:38:04: *******Train Epoch 422: averaged Loss : 5.431730
2024-01-30 14:38:04: *******Val Epoch 422: averaged Loss : 7.364296
2024-01-30 14:38:05: *******Train Epoch 423: averaged Loss : 5.428094
2024-01-30 14:38:05: *******Val Epoch 423: averaged Loss : 7.329076
2024-01-30 14:38:07: *******Train Epoch 424: averaged Loss : 5.442944
2024-01-30 14:38:07: *******Val Epoch 424: averaged Loss : 7.364035
2024-01-30 14:38:08: *******Train Epoch 425: averaged Loss : 5.412337
2024-01-30 14:38:08: *******Val Epoch 425: averaged Loss : 7.183078
2024-01-30 14:38:10: *******Train Epoch 426: averaged Loss : 5.398036
2024-01-30 14:38:10: *******Val Epoch 426: averaged Loss : 7.235228
2024-01-30 14:38:11: *******Train Epoch 427: averaged Loss : 5.427000
2024-01-30 14:38:11: *******Val Epoch 427: averaged Loss : 7.343507
2024-01-30 14:38:13: *******Train Epoch 428: averaged Loss : 5.397095
2024-01-30 14:38:13: *******Val Epoch 428: averaged Loss : 7.234068
2024-01-30 14:38:14: *******Train Epoch 429: averaged Loss : 5.409194
2024-01-30 14:38:14: *******Val Epoch 429: averaged Loss : 7.317338
2024-01-30 14:38:16: *******Train Epoch 430: averaged Loss : 5.440145
2024-01-30 14:38:16: *******Val Epoch 430: averaged Loss : 7.323558
2024-01-30 14:38:17: *******Train Epoch 431: averaged Loss : 5.364706
2024-01-30 14:38:17: *******Val Epoch 431: averaged Loss : 7.270041
2024-01-30 14:38:19: *******Train Epoch 432: averaged Loss : 5.421778
2024-01-30 14:38:19: *******Val Epoch 432: averaged Loss : 7.311140
2024-01-30 14:38:20: *******Train Epoch 433: averaged Loss : 5.402058
2024-01-30 14:38:20: *******Val Epoch 433: averaged Loss : 7.173504
2024-01-30 14:38:21: *******Train Epoch 434: averaged Loss : 5.404112
2024-01-30 14:38:22: *******Val Epoch 434: averaged Loss : 7.381408
2024-01-30 14:38:23: *******Train Epoch 435: averaged Loss : 5.397468
2024-01-30 14:38:23: *******Val Epoch 435: averaged Loss : 7.198294
2024-01-30 14:38:24: *******Train Epoch 436: averaged Loss : 5.423575
2024-01-30 14:38:24: *******Val Epoch 436: averaged Loss : 7.365381
2024-01-30 14:38:26: *******Train Epoch 437: averaged Loss : 5.381785
2024-01-30 14:38:26: *******Val Epoch 437: averaged Loss : 7.266273
2024-01-30 14:38:27: *******Train Epoch 438: averaged Loss : 5.415577
2024-01-30 14:38:27: *******Val Epoch 438: averaged Loss : 7.366195
2024-01-30 14:38:29: *******Train Epoch 439: averaged Loss : 5.403431
2024-01-30 14:38:29: *******Val Epoch 439: averaged Loss : 7.282202
2024-01-30 14:38:30: *******Train Epoch 440: averaged Loss : 5.403397
2024-01-30 14:38:30: *******Val Epoch 440: averaged Loss : 7.368267
2024-01-30 14:38:31: *******Train Epoch 441: averaged Loss : 5.366802
2024-01-30 14:38:31: *******Val Epoch 441: averaged Loss : 7.215148
2024-01-30 14:38:33: *******Train Epoch 442: averaged Loss : 5.399456
2024-01-30 14:38:33: *******Val Epoch 442: averaged Loss : 7.363460
2024-01-30 14:38:34: *******Train Epoch 443: averaged Loss : 5.376465
2024-01-30 14:38:34: *******Val Epoch 443: averaged Loss : 7.315986
2024-01-30 14:38:36: *******Train Epoch 444: averaged Loss : 5.406121
2024-01-30 14:38:36: *******Val Epoch 444: averaged Loss : 7.318212
2024-01-30 14:38:37: *******Train Epoch 445: averaged Loss : 5.367623
2024-01-30 14:38:37: *******Val Epoch 445: averaged Loss : 7.348948
2024-01-30 14:38:38: *******Train Epoch 446: averaged Loss : 5.371396
2024-01-30 14:38:38: *******Val Epoch 446: averaged Loss : 7.147448
2024-01-30 14:38:40: *******Train Epoch 447: averaged Loss : 5.416213
2024-01-30 14:38:40: *******Val Epoch 447: averaged Loss : 7.196333
2024-01-30 14:38:41: *******Train Epoch 448: averaged Loss : 5.389160
2024-01-30 14:38:41: *******Val Epoch 448: averaged Loss : 7.340573
2024-01-30 14:38:42: *******Train Epoch 449: averaged Loss : 5.398064
2024-01-30 14:38:43: *******Val Epoch 449: averaged Loss : 7.260476
2024-01-30 14:38:44: *******Train Epoch 450: averaged Loss : 5.366760
2024-01-30 14:38:44: *******Val Epoch 450: averaged Loss : 7.342697
2024-01-30 14:38:45: *******Train Epoch 451: averaged Loss : 5.384606
2024-01-30 14:38:45: *******Val Epoch 451: averaged Loss : 7.208743
2024-01-30 14:38:47: *******Train Epoch 452: averaged Loss : 5.385565
2024-01-30 14:38:47: *******Val Epoch 452: averaged Loss : 7.294130
2024-01-30 14:38:48: *******Train Epoch 453: averaged Loss : 5.384160
2024-01-30 14:38:48: *******Val Epoch 453: averaged Loss : 7.227988
2024-01-30 14:38:49: *******Train Epoch 454: averaged Loss : 5.390213
2024-01-30 14:38:50: *******Val Epoch 454: averaged Loss : 7.395161
2024-01-30 14:38:51: *******Train Epoch 455: averaged Loss : 5.369213
2024-01-30 14:38:51: *******Val Epoch 455: averaged Loss : 7.441895
2024-01-30 14:38:52: *******Train Epoch 456: averaged Loss : 5.400622
2024-01-30 14:38:52: *******Val Epoch 456: averaged Loss : 7.373129
2024-01-30 14:38:54: *******Train Epoch 457: averaged Loss : 5.345019
2024-01-30 14:38:54: *******Val Epoch 457: averaged Loss : 7.300513
2024-01-30 14:38:55: *******Train Epoch 458: averaged Loss : 5.392487
2024-01-30 14:38:55: *******Val Epoch 458: averaged Loss : 7.285278
2024-01-30 14:38:56: *******Train Epoch 459: averaged Loss : 5.345535
2024-01-30 14:38:56: *******Val Epoch 459: averaged Loss : 7.323524
2024-01-30 14:38:58: *******Train Epoch 460: averaged Loss : 5.356782
2024-01-30 14:38:58: *******Val Epoch 460: averaged Loss : 7.353362
2024-01-30 14:38:59: *******Train Epoch 461: averaged Loss : 5.395845
2024-01-30 14:38:59: *******Val Epoch 461: averaged Loss : 7.352445
2024-01-30 14:39:01: *******Train Epoch 462: averaged Loss : 5.371251
2024-01-30 14:39:01: *******Val Epoch 462: averaged Loss : 7.267857
2024-01-30 14:39:02: *******Train Epoch 463: averaged Loss : 5.346169
2024-01-30 14:39:02: *******Val Epoch 463: averaged Loss : 7.315438
2024-01-30 14:39:03: *******Train Epoch 464: averaged Loss : 5.401292
2024-01-30 14:39:03: *******Val Epoch 464: averaged Loss : 7.285427
2024-01-30 14:39:05: *******Train Epoch 465: averaged Loss : 5.350479
2024-01-30 14:39:05: *******Val Epoch 465: averaged Loss : 7.384008
2024-01-30 14:39:06: *******Train Epoch 466: averaged Loss : 5.348519
2024-01-30 14:39:06: *******Val Epoch 466: averaged Loss : 7.288607
2024-01-30 14:39:08: *******Train Epoch 467: averaged Loss : 5.418065
2024-01-30 14:39:08: *******Val Epoch 467: averaged Loss : 7.301353
2024-01-30 14:39:09: *******Train Epoch 468: averaged Loss : 5.354594
2024-01-30 14:39:09: *******Val Epoch 468: averaged Loss : 7.245197
2024-01-30 14:39:10: *******Train Epoch 469: averaged Loss : 5.400193
2024-01-30 14:39:10: *******Val Epoch 469: averaged Loss : 7.449838
2024-01-30 14:39:12: *******Train Epoch 470: averaged Loss : 5.384995
2024-01-30 14:39:12: *******Val Epoch 470: averaged Loss : 7.334492
2024-01-30 14:39:13: *******Train Epoch 471: averaged Loss : 5.335646
2024-01-30 14:39:13: *******Val Epoch 471: averaged Loss : 7.274824
2024-01-30 14:39:14: *******Train Epoch 472: averaged Loss : 5.354147
2024-01-30 14:39:15: *******Val Epoch 472: averaged Loss : 7.248346
2024-01-30 14:39:16: *******Train Epoch 473: averaged Loss : 5.343412
2024-01-30 14:39:16: *******Val Epoch 473: averaged Loss : 7.388751
2024-01-30 14:39:17: *******Train Epoch 474: averaged Loss : 5.369727
2024-01-30 14:39:17: *******Val Epoch 474: averaged Loss : 7.394620
2024-01-30 14:39:19: *******Train Epoch 475: averaged Loss : 5.380400
2024-01-30 14:39:19: *******Val Epoch 475: averaged Loss : 7.274113
2024-01-30 14:39:20: *******Train Epoch 476: averaged Loss : 5.358721
2024-01-30 14:39:20: *******Val Epoch 476: averaged Loss : 7.244826
2024-01-30 14:39:21: *******Train Epoch 477: averaged Loss : 5.354255
2024-01-30 14:39:22: *******Val Epoch 477: averaged Loss : 7.309257
2024-01-30 14:39:23: *******Train Epoch 478: averaged Loss : 5.331553
2024-01-30 14:39:23: *******Val Epoch 478: averaged Loss : 7.329480
2024-01-30 14:39:24: *******Train Epoch 479: averaged Loss : 5.384317
2024-01-30 14:39:24: *******Val Epoch 479: averaged Loss : 7.246630
2024-01-30 14:39:26: *******Train Epoch 480: averaged Loss : 5.322897
2024-01-30 14:39:26: *******Val Epoch 480: averaged Loss : 7.356508
2024-01-30 14:39:27: *******Train Epoch 481: averaged Loss : 5.337951
2024-01-30 14:39:27: *******Val Epoch 481: averaged Loss : 7.249031
2024-01-30 14:39:28: *******Train Epoch 482: averaged Loss : 5.354633
2024-01-30 14:39:28: *******Val Epoch 482: averaged Loss : 7.465692
2024-01-30 14:39:30: *******Train Epoch 483: averaged Loss : 5.340150
2024-01-30 14:39:30: *******Val Epoch 483: averaged Loss : 7.261830
2024-01-30 14:39:31: *******Train Epoch 484: averaged Loss : 5.334821
2024-01-30 14:39:31: *******Val Epoch 484: averaged Loss : 7.271947
2024-01-30 14:39:33: *******Train Epoch 485: averaged Loss : 5.383663
2024-01-30 14:39:33: *******Val Epoch 485: averaged Loss : 7.365261
2024-01-30 14:39:34: *******Train Epoch 486: averaged Loss : 5.333810
2024-01-30 14:39:34: *******Val Epoch 486: averaged Loss : 7.378571
2024-01-30 14:39:35: *******Train Epoch 487: averaged Loss : 5.349160
2024-01-30 14:39:35: *******Val Epoch 487: averaged Loss : 7.368222
2024-01-30 14:39:37: *******Train Epoch 488: averaged Loss : 5.301917
2024-01-30 14:39:37: *******Val Epoch 488: averaged Loss : 7.226992
2024-01-30 14:39:38: *******Train Epoch 489: averaged Loss : 5.386349
2024-01-30 14:39:38: *******Val Epoch 489: averaged Loss : 7.404824
2024-01-30 14:39:39: *******Train Epoch 490: averaged Loss : 5.292304
2024-01-30 14:39:40: *******Val Epoch 490: averaged Loss : 7.317174
2024-01-30 14:39:41: *******Train Epoch 491: averaged Loss : 5.372178
2024-01-30 14:39:41: *******Val Epoch 491: averaged Loss : 7.347827
2024-01-30 14:39:42: *******Train Epoch 492: averaged Loss : 5.296560
2024-01-30 14:39:42: *******Val Epoch 492: averaged Loss : 7.202254
2024-01-30 14:39:44: *******Train Epoch 493: averaged Loss : 5.384608
2024-01-30 14:39:44: *******Val Epoch 493: averaged Loss : 7.325896
2024-01-30 14:39:45: *******Train Epoch 494: averaged Loss : 5.314347
2024-01-30 14:39:45: *******Val Epoch 494: averaged Loss : 7.250845
2024-01-30 14:39:46: *******Train Epoch 495: averaged Loss : 5.335728
2024-01-30 14:39:47: *******Val Epoch 495: averaged Loss : 7.329844
2024-01-30 14:39:48: *******Train Epoch 496: averaged Loss : 5.374852
2024-01-30 14:39:48: *******Val Epoch 496: averaged Loss : 7.373589
2024-01-30 14:39:49: *******Train Epoch 497: averaged Loss : 5.321237
2024-01-30 14:39:49: *******Val Epoch 497: averaged Loss : 7.281244
2024-01-30 14:39:51: *******Train Epoch 498: averaged Loss : 5.327146
2024-01-30 14:39:51: *******Val Epoch 498: averaged Loss : 7.437214
2024-01-30 14:39:52: *******Train Epoch 499: averaged Loss : 5.310890
2024-01-30 14:39:52: *******Val Epoch 499: averaged Loss : 7.296095
2024-01-30 14:39:53: *******Train Epoch 500: averaged Loss : 5.318630
2024-01-30 14:39:54: *******Val Epoch 500: averaged Loss : 7.315413
2024-01-30 14:39:55: *******Train Epoch 501: averaged Loss : 5.324584
2024-01-30 14:39:55: *******Val Epoch 501: averaged Loss : 7.391705
2024-01-30 14:39:56: *******Train Epoch 502: averaged Loss : 5.337059
2024-01-30 14:39:56: *******Val Epoch 502: averaged Loss : 7.328426
2024-01-30 14:39:58: *******Train Epoch 503: averaged Loss : 5.329297
2024-01-30 14:39:58: *******Val Epoch 503: averaged Loss : 7.224305
2024-01-30 14:39:59: *******Train Epoch 504: averaged Loss : 5.318739
2024-01-30 14:39:59: *******Val Epoch 504: averaged Loss : 7.227765
2024-01-30 14:40:01: *******Train Epoch 505: averaged Loss : 5.333023
2024-01-30 14:40:01: *******Val Epoch 505: averaged Loss : 7.297069
2024-01-30 14:40:02: *******Train Epoch 506: averaged Loss : 5.317791
2024-01-30 14:40:02: *******Val Epoch 506: averaged Loss : 7.359911
2024-01-30 14:40:03: *******Train Epoch 507: averaged Loss : 5.290009
2024-01-30 14:40:03: *******Val Epoch 507: averaged Loss : 7.278116
2024-01-30 14:40:05: *******Train Epoch 508: averaged Loss : 5.331359
2024-01-30 14:40:05: *******Val Epoch 508: averaged Loss : 7.253502
2024-01-30 14:40:06: *******Train Epoch 509: averaged Loss : 5.320557
2024-01-30 14:40:06: *******Val Epoch 509: averaged Loss : 7.385149
2024-01-30 14:40:08: *******Train Epoch 510: averaged Loss : 5.318777
2024-01-30 14:40:08: *******Val Epoch 510: averaged Loss : 7.347694
2024-01-30 14:40:09: *******Train Epoch 511: averaged Loss : 5.349061
2024-01-30 14:40:09: *******Val Epoch 511: averaged Loss : 7.394157
2024-01-30 14:40:10: *******Train Epoch 512: averaged Loss : 5.275560
2024-01-30 14:40:10: *******Val Epoch 512: averaged Loss : 7.314071
2024-01-30 14:40:12: *******Train Epoch 513: averaged Loss : 5.335801
2024-01-30 14:40:12: *******Val Epoch 513: averaged Loss : 7.363630
2024-01-30 14:40:13: *******Train Epoch 514: averaged Loss : 5.305697
2024-01-30 14:40:13: *******Val Epoch 514: averaged Loss : 7.348845
2024-01-30 14:40:15: *******Train Epoch 515: averaged Loss : 5.292409
2024-01-30 14:40:15: *******Val Epoch 515: averaged Loss : 7.217127
2024-01-30 14:40:16: *******Train Epoch 516: averaged Loss : 5.320288
2024-01-30 14:40:16: *******Val Epoch 516: averaged Loss : 7.317728
2024-01-30 14:40:17: *******Train Epoch 517: averaged Loss : 5.308844
2024-01-30 14:40:18: *******Val Epoch 517: averaged Loss : 7.346415
2024-01-30 14:40:19: *******Train Epoch 518: averaged Loss : 5.348935
2024-01-30 14:40:19: *******Val Epoch 518: averaged Loss : 7.365720
2024-01-30 14:40:20: *******Train Epoch 519: averaged Loss : 5.258112
2024-01-30 14:40:20: *******Val Epoch 519: averaged Loss : 7.364073
2024-01-30 14:40:22: *******Train Epoch 520: averaged Loss : 5.341188
2024-01-30 14:40:22: *******Val Epoch 520: averaged Loss : 7.314174
2024-01-30 14:40:23: *******Train Epoch 521: averaged Loss : 5.332773
2024-01-30 14:40:23: *******Val Epoch 521: averaged Loss : 7.339209
2024-01-30 14:40:24: *******Train Epoch 522: averaged Loss : 5.290658
2024-01-30 14:40:25: *******Val Epoch 522: averaged Loss : 7.311928
2024-01-30 14:40:26: *******Train Epoch 523: averaged Loss : 5.302331
2024-01-30 14:40:26: *******Val Epoch 523: averaged Loss : 7.226915
2024-01-30 14:40:27: *******Train Epoch 524: averaged Loss : 5.274272
2024-01-30 14:40:27: *******Val Epoch 524: averaged Loss : 7.248494
2024-01-30 14:40:29: *******Train Epoch 525: averaged Loss : 5.289864
2024-01-30 14:40:29: *******Val Epoch 525: averaged Loss : 7.370617
2024-01-30 14:40:30: *******Train Epoch 526: averaged Loss : 5.292508
2024-01-30 14:40:30: *******Val Epoch 526: averaged Loss : 7.382657
2024-01-30 14:40:31: *******Train Epoch 527: averaged Loss : 5.301235
2024-01-30 14:40:32: *******Val Epoch 527: averaged Loss : 7.259984
2024-01-30 14:40:33: *******Train Epoch 528: averaged Loss : 5.319832
2024-01-30 14:40:33: *******Val Epoch 528: averaged Loss : 7.222462
2024-01-30 14:40:34: *******Train Epoch 529: averaged Loss : 5.263870
2024-01-30 14:40:34: *******Val Epoch 529: averaged Loss : 7.208929
2024-01-30 14:40:36: *******Train Epoch 530: averaged Loss : 5.310503
2024-01-30 14:40:36: *******Val Epoch 530: averaged Loss : 7.378518
2024-01-30 14:40:37: *******Train Epoch 531: averaged Loss : 5.289038
2024-01-30 14:40:37: *******Val Epoch 531: averaged Loss : 7.241904
2024-01-30 14:40:39: *******Train Epoch 532: averaged Loss : 5.288472
2024-01-30 14:40:39: *******Val Epoch 532: averaged Loss : 7.267654
2024-01-30 14:40:40: *******Train Epoch 533: averaged Loss : 5.290362
2024-01-30 14:40:40: *******Val Epoch 533: averaged Loss : 7.264734
2024-01-30 14:40:41: *******Train Epoch 534: averaged Loss : 5.263675
2024-01-30 14:40:41: *******Val Epoch 534: averaged Loss : 7.395327
2024-01-30 14:40:43: *******Train Epoch 535: averaged Loss : 5.333716
2024-01-30 14:40:43: *******Val Epoch 535: averaged Loss : 7.448647
2024-01-30 14:40:44: *******Train Epoch 536: averaged Loss : 5.283961
2024-01-30 14:40:44: *******Val Epoch 536: averaged Loss : 7.367018
2024-01-30 14:40:45: *******Train Epoch 537: averaged Loss : 5.260351
2024-01-30 14:40:46: *******Val Epoch 537: averaged Loss : 7.323686
2024-01-30 14:40:47: *******Train Epoch 538: averaged Loss : 5.317201
2024-01-30 14:40:47: *******Val Epoch 538: averaged Loss : 7.376817
2024-01-30 14:40:48: *******Train Epoch 539: averaged Loss : 5.263704
2024-01-30 14:40:48: *******Val Epoch 539: averaged Loss : 7.432679
2024-01-30 14:40:50: *******Train Epoch 540: averaged Loss : 5.298699
2024-01-30 14:40:50: *******Val Epoch 540: averaged Loss : 7.358752
2024-01-30 14:40:51: *******Train Epoch 541: averaged Loss : 5.336541
2024-01-30 14:40:51: *******Val Epoch 541: averaged Loss : 7.370532
2024-01-30 14:40:52: *******Train Epoch 542: averaged Loss : 5.237624
2024-01-30 14:40:53: *******Val Epoch 542: averaged Loss : 7.319850
2024-01-30 14:40:54: *******Train Epoch 543: averaged Loss : 5.292895
2024-01-30 14:40:54: *******Val Epoch 543: averaged Loss : 7.183631
2024-01-30 14:40:55: *******Train Epoch 544: averaged Loss : 5.279803
2024-01-30 14:40:55: *******Val Epoch 544: averaged Loss : 7.336720
2024-01-30 14:40:57: *******Train Epoch 545: averaged Loss : 5.305483
2024-01-30 14:40:57: *******Val Epoch 545: averaged Loss : 7.382044
2024-01-30 14:40:58: *******Train Epoch 546: averaged Loss : 5.265413
2024-01-30 14:40:58: *******Val Epoch 546: averaged Loss : 7.123256
2024-01-30 14:41:00: *******Train Epoch 547: averaged Loss : 5.291154
2024-01-30 14:41:00: *******Val Epoch 547: averaged Loss : 7.361346
2024-01-30 14:41:01: *******Train Epoch 548: averaged Loss : 5.273236
2024-01-30 14:41:01: *******Val Epoch 548: averaged Loss : 7.333058
2024-01-30 14:41:03: *******Train Epoch 549: averaged Loss : 5.272062
2024-01-30 14:41:03: *******Val Epoch 549: averaged Loss : 7.322808
2024-01-30 14:41:04: *******Train Epoch 550: averaged Loss : 5.275891
2024-01-30 14:41:04: *******Val Epoch 550: averaged Loss : 7.338763
2024-01-30 14:41:06: *******Train Epoch 551: averaged Loss : 5.289396
2024-01-30 14:41:06: *******Val Epoch 551: averaged Loss : 7.275206
2024-01-30 14:41:07: *******Train Epoch 552: averaged Loss : 5.316516
2024-01-30 14:41:07: *******Val Epoch 552: averaged Loss : 7.279860
2024-01-30 14:41:09: *******Train Epoch 553: averaged Loss : 5.250310
2024-01-30 14:41:09: *******Val Epoch 553: averaged Loss : 7.309666
2024-01-30 14:41:10: *******Train Epoch 554: averaged Loss : 5.285814
2024-01-30 14:41:10: *******Val Epoch 554: averaged Loss : 7.429185
2024-01-30 14:41:11: *******Train Epoch 555: averaged Loss : 5.255547
2024-01-30 14:41:12: *******Val Epoch 555: averaged Loss : 7.324878
2024-01-30 14:41:13: *******Train Epoch 556: averaged Loss : 5.321933
2024-01-30 14:41:13: *******Val Epoch 556: averaged Loss : 7.259025
2024-01-30 14:41:14: *******Train Epoch 557: averaged Loss : 5.239022
2024-01-30 14:41:14: *******Val Epoch 557: averaged Loss : 7.192352
2024-01-30 14:41:16: *******Train Epoch 558: averaged Loss : 5.292894
2024-01-30 14:41:16: *******Val Epoch 558: averaged Loss : 7.421227
2024-01-30 14:41:17: *******Train Epoch 559: averaged Loss : 5.280284
2024-01-30 14:41:17: *******Val Epoch 559: averaged Loss : 7.302325
2024-01-30 14:41:19: *******Train Epoch 560: averaged Loss : 5.267541
2024-01-30 14:41:19: *******Val Epoch 560: averaged Loss : 7.419562
2024-01-30 14:41:20: *******Train Epoch 561: averaged Loss : 5.252766
2024-01-30 14:41:20: *******Val Epoch 561: averaged Loss : 7.223038
2024-01-30 14:41:22: *******Train Epoch 562: averaged Loss : 5.287486
2024-01-30 14:41:22: *******Val Epoch 562: averaged Loss : 7.437353
2024-01-30 14:41:23: *******Train Epoch 563: averaged Loss : 5.265937
2024-01-30 14:41:23: *******Val Epoch 563: averaged Loss : 7.279198
2024-01-30 14:41:25: *******Train Epoch 564: averaged Loss : 5.262971
2024-01-30 14:41:25: *******Val Epoch 564: averaged Loss : 7.352480
2024-01-30 14:41:26: *******Train Epoch 565: averaged Loss : 5.299980
2024-01-30 14:41:26: *******Val Epoch 565: averaged Loss : 7.368908
2024-01-30 14:41:27: *******Train Epoch 566: averaged Loss : 5.242529
2024-01-30 14:41:28: *******Val Epoch 566: averaged Loss : 7.305490
2024-01-30 14:41:29: *******Train Epoch 567: averaged Loss : 5.269829
2024-01-30 14:41:29: *******Val Epoch 567: averaged Loss : 7.341911
2024-01-30 14:41:30: *******Train Epoch 568: averaged Loss : 5.271620
2024-01-30 14:41:30: *******Val Epoch 568: averaged Loss : 7.214472
2024-01-30 14:41:32: *******Train Epoch 569: averaged Loss : 5.245715
2024-01-30 14:41:32: *******Val Epoch 569: averaged Loss : 7.328047
2024-01-30 14:41:33: *******Train Epoch 570: averaged Loss : 5.277473
2024-01-30 14:41:33: *******Val Epoch 570: averaged Loss : 7.273116
2024-01-30 14:41:34: *******Train Epoch 571: averaged Loss : 5.237839
2024-01-30 14:41:35: *******Val Epoch 571: averaged Loss : 7.339923
2024-01-30 14:41:36: *******Train Epoch 572: averaged Loss : 5.279764
2024-01-30 14:41:36: *******Val Epoch 572: averaged Loss : 7.435033
2024-01-30 14:41:37: *******Train Epoch 573: averaged Loss : 5.251190
2024-01-30 14:41:37: *******Val Epoch 573: averaged Loss : 7.277376
2024-01-30 14:41:39: *******Train Epoch 574: averaged Loss : 5.279395
2024-01-30 14:41:39: *******Val Epoch 574: averaged Loss : 7.254472
2024-01-30 14:41:40: *******Train Epoch 575: averaged Loss : 5.248347
2024-01-30 14:41:40: *******Val Epoch 575: averaged Loss : 7.380094
2024-01-30 14:41:41: *******Train Epoch 576: averaged Loss : 5.275837
2024-01-30 14:41:41: *******Val Epoch 576: averaged Loss : 7.370519
2024-01-30 14:41:43: *******Train Epoch 577: averaged Loss : 5.283188
2024-01-30 14:41:43: *******Val Epoch 577: averaged Loss : 7.342426
2024-01-30 14:41:44: *******Train Epoch 578: averaged Loss : 5.250671
2024-01-30 14:41:44: *******Val Epoch 578: averaged Loss : 7.342699
2024-01-30 14:41:46: *******Train Epoch 579: averaged Loss : 5.207197
2024-01-30 14:41:46: *******Val Epoch 579: averaged Loss : 7.278068
2024-01-30 14:41:47: *******Train Epoch 580: averaged Loss : 5.254856
2024-01-30 14:41:47: *******Val Epoch 580: averaged Loss : 7.200289
2024-01-30 14:41:48: *******Train Epoch 581: averaged Loss : 5.263154
2024-01-30 14:41:49: *******Val Epoch 581: averaged Loss : 7.204085
2024-01-30 14:41:50: *******Train Epoch 582: averaged Loss : 5.268519
2024-01-30 14:41:50: *******Val Epoch 582: averaged Loss : 7.221305
2024-01-30 14:41:51: *******Train Epoch 583: averaged Loss : 5.261006
2024-01-30 14:41:51: *******Val Epoch 583: averaged Loss : 7.320619
2024-01-30 14:41:53: *******Train Epoch 584: averaged Loss : 5.240160
2024-01-30 14:41:53: *******Val Epoch 584: averaged Loss : 7.337711
2024-01-30 14:41:54: *******Train Epoch 585: averaged Loss : 5.288603
2024-01-30 14:41:54: *******Val Epoch 585: averaged Loss : 7.248846
2024-01-30 14:41:56: *******Train Epoch 586: averaged Loss : 5.198079
2024-01-30 14:41:56: *******Val Epoch 586: averaged Loss : 7.208475
2024-01-30 14:41:57: *******Train Epoch 587: averaged Loss : 5.244692
2024-01-30 14:41:57: *******Val Epoch 587: averaged Loss : 7.257697
2024-01-30 14:41:59: *******Train Epoch 588: averaged Loss : 5.280514
2024-01-30 14:41:59: *******Val Epoch 588: averaged Loss : 7.380282
2024-01-30 14:42:00: *******Train Epoch 589: averaged Loss : 5.246163
2024-01-30 14:42:00: *******Val Epoch 589: averaged Loss : 7.250543
2024-01-30 14:42:02: *******Train Epoch 590: averaged Loss : 5.232624
2024-01-30 14:42:02: *******Val Epoch 590: averaged Loss : 7.183220
2024-01-30 14:42:03: *******Train Epoch 591: averaged Loss : 5.224474
2024-01-30 14:42:03: *******Val Epoch 591: averaged Loss : 7.241802
2024-01-30 14:42:04: *******Train Epoch 592: averaged Loss : 5.258484
2024-01-30 14:42:04: *******Val Epoch 592: averaged Loss : 7.326034
2024-01-30 14:42:06: *******Train Epoch 593: averaged Loss : 5.273490
2024-01-30 14:42:06: *******Val Epoch 593: averaged Loss : 7.256996
2024-01-30 14:42:07: *******Train Epoch 594: averaged Loss : 5.231250
2024-01-30 14:42:07: *******Val Epoch 594: averaged Loss : 7.260682
2024-01-30 14:42:09: *******Train Epoch 595: averaged Loss : 5.210044
2024-01-30 14:42:09: *******Val Epoch 595: averaged Loss : 7.365150
2024-01-30 14:42:10: *******Train Epoch 596: averaged Loss : 5.243611
2024-01-30 14:42:10: *******Val Epoch 596: averaged Loss : 7.233401
2024-01-30 14:42:12: *******Train Epoch 597: averaged Loss : 5.225821
2024-01-30 14:42:12: *******Val Epoch 597: averaged Loss : 7.364197
2024-01-30 14:42:13: *******Train Epoch 598: averaged Loss : 5.242990
2024-01-30 14:42:13: *******Val Epoch 598: averaged Loss : 7.321434
2024-01-30 14:42:15: *******Train Epoch 599: averaged Loss : 5.242745
2024-01-30 14:42:15: *******Val Epoch 599: averaged Loss : 7.189558
2024-01-30 14:42:16: *******Train Epoch 600: averaged Loss : 5.241686
2024-01-30 14:42:16: *******Val Epoch 600: averaged Loss : 7.331237
2024-01-30 14:42:18: *******Train Epoch 601: averaged Loss : 5.237045
2024-01-30 14:42:18: *******Val Epoch 601: averaged Loss : 7.290612
2024-01-30 14:42:19: *******Train Epoch 602: averaged Loss : 5.246203
2024-01-30 14:42:19: *******Val Epoch 602: averaged Loss : 7.357014
2024-01-30 14:42:20: *******Train Epoch 603: averaged Loss : 5.214008
2024-01-30 14:42:21: *******Val Epoch 603: averaged Loss : 7.256315
2024-01-30 14:42:22: *******Train Epoch 604: averaged Loss : 5.270481
2024-01-30 14:42:22: *******Val Epoch 604: averaged Loss : 7.266129
2024-01-30 14:42:23: *******Train Epoch 605: averaged Loss : 5.196130
2024-01-30 14:42:23: *******Val Epoch 605: averaged Loss : 7.216769
2024-01-30 14:42:23: Validation performance didn't improve for 500 epochs. Training stops.
2024-01-30 14:42:23: == Training finished.
Total training time: 14.31 min	best loss: 7.0340	best epoch: 105	
2024-01-30 14:42:23: == Test results.
2024-01-30 14:42:27: test, MAE: 6.28, test MAPE: 30.9936%
2024-01-30 14:42:30: rolling, MAE: 39.90, rolling MAPE: 270.1737%
