2024-01-30 15:29:42: Experiment log path in: D:\omer\ST-SSL\experiments\Careem_linear\20240130-152942
2024-01-30 15:29:42: Experiment configs are: Namespace(seed=31, device='cuda', mode='train', best_path='None', debug=False, data_dir='data', dataset='Careem_linear', input_length=12, batch_size=32, val_batch_size=32, test_batch_size=1, graph_file='data/Careem/adj_mx.npz', d_input=1, d_output=1, d_model=64, dropout=0.2, percent=0.1, shm_temp=0.5, nmb_prototype=2, yita=1, epochs=1000, lr_init=0.001, early_stop=True, early_stop_patience=500, grad_norm=True, max_grad_norm=5, use_dwa=True, temp=4, num_nodes=285, log_dir='D:\\omer\\ST-SSL\\experiments\\Careem_linear\\20240130-152942')
2024-01-30 15:29:47: *******Train Epoch 1: averaged Loss : 19.364256
2024-01-30 15:29:47: *******Val Epoch 1: averaged Loss : 19.345060
2024-01-30 15:29:47: **************Current best model saved to D:\omer\ST-SSL\experiments\Careem_linear\20240130-152942\best_model.pth
2024-01-30 15:29:48: *******Train Epoch 2: averaged Loss : 17.211345
2024-01-30 15:29:48: *******Val Epoch 2: averaged Loss : 17.127141
2024-01-30 15:29:48: **************Current best model saved to D:\omer\ST-SSL\experiments\Careem_linear\20240130-152942\best_model.pth
2024-01-30 15:29:50: *******Train Epoch 3: averaged Loss : 15.971730
2024-01-30 15:29:50: *******Val Epoch 3: averaged Loss : 16.390106
2024-01-30 15:29:50: **************Current best model saved to D:\omer\ST-SSL\experiments\Careem_linear\20240130-152942\best_model.pth
2024-01-30 15:29:51: *******Train Epoch 4: averaged Loss : 14.407957
2024-01-30 15:29:51: *******Val Epoch 4: averaged Loss : 14.795393
2024-01-30 15:29:51: **************Current best model saved to D:\omer\ST-SSL\experiments\Careem_linear\20240130-152942\best_model.pth
2024-01-30 15:29:53: *******Train Epoch 5: averaged Loss : 13.496394
2024-01-30 15:29:53: *******Val Epoch 5: averaged Loss : 14.377789
2024-01-30 15:29:53: **************Current best model saved to D:\omer\ST-SSL\experiments\Careem_linear\20240130-152942\best_model.pth
2024-01-30 15:29:54: *******Train Epoch 6: averaged Loss : 12.971261
2024-01-30 15:29:54: *******Val Epoch 6: averaged Loss : 14.019582
2024-01-30 15:29:54: **************Current best model saved to D:\omer\ST-SSL\experiments\Careem_linear\20240130-152942\best_model.pth
2024-01-30 15:29:56: *******Train Epoch 7: averaged Loss : 12.486327
2024-01-30 15:29:56: *******Val Epoch 7: averaged Loss : 13.356091
2024-01-30 15:29:56: **************Current best model saved to D:\omer\ST-SSL\experiments\Careem_linear\20240130-152942\best_model.pth
2024-01-30 15:29:57: *******Train Epoch 8: averaged Loss : 12.136731
2024-01-30 15:29:57: *******Val Epoch 8: averaged Loss : 12.808339
2024-01-30 15:29:57: **************Current best model saved to D:\omer\ST-SSL\experiments\Careem_linear\20240130-152942\best_model.pth
2024-01-30 15:29:59: *******Train Epoch 9: averaged Loss : 11.733374
2024-01-30 15:29:59: *******Val Epoch 9: averaged Loss : 12.675992
2024-01-30 15:29:59: **************Current best model saved to D:\omer\ST-SSL\experiments\Careem_linear\20240130-152942\best_model.pth
2024-01-30 15:30:01: *******Train Epoch 10: averaged Loss : 11.475181
2024-01-30 15:30:01: *******Val Epoch 10: averaged Loss : 12.370592
2024-01-30 15:30:01: **************Current best model saved to D:\omer\ST-SSL\experiments\Careem_linear\20240130-152942\best_model.pth
2024-01-30 15:30:03: *******Train Epoch 11: averaged Loss : 11.286876
2024-01-30 15:30:03: *******Val Epoch 11: averaged Loss : 12.125844
2024-01-30 15:30:03: **************Current best model saved to D:\omer\ST-SSL\experiments\Careem_linear\20240130-152942\best_model.pth
2024-01-30 15:30:05: *******Train Epoch 12: averaged Loss : 11.031513
2024-01-30 15:30:05: *******Val Epoch 12: averaged Loss : 12.004508
2024-01-30 15:30:05: **************Current best model saved to D:\omer\ST-SSL\experiments\Careem_linear\20240130-152942\best_model.pth
2024-01-30 15:30:07: *******Train Epoch 13: averaged Loss : 10.805983
2024-01-30 15:30:07: *******Val Epoch 13: averaged Loss : 11.788099
2024-01-30 15:30:07: **************Current best model saved to D:\omer\ST-SSL\experiments\Careem_linear\20240130-152942\best_model.pth
2024-01-30 15:30:09: *******Train Epoch 14: averaged Loss : 10.551277
2024-01-30 15:30:09: *******Val Epoch 14: averaged Loss : 11.409345
2024-01-30 15:30:09: **************Current best model saved to D:\omer\ST-SSL\experiments\Careem_linear\20240130-152942\best_model.pth
2024-01-30 15:30:11: *******Train Epoch 15: averaged Loss : 10.403616
2024-01-30 15:30:11: *******Val Epoch 15: averaged Loss : 11.291745
2024-01-30 15:30:11: **************Current best model saved to D:\omer\ST-SSL\experiments\Careem_linear\20240130-152942\best_model.pth
2024-01-30 15:30:13: *******Train Epoch 16: averaged Loss : 10.224200
2024-01-30 15:30:13: *******Val Epoch 16: averaged Loss : 11.110186
2024-01-30 15:30:13: **************Current best model saved to D:\omer\ST-SSL\experiments\Careem_linear\20240130-152942\best_model.pth
2024-01-30 15:30:15: *******Train Epoch 17: averaged Loss : 10.016400
2024-01-30 15:30:15: *******Val Epoch 17: averaged Loss : 10.849642
2024-01-30 15:30:15: **************Current best model saved to D:\omer\ST-SSL\experiments\Careem_linear\20240130-152942\best_model.pth
2024-01-30 15:30:17: *******Train Epoch 18: averaged Loss : 9.858374
2024-01-30 15:30:17: *******Val Epoch 18: averaged Loss : 10.599055
2024-01-30 15:30:17: **************Current best model saved to D:\omer\ST-SSL\experiments\Careem_linear\20240130-152942\best_model.pth
2024-01-30 15:30:19: *******Train Epoch 19: averaged Loss : 9.582042
2024-01-30 15:30:19: *******Val Epoch 19: averaged Loss : 10.419326
2024-01-30 15:30:19: **************Current best model saved to D:\omer\ST-SSL\experiments\Careem_linear\20240130-152942\best_model.pth
2024-01-30 15:30:21: *******Train Epoch 20: averaged Loss : 9.465989
2024-01-30 15:30:21: *******Val Epoch 20: averaged Loss : 10.227488
2024-01-30 15:30:21: **************Current best model saved to D:\omer\ST-SSL\experiments\Careem_linear\20240130-152942\best_model.pth
2024-01-30 15:30:23: *******Train Epoch 21: averaged Loss : 9.365382
2024-01-30 15:30:23: *******Val Epoch 21: averaged Loss : 10.112937
2024-01-30 15:30:23: **************Current best model saved to D:\omer\ST-SSL\experiments\Careem_linear\20240130-152942\best_model.pth
2024-01-30 15:30:25: *******Train Epoch 22: averaged Loss : 9.198691
2024-01-30 15:30:25: *******Val Epoch 22: averaged Loss : 10.020764
2024-01-30 15:30:25: **************Current best model saved to D:\omer\ST-SSL\experiments\Careem_linear\20240130-152942\best_model.pth
2024-01-30 15:30:27: *******Train Epoch 23: averaged Loss : 9.082677
2024-01-30 15:30:27: *******Val Epoch 23: averaged Loss : 9.901145
2024-01-30 15:30:27: **************Current best model saved to D:\omer\ST-SSL\experiments\Careem_linear\20240130-152942\best_model.pth
2024-01-30 15:30:29: *******Train Epoch 24: averaged Loss : 8.980115
2024-01-30 15:30:30: *******Val Epoch 24: averaged Loss : 9.922872
2024-01-30 15:30:32: *******Train Epoch 25: averaged Loss : 8.881861
2024-01-30 15:30:32: *******Val Epoch 25: averaged Loss : 9.662727
2024-01-30 15:30:32: **************Current best model saved to D:\omer\ST-SSL\experiments\Careem_linear\20240130-152942\best_model.pth
2024-01-30 15:30:34: *******Train Epoch 26: averaged Loss : 8.823650
2024-01-30 15:30:34: *******Val Epoch 26: averaged Loss : 9.639242
2024-01-30 15:30:34: **************Current best model saved to D:\omer\ST-SSL\experiments\Careem_linear\20240130-152942\best_model.pth
2024-01-30 15:30:36: *******Train Epoch 27: averaged Loss : 8.664187
2024-01-30 15:30:36: *******Val Epoch 27: averaged Loss : 9.356484
2024-01-30 15:30:36: **************Current best model saved to D:\omer\ST-SSL\experiments\Careem_linear\20240130-152942\best_model.pth
2024-01-30 15:30:38: *******Train Epoch 28: averaged Loss : 8.610184
2024-01-30 15:30:38: *******Val Epoch 28: averaged Loss : 9.459933
2024-01-30 15:30:40: *******Train Epoch 29: averaged Loss : 8.486962
2024-01-30 15:30:40: *******Val Epoch 29: averaged Loss : 9.415133
2024-01-30 15:30:42: *******Train Epoch 30: averaged Loss : 8.427672
2024-01-30 15:30:42: *******Val Epoch 30: averaged Loss : 9.069290
2024-01-30 15:30:42: **************Current best model saved to D:\omer\ST-SSL\experiments\Careem_linear\20240130-152942\best_model.pth
2024-01-30 15:30:44: *******Train Epoch 31: averaged Loss : 8.310034
2024-01-30 15:30:44: *******Val Epoch 31: averaged Loss : 8.901027
2024-01-30 15:30:44: **************Current best model saved to D:\omer\ST-SSL\experiments\Careem_linear\20240130-152942\best_model.pth
2024-01-30 15:30:46: *******Train Epoch 32: averaged Loss : 8.261382
2024-01-30 15:30:47: *******Val Epoch 32: averaged Loss : 8.917206
2024-01-30 15:30:48: *******Train Epoch 33: averaged Loss : 8.209734
2024-01-30 15:30:49: *******Val Epoch 33: averaged Loss : 8.883452
2024-01-30 15:30:49: **************Current best model saved to D:\omer\ST-SSL\experiments\Careem_linear\20240130-152942\best_model.pth
2024-01-30 15:30:51: *******Train Epoch 34: averaged Loss : 8.092597
2024-01-30 15:30:51: *******Val Epoch 34: averaged Loss : 8.936364
2024-01-30 15:30:53: *******Train Epoch 35: averaged Loss : 8.042641
2024-01-30 15:30:53: *******Val Epoch 35: averaged Loss : 8.659762
2024-01-30 15:30:53: **************Current best model saved to D:\omer\ST-SSL\experiments\Careem_linear\20240130-152942\best_model.pth
2024-01-30 15:30:55: *******Train Epoch 36: averaged Loss : 8.036254
2024-01-30 15:30:55: *******Val Epoch 36: averaged Loss : 8.696962
2024-01-30 15:30:57: *******Train Epoch 37: averaged Loss : 7.917218
2024-01-30 15:30:57: *******Val Epoch 37: averaged Loss : 8.707394
2024-01-30 15:30:59: *******Train Epoch 38: averaged Loss : 7.894013
2024-01-30 15:30:59: *******Val Epoch 38: averaged Loss : 8.663143
2024-01-30 15:31:01: *******Train Epoch 39: averaged Loss : 7.824516
2024-01-30 15:31:01: *******Val Epoch 39: averaged Loss : 8.509856
2024-01-30 15:31:01: **************Current best model saved to D:\omer\ST-SSL\experiments\Careem_linear\20240130-152942\best_model.pth
2024-01-30 15:31:03: *******Train Epoch 40: averaged Loss : 7.738331
2024-01-30 15:31:03: *******Val Epoch 40: averaged Loss : 8.536353
2024-01-30 15:31:05: *******Train Epoch 41: averaged Loss : 7.701476
2024-01-30 15:31:05: *******Val Epoch 41: averaged Loss : 8.298855
2024-01-30 15:31:05: **************Current best model saved to D:\omer\ST-SSL\experiments\Careem_linear\20240130-152942\best_model.pth
2024-01-30 15:31:07: *******Train Epoch 42: averaged Loss : 7.725157
2024-01-30 15:31:07: *******Val Epoch 42: averaged Loss : 8.457542
2024-01-30 15:31:09: *******Train Epoch 43: averaged Loss : 7.613442
2024-01-30 15:31:09: *******Val Epoch 43: averaged Loss : 8.249548
2024-01-30 15:31:09: **************Current best model saved to D:\omer\ST-SSL\experiments\Careem_linear\20240130-152942\best_model.pth
2024-01-30 15:31:11: *******Train Epoch 44: averaged Loss : 7.627202
2024-01-30 15:31:11: *******Val Epoch 44: averaged Loss : 8.427068
2024-01-30 15:31:13: *******Train Epoch 45: averaged Loss : 7.586625
2024-01-30 15:31:13: *******Val Epoch 45: averaged Loss : 8.291451
2024-01-30 15:31:15: *******Train Epoch 46: averaged Loss : 7.486028
2024-01-30 15:31:15: *******Val Epoch 46: averaged Loss : 7.988625
2024-01-30 15:31:15: **************Current best model saved to D:\omer\ST-SSL\experiments\Careem_linear\20240130-152942\best_model.pth
2024-01-30 15:31:17: *******Train Epoch 47: averaged Loss : 7.501594
2024-01-30 15:31:17: *******Val Epoch 47: averaged Loss : 8.322104
2024-01-30 15:31:19: *******Train Epoch 48: averaged Loss : 7.451784
2024-01-30 15:31:19: *******Val Epoch 48: averaged Loss : 8.160491
2024-01-30 15:31:21: *******Train Epoch 49: averaged Loss : 7.359704
2024-01-30 15:31:21: *******Val Epoch 49: averaged Loss : 8.171765
2024-01-30 15:31:23: *******Train Epoch 50: averaged Loss : 7.408970
2024-01-30 15:31:23: *******Val Epoch 50: averaged Loss : 8.220078
2024-01-30 15:31:25: *******Train Epoch 51: averaged Loss : 7.314823
2024-01-30 15:31:26: *******Val Epoch 51: averaged Loss : 8.138076
2024-01-30 15:31:27: *******Train Epoch 52: averaged Loss : 7.347246
2024-01-30 15:31:28: *******Val Epoch 52: averaged Loss : 7.966074
2024-01-30 15:31:28: **************Current best model saved to D:\omer\ST-SSL\experiments\Careem_linear\20240130-152942\best_model.pth
2024-01-30 15:31:30: *******Train Epoch 53: averaged Loss : 7.305363
2024-01-30 15:31:30: *******Val Epoch 53: averaged Loss : 8.017300
2024-01-30 15:31:32: *******Train Epoch 54: averaged Loss : 7.350032
2024-01-30 15:31:32: *******Val Epoch 54: averaged Loss : 7.888359
2024-01-30 15:31:32: **************Current best model saved to D:\omer\ST-SSL\experiments\Careem_linear\20240130-152942\best_model.pth
2024-01-30 15:31:34: *******Train Epoch 55: averaged Loss : 7.257946
2024-01-30 15:31:34: *******Val Epoch 55: averaged Loss : 7.925054
2024-01-30 15:31:36: *******Train Epoch 56: averaged Loss : 7.194085
2024-01-30 15:31:36: *******Val Epoch 56: averaged Loss : 7.867581
2024-01-30 15:31:36: **************Current best model saved to D:\omer\ST-SSL\experiments\Careem_linear\20240130-152942\best_model.pth
2024-01-30 15:31:38: *******Train Epoch 57: averaged Loss : 7.222652
2024-01-30 15:31:38: *******Val Epoch 57: averaged Loss : 8.008149
2024-01-30 15:31:40: *******Train Epoch 58: averaged Loss : 7.201253
2024-01-30 15:31:40: *******Val Epoch 58: averaged Loss : 7.890109
2024-01-30 15:31:42: *******Train Epoch 59: averaged Loss : 7.181477
2024-01-30 15:31:42: *******Val Epoch 59: averaged Loss : 7.818688
2024-01-30 15:31:42: **************Current best model saved to D:\omer\ST-SSL\experiments\Careem_linear\20240130-152942\best_model.pth
2024-01-30 15:31:44: *******Train Epoch 60: averaged Loss : 7.148871
2024-01-30 15:31:44: *******Val Epoch 60: averaged Loss : 7.764380
2024-01-30 15:31:44: **************Current best model saved to D:\omer\ST-SSL\experiments\Careem_linear\20240130-152942\best_model.pth
2024-01-30 15:31:46: *******Train Epoch 61: averaged Loss : 7.176392
2024-01-30 15:31:46: *******Val Epoch 61: averaged Loss : 7.872974
2024-01-30 15:31:48: *******Train Epoch 62: averaged Loss : 7.036375
2024-01-30 15:31:48: *******Val Epoch 62: averaged Loss : 7.692129
2024-01-30 15:31:48: **************Current best model saved to D:\omer\ST-SSL\experiments\Careem_linear\20240130-152942\best_model.pth
2024-01-30 15:31:50: *******Train Epoch 63: averaged Loss : 7.152059
2024-01-30 15:31:50: *******Val Epoch 63: averaged Loss : 7.685568
2024-01-30 15:31:50: **************Current best model saved to D:\omer\ST-SSL\experiments\Careem_linear\20240130-152942\best_model.pth
2024-01-30 15:31:52: *******Train Epoch 64: averaged Loss : 7.096122
2024-01-30 15:31:52: *******Val Epoch 64: averaged Loss : 7.593016
2024-01-30 15:31:52: **************Current best model saved to D:\omer\ST-SSL\experiments\Careem_linear\20240130-152942\best_model.pth
2024-01-30 15:31:54: *******Train Epoch 65: averaged Loss : 7.026378
2024-01-30 15:31:54: *******Val Epoch 65: averaged Loss : 7.672680
2024-01-30 15:31:56: *******Train Epoch 66: averaged Loss : 7.018186
2024-01-30 15:31:56: *******Val Epoch 66: averaged Loss : 7.723858
2024-01-30 15:31:58: *******Train Epoch 67: averaged Loss : 7.051389
2024-01-30 15:31:58: *******Val Epoch 67: averaged Loss : 7.509489
2024-01-30 15:31:58: **************Current best model saved to D:\omer\ST-SSL\experiments\Careem_linear\20240130-152942\best_model.pth
2024-01-30 15:32:00: *******Train Epoch 68: averaged Loss : 7.016014
2024-01-30 15:32:00: *******Val Epoch 68: averaged Loss : 7.820731
2024-01-30 15:32:02: *******Train Epoch 69: averaged Loss : 6.997708
2024-01-30 15:32:02: *******Val Epoch 69: averaged Loss : 7.486776
2024-01-30 15:32:02: **************Current best model saved to D:\omer\ST-SSL\experiments\Careem_linear\20240130-152942\best_model.pth
2024-01-30 15:32:04: *******Train Epoch 70: averaged Loss : 6.941693
2024-01-30 15:32:04: *******Val Epoch 70: averaged Loss : 7.663324
2024-01-30 15:32:06: *******Train Epoch 71: averaged Loss : 6.986000
2024-01-30 15:32:06: *******Val Epoch 71: averaged Loss : 7.785226
2024-01-30 15:32:08: *******Train Epoch 72: averaged Loss : 6.894086
2024-01-30 15:32:08: *******Val Epoch 72: averaged Loss : 7.533648
2024-01-30 15:32:10: *******Train Epoch 73: averaged Loss : 6.933456
2024-01-30 15:32:10: *******Val Epoch 73: averaged Loss : 7.526623
2024-01-30 15:32:12: *******Train Epoch 74: averaged Loss : 6.898265
2024-01-30 15:32:12: *******Val Epoch 74: averaged Loss : 7.649343
2024-01-30 15:32:14: *******Train Epoch 75: averaged Loss : 6.908353
2024-01-30 15:32:14: *******Val Epoch 75: averaged Loss : 7.728695
2024-01-30 15:32:16: *******Train Epoch 76: averaged Loss : 6.850534
2024-01-30 15:32:16: *******Val Epoch 76: averaged Loss : 7.578037
2024-01-30 15:32:18: *******Train Epoch 77: averaged Loss : 6.912238
2024-01-30 15:32:18: *******Val Epoch 77: averaged Loss : 7.602234
2024-01-30 15:32:20: *******Train Epoch 78: averaged Loss : 6.865220
2024-01-30 15:32:21: *******Val Epoch 78: averaged Loss : 7.437126
2024-01-30 15:32:21: **************Current best model saved to D:\omer\ST-SSL\experiments\Careem_linear\20240130-152942\best_model.pth
2024-01-30 15:32:22: *******Train Epoch 79: averaged Loss : 6.824283
2024-01-30 15:32:23: *******Val Epoch 79: averaged Loss : 7.613482
2024-01-30 15:32:24: *******Train Epoch 80: averaged Loss : 6.799442
2024-01-30 15:32:25: *******Val Epoch 80: averaged Loss : 7.484931
2024-01-30 15:32:26: *******Train Epoch 81: averaged Loss : 6.803631
2024-01-30 15:32:27: *******Val Epoch 81: averaged Loss : 7.415805
2024-01-30 15:32:27: **************Current best model saved to D:\omer\ST-SSL\experiments\Careem_linear\20240130-152942\best_model.pth
2024-01-30 15:32:28: *******Train Epoch 82: averaged Loss : 6.811530
2024-01-30 15:32:29: *******Val Epoch 82: averaged Loss : 7.568846
2024-01-30 15:32:31: *******Train Epoch 83: averaged Loss : 6.769825
2024-01-30 15:32:31: *******Val Epoch 83: averaged Loss : 7.484391
2024-01-30 15:32:33: *******Train Epoch 84: averaged Loss : 6.796296
2024-01-30 15:32:33: *******Val Epoch 84: averaged Loss : 7.682174
2024-01-30 15:32:35: *******Train Epoch 85: averaged Loss : 6.758028
2024-01-30 15:32:35: *******Val Epoch 85: averaged Loss : 7.456390
2024-01-30 15:32:37: *******Train Epoch 86: averaged Loss : 6.791363
2024-01-30 15:32:37: *******Val Epoch 86: averaged Loss : 7.465176
2024-01-30 15:32:39: *******Train Epoch 87: averaged Loss : 6.701127
2024-01-30 15:32:39: *******Val Epoch 87: averaged Loss : 7.500827
2024-01-30 15:32:41: *******Train Epoch 88: averaged Loss : 6.716165
2024-01-30 15:32:41: *******Val Epoch 88: averaged Loss : 7.334461
2024-01-30 15:32:41: **************Current best model saved to D:\omer\ST-SSL\experiments\Careem_linear\20240130-152942\best_model.pth
2024-01-30 15:32:43: *******Train Epoch 89: averaged Loss : 6.704950
2024-01-30 15:32:43: *******Val Epoch 89: averaged Loss : 7.511692
2024-01-30 15:32:45: *******Train Epoch 90: averaged Loss : 6.675685
2024-01-30 15:32:45: *******Val Epoch 90: averaged Loss : 7.511780
2024-01-30 15:32:47: *******Train Epoch 91: averaged Loss : 6.680836
2024-01-30 15:32:47: *******Val Epoch 91: averaged Loss : 7.300288
2024-01-30 15:32:47: **************Current best model saved to D:\omer\ST-SSL\experiments\Careem_linear\20240130-152942\best_model.pth
2024-01-30 15:32:49: *******Train Epoch 92: averaged Loss : 6.702033
2024-01-30 15:32:49: *******Val Epoch 92: averaged Loss : 7.524310
2024-01-30 15:32:51: *******Train Epoch 93: averaged Loss : 6.667687
2024-01-30 15:32:51: *******Val Epoch 93: averaged Loss : 7.419860
2024-01-30 15:32:53: *******Train Epoch 94: averaged Loss : 6.738926
2024-01-30 15:32:53: *******Val Epoch 94: averaged Loss : 7.427352
2024-01-30 15:32:55: *******Train Epoch 95: averaged Loss : 6.617327
2024-01-30 15:32:55: *******Val Epoch 95: averaged Loss : 7.461871
2024-01-30 15:32:57: *******Train Epoch 96: averaged Loss : 6.639985
2024-01-30 15:32:57: *******Val Epoch 96: averaged Loss : 7.363521
2024-01-30 15:32:59: *******Train Epoch 97: averaged Loss : 6.703984
2024-01-30 15:33:00: *******Val Epoch 97: averaged Loss : 7.725068
2024-01-30 15:33:01: *******Train Epoch 98: averaged Loss : 6.652002
2024-01-30 15:33:02: *******Val Epoch 98: averaged Loss : 7.457491
2024-01-30 15:33:04: *******Train Epoch 99: averaged Loss : 6.605142
2024-01-30 15:33:04: *******Val Epoch 99: averaged Loss : 7.340392
2024-01-30 15:33:06: *******Train Epoch 100: averaged Loss : 6.594788
2024-01-30 15:33:06: *******Val Epoch 100: averaged Loss : 7.427883
2024-01-30 15:33:08: *******Train Epoch 101: averaged Loss : 6.620340
2024-01-30 15:33:08: *******Val Epoch 101: averaged Loss : 7.350733
2024-01-30 15:33:10: *******Train Epoch 102: averaged Loss : 6.538311
2024-01-30 15:33:10: *******Val Epoch 102: averaged Loss : 7.483970
2024-01-30 15:33:12: *******Train Epoch 103: averaged Loss : 6.574295
2024-01-30 15:33:12: *******Val Epoch 103: averaged Loss : 7.324290
2024-01-30 15:33:14: *******Train Epoch 104: averaged Loss : 6.572558
2024-01-30 15:33:14: *******Val Epoch 104: averaged Loss : 7.388024
2024-01-30 15:33:16: *******Train Epoch 105: averaged Loss : 6.559554
2024-01-30 15:33:16: *******Val Epoch 105: averaged Loss : 7.181684
2024-01-30 15:33:16: **************Current best model saved to D:\omer\ST-SSL\experiments\Careem_linear\20240130-152942\best_model.pth
2024-01-30 15:33:18: *******Train Epoch 106: averaged Loss : 6.500485
2024-01-30 15:33:18: *******Val Epoch 106: averaged Loss : 7.222990
2024-01-30 15:33:20: *******Train Epoch 107: averaged Loss : 6.620476
2024-01-30 15:33:20: *******Val Epoch 107: averaged Loss : 7.273289
2024-01-30 15:33:22: *******Train Epoch 108: averaged Loss : 6.496533
2024-01-30 15:33:22: *******Val Epoch 108: averaged Loss : 7.368294
2024-01-30 15:33:24: *******Train Epoch 109: averaged Loss : 6.502249
2024-01-30 15:33:24: *******Val Epoch 109: averaged Loss : 7.427042
2024-01-30 15:33:26: *******Train Epoch 110: averaged Loss : 6.525024
2024-01-30 15:33:26: *******Val Epoch 110: averaged Loss : 7.349416
2024-01-30 15:33:28: *******Train Epoch 111: averaged Loss : 6.473781
2024-01-30 15:33:28: *******Val Epoch 111: averaged Loss : 7.403320
2024-01-30 15:33:30: *******Train Epoch 112: averaged Loss : 6.494819
2024-01-30 15:33:30: *******Val Epoch 112: averaged Loss : 7.385373
2024-01-30 15:33:32: *******Train Epoch 113: averaged Loss : 6.527652
2024-01-30 15:33:32: *******Val Epoch 113: averaged Loss : 7.275324
2024-01-30 15:33:34: *******Train Epoch 114: averaged Loss : 6.453605
2024-01-30 15:33:34: *******Val Epoch 114: averaged Loss : 7.353819
2024-01-30 15:33:36: *******Train Epoch 115: averaged Loss : 6.452709
2024-01-30 15:33:36: *******Val Epoch 115: averaged Loss : 7.293271
2024-01-30 15:33:38: *******Train Epoch 116: averaged Loss : 6.465433
2024-01-30 15:33:38: *******Val Epoch 116: averaged Loss : 7.232188
2024-01-30 15:33:40: *******Train Epoch 117: averaged Loss : 6.462445
2024-01-30 15:33:40: *******Val Epoch 117: averaged Loss : 7.241161
2024-01-30 15:33:42: *******Train Epoch 118: averaged Loss : 6.471282
2024-01-30 15:33:42: *******Val Epoch 118: averaged Loss : 7.409952
2024-01-30 15:33:44: *******Train Epoch 119: averaged Loss : 6.447936
2024-01-30 15:33:44: *******Val Epoch 119: averaged Loss : 7.457043
2024-01-30 15:33:46: *******Train Epoch 120: averaged Loss : 6.452703
2024-01-30 15:33:46: *******Val Epoch 120: averaged Loss : 7.400474
2024-01-30 15:33:48: *******Train Epoch 121: averaged Loss : 6.440380
2024-01-30 15:33:48: *******Val Epoch 121: averaged Loss : 7.349086
2024-01-30 15:33:50: *******Train Epoch 122: averaged Loss : 6.430871
2024-01-30 15:33:50: *******Val Epoch 122: averaged Loss : 7.353154
2024-01-30 15:33:52: *******Train Epoch 123: averaged Loss : 6.438906
2024-01-30 15:33:52: *******Val Epoch 123: averaged Loss : 7.264682
2024-01-30 15:33:54: *******Train Epoch 124: averaged Loss : 6.422289
2024-01-30 15:33:54: *******Val Epoch 124: averaged Loss : 7.362906
2024-01-30 15:33:56: *******Train Epoch 125: averaged Loss : 6.400700
2024-01-30 15:33:56: *******Val Epoch 125: averaged Loss : 7.195758
2024-01-30 15:33:58: *******Train Epoch 126: averaged Loss : 6.367011
2024-01-30 15:33:58: *******Val Epoch 126: averaged Loss : 7.320372
2024-01-30 15:34:00: *******Train Epoch 127: averaged Loss : 6.410384
2024-01-30 15:34:00: *******Val Epoch 127: averaged Loss : 7.311479
2024-01-30 15:34:02: *******Train Epoch 128: averaged Loss : 6.365624
2024-01-30 15:34:02: *******Val Epoch 128: averaged Loss : 7.122193
2024-01-30 15:34:02: **************Current best model saved to D:\omer\ST-SSL\experiments\Careem_linear\20240130-152942\best_model.pth
2024-01-30 15:34:04: *******Train Epoch 129: averaged Loss : 6.387838
2024-01-30 15:34:04: *******Val Epoch 129: averaged Loss : 7.327246
2024-01-30 15:34:06: *******Train Epoch 130: averaged Loss : 6.358181
2024-01-30 15:34:06: *******Val Epoch 130: averaged Loss : 7.284997
2024-01-30 15:34:08: *******Train Epoch 131: averaged Loss : 6.398209
2024-01-30 15:34:08: *******Val Epoch 131: averaged Loss : 7.334661
2024-01-30 15:34:10: *******Train Epoch 132: averaged Loss : 6.316248
2024-01-30 15:34:10: *******Val Epoch 132: averaged Loss : 7.354671
2024-01-30 15:34:12: *******Train Epoch 133: averaged Loss : 6.373741
2024-01-30 15:34:13: *******Val Epoch 133: averaged Loss : 7.204195
2024-01-30 15:34:14: *******Train Epoch 134: averaged Loss : 6.360976
2024-01-30 15:34:15: *******Val Epoch 134: averaged Loss : 7.293306
2024-01-30 15:34:16: *******Train Epoch 135: averaged Loss : 6.314113
2024-01-30 15:34:17: *******Val Epoch 135: averaged Loss : 7.347116
2024-01-30 15:34:18: *******Train Epoch 136: averaged Loss : 6.340348
2024-01-30 15:34:19: *******Val Epoch 136: averaged Loss : 7.317962
2024-01-30 15:34:20: *******Train Epoch 137: averaged Loss : 6.321741
2024-01-30 15:34:21: *******Val Epoch 137: averaged Loss : 7.263354
2024-01-30 15:34:22: *******Train Epoch 138: averaged Loss : 6.328079
2024-01-30 15:34:23: *******Val Epoch 138: averaged Loss : 7.322265
2024-01-30 15:34:25: *******Train Epoch 139: averaged Loss : 6.285440
2024-01-30 15:34:25: *******Val Epoch 139: averaged Loss : 7.456809
2024-01-30 15:34:27: *******Train Epoch 140: averaged Loss : 6.201451
2024-01-30 15:34:27: *******Val Epoch 140: averaged Loss : 7.298823
2024-01-30 15:34:29: *******Train Epoch 141: averaged Loss : 6.310257
2024-01-30 15:34:29: *******Val Epoch 141: averaged Loss : 7.327266
2024-01-30 15:34:31: *******Train Epoch 142: averaged Loss : 6.286527
2024-01-30 15:34:31: *******Val Epoch 142: averaged Loss : 7.230857
2024-01-30 15:34:33: *******Train Epoch 143: averaged Loss : 6.277939
2024-01-30 15:34:33: *******Val Epoch 143: averaged Loss : 7.201194
2024-01-30 15:34:35: *******Train Epoch 144: averaged Loss : 6.243121
2024-01-30 15:34:35: *******Val Epoch 144: averaged Loss : 7.172640
2024-01-30 15:34:37: *******Train Epoch 145: averaged Loss : 6.271170
2024-01-30 15:34:37: *******Val Epoch 145: averaged Loss : 7.283318
2024-01-30 15:34:39: *******Train Epoch 146: averaged Loss : 6.267807
2024-01-30 15:34:39: *******Val Epoch 146: averaged Loss : 7.398099
2024-01-30 15:34:41: *******Train Epoch 147: averaged Loss : 6.286108
2024-01-30 15:34:41: *******Val Epoch 147: averaged Loss : 7.321707
2024-01-30 15:34:43: *******Train Epoch 148: averaged Loss : 6.221835
2024-01-30 15:34:43: *******Val Epoch 148: averaged Loss : 7.219898
2024-01-30 15:34:45: *******Train Epoch 149: averaged Loss : 6.260467
2024-01-30 15:34:45: *******Val Epoch 149: averaged Loss : 7.177822
2024-01-30 15:34:47: *******Train Epoch 150: averaged Loss : 6.265957
2024-01-30 15:34:47: *******Val Epoch 150: averaged Loss : 7.226162
2024-01-30 15:34:49: *******Train Epoch 151: averaged Loss : 6.203885
2024-01-30 15:34:49: *******Val Epoch 151: averaged Loss : 7.378185
2024-01-30 15:34:51: *******Train Epoch 152: averaged Loss : 6.239521
2024-01-30 15:34:51: *******Val Epoch 152: averaged Loss : 7.254688
2024-01-30 15:34:53: *******Train Epoch 153: averaged Loss : 6.240664
2024-01-30 15:34:53: *******Val Epoch 153: averaged Loss : 7.291114
2024-01-30 15:34:55: *******Train Epoch 154: averaged Loss : 6.230063
2024-01-30 15:34:55: *******Val Epoch 154: averaged Loss : 7.243782
2024-01-30 15:34:57: *******Train Epoch 155: averaged Loss : 6.223688
2024-01-30 15:34:57: *******Val Epoch 155: averaged Loss : 7.236328
2024-01-30 15:34:59: *******Train Epoch 156: averaged Loss : 6.211988
2024-01-30 15:34:59: *******Val Epoch 156: averaged Loss : 7.251804
2024-01-30 15:35:01: *******Train Epoch 157: averaged Loss : 6.201958
2024-01-30 15:35:01: *******Val Epoch 157: averaged Loss : 7.264839
2024-01-30 15:35:03: *******Train Epoch 158: averaged Loss : 6.197968
2024-01-30 15:35:03: *******Val Epoch 158: averaged Loss : 7.421142
2024-01-30 15:35:05: *******Train Epoch 159: averaged Loss : 6.202142
2024-01-30 15:35:05: *******Val Epoch 159: averaged Loss : 7.324533
2024-01-30 15:35:07: *******Train Epoch 160: averaged Loss : 6.187587
2024-01-30 15:35:07: *******Val Epoch 160: averaged Loss : 7.552927
2024-01-30 15:35:09: *******Train Epoch 161: averaged Loss : 6.180342
2024-01-30 15:35:09: *******Val Epoch 161: averaged Loss : 7.251979
2024-01-30 15:35:11: *******Train Epoch 162: averaged Loss : 6.179823
2024-01-30 15:35:11: *******Val Epoch 162: averaged Loss : 7.229373
2024-01-30 15:35:13: *******Train Epoch 163: averaged Loss : 6.212967
2024-01-30 15:35:13: *******Val Epoch 163: averaged Loss : 7.241522
2024-01-30 15:35:15: *******Train Epoch 164: averaged Loss : 6.138974
2024-01-30 15:35:15: *******Val Epoch 164: averaged Loss : 7.190900
2024-01-30 15:35:17: *******Train Epoch 165: averaged Loss : 6.189028
2024-01-30 15:35:17: *******Val Epoch 165: averaged Loss : 7.240592
2024-01-30 15:35:19: *******Train Epoch 166: averaged Loss : 6.157316
2024-01-30 15:35:19: *******Val Epoch 166: averaged Loss : 7.328251
2024-01-30 15:35:21: *******Train Epoch 167: averaged Loss : 6.128473
2024-01-30 15:35:21: *******Val Epoch 167: averaged Loss : 7.224789
2024-01-30 15:35:23: *******Train Epoch 168: averaged Loss : 6.160660
2024-01-30 15:35:23: *******Val Epoch 168: averaged Loss : 7.299916
2024-01-30 15:35:25: *******Train Epoch 169: averaged Loss : 6.181652
2024-01-30 15:35:25: *******Val Epoch 169: averaged Loss : 7.295986
2024-01-30 15:35:27: *******Train Epoch 170: averaged Loss : 6.082019
2024-01-30 15:35:27: *******Val Epoch 170: averaged Loss : 7.143453
2024-01-30 15:35:29: *******Train Epoch 171: averaged Loss : 6.158456
2024-01-30 15:35:29: *******Val Epoch 171: averaged Loss : 7.261991
2024-01-30 15:35:31: *******Train Epoch 172: averaged Loss : 6.100692
2024-01-30 15:35:31: *******Val Epoch 172: averaged Loss : 7.195632
2024-01-30 15:35:33: *******Train Epoch 173: averaged Loss : 6.112194
2024-01-30 15:35:33: *******Val Epoch 173: averaged Loss : 7.143246
2024-01-30 15:35:35: *******Train Epoch 174: averaged Loss : 6.134895
2024-01-30 15:35:35: *******Val Epoch 174: averaged Loss : 7.174056
2024-01-30 15:35:37: *******Train Epoch 175: averaged Loss : 6.065449
2024-01-30 15:35:37: *******Val Epoch 175: averaged Loss : 7.295802
2024-01-30 15:35:39: *******Train Epoch 176: averaged Loss : 6.113765
2024-01-30 15:35:39: *******Val Epoch 176: averaged Loss : 7.214718
2024-01-30 15:35:41: *******Train Epoch 177: averaged Loss : 6.084328
2024-01-30 15:35:41: *******Val Epoch 177: averaged Loss : 7.157144
2024-01-30 15:35:43: *******Train Epoch 178: averaged Loss : 6.113286
2024-01-30 15:35:43: *******Val Epoch 178: averaged Loss : 7.249765
2024-01-30 15:35:45: *******Train Epoch 179: averaged Loss : 6.051418
2024-01-30 15:35:45: *******Val Epoch 179: averaged Loss : 7.111845
2024-01-30 15:35:45: **************Current best model saved to D:\omer\ST-SSL\experiments\Careem_linear\20240130-152942\best_model.pth
2024-01-30 15:35:47: *******Train Epoch 180: averaged Loss : 6.136061
2024-01-30 15:35:47: *******Val Epoch 180: averaged Loss : 7.282392
2024-01-30 15:35:49: *******Train Epoch 181: averaged Loss : 6.058492
2024-01-30 15:35:49: *******Val Epoch 181: averaged Loss : 7.356497
2024-01-30 15:35:51: *******Train Epoch 182: averaged Loss : 6.108074
2024-01-30 15:35:51: *******Val Epoch 182: averaged Loss : 7.201845
2024-01-30 15:35:53: *******Train Epoch 183: averaged Loss : 6.061723
2024-01-30 15:35:53: *******Val Epoch 183: averaged Loss : 7.194732
2024-01-30 15:35:55: *******Train Epoch 184: averaged Loss : 6.054851
2024-01-30 15:35:55: *******Val Epoch 184: averaged Loss : 7.252050
2024-01-30 15:35:57: *******Train Epoch 185: averaged Loss : 6.067293
2024-01-30 15:35:57: *******Val Epoch 185: averaged Loss : 7.215804
2024-01-30 15:35:59: *******Train Epoch 186: averaged Loss : 6.105556
2024-01-30 15:35:59: *******Val Epoch 186: averaged Loss : 7.355395
2024-01-30 15:36:01: *******Train Epoch 187: averaged Loss : 6.039827
2024-01-30 15:36:01: *******Val Epoch 187: averaged Loss : 7.222849
2024-01-30 15:36:03: *******Train Epoch 188: averaged Loss : 6.071557
2024-01-30 15:36:03: *******Val Epoch 188: averaged Loss : 7.255273
2024-01-30 15:36:05: *******Train Epoch 189: averaged Loss : 6.037908
2024-01-30 15:36:05: *******Val Epoch 189: averaged Loss : 7.254742
2024-01-30 15:36:07: *******Train Epoch 190: averaged Loss : 6.034411
2024-01-30 15:36:07: *******Val Epoch 190: averaged Loss : 7.269147
2024-01-30 15:36:09: *******Train Epoch 191: averaged Loss : 6.060436
2024-01-30 15:36:09: *******Val Epoch 191: averaged Loss : 7.410920
2024-01-30 15:36:11: *******Train Epoch 192: averaged Loss : 6.000311
2024-01-30 15:36:12: *******Val Epoch 192: averaged Loss : 7.247614
2024-01-30 15:36:13: *******Train Epoch 193: averaged Loss : 6.023669
2024-01-30 15:36:14: *******Val Epoch 193: averaged Loss : 7.303818
2024-01-30 15:36:15: *******Train Epoch 194: averaged Loss : 5.973767
2024-01-30 15:36:16: *******Val Epoch 194: averaged Loss : 7.247991
2024-01-30 15:36:17: *******Train Epoch 195: averaged Loss : 6.071564
2024-01-30 15:36:18: *******Val Epoch 195: averaged Loss : 7.273090
2024-01-30 15:36:20: *******Train Epoch 196: averaged Loss : 5.981234
2024-01-30 15:36:20: *******Val Epoch 196: averaged Loss : 7.201228
2024-01-30 15:36:22: *******Train Epoch 197: averaged Loss : 5.996831
2024-01-30 15:36:22: *******Val Epoch 197: averaged Loss : 7.343172
2024-01-30 15:36:24: *******Train Epoch 198: averaged Loss : 5.992028
2024-01-30 15:36:24: *******Val Epoch 198: averaged Loss : 7.284667
2024-01-30 15:36:26: *******Train Epoch 199: averaged Loss : 6.016058
2024-01-30 15:36:26: *******Val Epoch 199: averaged Loss : 7.354381
2024-01-30 15:36:28: *******Train Epoch 200: averaged Loss : 6.005854
2024-01-30 15:36:28: *******Val Epoch 200: averaged Loss : 7.167441
2024-01-30 15:36:30: *******Train Epoch 201: averaged Loss : 6.005317
2024-01-30 15:36:30: *******Val Epoch 201: averaged Loss : 7.263910
2024-01-30 15:36:32: *******Train Epoch 202: averaged Loss : 6.002990
2024-01-30 15:36:32: *******Val Epoch 202: averaged Loss : 7.094311
2024-01-30 15:36:32: **************Current best model saved to D:\omer\ST-SSL\experiments\Careem_linear\20240130-152942\best_model.pth
2024-01-30 15:36:34: *******Train Epoch 203: averaged Loss : 6.045611
2024-01-30 15:36:34: *******Val Epoch 203: averaged Loss : 7.270500
2024-01-30 15:36:36: *******Train Epoch 204: averaged Loss : 5.942189
2024-01-30 15:36:36: *******Val Epoch 204: averaged Loss : 7.111322
2024-01-30 15:36:38: *******Train Epoch 205: averaged Loss : 5.982847
2024-01-30 15:36:38: *******Val Epoch 205: averaged Loss : 7.290546
2024-01-30 15:36:40: *******Train Epoch 206: averaged Loss : 5.922779
2024-01-30 15:36:40: *******Val Epoch 206: averaged Loss : 7.245319
2024-01-30 15:36:42: *******Train Epoch 207: averaged Loss : 6.000910
2024-01-30 15:36:42: *******Val Epoch 207: averaged Loss : 7.312761
2024-01-30 15:36:44: *******Train Epoch 208: averaged Loss : 5.951898
2024-01-30 15:36:44: *******Val Epoch 208: averaged Loss : 7.249538
2024-01-30 15:36:46: *******Train Epoch 209: averaged Loss : 5.956253
2024-01-30 15:36:46: *******Val Epoch 209: averaged Loss : 7.263899
2024-01-30 15:36:48: *******Train Epoch 210: averaged Loss : 5.989766
2024-01-30 15:36:48: *******Val Epoch 210: averaged Loss : 7.262402
2024-01-30 15:36:50: *******Train Epoch 211: averaged Loss : 5.939443
2024-01-30 15:36:50: *******Val Epoch 211: averaged Loss : 7.248240
2024-01-30 15:36:52: *******Train Epoch 212: averaged Loss : 5.979058
2024-01-30 15:36:52: *******Val Epoch 212: averaged Loss : 7.236529
2024-01-30 15:36:54: *******Train Epoch 213: averaged Loss : 5.913373
2024-01-30 15:36:54: *******Val Epoch 213: averaged Loss : 7.319182
2024-01-30 15:36:56: *******Train Epoch 214: averaged Loss : 5.941888
2024-01-30 15:36:56: *******Val Epoch 214: averaged Loss : 7.267010
2024-01-30 15:36:58: *******Train Epoch 215: averaged Loss : 5.936316
2024-01-30 15:36:58: *******Val Epoch 215: averaged Loss : 7.256787
2024-01-30 15:37:00: *******Train Epoch 216: averaged Loss : 5.954501
2024-01-30 15:37:00: *******Val Epoch 216: averaged Loss : 7.250514
2024-01-30 15:37:02: *******Train Epoch 217: averaged Loss : 5.936298
2024-01-30 15:37:02: *******Val Epoch 217: averaged Loss : 7.206174
2024-01-30 15:37:04: *******Train Epoch 218: averaged Loss : 5.958594
2024-01-30 15:37:05: *******Val Epoch 218: averaged Loss : 7.281922
2024-01-30 15:37:06: *******Train Epoch 219: averaged Loss : 5.887749
2024-01-30 15:37:07: *******Val Epoch 219: averaged Loss : 7.310087
2024-01-30 15:37:08: *******Train Epoch 220: averaged Loss : 5.905484
2024-01-30 15:37:09: *******Val Epoch 220: averaged Loss : 7.301936
2024-01-30 15:37:10: *******Train Epoch 221: averaged Loss : 5.937775
2024-01-30 15:37:11: *******Val Epoch 221: averaged Loss : 7.301434
2024-01-30 15:37:13: *******Train Epoch 222: averaged Loss : 5.941651
2024-01-30 15:37:13: *******Val Epoch 222: averaged Loss : 7.208874
2024-01-30 15:37:15: *******Train Epoch 223: averaged Loss : 5.922931
2024-01-30 15:37:15: *******Val Epoch 223: averaged Loss : 7.172929
2024-01-30 15:37:17: *******Train Epoch 224: averaged Loss : 5.884008
2024-01-30 15:37:17: *******Val Epoch 224: averaged Loss : 7.359430
2024-01-30 15:37:19: *******Train Epoch 225: averaged Loss : 5.915544
2024-01-30 15:37:19: *******Val Epoch 225: averaged Loss : 7.351694
2024-01-30 15:37:21: *******Train Epoch 226: averaged Loss : 5.884191
2024-01-30 15:37:21: *******Val Epoch 226: averaged Loss : 7.240253
2024-01-30 15:37:23: *******Train Epoch 227: averaged Loss : 5.890038
2024-01-30 15:37:23: *******Val Epoch 227: averaged Loss : 7.322505
2024-01-30 15:37:25: *******Train Epoch 228: averaged Loss : 5.880943
2024-01-30 15:37:25: *******Val Epoch 228: averaged Loss : 7.260513
2024-01-30 15:37:27: *******Train Epoch 229: averaged Loss : 5.885262
2024-01-30 15:37:27: *******Val Epoch 229: averaged Loss : 7.300555
2024-01-30 15:37:29: *******Train Epoch 230: averaged Loss : 5.914086
2024-01-30 15:37:29: *******Val Epoch 230: averaged Loss : 7.186055
2024-01-30 15:37:31: *******Train Epoch 231: averaged Loss : 5.874078
2024-01-30 15:37:31: *******Val Epoch 231: averaged Loss : 7.373729
2024-01-30 15:37:33: *******Train Epoch 232: averaged Loss : 5.881547
2024-01-30 15:37:33: *******Val Epoch 232: averaged Loss : 7.170675
2024-01-30 15:37:35: *******Train Epoch 233: averaged Loss : 5.924698
2024-01-30 15:37:35: *******Val Epoch 233: averaged Loss : 7.351194
2024-01-30 15:37:37: *******Train Epoch 234: averaged Loss : 5.871567
2024-01-30 15:37:37: *******Val Epoch 234: averaged Loss : 7.124329
2024-01-30 15:37:39: *******Train Epoch 235: averaged Loss : 5.845053
2024-01-30 15:37:39: *******Val Epoch 235: averaged Loss : 7.248248
2024-01-30 15:37:41: *******Train Epoch 236: averaged Loss : 5.911701
2024-01-30 15:37:41: *******Val Epoch 236: averaged Loss : 7.182714
2024-01-30 15:37:43: *******Train Epoch 237: averaged Loss : 5.887094
2024-01-30 15:37:43: *******Val Epoch 237: averaged Loss : 7.271046
2024-01-30 15:37:45: *******Train Epoch 238: averaged Loss : 5.883605
2024-01-30 15:37:45: *******Val Epoch 238: averaged Loss : 7.147391
2024-01-30 15:37:47: *******Train Epoch 239: averaged Loss : 5.830927
2024-01-30 15:37:47: *******Val Epoch 239: averaged Loss : 7.272342
2024-01-30 15:37:49: *******Train Epoch 240: averaged Loss : 5.909080
2024-01-30 15:37:49: *******Val Epoch 240: averaged Loss : 7.354233
2024-01-30 15:37:51: *******Train Epoch 241: averaged Loss : 5.871373
2024-01-30 15:37:51: *******Val Epoch 241: averaged Loss : 7.235036
2024-01-30 15:37:53: *******Train Epoch 242: averaged Loss : 5.809533
2024-01-30 15:37:53: *******Val Epoch 242: averaged Loss : 7.229177
2024-01-30 15:37:55: *******Train Epoch 243: averaged Loss : 5.852451
2024-01-30 15:37:55: *******Val Epoch 243: averaged Loss : 7.334611
2024-01-30 15:37:57: *******Train Epoch 244: averaged Loss : 5.838859
2024-01-30 15:37:57: *******Val Epoch 244: averaged Loss : 7.373125
2024-01-30 15:37:59: *******Train Epoch 245: averaged Loss : 5.828576
2024-01-30 15:37:59: *******Val Epoch 245: averaged Loss : 7.221037
2024-01-30 15:38:01: *******Train Epoch 246: averaged Loss : 5.843175
2024-01-30 15:38:01: *******Val Epoch 246: averaged Loss : 7.199248
2024-01-30 15:38:03: *******Train Epoch 247: averaged Loss : 5.806942
2024-01-30 15:38:03: *******Val Epoch 247: averaged Loss : 7.416328
2024-01-30 15:38:05: *******Train Epoch 248: averaged Loss : 5.818686
2024-01-30 15:38:06: *******Val Epoch 248: averaged Loss : 7.392215
2024-01-30 15:38:07: *******Train Epoch 249: averaged Loss : 5.828568
2024-01-30 15:38:08: *******Val Epoch 249: averaged Loss : 7.330476
2024-01-30 15:38:09: *******Train Epoch 250: averaged Loss : 5.834772
2024-01-30 15:38:10: *******Val Epoch 250: averaged Loss : 7.467981
2024-01-30 15:38:12: *******Train Epoch 251: averaged Loss : 5.779635
2024-01-30 15:38:12: *******Val Epoch 251: averaged Loss : 7.151747
2024-01-30 15:38:14: *******Train Epoch 252: averaged Loss : 5.860581
2024-01-30 15:38:14: *******Val Epoch 252: averaged Loss : 7.219415
2024-01-30 15:38:16: *******Train Epoch 253: averaged Loss : 5.809464
2024-01-30 15:38:16: *******Val Epoch 253: averaged Loss : 7.207311
2024-01-30 15:38:18: *******Train Epoch 254: averaged Loss : 5.789415
2024-01-30 15:38:18: *******Val Epoch 254: averaged Loss : 7.401955
2024-01-30 15:38:20: *******Train Epoch 255: averaged Loss : 5.827522
2024-01-30 15:38:20: *******Val Epoch 255: averaged Loss : 7.188621
2024-01-30 15:38:22: *******Train Epoch 256: averaged Loss : 5.761936
2024-01-30 15:38:22: *******Val Epoch 256: averaged Loss : 7.089849
2024-01-30 15:38:22: **************Current best model saved to D:\omer\ST-SSL\experiments\Careem_linear\20240130-152942\best_model.pth
2024-01-30 15:38:24: *******Train Epoch 257: averaged Loss : 5.776109
2024-01-30 15:38:24: *******Val Epoch 257: averaged Loss : 7.157785
2024-01-30 15:38:26: *******Train Epoch 258: averaged Loss : 5.837954
2024-01-30 15:38:26: *******Val Epoch 258: averaged Loss : 7.300893
2024-01-30 15:38:28: *******Train Epoch 259: averaged Loss : 5.780051
2024-01-30 15:38:28: *******Val Epoch 259: averaged Loss : 7.241403
2024-01-30 15:38:30: *******Train Epoch 260: averaged Loss : 5.785808
2024-01-30 15:38:30: *******Val Epoch 260: averaged Loss : 7.476717
2024-01-30 15:38:32: *******Train Epoch 261: averaged Loss : 5.866648
2024-01-30 15:38:32: *******Val Epoch 261: averaged Loss : 7.312732
2024-01-30 15:38:34: *******Train Epoch 262: averaged Loss : 5.783096
2024-01-30 15:38:34: *******Val Epoch 262: averaged Loss : 7.164309
2024-01-30 15:38:36: *******Train Epoch 263: averaged Loss : 5.749451
2024-01-30 15:38:36: *******Val Epoch 263: averaged Loss : 7.227439
2024-01-30 15:38:38: *******Train Epoch 264: averaged Loss : 5.804277
2024-01-30 15:38:38: *******Val Epoch 264: averaged Loss : 7.238078
2024-01-30 15:38:40: *******Train Epoch 265: averaged Loss : 5.806918
2024-01-30 15:38:40: *******Val Epoch 265: averaged Loss : 7.287216
2024-01-30 15:38:42: *******Train Epoch 266: averaged Loss : 5.776790
2024-01-30 15:38:42: *******Val Epoch 266: averaged Loss : 7.300728
2024-01-30 15:38:44: *******Train Epoch 267: averaged Loss : 5.749629
2024-01-30 15:38:44: *******Val Epoch 267: averaged Loss : 7.329206
2024-01-30 15:38:46: *******Train Epoch 268: averaged Loss : 5.806086
2024-01-30 15:38:46: *******Val Epoch 268: averaged Loss : 7.324033
2024-01-30 15:38:48: *******Train Epoch 269: averaged Loss : 5.748614
2024-01-30 15:38:48: *******Val Epoch 269: averaged Loss : 7.268528
2024-01-30 15:38:50: *******Train Epoch 270: averaged Loss : 5.747802
2024-01-30 15:38:50: *******Val Epoch 270: averaged Loss : 7.119003
2024-01-30 15:38:52: *******Train Epoch 271: averaged Loss : 5.785350
2024-01-30 15:38:52: *******Val Epoch 271: averaged Loss : 7.288341
2024-01-30 15:38:53: *******Train Epoch 272: averaged Loss : 5.785085
2024-01-30 15:38:53: Traceback (most recent call last):
  File "D:\omer\ST-SSL\main.py", line 61, in model_supervisor
    results = trainer.train() # best_eval_loss, best_epoch
              ^^^^^^^^^^^^^^^
  File "D:\omer\ST-SSL\model\trainer.py", line 116, in train
    train_epoch_loss, loss_t, epoch_losses, sep_epoch_losses = self.train_epoch(epoch, loss_weights)
                     ^^^^^^^^^^^^^^^^^^^^^^^^^^^^^^^^^^^^^^^^^^^^^^^^^^^
  File "D:\omer\ST-SSL\model\trainer.py", line 84, in val_epoch
    def val_epoch(self, epoch, val_dataloader, loss_weights):
                               ^^^^^^^^^^^^^^^^^^^^^^^^^^^^
  File "C:\Users\CITY3\.conda\envs\i-jepaVENV\Lib\site-packages\torch\nn\modules\module.py", line 1518, in _wrapped_call_impl
    return self._call_impl(*args, **kwargs)
           ^^^^^^^^^^^^^^^^^^^^^^^^^^^^^^^^
  File "C:\Users\CITY3\.conda\envs\i-jepaVENV\Lib\site-packages\torch\nn\modules\module.py", line 1527, in _call_impl
    return forward_call(*args, **kwargs)
           ^^^^^^^^^^^^^^^^^^^^^^^^^^^^^
  File "D:\omer\ST-SSL\model\models.py", line 38, in forward
    view2 = aug_traffic(t_sim_mx, view1, percent=self.args.percent)
            ^^^^^^^^^^^^^^^^^^^^^^^^^^^^^^^^^^^^^^^^^^^^^^^^^^^^^^^
  File "D:\omer\ST-SSL\model\aug.py", line 95, in aug_traffic
    mask_list = np.random.choice(n * l * v, size=mask_num, p=mask_prob)
                ^^^^^^^^^^^^^^^^^^^^^^^^^^^^^^^^^^^^^^^^^^^^^^^^^^^^^^^
KeyboardInterrupt

