2024-01-25 09:49:22: Experiment log path in: D:\omer\ST-SSL\experiments\Careem\20240125-094922
2024-01-25 09:49:22: Experiment configs are: Namespace(seed=31, device='cuda', mode='train', best_path='None', debug=False, data_dir='data', dataset='Careem', input_length=19, batch_size=32, test_batch_size=32, graph_file='data/Careem/adj_mx.npz', d_input=1, d_output=1, d_model=64, dropout=0.2, percent=0.1, shm_temp=0.5, nmb_prototype=2, yita=1, epochs=100, lr_init=0.001, early_stop=True, early_stop_patience=15, grad_norm=True, max_grad_norm=5, use_dwa=True, temp=4, num_nodes=285, log_dir='D:\\omer\\ST-SSL\\experiments\\Careem\\20240125-094922')
2024-01-25 09:49:29: *******Train Epoch 1: averaged Loss : 9.391333
2024-01-25 09:49:29: *******Val Epoch 1: averaged Loss : 8.056190
2024-01-25 09:49:29: **************Current best model saved to D:\omer\ST-SSL\experiments\Careem\20240125-094922\best_model.pth
2024-01-25 09:49:32: *******Train Epoch 2: averaged Loss : 8.388118
2024-01-25 09:49:32: *******Val Epoch 2: averaged Loss : 7.740762
2024-01-25 09:49:32: **************Current best model saved to D:\omer\ST-SSL\experiments\Careem\20240125-094922\best_model.pth
2024-01-25 09:49:34: *******Train Epoch 3: averaged Loss : 8.434023
2024-01-25 09:49:34: *******Val Epoch 3: averaged Loss : 7.876864
2024-01-25 09:49:36: *******Train Epoch 4: averaged Loss : 8.073787
2024-01-25 09:49:36: *******Val Epoch 4: averaged Loss : 7.544044
2024-01-25 09:49:36: **************Current best model saved to D:\omer\ST-SSL\experiments\Careem\20240125-094922\best_model.pth
2024-01-25 09:49:38: *******Train Epoch 5: averaged Loss : 7.910989
2024-01-25 09:49:38: *******Val Epoch 5: averaged Loss : 7.506517
2024-01-25 09:49:38: **************Current best model saved to D:\omer\ST-SSL\experiments\Careem\20240125-094922\best_model.pth
2024-01-25 09:49:40: *******Train Epoch 6: averaged Loss : 7.759883
2024-01-25 09:49:40: *******Val Epoch 6: averaged Loss : 7.286947
2024-01-25 09:49:40: **************Current best model saved to D:\omer\ST-SSL\experiments\Careem\20240125-094922\best_model.pth
2024-01-25 09:49:42: *******Train Epoch 7: averaged Loss : 7.723597
2024-01-25 09:49:43: *******Val Epoch 7: averaged Loss : 7.332593
2024-01-25 09:49:45: *******Train Epoch 8: averaged Loss : 7.772711
2024-01-25 09:49:45: *******Val Epoch 8: averaged Loss : 7.263486
2024-01-25 09:49:45: **************Current best model saved to D:\omer\ST-SSL\experiments\Careem\20240125-094922\best_model.pth
2024-01-25 09:49:47: *******Train Epoch 9: averaged Loss : 7.647367
2024-01-25 09:49:47: *******Val Epoch 9: averaged Loss : 7.412153
2024-01-25 09:49:49: *******Train Epoch 10: averaged Loss : 7.594265
2024-01-25 09:49:49: *******Val Epoch 10: averaged Loss : 7.204766
2024-01-25 09:49:49: **************Current best model saved to D:\omer\ST-SSL\experiments\Careem\20240125-094922\best_model.pth
2024-01-25 09:49:51: *******Train Epoch 11: averaged Loss : 7.499742
2024-01-25 09:49:51: *******Val Epoch 11: averaged Loss : 7.204273
2024-01-25 09:49:51: **************Current best model saved to D:\omer\ST-SSL\experiments\Careem\20240125-094922\best_model.pth
2024-01-25 09:49:53: *******Train Epoch 12: averaged Loss : 7.459007
2024-01-25 09:49:54: *******Val Epoch 12: averaged Loss : 7.317899
2024-01-25 09:49:56: *******Train Epoch 13: averaged Loss : 7.470819
2024-01-25 09:49:56: *******Val Epoch 13: averaged Loss : 7.301552
2024-01-25 09:49:58: *******Train Epoch 14: averaged Loss : 7.393525
2024-01-25 09:49:58: *******Val Epoch 14: averaged Loss : 7.084131
2024-01-25 09:49:58: **************Current best model saved to D:\omer\ST-SSL\experiments\Careem\20240125-094922\best_model.pth
2024-01-25 09:50:00: *******Train Epoch 15: averaged Loss : 7.398918
2024-01-25 09:50:00: *******Val Epoch 15: averaged Loss : 7.159756
2024-01-25 09:50:02: *******Train Epoch 16: averaged Loss : 7.319393
2024-01-25 09:50:02: *******Val Epoch 16: averaged Loss : 7.376543
2024-01-25 09:50:05: *******Train Epoch 17: averaged Loss : 7.291672
2024-01-25 09:50:05: *******Val Epoch 17: averaged Loss : 7.130685
2024-01-25 09:50:07: *******Train Epoch 18: averaged Loss : 7.313491
2024-01-25 09:50:07: *******Val Epoch 18: averaged Loss : 7.026326
2024-01-25 09:50:07: **************Current best model saved to D:\omer\ST-SSL\experiments\Careem\20240125-094922\best_model.pth
2024-01-25 09:50:09: *******Train Epoch 19: averaged Loss : 7.328082
2024-01-25 09:50:09: *******Val Epoch 19: averaged Loss : 7.045390
2024-01-25 09:50:11: *******Train Epoch 20: averaged Loss : 7.287332
2024-01-25 09:50:11: *******Val Epoch 20: averaged Loss : 7.064494
2024-01-25 09:50:13: *******Train Epoch 21: averaged Loss : 7.305174
2024-01-25 09:50:13: *******Val Epoch 21: averaged Loss : 6.988513
2024-01-25 09:50:13: **************Current best model saved to D:\omer\ST-SSL\experiments\Careem\20240125-094922\best_model.pth
2024-01-25 09:50:15: *******Train Epoch 22: averaged Loss : 7.170338
2024-01-25 09:50:16: *******Val Epoch 22: averaged Loss : 7.032331
2024-01-25 09:50:18: *******Train Epoch 23: averaged Loss : 7.153598
2024-01-25 09:50:18: *******Val Epoch 23: averaged Loss : 7.278629
2024-01-25 09:50:20: *******Train Epoch 24: averaged Loss : 7.170977
2024-01-25 09:50:20: *******Val Epoch 24: averaged Loss : 7.002591
2024-01-25 09:50:22: *******Train Epoch 25: averaged Loss : 7.091680
2024-01-25 09:50:22: *******Val Epoch 25: averaged Loss : 6.989040
2024-01-25 09:50:24: *******Train Epoch 26: averaged Loss : 7.069619
2024-01-25 09:50:24: *******Val Epoch 26: averaged Loss : 6.940327
2024-01-25 09:50:24: **************Current best model saved to D:\omer\ST-SSL\experiments\Careem\20240125-094922\best_model.pth
2024-01-25 09:50:26: *******Train Epoch 27: averaged Loss : 7.100525
2024-01-25 09:50:26: *******Val Epoch 27: averaged Loss : 7.135492
2024-01-25 09:50:28: *******Train Epoch 28: averaged Loss : 7.111884
2024-01-25 09:50:28: *******Val Epoch 28: averaged Loss : 6.918637
2024-01-25 09:50:28: **************Current best model saved to D:\omer\ST-SSL\experiments\Careem\20240125-094922\best_model.pth
2024-01-25 09:50:30: *******Train Epoch 29: averaged Loss : 7.046495
2024-01-25 09:50:31: *******Val Epoch 29: averaged Loss : 7.058686
2024-01-25 09:50:33: *******Train Epoch 30: averaged Loss : 7.104571
2024-01-25 09:50:33: *******Val Epoch 30: averaged Loss : 6.877713
2024-01-25 09:50:33: **************Current best model saved to D:\omer\ST-SSL\experiments\Careem\20240125-094922\best_model.pth
2024-01-25 09:50:35: *******Train Epoch 31: averaged Loss : 7.015205
2024-01-25 09:50:35: *******Val Epoch 31: averaged Loss : 6.986477
2024-01-25 09:50:37: *******Train Epoch 32: averaged Loss : 7.001628
2024-01-25 09:50:37: *******Val Epoch 32: averaged Loss : 6.891729
2024-01-25 09:50:39: *******Train Epoch 33: averaged Loss : 6.966120
2024-01-25 09:50:39: *******Val Epoch 33: averaged Loss : 6.875743
2024-01-25 09:50:39: **************Current best model saved to D:\omer\ST-SSL\experiments\Careem\20240125-094922\best_model.pth
2024-01-25 09:50:41: *******Train Epoch 34: averaged Loss : 6.954514
2024-01-25 09:50:41: *******Val Epoch 34: averaged Loss : 6.848004
2024-01-25 09:50:41: **************Current best model saved to D:\omer\ST-SSL\experiments\Careem\20240125-094922\best_model.pth
2024-01-25 09:50:43: *******Train Epoch 35: averaged Loss : 6.962392
2024-01-25 09:50:43: *******Val Epoch 35: averaged Loss : 6.889885
2024-01-25 09:50:46: *******Train Epoch 36: averaged Loss : 6.964714
2024-01-25 09:50:46: *******Val Epoch 36: averaged Loss : 7.137620
2024-01-25 09:50:48: *******Train Epoch 37: averaged Loss : 6.898133
2024-01-25 09:50:48: *******Val Epoch 37: averaged Loss : 6.784424
2024-01-25 09:50:48: **************Current best model saved to D:\omer\ST-SSL\experiments\Careem\20240125-094922\best_model.pth
2024-01-25 09:50:50: *******Train Epoch 38: averaged Loss : 6.902539
2024-01-25 09:50:50: *******Val Epoch 38: averaged Loss : 6.760382
2024-01-25 09:50:50: **************Current best model saved to D:\omer\ST-SSL\experiments\Careem\20240125-094922\best_model.pth
2024-01-25 09:50:52: *******Train Epoch 39: averaged Loss : 6.906247
2024-01-25 09:50:52: *******Val Epoch 39: averaged Loss : 6.882530
2024-01-25 09:50:54: *******Train Epoch 40: averaged Loss : 6.909101
2024-01-25 09:50:54: *******Val Epoch 40: averaged Loss : 6.879022
2024-01-25 09:50:56: *******Train Epoch 41: averaged Loss : 6.888433
2024-01-25 09:50:57: *******Val Epoch 41: averaged Loss : 6.806710
2024-01-25 09:50:59: *******Train Epoch 42: averaged Loss : 6.861470
2024-01-25 09:50:59: *******Val Epoch 42: averaged Loss : 6.769896
2024-01-25 09:51:01: *******Train Epoch 43: averaged Loss : 6.785275
2024-01-25 09:51:01: *******Val Epoch 43: averaged Loss : 6.752660
2024-01-25 09:51:01: **************Current best model saved to D:\omer\ST-SSL\experiments\Careem\20240125-094922\best_model.pth
2024-01-25 09:51:03: *******Train Epoch 44: averaged Loss : 6.849793
2024-01-25 09:51:03: *******Val Epoch 44: averaged Loss : 6.924657
2024-01-25 09:51:05: *******Train Epoch 45: averaged Loss : 6.814838
2024-01-25 09:51:05: *******Val Epoch 45: averaged Loss : 6.798547
2024-01-25 09:51:07: *******Train Epoch 46: averaged Loss : 6.810721
2024-01-25 09:51:07: *******Val Epoch 46: averaged Loss : 6.753452
2024-01-25 09:51:10: *******Train Epoch 47: averaged Loss : 6.732714
2024-01-25 09:51:10: *******Val Epoch 47: averaged Loss : 6.776312
2024-01-25 09:51:12: *******Train Epoch 48: averaged Loss : 6.759822
2024-01-25 09:51:12: *******Val Epoch 48: averaged Loss : 6.905955
2024-01-25 09:51:14: *******Train Epoch 49: averaged Loss : 6.806417
2024-01-25 09:51:14: *******Val Epoch 49: averaged Loss : 6.785832
2024-01-25 09:51:16: *******Train Epoch 50: averaged Loss : 6.744778
2024-01-25 09:51:16: *******Val Epoch 50: averaged Loss : 6.847462
2024-01-25 09:51:18: *******Train Epoch 51: averaged Loss : 6.720815
2024-01-25 09:51:18: *******Val Epoch 51: averaged Loss : 6.751906
2024-01-25 09:51:18: **************Current best model saved to D:\omer\ST-SSL\experiments\Careem\20240125-094922\best_model.pth
2024-01-25 09:51:20: *******Train Epoch 52: averaged Loss : 6.752828
2024-01-25 09:51:20: *******Val Epoch 52: averaged Loss : 6.736544
2024-01-25 09:51:20: **************Current best model saved to D:\omer\ST-SSL\experiments\Careem\20240125-094922\best_model.pth
2024-01-25 09:51:22: *******Train Epoch 53: averaged Loss : 6.712671
2024-01-25 09:51:23: *******Val Epoch 53: averaged Loss : 6.785465
2024-01-25 09:51:25: *******Train Epoch 54: averaged Loss : 6.677100
2024-01-25 09:51:25: *******Val Epoch 54: averaged Loss : 6.697758
2024-01-25 09:51:25: **************Current best model saved to D:\omer\ST-SSL\experiments\Careem\20240125-094922\best_model.pth
2024-01-25 09:51:27: *******Train Epoch 55: averaged Loss : 6.682752
2024-01-25 09:51:27: *******Val Epoch 55: averaged Loss : 6.856162
2024-01-25 09:51:29: *******Train Epoch 56: averaged Loss : 6.680416
2024-01-25 09:51:29: *******Val Epoch 56: averaged Loss : 6.829814
2024-01-25 09:51:31: *******Train Epoch 57: averaged Loss : 6.649606
2024-01-25 09:51:31: *******Val Epoch 57: averaged Loss : 6.724682
2024-01-25 09:51:33: *******Train Epoch 58: averaged Loss : 6.694022
2024-01-25 09:51:33: *******Val Epoch 58: averaged Loss : 6.687570
2024-01-25 09:51:33: **************Current best model saved to D:\omer\ST-SSL\experiments\Careem\20240125-094922\best_model.pth
2024-01-25 09:51:35: *******Train Epoch 59: averaged Loss : 6.704354
2024-01-25 09:51:36: *******Val Epoch 59: averaged Loss : 6.842302
2024-01-25 09:51:38: *******Train Epoch 60: averaged Loss : 6.669765
2024-01-25 09:51:38: *******Val Epoch 60: averaged Loss : 6.803011
2024-01-25 09:51:40: *******Train Epoch 61: averaged Loss : 6.635902
2024-01-25 09:51:40: *******Val Epoch 61: averaged Loss : 6.735427
2024-01-25 09:51:42: *******Train Epoch 62: averaged Loss : 6.611424
2024-01-25 09:51:42: *******Val Epoch 62: averaged Loss : 6.639200
2024-01-25 09:51:42: **************Current best model saved to D:\omer\ST-SSL\experiments\Careem\20240125-094922\best_model.pth
2024-01-25 09:51:44: *******Train Epoch 63: averaged Loss : 6.623933
2024-01-25 09:51:44: *******Val Epoch 63: averaged Loss : 6.658280
2024-01-25 09:51:46: *******Train Epoch 64: averaged Loss : 6.578345
2024-01-25 09:51:46: *******Val Epoch 64: averaged Loss : 6.648316
2024-01-25 09:51:49: *******Train Epoch 65: averaged Loss : 6.579828
2024-01-25 09:51:49: *******Val Epoch 65: averaged Loss : 6.699397
2024-01-25 09:51:51: *******Train Epoch 66: averaged Loss : 6.574101
2024-01-25 09:51:51: *******Val Epoch 66: averaged Loss : 6.722474
2024-01-25 09:51:53: *******Train Epoch 67: averaged Loss : 6.547573
2024-01-25 09:51:53: *******Val Epoch 67: averaged Loss : 6.749429
2024-01-25 09:51:55: *******Train Epoch 68: averaged Loss : 6.572965
2024-01-25 09:51:55: *******Val Epoch 68: averaged Loss : 6.742687
2024-01-25 09:51:57: *******Train Epoch 69: averaged Loss : 6.520853
2024-01-25 09:51:57: *******Val Epoch 69: averaged Loss : 6.672914
2024-01-25 09:52:00: *******Train Epoch 70: averaged Loss : 6.549690
2024-01-25 09:52:00: *******Val Epoch 70: averaged Loss : 6.712113
2024-01-25 09:52:02: *******Train Epoch 71: averaged Loss : 6.536931
2024-01-25 09:52:02: *******Val Epoch 71: averaged Loss : 6.696980
2024-01-25 09:52:04: *******Train Epoch 72: averaged Loss : 6.493602
2024-01-25 09:52:04: *******Val Epoch 72: averaged Loss : 6.620602
2024-01-25 09:52:04: **************Current best model saved to D:\omer\ST-SSL\experiments\Careem\20240125-094922\best_model.pth
2024-01-25 09:52:06: *******Train Epoch 73: averaged Loss : 6.486580
2024-01-25 09:52:06: *******Val Epoch 73: averaged Loss : 6.707803
2024-01-25 09:52:08: *******Train Epoch 74: averaged Loss : 6.536206
2024-01-25 09:52:08: *******Val Epoch 74: averaged Loss : 6.675498
2024-01-25 09:52:11: *******Train Epoch 75: averaged Loss : 6.478941
2024-01-25 09:52:11: *******Val Epoch 75: averaged Loss : 6.821039
2024-01-25 09:52:13: *******Train Epoch 76: averaged Loss : 6.484224
2024-01-25 09:52:13: *******Val Epoch 76: averaged Loss : 6.672388
2024-01-25 09:52:15: *******Train Epoch 77: averaged Loss : 6.460456
2024-01-25 09:52:15: *******Val Epoch 77: averaged Loss : 6.916598
2024-01-25 09:52:17: *******Train Epoch 78: averaged Loss : 6.422276
2024-01-25 09:52:17: *******Val Epoch 78: averaged Loss : 6.724768
2024-01-25 09:52:19: *******Train Epoch 79: averaged Loss : 6.447992
2024-01-25 09:52:19: *******Val Epoch 79: averaged Loss : 6.769198
2024-01-25 09:52:21: *******Train Epoch 80: averaged Loss : 6.461644
2024-01-25 09:52:22: *******Val Epoch 80: averaged Loss : 6.674925
2024-01-25 09:52:24: *******Train Epoch 81: averaged Loss : 6.423888
2024-01-25 09:52:24: *******Val Epoch 81: averaged Loss : 6.691783
2024-01-25 09:52:26: *******Train Epoch 82: averaged Loss : 6.420379
2024-01-25 09:52:26: *******Val Epoch 82: averaged Loss : 6.641171
2024-01-25 09:52:28: *******Train Epoch 83: averaged Loss : 6.484259
2024-01-25 09:52:28: *******Val Epoch 83: averaged Loss : 6.784119
2024-01-25 09:52:30: *******Train Epoch 84: averaged Loss : 6.386231
2024-01-25 09:52:30: *******Val Epoch 84: averaged Loss : 6.725533
2024-01-25 09:52:32: *******Train Epoch 85: averaged Loss : 6.402494
2024-01-25 09:52:32: *******Val Epoch 85: averaged Loss : 6.665305
2024-01-25 09:52:35: *******Train Epoch 86: averaged Loss : 6.387835
2024-01-25 09:52:35: *******Val Epoch 86: averaged Loss : 6.654828
2024-01-25 09:52:37: *******Train Epoch 87: averaged Loss : 6.400962
2024-01-25 09:52:37: *******Val Epoch 87: averaged Loss : 6.682002
2024-01-25 09:52:37: Validation performance didn't improve for 15 epochs. Training stops.
2024-01-25 09:52:37: == Training finished.
Total training time: 3.24 min	best loss: 6.6206	best epoch: 72	
2024-01-25 09:52:37: == Test results.
2024-01-25 09:52:37: INFLOW, MAE: 6.08, MAPE: 31.8418%
