2024-01-30 16:01:46: Experiment log path in: D:\omer\ST-SSL\experiments\Careem_linear\20240130-160146
2024-01-30 16:01:46: Experiment configs are: Namespace(seed=31, device='cuda', mode='train', best_path='None', debug=False, data_dir='data', dataset='Careem_linear', input_length=12, batch_size=32, val_batch_size=32, test_batch_size=1, graph_file='data/Careem/adj_mx.npz', d_input=1, d_output=1, d_model=64, dropout=0.2, percent=0.1, shm_temp=0.5, nmb_prototype=2, yita=1, epochs=500, lr_init=0.001, early_stop=True, early_stop_patience=250, grad_norm=True, max_grad_norm=5, use_dwa=True, temp=4, num_nodes=285, log_dir='D:\\omer\\ST-SSL\\experiments\\Careem_linear\\20240130-160146')
2024-01-30 16:01:49: *******Train Epoch 1: averaged Loss : 19.364256
2024-01-30 16:01:49: *******Val Epoch 1: averaged Loss : 19.345060
2024-01-30 16:01:49: **************Current best model saved to D:\omer\ST-SSL\experiments\Careem_linear\20240130-160146\best_model.pth
2024-01-30 16:01:50: *******Train Epoch 2: averaged Loss : 17.211345
2024-01-30 16:01:50: *******Val Epoch 2: averaged Loss : 17.127141
2024-01-30 16:01:50: **************Current best model saved to D:\omer\ST-SSL\experiments\Careem_linear\20240130-160146\best_model.pth
2024-01-30 16:01:52: *******Train Epoch 3: averaged Loss : 15.971730
2024-01-30 16:01:52: *******Val Epoch 3: averaged Loss : 16.390106
2024-01-30 16:01:52: **************Current best model saved to D:\omer\ST-SSL\experiments\Careem_linear\20240130-160146\best_model.pth
2024-01-30 16:01:53: *******Train Epoch 4: averaged Loss : 14.407957
2024-01-30 16:01:53: *******Val Epoch 4: averaged Loss : 14.795393
2024-01-30 16:01:53: **************Current best model saved to D:\omer\ST-SSL\experiments\Careem_linear\20240130-160146\best_model.pth
2024-01-30 16:01:54: *******Train Epoch 5: averaged Loss : 13.496394
2024-01-30 16:01:55: *******Val Epoch 5: averaged Loss : 14.377789
2024-01-30 16:01:55: **************Current best model saved to D:\omer\ST-SSL\experiments\Careem_linear\20240130-160146\best_model.pth
2024-01-30 16:01:56: *******Train Epoch 6: averaged Loss : 12.971261
2024-01-30 16:01:56: *******Val Epoch 6: averaged Loss : 14.019582
2024-01-30 16:01:56: **************Current best model saved to D:\omer\ST-SSL\experiments\Careem_linear\20240130-160146\best_model.pth
2024-01-30 16:01:57: *******Train Epoch 7: averaged Loss : 12.486327
2024-01-30 16:01:58: *******Val Epoch 7: averaged Loss : 13.356091
2024-01-30 16:01:58: **************Current best model saved to D:\omer\ST-SSL\experiments\Careem_linear\20240130-160146\best_model.pth
2024-01-30 16:01:59: *******Train Epoch 8: averaged Loss : 12.136731
2024-01-30 16:01:59: *******Val Epoch 8: averaged Loss : 12.808339
2024-01-30 16:01:59: **************Current best model saved to D:\omer\ST-SSL\experiments\Careem_linear\20240130-160146\best_model.pth
2024-01-30 16:02:00: *******Train Epoch 9: averaged Loss : 11.733374
2024-01-30 16:02:01: *******Val Epoch 9: averaged Loss : 12.675992
2024-01-30 16:02:01: **************Current best model saved to D:\omer\ST-SSL\experiments\Careem_linear\20240130-160146\best_model.pth
2024-01-30 16:02:02: *******Train Epoch 10: averaged Loss : 11.475181
2024-01-30 16:02:02: *******Val Epoch 10: averaged Loss : 12.370592
2024-01-30 16:02:02: **************Current best model saved to D:\omer\ST-SSL\experiments\Careem_linear\20240130-160146\best_model.pth
2024-01-30 16:02:03: *******Train Epoch 11: averaged Loss : 11.286876
2024-01-30 16:02:04: *******Val Epoch 11: averaged Loss : 12.125844
2024-01-30 16:02:04: **************Current best model saved to D:\omer\ST-SSL\experiments\Careem_linear\20240130-160146\best_model.pth
2024-01-30 16:02:05: *******Train Epoch 12: averaged Loss : 11.031513
2024-01-30 16:02:05: *******Val Epoch 12: averaged Loss : 12.004508
2024-01-30 16:02:05: **************Current best model saved to D:\omer\ST-SSL\experiments\Careem_linear\20240130-160146\best_model.pth
2024-01-30 16:02:06: *******Train Epoch 13: averaged Loss : 10.805983
2024-01-30 16:02:07: *******Val Epoch 13: averaged Loss : 11.788099
2024-01-30 16:02:07: **************Current best model saved to D:\omer\ST-SSL\experiments\Careem_linear\20240130-160146\best_model.pth
2024-01-30 16:02:08: *******Train Epoch 14: averaged Loss : 10.551277
2024-01-30 16:02:08: *******Val Epoch 14: averaged Loss : 11.409345
2024-01-30 16:02:08: **************Current best model saved to D:\omer\ST-SSL\experiments\Careem_linear\20240130-160146\best_model.pth
2024-01-30 16:02:09: *******Train Epoch 15: averaged Loss : 10.403616
2024-01-30 16:02:09: *******Val Epoch 15: averaged Loss : 11.291745
2024-01-30 16:02:09: **************Current best model saved to D:\omer\ST-SSL\experiments\Careem_linear\20240130-160146\best_model.pth
2024-01-30 16:02:11: *******Train Epoch 16: averaged Loss : 10.224200
2024-01-30 16:02:11: *******Val Epoch 16: averaged Loss : 11.110186
2024-01-30 16:02:11: **************Current best model saved to D:\omer\ST-SSL\experiments\Careem_linear\20240130-160146\best_model.pth
2024-01-30 16:02:12: *******Train Epoch 17: averaged Loss : 10.016400
2024-01-30 16:02:12: *******Val Epoch 17: averaged Loss : 10.849642
2024-01-30 16:02:12: **************Current best model saved to D:\omer\ST-SSL\experiments\Careem_linear\20240130-160146\best_model.pth
2024-01-30 16:02:14: *******Train Epoch 18: averaged Loss : 9.858374
2024-01-30 16:02:14: *******Val Epoch 18: averaged Loss : 10.599055
2024-01-30 16:02:14: **************Current best model saved to D:\omer\ST-SSL\experiments\Careem_linear\20240130-160146\best_model.pth
2024-01-30 16:02:15: *******Train Epoch 19: averaged Loss : 9.582042
2024-01-30 16:02:16: *******Val Epoch 19: averaged Loss : 10.419326
2024-01-30 16:02:16: **************Current best model saved to D:\omer\ST-SSL\experiments\Careem_linear\20240130-160146\best_model.pth
2024-01-30 16:02:17: *******Train Epoch 20: averaged Loss : 9.465989
2024-01-30 16:02:17: *******Val Epoch 20: averaged Loss : 10.227488
2024-01-30 16:02:17: **************Current best model saved to D:\omer\ST-SSL\experiments\Careem_linear\20240130-160146\best_model.pth
2024-01-30 16:02:18: *******Train Epoch 21: averaged Loss : 9.365382
2024-01-30 16:02:19: *******Val Epoch 21: averaged Loss : 10.112937
2024-01-30 16:02:19: **************Current best model saved to D:\omer\ST-SSL\experiments\Careem_linear\20240130-160146\best_model.pth
2024-01-30 16:02:20: *******Train Epoch 22: averaged Loss : 9.198691
2024-01-30 16:02:20: *******Val Epoch 22: averaged Loss : 10.020764
2024-01-30 16:02:20: **************Current best model saved to D:\omer\ST-SSL\experiments\Careem_linear\20240130-160146\best_model.pth
2024-01-30 16:02:21: *******Train Epoch 23: averaged Loss : 9.082677
2024-01-30 16:02:21: *******Val Epoch 23: averaged Loss : 9.901145
2024-01-30 16:02:21: **************Current best model saved to D:\omer\ST-SSL\experiments\Careem_linear\20240130-160146\best_model.pth
2024-01-30 16:02:23: *******Train Epoch 24: averaged Loss : 8.980115
2024-01-30 16:02:23: *******Val Epoch 24: averaged Loss : 9.922872
2024-01-30 16:02:24: *******Train Epoch 25: averaged Loss : 8.881861
2024-01-30 16:02:24: *******Val Epoch 25: averaged Loss : 9.662727
2024-01-30 16:02:24: **************Current best model saved to D:\omer\ST-SSL\experiments\Careem_linear\20240130-160146\best_model.pth
2024-01-30 16:02:26: *******Train Epoch 26: averaged Loss : 8.823650
2024-01-30 16:02:26: *******Val Epoch 26: averaged Loss : 9.639242
2024-01-30 16:02:26: **************Current best model saved to D:\omer\ST-SSL\experiments\Careem_linear\20240130-160146\best_model.pth
2024-01-30 16:02:27: *******Train Epoch 27: averaged Loss : 8.664187
2024-01-30 16:02:27: *******Val Epoch 27: averaged Loss : 9.356484
2024-01-30 16:02:27: **************Current best model saved to D:\omer\ST-SSL\experiments\Careem_linear\20240130-160146\best_model.pth
2024-01-30 16:02:28: *******Train Epoch 28: averaged Loss : 8.610184
2024-01-30 16:02:29: *******Val Epoch 28: averaged Loss : 9.459933
2024-01-30 16:02:30: *******Train Epoch 29: averaged Loss : 8.486962
2024-01-30 16:02:30: *******Val Epoch 29: averaged Loss : 9.415133
2024-01-30 16:02:31: *******Train Epoch 30: averaged Loss : 8.427672
2024-01-30 16:02:31: *******Val Epoch 30: averaged Loss : 9.069290
2024-01-30 16:02:31: **************Current best model saved to D:\omer\ST-SSL\experiments\Careem_linear\20240130-160146\best_model.pth
2024-01-30 16:02:33: *******Train Epoch 31: averaged Loss : 8.310034
2024-01-30 16:02:33: *******Val Epoch 31: averaged Loss : 8.901027
2024-01-30 16:02:33: **************Current best model saved to D:\omer\ST-SSL\experiments\Careem_linear\20240130-160146\best_model.pth
2024-01-30 16:02:34: *******Train Epoch 32: averaged Loss : 8.261382
2024-01-30 16:02:34: *******Val Epoch 32: averaged Loss : 8.917206
2024-01-30 16:02:35: *******Train Epoch 33: averaged Loss : 8.209734
2024-01-30 16:02:35: *******Val Epoch 33: averaged Loss : 8.883452
2024-01-30 16:02:35: **************Current best model saved to D:\omer\ST-SSL\experiments\Careem_linear\20240130-160146\best_model.pth
2024-01-30 16:02:37: *******Train Epoch 34: averaged Loss : 8.092597
2024-01-30 16:02:37: *******Val Epoch 34: averaged Loss : 8.936364
2024-01-30 16:02:38: *******Train Epoch 35: averaged Loss : 8.042641
2024-01-30 16:02:38: *******Val Epoch 35: averaged Loss : 8.659762
2024-01-30 16:02:38: **************Current best model saved to D:\omer\ST-SSL\experiments\Careem_linear\20240130-160146\best_model.pth
2024-01-30 16:02:40: *******Train Epoch 36: averaged Loss : 8.036254
2024-01-30 16:02:40: *******Val Epoch 36: averaged Loss : 8.696962
2024-01-30 16:02:41: *******Train Epoch 37: averaged Loss : 7.917218
2024-01-30 16:02:41: *******Val Epoch 37: averaged Loss : 8.707394
2024-01-30 16:02:42: *******Train Epoch 38: averaged Loss : 7.894013
2024-01-30 16:02:42: *******Val Epoch 38: averaged Loss : 8.663143
2024-01-30 16:02:44: *******Train Epoch 39: averaged Loss : 7.824516
2024-01-30 16:02:44: *******Val Epoch 39: averaged Loss : 8.509856
2024-01-30 16:02:44: **************Current best model saved to D:\omer\ST-SSL\experiments\Careem_linear\20240130-160146\best_model.pth
2024-01-30 16:02:45: *******Train Epoch 40: averaged Loss : 7.738331
2024-01-30 16:02:45: *******Val Epoch 40: averaged Loss : 8.536353
2024-01-30 16:02:46: *******Train Epoch 41: averaged Loss : 7.701476
2024-01-30 16:02:47: *******Val Epoch 41: averaged Loss : 8.298855
2024-01-30 16:02:47: **************Current best model saved to D:\omer\ST-SSL\experiments\Careem_linear\20240130-160146\best_model.pth
2024-01-30 16:02:48: *******Train Epoch 42: averaged Loss : 7.725157
2024-01-30 16:02:48: *******Val Epoch 42: averaged Loss : 8.457542
2024-01-30 16:02:49: *******Train Epoch 43: averaged Loss : 7.613442
2024-01-30 16:02:49: *******Val Epoch 43: averaged Loss : 8.249548
2024-01-30 16:02:49: **************Current best model saved to D:\omer\ST-SSL\experiments\Careem_linear\20240130-160146\best_model.pth
2024-01-30 16:02:51: *******Train Epoch 44: averaged Loss : 7.627202
2024-01-30 16:02:51: *******Val Epoch 44: averaged Loss : 8.427068
2024-01-30 16:02:52: *******Train Epoch 45: averaged Loss : 7.586625
2024-01-30 16:02:52: *******Val Epoch 45: averaged Loss : 8.291451
2024-01-30 16:02:53: *******Train Epoch 46: averaged Loss : 7.486028
2024-01-30 16:02:53: *******Val Epoch 46: averaged Loss : 7.988625
2024-01-30 16:02:53: **************Current best model saved to D:\omer\ST-SSL\experiments\Careem_linear\20240130-160146\best_model.pth
2024-01-30 16:02:55: *******Train Epoch 47: averaged Loss : 7.501594
2024-01-30 16:02:55: *******Val Epoch 47: averaged Loss : 8.322104
2024-01-30 16:02:56: *******Train Epoch 48: averaged Loss : 7.451784
2024-01-30 16:02:56: *******Val Epoch 48: averaged Loss : 8.160491
2024-01-30 16:02:58: *******Train Epoch 49: averaged Loss : 7.359704
2024-01-30 16:02:58: *******Val Epoch 49: averaged Loss : 8.171765
2024-01-30 16:02:59: *******Train Epoch 50: averaged Loss : 7.408970
2024-01-30 16:02:59: *******Val Epoch 50: averaged Loss : 8.220078
2024-01-30 16:03:00: *******Train Epoch 51: averaged Loss : 7.314823
2024-01-30 16:03:00: *******Val Epoch 51: averaged Loss : 8.138076
2024-01-30 16:03:02: *******Train Epoch 52: averaged Loss : 7.347246
2024-01-30 16:03:02: *******Val Epoch 52: averaged Loss : 7.966074
2024-01-30 16:03:02: **************Current best model saved to D:\omer\ST-SSL\experiments\Careem_linear\20240130-160146\best_model.pth
2024-01-30 16:03:03: *******Train Epoch 53: averaged Loss : 7.305363
2024-01-30 16:03:03: *******Val Epoch 53: averaged Loss : 8.017300
2024-01-30 16:03:05: *******Train Epoch 54: averaged Loss : 7.350032
2024-01-30 16:03:05: *******Val Epoch 54: averaged Loss : 7.888359
2024-01-30 16:03:05: **************Current best model saved to D:\omer\ST-SSL\experiments\Careem_linear\20240130-160146\best_model.pth
2024-01-30 16:03:06: *******Train Epoch 55: averaged Loss : 7.257946
2024-01-30 16:03:06: *******Val Epoch 55: averaged Loss : 7.925054
2024-01-30 16:03:07: *******Train Epoch 56: averaged Loss : 7.194085
2024-01-30 16:03:07: *******Val Epoch 56: averaged Loss : 7.867581
2024-01-30 16:03:07: **************Current best model saved to D:\omer\ST-SSL\experiments\Careem_linear\20240130-160146\best_model.pth
2024-01-30 16:03:09: *******Train Epoch 57: averaged Loss : 7.222652
2024-01-30 16:03:09: *******Val Epoch 57: averaged Loss : 8.008149
2024-01-30 16:03:10: *******Train Epoch 58: averaged Loss : 7.201253
2024-01-30 16:03:10: *******Val Epoch 58: averaged Loss : 7.890109
2024-01-30 16:03:12: *******Train Epoch 59: averaged Loss : 7.181477
2024-01-30 16:03:12: *******Val Epoch 59: averaged Loss : 7.818688
2024-01-30 16:03:12: **************Current best model saved to D:\omer\ST-SSL\experiments\Careem_linear\20240130-160146\best_model.pth
2024-01-30 16:03:13: *******Train Epoch 60: averaged Loss : 7.148871
2024-01-30 16:03:13: *******Val Epoch 60: averaged Loss : 7.764380
2024-01-30 16:03:13: **************Current best model saved to D:\omer\ST-SSL\experiments\Careem_linear\20240130-160146\best_model.pth
2024-01-30 16:03:15: *******Train Epoch 61: averaged Loss : 7.176392
2024-01-30 16:03:15: *******Val Epoch 61: averaged Loss : 7.872974
2024-01-30 16:03:17: *******Train Epoch 62: averaged Loss : 7.036375
2024-01-30 16:03:17: *******Val Epoch 62: averaged Loss : 7.692129
2024-01-30 16:03:17: **************Current best model saved to D:\omer\ST-SSL\experiments\Careem_linear\20240130-160146\best_model.pth
2024-01-30 16:03:19: *******Train Epoch 63: averaged Loss : 7.152059
2024-01-30 16:03:19: *******Val Epoch 63: averaged Loss : 7.685568
2024-01-30 16:03:19: **************Current best model saved to D:\omer\ST-SSL\experiments\Careem_linear\20240130-160146\best_model.pth
2024-01-30 16:03:21: *******Train Epoch 64: averaged Loss : 7.096122
2024-01-30 16:03:21: *******Val Epoch 64: averaged Loss : 7.593016
2024-01-30 16:03:21: **************Current best model saved to D:\omer\ST-SSL\experiments\Careem_linear\20240130-160146\best_model.pth
2024-01-30 16:03:23: *******Train Epoch 65: averaged Loss : 7.026378
2024-01-30 16:03:23: *******Val Epoch 65: averaged Loss : 7.672680
2024-01-30 16:03:25: *******Train Epoch 66: averaged Loss : 7.018186
2024-01-30 16:03:25: *******Val Epoch 66: averaged Loss : 7.723858
2024-01-30 16:03:27: *******Train Epoch 67: averaged Loss : 7.051389
2024-01-30 16:03:27: *******Val Epoch 67: averaged Loss : 7.509489
2024-01-30 16:03:27: **************Current best model saved to D:\omer\ST-SSL\experiments\Careem_linear\20240130-160146\best_model.pth
2024-01-30 16:03:29: *******Train Epoch 68: averaged Loss : 7.016014
2024-01-30 16:03:29: *******Val Epoch 68: averaged Loss : 7.820731
2024-01-30 16:03:31: *******Train Epoch 69: averaged Loss : 6.997708
2024-01-30 16:03:32: *******Val Epoch 69: averaged Loss : 7.486776
2024-01-30 16:03:32: **************Current best model saved to D:\omer\ST-SSL\experiments\Careem_linear\20240130-160146\best_model.pth
2024-01-30 16:03:33: *******Train Epoch 70: averaged Loss : 6.941693
2024-01-30 16:03:34: *******Val Epoch 70: averaged Loss : 7.663324
2024-01-30 16:03:36: *******Train Epoch 71: averaged Loss : 6.986000
2024-01-30 16:03:36: *******Val Epoch 71: averaged Loss : 7.785226
2024-01-30 16:03:38: *******Train Epoch 72: averaged Loss : 6.894086
2024-01-30 16:03:38: *******Val Epoch 72: averaged Loss : 7.533648
2024-01-30 16:03:40: *******Train Epoch 73: averaged Loss : 6.933456
2024-01-30 16:03:40: *******Val Epoch 73: averaged Loss : 7.526623
2024-01-30 16:03:42: *******Train Epoch 74: averaged Loss : 6.898265
2024-01-30 16:03:42: *******Val Epoch 74: averaged Loss : 7.649343
2024-01-30 16:03:44: *******Train Epoch 75: averaged Loss : 6.908353
2024-01-30 16:03:44: *******Val Epoch 75: averaged Loss : 7.728695
2024-01-30 16:03:46: *******Train Epoch 76: averaged Loss : 6.850534
2024-01-30 16:03:46: *******Val Epoch 76: averaged Loss : 7.578037
2024-01-30 16:03:48: *******Train Epoch 77: averaged Loss : 6.912238
2024-01-30 16:03:48: *******Val Epoch 77: averaged Loss : 7.602234
2024-01-30 16:03:50: *******Train Epoch 78: averaged Loss : 6.865220
2024-01-30 16:03:50: *******Val Epoch 78: averaged Loss : 7.437126
2024-01-30 16:03:50: **************Current best model saved to D:\omer\ST-SSL\experiments\Careem_linear\20240130-160146\best_model.pth
2024-01-30 16:03:52: *******Train Epoch 79: averaged Loss : 6.824283
2024-01-30 16:03:52: *******Val Epoch 79: averaged Loss : 7.613482
2024-01-30 16:03:54: *******Train Epoch 80: averaged Loss : 6.799442
2024-01-30 16:03:54: *******Val Epoch 80: averaged Loss : 7.484931
2024-01-30 16:03:56: *******Train Epoch 81: averaged Loss : 6.803631
2024-01-30 16:03:56: *******Val Epoch 81: averaged Loss : 7.415805
2024-01-30 16:03:56: **************Current best model saved to D:\omer\ST-SSL\experiments\Careem_linear\20240130-160146\best_model.pth
2024-01-30 16:03:58: *******Train Epoch 82: averaged Loss : 6.811530
2024-01-30 16:03:59: *******Val Epoch 82: averaged Loss : 7.568846
2024-01-30 16:04:00: *******Train Epoch 83: averaged Loss : 6.769825
2024-01-30 16:04:01: *******Val Epoch 83: averaged Loss : 7.484391
2024-01-30 16:04:03: *******Train Epoch 84: averaged Loss : 6.796296
2024-01-30 16:04:03: *******Val Epoch 84: averaged Loss : 7.682174
2024-01-30 16:04:05: *******Train Epoch 85: averaged Loss : 6.758028
2024-01-30 16:04:05: *******Val Epoch 85: averaged Loss : 7.456390
2024-01-30 16:04:07: *******Train Epoch 86: averaged Loss : 6.791363
2024-01-30 16:04:07: *******Val Epoch 86: averaged Loss : 7.465176
2024-01-30 16:04:09: *******Train Epoch 87: averaged Loss : 6.701127
2024-01-30 16:04:09: *******Val Epoch 87: averaged Loss : 7.500827
2024-01-30 16:04:11: *******Train Epoch 88: averaged Loss : 6.716165
2024-01-30 16:04:11: *******Val Epoch 88: averaged Loss : 7.334461
2024-01-30 16:04:11: **************Current best model saved to D:\omer\ST-SSL\experiments\Careem_linear\20240130-160146\best_model.pth
2024-01-30 16:04:13: *******Train Epoch 89: averaged Loss : 6.704950
2024-01-30 16:04:13: *******Val Epoch 89: averaged Loss : 7.511692
2024-01-30 16:04:15: *******Train Epoch 90: averaged Loss : 6.675685
2024-01-30 16:04:15: *******Val Epoch 90: averaged Loss : 7.511780
2024-01-30 16:04:17: *******Train Epoch 91: averaged Loss : 6.680836
2024-01-30 16:04:17: *******Val Epoch 91: averaged Loss : 7.300288
2024-01-30 16:04:17: **************Current best model saved to D:\omer\ST-SSL\experiments\Careem_linear\20240130-160146\best_model.pth
2024-01-30 16:04:19: *******Train Epoch 92: averaged Loss : 6.702033
2024-01-30 16:04:19: *******Val Epoch 92: averaged Loss : 7.524310
2024-01-30 16:04:21: *******Train Epoch 93: averaged Loss : 6.667687
2024-01-30 16:04:21: *******Val Epoch 93: averaged Loss : 7.419860
2024-01-30 16:04:23: *******Train Epoch 94: averaged Loss : 6.738926
2024-01-30 16:04:23: *******Val Epoch 94: averaged Loss : 7.427352
2024-01-30 16:04:25: *******Train Epoch 95: averaged Loss : 6.617327
2024-01-30 16:04:25: *******Val Epoch 95: averaged Loss : 7.461871
2024-01-30 16:04:26: *******Train Epoch 96: averaged Loss : 6.639985
2024-01-30 16:04:26: *******Val Epoch 96: averaged Loss : 7.363521
2024-01-30 16:04:27: *******Train Epoch 97: averaged Loss : 6.703984
2024-01-30 16:04:27: *******Val Epoch 97: averaged Loss : 7.725068
2024-01-30 16:04:29: *******Train Epoch 98: averaged Loss : 6.652002
2024-01-30 16:04:29: *******Val Epoch 98: averaged Loss : 7.457491
2024-01-30 16:04:30: *******Train Epoch 99: averaged Loss : 6.605142
2024-01-30 16:04:30: *******Val Epoch 99: averaged Loss : 7.340392
2024-01-30 16:04:32: *******Train Epoch 100: averaged Loss : 6.594788
2024-01-30 16:04:32: *******Val Epoch 100: averaged Loss : 7.427883
2024-01-30 16:04:33: *******Train Epoch 101: averaged Loss : 6.620340
2024-01-30 16:04:33: *******Val Epoch 101: averaged Loss : 7.350733
2024-01-30 16:04:35: *******Train Epoch 102: averaged Loss : 6.538311
2024-01-30 16:04:35: *******Val Epoch 102: averaged Loss : 7.483970
2024-01-30 16:04:36: *******Train Epoch 103: averaged Loss : 6.574295
2024-01-30 16:04:36: *******Val Epoch 103: averaged Loss : 7.324290
2024-01-30 16:04:37: *******Train Epoch 104: averaged Loss : 6.572558
2024-01-30 16:04:37: *******Val Epoch 104: averaged Loss : 7.388024
2024-01-30 16:04:39: *******Train Epoch 105: averaged Loss : 6.559554
2024-01-30 16:04:39: *******Val Epoch 105: averaged Loss : 7.181684
2024-01-30 16:04:39: **************Current best model saved to D:\omer\ST-SSL\experiments\Careem_linear\20240130-160146\best_model.pth
2024-01-30 16:04:40: *******Train Epoch 106: averaged Loss : 6.500485
2024-01-30 16:04:40: *******Val Epoch 106: averaged Loss : 7.222990
2024-01-30 16:04:42: *******Train Epoch 107: averaged Loss : 6.620476
2024-01-30 16:04:42: *******Val Epoch 107: averaged Loss : 7.273289
2024-01-30 16:04:43: *******Train Epoch 108: averaged Loss : 6.496533
2024-01-30 16:04:43: *******Val Epoch 108: averaged Loss : 7.368294
2024-01-30 16:04:45: *******Train Epoch 109: averaged Loss : 6.502249
2024-01-30 16:04:45: *******Val Epoch 109: averaged Loss : 7.427042
2024-01-30 16:04:46: *******Train Epoch 110: averaged Loss : 6.525024
2024-01-30 16:04:46: *******Val Epoch 110: averaged Loss : 7.349416
2024-01-30 16:04:47: *******Train Epoch 111: averaged Loss : 6.473781
2024-01-30 16:04:47: *******Val Epoch 111: averaged Loss : 7.403320
2024-01-30 16:04:49: *******Train Epoch 112: averaged Loss : 6.494819
2024-01-30 16:04:49: *******Val Epoch 112: averaged Loss : 7.385373
2024-01-30 16:04:50: *******Train Epoch 113: averaged Loss : 6.527652
2024-01-30 16:04:50: *******Val Epoch 113: averaged Loss : 7.275324
2024-01-30 16:04:52: *******Train Epoch 114: averaged Loss : 6.453605
2024-01-30 16:04:52: *******Val Epoch 114: averaged Loss : 7.353819
2024-01-30 16:04:53: *******Train Epoch 115: averaged Loss : 6.452709
2024-01-30 16:04:53: *******Val Epoch 115: averaged Loss : 7.293271
2024-01-30 16:04:54: *******Train Epoch 116: averaged Loss : 6.465433
2024-01-30 16:04:55: *******Val Epoch 116: averaged Loss : 7.232188
2024-01-30 16:04:56: *******Train Epoch 117: averaged Loss : 6.462445
2024-01-30 16:04:56: *******Val Epoch 117: averaged Loss : 7.241161
2024-01-30 16:04:57: *******Train Epoch 118: averaged Loss : 6.471282
2024-01-30 16:04:57: *******Val Epoch 118: averaged Loss : 7.409952
2024-01-30 16:04:59: *******Train Epoch 119: averaged Loss : 6.447936
2024-01-30 16:04:59: *******Val Epoch 119: averaged Loss : 7.457043
2024-01-30 16:05:00: *******Train Epoch 120: averaged Loss : 6.452703
2024-01-30 16:05:00: *******Val Epoch 120: averaged Loss : 7.400474
2024-01-30 16:05:02: *******Train Epoch 121: averaged Loss : 6.440380
2024-01-30 16:05:02: *******Val Epoch 121: averaged Loss : 7.349086
2024-01-30 16:05:03: *******Train Epoch 122: averaged Loss : 6.430871
2024-01-30 16:05:03: *******Val Epoch 122: averaged Loss : 7.353154
2024-01-30 16:05:05: *******Train Epoch 123: averaged Loss : 6.438906
2024-01-30 16:05:05: *******Val Epoch 123: averaged Loss : 7.264682
2024-01-30 16:05:06: *******Train Epoch 124: averaged Loss : 6.422289
2024-01-30 16:05:06: *******Val Epoch 124: averaged Loss : 7.362906
2024-01-30 16:05:07: *******Train Epoch 125: averaged Loss : 6.400700
2024-01-30 16:05:08: *******Val Epoch 125: averaged Loss : 7.195758
2024-01-30 16:05:09: *******Train Epoch 126: averaged Loss : 6.367011
2024-01-30 16:05:09: *******Val Epoch 126: averaged Loss : 7.320372
2024-01-30 16:05:10: *******Train Epoch 127: averaged Loss : 6.410384
2024-01-30 16:05:10: *******Val Epoch 127: averaged Loss : 7.311479
2024-01-30 16:05:12: *******Train Epoch 128: averaged Loss : 6.365624
2024-01-30 16:05:12: *******Val Epoch 128: averaged Loss : 7.122193
2024-01-30 16:05:12: **************Current best model saved to D:\omer\ST-SSL\experiments\Careem_linear\20240130-160146\best_model.pth
2024-01-30 16:05:13: *******Train Epoch 129: averaged Loss : 6.387838
2024-01-30 16:05:13: *******Val Epoch 129: averaged Loss : 7.327246
2024-01-30 16:05:15: *******Train Epoch 130: averaged Loss : 6.358181
2024-01-30 16:05:15: *******Val Epoch 130: averaged Loss : 7.284997
2024-01-30 16:05:16: *******Train Epoch 131: averaged Loss : 6.398209
2024-01-30 16:05:16: *******Val Epoch 131: averaged Loss : 7.334661
2024-01-30 16:05:18: *******Train Epoch 132: averaged Loss : 6.316248
2024-01-30 16:05:18: *******Val Epoch 132: averaged Loss : 7.354671
2024-01-30 16:05:19: *******Train Epoch 133: averaged Loss : 6.373741
2024-01-30 16:05:19: *******Val Epoch 133: averaged Loss : 7.204195
2024-01-30 16:05:20: *******Train Epoch 134: averaged Loss : 6.360976
2024-01-30 16:05:21: *******Val Epoch 134: averaged Loss : 7.293306
2024-01-30 16:05:22: *******Train Epoch 135: averaged Loss : 6.314113
2024-01-30 16:05:22: *******Val Epoch 135: averaged Loss : 7.347116
2024-01-30 16:05:23: *******Train Epoch 136: averaged Loss : 6.340348
2024-01-30 16:05:23: *******Val Epoch 136: averaged Loss : 7.317962
2024-01-30 16:05:25: *******Train Epoch 137: averaged Loss : 6.321741
2024-01-30 16:05:25: *******Val Epoch 137: averaged Loss : 7.263354
2024-01-30 16:05:26: *******Train Epoch 138: averaged Loss : 6.328079
2024-01-30 16:05:26: *******Val Epoch 138: averaged Loss : 7.322265
2024-01-30 16:05:28: *******Train Epoch 139: averaged Loss : 6.285440
2024-01-30 16:05:28: *******Val Epoch 139: averaged Loss : 7.456809
2024-01-30 16:05:29: *******Train Epoch 140: averaged Loss : 6.201451
2024-01-30 16:05:29: *******Val Epoch 140: averaged Loss : 7.298823
2024-01-30 16:05:30: *******Train Epoch 141: averaged Loss : 6.310257
2024-01-30 16:05:31: *******Val Epoch 141: averaged Loss : 7.327266
2024-01-30 16:05:32: *******Train Epoch 142: averaged Loss : 6.286527
2024-01-30 16:05:32: *******Val Epoch 142: averaged Loss : 7.230857
2024-01-30 16:05:33: *******Train Epoch 143: averaged Loss : 6.277939
2024-01-30 16:05:33: *******Val Epoch 143: averaged Loss : 7.201194
2024-01-30 16:05:35: *******Train Epoch 144: averaged Loss : 6.243121
2024-01-30 16:05:35: *******Val Epoch 144: averaged Loss : 7.172640
2024-01-30 16:05:36: *******Train Epoch 145: averaged Loss : 6.271170
2024-01-30 16:05:36: *******Val Epoch 145: averaged Loss : 7.283318
2024-01-30 16:05:38: *******Train Epoch 146: averaged Loss : 6.267807
2024-01-30 16:05:38: *******Val Epoch 146: averaged Loss : 7.398099
2024-01-30 16:05:39: *******Train Epoch 147: averaged Loss : 6.286108
2024-01-30 16:05:39: *******Val Epoch 147: averaged Loss : 7.321707
2024-01-30 16:05:40: *******Train Epoch 148: averaged Loss : 6.221835
2024-01-30 16:05:41: *******Val Epoch 148: averaged Loss : 7.219898
2024-01-30 16:05:42: *******Train Epoch 149: averaged Loss : 6.260467
2024-01-30 16:05:42: *******Val Epoch 149: averaged Loss : 7.177822
2024-01-30 16:05:43: *******Train Epoch 150: averaged Loss : 6.265957
2024-01-30 16:05:43: *******Val Epoch 150: averaged Loss : 7.226162
2024-01-30 16:05:45: *******Train Epoch 151: averaged Loss : 6.203885
2024-01-30 16:05:45: *******Val Epoch 151: averaged Loss : 7.378185
2024-01-30 16:05:46: *******Train Epoch 152: averaged Loss : 6.239521
2024-01-30 16:05:46: *******Val Epoch 152: averaged Loss : 7.254688
2024-01-30 16:05:48: *******Train Epoch 153: averaged Loss : 6.240664
2024-01-30 16:05:48: *******Val Epoch 153: averaged Loss : 7.291114
2024-01-30 16:05:49: *******Train Epoch 154: averaged Loss : 6.230063
2024-01-30 16:05:49: *******Val Epoch 154: averaged Loss : 7.243782
2024-01-30 16:05:50: *******Train Epoch 155: averaged Loss : 6.223688
2024-01-30 16:05:51: *******Val Epoch 155: averaged Loss : 7.236328
2024-01-30 16:05:52: *******Train Epoch 156: averaged Loss : 6.211988
2024-01-30 16:05:52: *******Val Epoch 156: averaged Loss : 7.251804
2024-01-30 16:05:53: *******Train Epoch 157: averaged Loss : 6.201958
2024-01-30 16:05:53: *******Val Epoch 157: averaged Loss : 7.264839
2024-01-30 16:05:55: *******Train Epoch 158: averaged Loss : 6.197968
2024-01-30 16:05:55: *******Val Epoch 158: averaged Loss : 7.421142
2024-01-30 16:05:56: *******Train Epoch 159: averaged Loss : 6.202142
2024-01-30 16:05:56: *******Val Epoch 159: averaged Loss : 7.324533
2024-01-30 16:05:58: *******Train Epoch 160: averaged Loss : 6.187587
2024-01-30 16:05:58: *******Val Epoch 160: averaged Loss : 7.552927
2024-01-30 16:05:59: *******Train Epoch 161: averaged Loss : 6.180342
2024-01-30 16:05:59: *******Val Epoch 161: averaged Loss : 7.251979
2024-01-30 16:06:01: *******Train Epoch 162: averaged Loss : 6.179823
2024-01-30 16:06:01: *******Val Epoch 162: averaged Loss : 7.229373
2024-01-30 16:06:02: *******Train Epoch 163: averaged Loss : 6.212967
2024-01-30 16:06:02: *******Val Epoch 163: averaged Loss : 7.241522
2024-01-30 16:06:03: *******Train Epoch 164: averaged Loss : 6.138974
2024-01-30 16:06:04: *******Val Epoch 164: averaged Loss : 7.190900
2024-01-30 16:06:05: *******Train Epoch 165: averaged Loss : 6.189028
2024-01-30 16:06:05: *******Val Epoch 165: averaged Loss : 7.240592
2024-01-30 16:06:06: *******Train Epoch 166: averaged Loss : 6.157316
2024-01-30 16:06:06: *******Val Epoch 166: averaged Loss : 7.328251
2024-01-30 16:06:08: *******Train Epoch 167: averaged Loss : 6.128473
2024-01-30 16:06:08: *******Val Epoch 167: averaged Loss : 7.224789
2024-01-30 16:06:09: *******Train Epoch 168: averaged Loss : 6.160660
2024-01-30 16:06:09: *******Val Epoch 168: averaged Loss : 7.299916
2024-01-30 16:06:11: *******Train Epoch 169: averaged Loss : 6.181652
2024-01-30 16:06:11: *******Val Epoch 169: averaged Loss : 7.295986
2024-01-30 16:06:12: *******Train Epoch 170: averaged Loss : 6.082019
2024-01-30 16:06:12: *******Val Epoch 170: averaged Loss : 7.143453
2024-01-30 16:06:14: *******Train Epoch 171: averaged Loss : 6.158456
2024-01-30 16:06:14: *******Val Epoch 171: averaged Loss : 7.261991
2024-01-30 16:06:15: *******Train Epoch 172: averaged Loss : 6.100692
2024-01-30 16:06:15: *******Val Epoch 172: averaged Loss : 7.195632
2024-01-30 16:06:17: *******Train Epoch 173: averaged Loss : 6.112194
2024-01-30 16:06:17: *******Val Epoch 173: averaged Loss : 7.143246
2024-01-30 16:06:18: *******Train Epoch 174: averaged Loss : 6.134895
2024-01-30 16:06:18: *******Val Epoch 174: averaged Loss : 7.174056
2024-01-30 16:06:19: *******Train Epoch 175: averaged Loss : 6.065449
2024-01-30 16:06:20: *******Val Epoch 175: averaged Loss : 7.295802
2024-01-30 16:06:21: *******Train Epoch 176: averaged Loss : 6.113765
2024-01-30 16:06:21: *******Val Epoch 176: averaged Loss : 7.214718
2024-01-30 16:06:22: *******Train Epoch 177: averaged Loss : 6.084328
2024-01-30 16:06:22: *******Val Epoch 177: averaged Loss : 7.157144
2024-01-30 16:06:24: *******Train Epoch 178: averaged Loss : 6.113286
2024-01-30 16:06:24: *******Val Epoch 178: averaged Loss : 7.249765
2024-01-30 16:06:25: *******Train Epoch 179: averaged Loss : 6.051418
2024-01-30 16:06:25: *******Val Epoch 179: averaged Loss : 7.111845
2024-01-30 16:06:25: **************Current best model saved to D:\omer\ST-SSL\experiments\Careem_linear\20240130-160146\best_model.pth
2024-01-30 16:06:27: *******Train Epoch 180: averaged Loss : 6.136061
2024-01-30 16:06:27: *******Val Epoch 180: averaged Loss : 7.282392
2024-01-30 16:06:28: *******Train Epoch 181: averaged Loss : 6.058492
2024-01-30 16:06:28: *******Val Epoch 181: averaged Loss : 7.356497
2024-01-30 16:06:29: *******Train Epoch 182: averaged Loss : 6.108074
2024-01-30 16:06:29: *******Val Epoch 182: averaged Loss : 7.201845
2024-01-30 16:06:31: *******Train Epoch 183: averaged Loss : 6.061723
2024-01-30 16:06:31: *******Val Epoch 183: averaged Loss : 7.194732
2024-01-30 16:06:32: *******Train Epoch 184: averaged Loss : 6.054851
2024-01-30 16:06:32: *******Val Epoch 184: averaged Loss : 7.252050
2024-01-30 16:06:34: *******Train Epoch 185: averaged Loss : 6.067293
2024-01-30 16:06:34: *******Val Epoch 185: averaged Loss : 7.215804
2024-01-30 16:06:35: *******Train Epoch 186: averaged Loss : 6.105556
2024-01-30 16:06:35: *******Val Epoch 186: averaged Loss : 7.355395
2024-01-30 16:06:37: *******Train Epoch 187: averaged Loss : 6.039827
2024-01-30 16:06:37: *******Val Epoch 187: averaged Loss : 7.222849
2024-01-30 16:06:38: *******Train Epoch 188: averaged Loss : 6.071557
2024-01-30 16:06:38: *******Val Epoch 188: averaged Loss : 7.255273
2024-01-30 16:06:40: *******Train Epoch 189: averaged Loss : 6.037908
2024-01-30 16:06:40: *******Val Epoch 189: averaged Loss : 7.254742
2024-01-30 16:06:41: *******Train Epoch 190: averaged Loss : 6.034411
2024-01-30 16:06:41: *******Val Epoch 190: averaged Loss : 7.269147
2024-01-30 16:06:42: *******Train Epoch 191: averaged Loss : 6.060436
2024-01-30 16:06:43: *******Val Epoch 191: averaged Loss : 7.410920
2024-01-30 16:06:44: *******Train Epoch 192: averaged Loss : 6.000311
2024-01-30 16:06:44: *******Val Epoch 192: averaged Loss : 7.247614
2024-01-30 16:06:45: *******Train Epoch 193: averaged Loss : 6.023669
2024-01-30 16:06:45: *******Val Epoch 193: averaged Loss : 7.303818
2024-01-30 16:06:47: *******Train Epoch 194: averaged Loss : 5.973767
2024-01-30 16:06:47: *******Val Epoch 194: averaged Loss : 7.247991
2024-01-30 16:06:48: *******Train Epoch 195: averaged Loss : 6.071564
2024-01-30 16:06:48: *******Val Epoch 195: averaged Loss : 7.273090
2024-01-30 16:06:50: *******Train Epoch 196: averaged Loss : 5.981234
2024-01-30 16:06:50: *******Val Epoch 196: averaged Loss : 7.201228
2024-01-30 16:06:51: *******Train Epoch 197: averaged Loss : 5.996831
2024-01-30 16:06:51: *******Val Epoch 197: averaged Loss : 7.343172
2024-01-30 16:06:52: *******Train Epoch 198: averaged Loss : 5.992028
2024-01-30 16:06:53: *******Val Epoch 198: averaged Loss : 7.284667
2024-01-30 16:06:54: *******Train Epoch 199: averaged Loss : 6.016058
2024-01-30 16:06:54: *******Val Epoch 199: averaged Loss : 7.354381
2024-01-30 16:06:55: *******Train Epoch 200: averaged Loss : 6.005854
2024-01-30 16:06:55: *******Val Epoch 200: averaged Loss : 7.167441
2024-01-30 16:06:57: *******Train Epoch 201: averaged Loss : 6.005317
2024-01-30 16:06:57: *******Val Epoch 201: averaged Loss : 7.263910
2024-01-30 16:06:58: *******Train Epoch 202: averaged Loss : 6.002990
2024-01-30 16:06:58: *******Val Epoch 202: averaged Loss : 7.094311
2024-01-30 16:06:58: **************Current best model saved to D:\omer\ST-SSL\experiments\Careem_linear\20240130-160146\best_model.pth
2024-01-30 16:07:00: *******Train Epoch 203: averaged Loss : 6.045611
2024-01-30 16:07:00: *******Val Epoch 203: averaged Loss : 7.270500
2024-01-30 16:07:01: *******Train Epoch 204: averaged Loss : 5.942189
2024-01-30 16:07:01: *******Val Epoch 204: averaged Loss : 7.111322
2024-01-30 16:07:03: *******Train Epoch 205: averaged Loss : 5.982847
2024-01-30 16:07:03: *******Val Epoch 205: averaged Loss : 7.290546
2024-01-30 16:07:04: *******Train Epoch 206: averaged Loss : 5.922779
2024-01-30 16:07:04: *******Val Epoch 206: averaged Loss : 7.245319
2024-01-30 16:07:05: *******Train Epoch 207: averaged Loss : 6.000910
2024-01-30 16:07:05: *******Val Epoch 207: averaged Loss : 7.312761
2024-01-30 16:07:07: *******Train Epoch 208: averaged Loss : 5.951898
2024-01-30 16:07:07: *******Val Epoch 208: averaged Loss : 7.249538
2024-01-30 16:07:08: *******Train Epoch 209: averaged Loss : 5.956253
2024-01-30 16:07:08: *******Val Epoch 209: averaged Loss : 7.263899
2024-01-30 16:07:10: *******Train Epoch 210: averaged Loss : 5.989766
2024-01-30 16:07:10: *******Val Epoch 210: averaged Loss : 7.262402
2024-01-30 16:07:11: *******Train Epoch 211: averaged Loss : 5.939443
2024-01-30 16:07:11: *******Val Epoch 211: averaged Loss : 7.248240
2024-01-30 16:07:12: *******Train Epoch 212: averaged Loss : 5.979058
2024-01-30 16:07:12: *******Val Epoch 212: averaged Loss : 7.236529
2024-01-30 16:07:14: *******Train Epoch 213: averaged Loss : 5.913373
2024-01-30 16:07:14: *******Val Epoch 213: averaged Loss : 7.319182
2024-01-30 16:07:15: *******Train Epoch 214: averaged Loss : 5.941888
2024-01-30 16:07:15: *******Val Epoch 214: averaged Loss : 7.267010
2024-01-30 16:07:17: *******Train Epoch 215: averaged Loss : 5.936316
2024-01-30 16:07:17: *******Val Epoch 215: averaged Loss : 7.256787
2024-01-30 16:07:18: *******Train Epoch 216: averaged Loss : 5.954501
2024-01-30 16:07:18: *******Val Epoch 216: averaged Loss : 7.250514
2024-01-30 16:07:19: *******Train Epoch 217: averaged Loss : 5.936298
2024-01-30 16:07:19: *******Val Epoch 217: averaged Loss : 7.206174
2024-01-30 16:07:21: *******Train Epoch 218: averaged Loss : 5.958594
2024-01-30 16:07:21: *******Val Epoch 218: averaged Loss : 7.281922
2024-01-30 16:07:22: *******Train Epoch 219: averaged Loss : 5.887749
2024-01-30 16:07:22: *******Val Epoch 219: averaged Loss : 7.310087
2024-01-30 16:07:23: *******Train Epoch 220: averaged Loss : 5.905484
2024-01-30 16:07:24: *******Val Epoch 220: averaged Loss : 7.301936
2024-01-30 16:07:25: *******Train Epoch 221: averaged Loss : 5.937775
2024-01-30 16:07:25: *******Val Epoch 221: averaged Loss : 7.301434
2024-01-30 16:07:26: *******Train Epoch 222: averaged Loss : 5.941651
2024-01-30 16:07:26: *******Val Epoch 222: averaged Loss : 7.208874
2024-01-30 16:07:28: *******Train Epoch 223: averaged Loss : 5.922931
2024-01-30 16:07:28: *******Val Epoch 223: averaged Loss : 7.172929
2024-01-30 16:07:29: *******Train Epoch 224: averaged Loss : 5.884008
2024-01-30 16:07:29: *******Val Epoch 224: averaged Loss : 7.359430
2024-01-30 16:07:30: *******Train Epoch 225: averaged Loss : 5.915544
2024-01-30 16:07:31: *******Val Epoch 225: averaged Loss : 7.351694
2024-01-30 16:07:32: *******Train Epoch 226: averaged Loss : 5.884191
2024-01-30 16:07:32: *******Val Epoch 226: averaged Loss : 7.240253
2024-01-30 16:07:33: *******Train Epoch 227: averaged Loss : 5.890038
2024-01-30 16:07:33: *******Val Epoch 227: averaged Loss : 7.322505
2024-01-30 16:07:35: *******Train Epoch 228: averaged Loss : 5.880943
2024-01-30 16:07:35: *******Val Epoch 228: averaged Loss : 7.260513
2024-01-30 16:07:36: *******Train Epoch 229: averaged Loss : 5.885262
2024-01-30 16:07:36: *******Val Epoch 229: averaged Loss : 7.300555
2024-01-30 16:07:37: *******Train Epoch 230: averaged Loss : 5.914086
2024-01-30 16:07:37: *******Val Epoch 230: averaged Loss : 7.186055
2024-01-30 16:07:39: *******Train Epoch 231: averaged Loss : 5.874078
2024-01-30 16:07:39: *******Val Epoch 231: averaged Loss : 7.373729
2024-01-30 16:07:40: *******Train Epoch 232: averaged Loss : 5.881547
2024-01-30 16:07:40: *******Val Epoch 232: averaged Loss : 7.170675
2024-01-30 16:07:42: *******Train Epoch 233: averaged Loss : 5.924698
2024-01-30 16:07:42: *******Val Epoch 233: averaged Loss : 7.351194
2024-01-30 16:07:43: *******Train Epoch 234: averaged Loss : 5.871567
2024-01-30 16:07:43: *******Val Epoch 234: averaged Loss : 7.124329
2024-01-30 16:07:44: *******Train Epoch 235: averaged Loss : 5.845053
2024-01-30 16:07:44: *******Val Epoch 235: averaged Loss : 7.248248
2024-01-30 16:07:46: *******Train Epoch 236: averaged Loss : 5.911701
2024-01-30 16:07:46: *******Val Epoch 236: averaged Loss : 7.182714
2024-01-30 16:07:47: *******Train Epoch 237: averaged Loss : 5.887094
2024-01-30 16:07:47: *******Val Epoch 237: averaged Loss : 7.271046
2024-01-30 16:07:48: *******Train Epoch 238: averaged Loss : 5.883605
2024-01-30 16:07:49: *******Val Epoch 238: averaged Loss : 7.147391
2024-01-30 16:07:50: *******Train Epoch 239: averaged Loss : 5.830927
2024-01-30 16:07:50: *******Val Epoch 239: averaged Loss : 7.272342
2024-01-30 16:07:51: *******Train Epoch 240: averaged Loss : 5.909080
2024-01-30 16:07:51: *******Val Epoch 240: averaged Loss : 7.354233
2024-01-30 16:07:53: *******Train Epoch 241: averaged Loss : 5.871373
2024-01-30 16:07:53: *******Val Epoch 241: averaged Loss : 7.235036
2024-01-30 16:07:54: *******Train Epoch 242: averaged Loss : 5.809533
2024-01-30 16:07:54: *******Val Epoch 242: averaged Loss : 7.229177
2024-01-30 16:07:55: *******Train Epoch 243: averaged Loss : 5.852451
2024-01-30 16:07:56: *******Val Epoch 243: averaged Loss : 7.334611
2024-01-30 16:07:57: *******Train Epoch 244: averaged Loss : 5.838859
2024-01-30 16:07:57: *******Val Epoch 244: averaged Loss : 7.373125
2024-01-30 16:07:58: *******Train Epoch 245: averaged Loss : 5.828576
2024-01-30 16:07:58: *******Val Epoch 245: averaged Loss : 7.221037
2024-01-30 16:08:00: *******Train Epoch 246: averaged Loss : 5.843175
2024-01-30 16:08:00: *******Val Epoch 246: averaged Loss : 7.199248
2024-01-30 16:08:01: *******Train Epoch 247: averaged Loss : 5.806942
2024-01-30 16:08:01: *******Val Epoch 247: averaged Loss : 7.416328
2024-01-30 16:08:03: *******Train Epoch 248: averaged Loss : 5.818686
2024-01-30 16:08:03: *******Val Epoch 248: averaged Loss : 7.392215
2024-01-30 16:08:04: *******Train Epoch 249: averaged Loss : 5.828568
2024-01-30 16:08:04: *******Val Epoch 249: averaged Loss : 7.330476
2024-01-30 16:08:06: *******Train Epoch 250: averaged Loss : 5.834772
2024-01-30 16:08:06: *******Val Epoch 250: averaged Loss : 7.467981
2024-01-30 16:08:08: *******Train Epoch 251: averaged Loss : 5.779635
2024-01-30 16:08:08: *******Val Epoch 251: averaged Loss : 7.151747
2024-01-30 16:08:09: *******Train Epoch 252: averaged Loss : 5.860581
2024-01-30 16:08:10: *******Val Epoch 252: averaged Loss : 7.219415
2024-01-30 16:08:12: *******Train Epoch 253: averaged Loss : 5.809464
2024-01-30 16:08:12: *******Val Epoch 253: averaged Loss : 7.207311
2024-01-30 16:08:14: *******Train Epoch 254: averaged Loss : 5.789415
2024-01-30 16:08:14: *******Val Epoch 254: averaged Loss : 7.401955
2024-01-30 16:08:16: *******Train Epoch 255: averaged Loss : 5.827522
2024-01-30 16:08:16: *******Val Epoch 255: averaged Loss : 7.188621
2024-01-30 16:08:18: *******Train Epoch 256: averaged Loss : 5.761936
2024-01-30 16:08:18: *******Val Epoch 256: averaged Loss : 7.089849
2024-01-30 16:08:18: **************Current best model saved to D:\omer\ST-SSL\experiments\Careem_linear\20240130-160146\best_model.pth
2024-01-30 16:08:20: *******Train Epoch 257: averaged Loss : 5.776109
2024-01-30 16:08:20: *******Val Epoch 257: averaged Loss : 7.157785
2024-01-30 16:08:22: *******Train Epoch 258: averaged Loss : 5.837954
2024-01-30 16:08:22: *******Val Epoch 258: averaged Loss : 7.300893
2024-01-30 16:08:24: *******Train Epoch 259: averaged Loss : 5.780051
2024-01-30 16:08:24: *******Val Epoch 259: averaged Loss : 7.241403
2024-01-30 16:08:26: *******Train Epoch 260: averaged Loss : 5.785808
2024-01-30 16:08:26: *******Val Epoch 260: averaged Loss : 7.476717
2024-01-30 16:08:28: *******Train Epoch 261: averaged Loss : 5.866648
2024-01-30 16:08:28: *******Val Epoch 261: averaged Loss : 7.312732
2024-01-30 16:08:30: *******Train Epoch 262: averaged Loss : 5.783096
2024-01-30 16:08:30: *******Val Epoch 262: averaged Loss : 7.164309
2024-01-30 16:08:32: *******Train Epoch 263: averaged Loss : 5.749451
2024-01-30 16:08:32: *******Val Epoch 263: averaged Loss : 7.227439
2024-01-30 16:08:34: *******Train Epoch 264: averaged Loss : 5.804277
2024-01-30 16:08:34: *******Val Epoch 264: averaged Loss : 7.238078
2024-01-30 16:08:36: *******Train Epoch 265: averaged Loss : 5.806918
2024-01-30 16:08:36: *******Val Epoch 265: averaged Loss : 7.287216
2024-01-30 16:08:38: *******Train Epoch 266: averaged Loss : 5.776790
2024-01-30 16:08:38: *******Val Epoch 266: averaged Loss : 7.300728
2024-01-30 16:08:40: *******Train Epoch 267: averaged Loss : 5.749629
2024-01-30 16:08:40: *******Val Epoch 267: averaged Loss : 7.329206
2024-01-30 16:08:42: *******Train Epoch 268: averaged Loss : 5.806086
2024-01-30 16:08:42: *******Val Epoch 268: averaged Loss : 7.324033
2024-01-30 16:08:44: *******Train Epoch 269: averaged Loss : 5.748614
2024-01-30 16:08:44: *******Val Epoch 269: averaged Loss : 7.268528
2024-01-30 16:08:46: *******Train Epoch 270: averaged Loss : 5.747802
2024-01-30 16:08:46: *******Val Epoch 270: averaged Loss : 7.119003
2024-01-30 16:08:48: *******Train Epoch 271: averaged Loss : 5.785350
2024-01-30 16:08:48: *******Val Epoch 271: averaged Loss : 7.288341
2024-01-30 16:08:50: *******Train Epoch 272: averaged Loss : 5.785085
2024-01-30 16:08:50: *******Val Epoch 272: averaged Loss : 7.207489
2024-01-30 16:08:52: *******Train Epoch 273: averaged Loss : 5.763254
2024-01-30 16:08:52: *******Val Epoch 273: averaged Loss : 7.221536
2024-01-30 16:08:54: *******Train Epoch 274: averaged Loss : 5.747619
2024-01-30 16:08:54: *******Val Epoch 274: averaged Loss : 7.227488
2024-01-30 16:08:56: *******Train Epoch 275: averaged Loss : 5.736760
2024-01-30 16:08:56: *******Val Epoch 275: averaged Loss : 7.317314
2024-01-30 16:08:58: *******Train Epoch 276: averaged Loss : 5.744136
2024-01-30 16:08:58: *******Val Epoch 276: averaged Loss : 7.195318
2024-01-30 16:09:00: *******Train Epoch 277: averaged Loss : 5.785823
2024-01-30 16:09:01: *******Val Epoch 277: averaged Loss : 7.197741
2024-01-30 16:09:02: *******Train Epoch 278: averaged Loss : 5.737967
2024-01-30 16:09:03: *******Val Epoch 278: averaged Loss : 7.398608
2024-01-30 16:09:04: *******Train Epoch 279: averaged Loss : 5.773179
2024-01-30 16:09:05: *******Val Epoch 279: averaged Loss : 7.298634
2024-01-30 16:09:06: *******Train Epoch 280: averaged Loss : 5.740438
2024-01-30 16:09:07: *******Val Epoch 280: averaged Loss : 7.213242
2024-01-30 16:09:08: *******Train Epoch 281: averaged Loss : 5.768570
2024-01-30 16:09:09: *******Val Epoch 281: averaged Loss : 7.110514
2024-01-30 16:09:10: *******Train Epoch 282: averaged Loss : 5.740185
2024-01-30 16:09:11: *******Val Epoch 282: averaged Loss : 7.357652
2024-01-30 16:09:13: *******Train Epoch 283: averaged Loss : 5.803320
2024-01-30 16:09:13: *******Val Epoch 283: averaged Loss : 7.241893
2024-01-30 16:09:15: *******Train Epoch 284: averaged Loss : 5.789426
2024-01-30 16:09:15: *******Val Epoch 284: averaged Loss : 7.342162
2024-01-30 16:09:17: *******Train Epoch 285: averaged Loss : 5.677080
2024-01-30 16:09:17: *******Val Epoch 285: averaged Loss : 7.402579
2024-01-30 16:09:19: *******Train Epoch 286: averaged Loss : 5.734451
2024-01-30 16:09:19: *******Val Epoch 286: averaged Loss : 7.333587
2024-01-30 16:09:21: *******Train Epoch 287: averaged Loss : 5.698613
2024-01-30 16:09:21: *******Val Epoch 287: averaged Loss : 7.264623
2024-01-30 16:09:22: *******Train Epoch 288: averaged Loss : 5.733889
2024-01-30 16:09:22: *******Val Epoch 288: averaged Loss : 7.348580
2024-01-30 16:09:24: *******Train Epoch 289: averaged Loss : 5.719970
2024-01-30 16:09:24: *******Val Epoch 289: averaged Loss : 7.321287
2024-01-30 16:09:25: *******Train Epoch 290: averaged Loss : 5.750371
2024-01-30 16:09:25: *******Val Epoch 290: averaged Loss : 7.232533
2024-01-30 16:09:26: *******Train Epoch 291: averaged Loss : 5.683313
2024-01-30 16:09:26: *******Val Epoch 291: averaged Loss : 7.179189
2024-01-30 16:09:28: *******Train Epoch 292: averaged Loss : 5.724014
2024-01-30 16:09:28: *******Val Epoch 292: averaged Loss : 7.363141
2024-01-30 16:09:29: *******Train Epoch 293: averaged Loss : 5.649112
2024-01-30 16:09:29: *******Val Epoch 293: averaged Loss : 7.171093
2024-01-30 16:09:30: *******Train Epoch 294: averaged Loss : 5.701687
2024-01-30 16:09:31: *******Val Epoch 294: averaged Loss : 7.292344
2024-01-30 16:09:32: *******Train Epoch 295: averaged Loss : 5.680442
2024-01-30 16:09:32: *******Val Epoch 295: averaged Loss : 7.276565
2024-01-30 16:09:33: *******Train Epoch 296: averaged Loss : 5.742190
2024-01-30 16:09:33: *******Val Epoch 296: averaged Loss : 7.147506
2024-01-30 16:09:35: *******Train Epoch 297: averaged Loss : 5.677870
2024-01-30 16:09:35: *******Val Epoch 297: averaged Loss : 7.167787
2024-01-30 16:09:36: *******Train Epoch 298: averaged Loss : 5.673010
2024-01-30 16:09:36: *******Val Epoch 298: averaged Loss : 7.162773
2024-01-30 16:09:37: *******Train Epoch 299: averaged Loss : 5.737090
2024-01-30 16:09:37: *******Val Epoch 299: averaged Loss : 7.342030
2024-01-30 16:09:39: *******Train Epoch 300: averaged Loss : 5.685588
2024-01-30 16:09:39: *******Val Epoch 300: averaged Loss : 7.289103
2024-01-30 16:09:40: *******Train Epoch 301: averaged Loss : 5.659269
2024-01-30 16:09:40: *******Val Epoch 301: averaged Loss : 7.204742
2024-01-30 16:09:41: *******Train Epoch 302: averaged Loss : 5.717782
2024-01-30 16:09:42: *******Val Epoch 302: averaged Loss : 7.407247
2024-01-30 16:09:43: *******Train Epoch 303: averaged Loss : 5.672172
2024-01-30 16:09:43: *******Val Epoch 303: averaged Loss : 7.227396
2024-01-30 16:09:44: *******Train Epoch 304: averaged Loss : 5.716825
2024-01-30 16:09:44: *******Val Epoch 304: averaged Loss : 7.260368
2024-01-30 16:09:46: *******Train Epoch 305: averaged Loss : 5.653259
2024-01-30 16:09:46: *******Val Epoch 305: averaged Loss : 7.233639
2024-01-30 16:09:47: *******Train Epoch 306: averaged Loss : 5.687730
2024-01-30 16:09:47: *******Val Epoch 306: averaged Loss : 7.300790
2024-01-30 16:09:48: *******Train Epoch 307: averaged Loss : 5.647363
2024-01-30 16:09:49: *******Val Epoch 307: averaged Loss : 7.354042
2024-01-30 16:09:50: *******Train Epoch 308: averaged Loss : 5.646878
2024-01-30 16:09:50: *******Val Epoch 308: averaged Loss : 7.129627
2024-01-30 16:09:51: *******Train Epoch 309: averaged Loss : 5.648315
2024-01-30 16:09:51: *******Val Epoch 309: averaged Loss : 7.306430
2024-01-30 16:09:53: *******Train Epoch 310: averaged Loss : 5.669127
2024-01-30 16:09:53: *******Val Epoch 310: averaged Loss : 7.308912
2024-01-30 16:09:54: *******Train Epoch 311: averaged Loss : 5.636906
2024-01-30 16:09:54: *******Val Epoch 311: averaged Loss : 7.251159
2024-01-30 16:09:55: *******Train Epoch 312: averaged Loss : 5.618218
2024-01-30 16:09:55: *******Val Epoch 312: averaged Loss : 7.242503
2024-01-30 16:09:57: *******Train Epoch 313: averaged Loss : 5.670967
2024-01-30 16:09:57: *******Val Epoch 313: averaged Loss : 7.287211
2024-01-30 16:09:58: *******Train Epoch 314: averaged Loss : 5.614737
2024-01-30 16:09:58: *******Val Epoch 314: averaged Loss : 7.251364
2024-01-30 16:10:00: *******Train Epoch 315: averaged Loss : 5.685335
2024-01-30 16:10:00: *******Val Epoch 315: averaged Loss : 7.324956
2024-01-30 16:10:01: *******Train Epoch 316: averaged Loss : 5.658606
2024-01-30 16:10:01: *******Val Epoch 316: averaged Loss : 7.398211
2024-01-30 16:10:03: *******Train Epoch 317: averaged Loss : 5.629286
2024-01-30 16:10:03: *******Val Epoch 317: averaged Loss : 7.199536
2024-01-30 16:10:04: *******Train Epoch 318: averaged Loss : 5.635926
2024-01-30 16:10:04: *******Val Epoch 318: averaged Loss : 7.320261
2024-01-30 16:10:06: *******Train Epoch 319: averaged Loss : 5.655932
2024-01-30 16:10:06: *******Val Epoch 319: averaged Loss : 7.196929
2024-01-30 16:10:07: *******Train Epoch 320: averaged Loss : 5.609999
2024-01-30 16:10:07: *******Val Epoch 320: averaged Loss : 7.377483
2024-01-30 16:10:08: *******Train Epoch 321: averaged Loss : 5.640807
2024-01-30 16:10:09: *******Val Epoch 321: averaged Loss : 7.232263
2024-01-30 16:10:10: *******Train Epoch 322: averaged Loss : 5.623001
2024-01-30 16:10:10: *******Val Epoch 322: averaged Loss : 7.247192
2024-01-30 16:10:11: *******Train Epoch 323: averaged Loss : 5.649000
2024-01-30 16:10:11: *******Val Epoch 323: averaged Loss : 7.234640
2024-01-30 16:10:13: *******Train Epoch 324: averaged Loss : 5.634881
2024-01-30 16:10:13: *******Val Epoch 324: averaged Loss : 7.248064
2024-01-30 16:10:14: *******Train Epoch 325: averaged Loss : 5.583905
2024-01-30 16:10:14: *******Val Epoch 325: averaged Loss : 7.196336
2024-01-30 16:10:16: *******Train Epoch 326: averaged Loss : 5.659886
2024-01-30 16:10:16: *******Val Epoch 326: averaged Loss : 7.409102
2024-01-30 16:10:17: *******Train Epoch 327: averaged Loss : 5.594501
2024-01-30 16:10:17: *******Val Epoch 327: averaged Loss : 7.318257
2024-01-30 16:10:19: *******Train Epoch 328: averaged Loss : 5.657316
2024-01-30 16:10:19: *******Val Epoch 328: averaged Loss : 7.324513
2024-01-30 16:10:20: *******Train Epoch 329: averaged Loss : 5.587874
2024-01-30 16:10:20: *******Val Epoch 329: averaged Loss : 7.172031
2024-01-30 16:10:21: *******Train Epoch 330: averaged Loss : 5.650985
2024-01-30 16:10:22: *******Val Epoch 330: averaged Loss : 7.355174
2024-01-30 16:10:23: *******Train Epoch 331: averaged Loss : 5.615616
2024-01-30 16:10:23: *******Val Epoch 331: averaged Loss : 7.141066
2024-01-30 16:10:24: *******Train Epoch 332: averaged Loss : 5.586997
2024-01-30 16:10:24: *******Val Epoch 332: averaged Loss : 7.229906
2024-01-30 16:10:26: *******Train Epoch 333: averaged Loss : 5.619173
2024-01-30 16:10:26: *******Val Epoch 333: averaged Loss : 7.364682
2024-01-30 16:10:27: *******Train Epoch 334: averaged Loss : 5.616721
2024-01-30 16:10:27: *******Val Epoch 334: averaged Loss : 7.323125
2024-01-30 16:10:29: *******Train Epoch 335: averaged Loss : 5.589822
2024-01-30 16:10:29: *******Val Epoch 335: averaged Loss : 7.274288
2024-01-30 16:10:30: *******Train Epoch 336: averaged Loss : 5.607659
2024-01-30 16:10:30: *******Val Epoch 336: averaged Loss : 7.341989
2024-01-30 16:10:31: *******Train Epoch 337: averaged Loss : 5.608852
2024-01-30 16:10:32: *******Val Epoch 337: averaged Loss : 7.264348
2024-01-30 16:10:33: *******Train Epoch 338: averaged Loss : 5.620398
2024-01-30 16:10:33: *******Val Epoch 338: averaged Loss : 7.340004
2024-01-30 16:10:34: *******Train Epoch 339: averaged Loss : 5.604757
2024-01-30 16:10:34: *******Val Epoch 339: averaged Loss : 7.320383
2024-01-30 16:10:36: *******Train Epoch 340: averaged Loss : 5.609251
2024-01-30 16:10:36: *******Val Epoch 340: averaged Loss : 7.283019
2024-01-30 16:10:37: *******Train Epoch 341: averaged Loss : 5.571160
2024-01-30 16:10:37: *******Val Epoch 341: averaged Loss : 7.326268
2024-01-30 16:10:38: *******Train Epoch 342: averaged Loss : 5.578916
2024-01-30 16:10:39: *******Val Epoch 342: averaged Loss : 7.285644
2024-01-30 16:10:40: *******Train Epoch 343: averaged Loss : 5.580029
2024-01-30 16:10:40: *******Val Epoch 343: averaged Loss : 7.176741
2024-01-30 16:10:41: *******Train Epoch 344: averaged Loss : 5.589750
2024-01-30 16:10:41: *******Val Epoch 344: averaged Loss : 7.434228
2024-01-30 16:10:43: *******Train Epoch 345: averaged Loss : 5.588677
2024-01-30 16:10:43: *******Val Epoch 345: averaged Loss : 7.539920
2024-01-30 16:10:44: *******Train Epoch 346: averaged Loss : 5.586022
2024-01-30 16:10:44: *******Val Epoch 346: averaged Loss : 7.279163
2024-01-30 16:10:45: *******Train Epoch 347: averaged Loss : 5.580697
2024-01-30 16:10:46: *******Val Epoch 347: averaged Loss : 7.192802
2024-01-30 16:10:47: *******Train Epoch 348: averaged Loss : 5.612517
2024-01-30 16:10:47: *******Val Epoch 348: averaged Loss : 7.405463
2024-01-30 16:10:48: *******Train Epoch 349: averaged Loss : 5.552259
2024-01-30 16:10:48: *******Val Epoch 349: averaged Loss : 7.257663
2024-01-30 16:10:50: *******Train Epoch 350: averaged Loss : 5.571780
2024-01-30 16:10:50: *******Val Epoch 350: averaged Loss : 7.243700
2024-01-30 16:10:51: *******Train Epoch 351: averaged Loss : 5.587455
2024-01-30 16:10:51: *******Val Epoch 351: averaged Loss : 7.199464
2024-01-30 16:10:52: *******Train Epoch 352: averaged Loss : 5.582806
2024-01-30 16:10:53: *******Val Epoch 352: averaged Loss : 7.272247
2024-01-30 16:10:54: *******Train Epoch 353: averaged Loss : 5.557913
2024-01-30 16:10:54: *******Val Epoch 353: averaged Loss : 7.295242
2024-01-30 16:10:55: *******Train Epoch 354: averaged Loss : 5.593012
2024-01-30 16:10:55: *******Val Epoch 354: averaged Loss : 7.273883
2024-01-30 16:10:57: *******Train Epoch 355: averaged Loss : 5.519849
2024-01-30 16:10:57: *******Val Epoch 355: averaged Loss : 7.249509
2024-01-30 16:10:58: *******Train Epoch 356: averaged Loss : 5.611961
2024-01-30 16:10:58: *******Val Epoch 356: averaged Loss : 7.354107
2024-01-30 16:11:00: *******Train Epoch 357: averaged Loss : 5.508967
2024-01-30 16:11:00: *******Val Epoch 357: averaged Loss : 7.170832
2024-01-30 16:11:01: *******Train Epoch 358: averaged Loss : 5.612500
2024-01-30 16:11:01: *******Val Epoch 358: averaged Loss : 7.394151
2024-01-30 16:11:02: *******Train Epoch 359: averaged Loss : 5.542820
2024-01-30 16:11:02: *******Val Epoch 359: averaged Loss : 7.160846
2024-01-30 16:11:04: *******Train Epoch 360: averaged Loss : 5.575121
2024-01-30 16:11:04: *******Val Epoch 360: averaged Loss : 7.189812
2024-01-30 16:11:05: *******Train Epoch 361: averaged Loss : 5.546451
2024-01-30 16:11:05: *******Val Epoch 361: averaged Loss : 7.220432
2024-01-30 16:11:07: *******Train Epoch 362: averaged Loss : 5.542737
2024-01-30 16:11:07: *******Val Epoch 362: averaged Loss : 7.283758
2024-01-30 16:11:08: *******Train Epoch 363: averaged Loss : 5.537777
2024-01-30 16:11:08: *******Val Epoch 363: averaged Loss : 7.396368
2024-01-30 16:11:10: *******Train Epoch 364: averaged Loss : 5.591868
2024-01-30 16:11:10: *******Val Epoch 364: averaged Loss : 7.268259
2024-01-30 16:11:11: *******Train Epoch 365: averaged Loss : 5.521370
2024-01-30 16:11:11: *******Val Epoch 365: averaged Loss : 7.172787
2024-01-30 16:11:12: *******Train Epoch 366: averaged Loss : 5.562570
2024-01-30 16:11:12: *******Val Epoch 366: averaged Loss : 7.256740
2024-01-30 16:11:14: *******Train Epoch 367: averaged Loss : 5.551071
2024-01-30 16:11:14: *******Val Epoch 367: averaged Loss : 7.305624
2024-01-30 16:11:15: *******Train Epoch 368: averaged Loss : 5.522002
2024-01-30 16:11:15: *******Val Epoch 368: averaged Loss : 7.219198
2024-01-30 16:11:17: *******Train Epoch 369: averaged Loss : 5.558484
2024-01-30 16:11:17: *******Val Epoch 369: averaged Loss : 7.360681
2024-01-30 16:11:18: *******Train Epoch 370: averaged Loss : 5.543063
2024-01-30 16:11:18: *******Val Epoch 370: averaged Loss : 7.371917
2024-01-30 16:11:20: *******Train Epoch 371: averaged Loss : 5.544637
2024-01-30 16:11:20: *******Val Epoch 371: averaged Loss : 7.343417
2024-01-30 16:11:21: *******Train Epoch 372: averaged Loss : 5.507573
2024-01-30 16:11:21: *******Val Epoch 372: averaged Loss : 7.245215
2024-01-30 16:11:22: *******Train Epoch 373: averaged Loss : 5.535988
2024-01-30 16:11:23: *******Val Epoch 373: averaged Loss : 7.383738
2024-01-30 16:11:24: *******Train Epoch 374: averaged Loss : 5.530779
2024-01-30 16:11:24: *******Val Epoch 374: averaged Loss : 7.225951
2024-01-30 16:11:25: *******Train Epoch 375: averaged Loss : 5.488263
2024-01-30 16:11:25: *******Val Epoch 375: averaged Loss : 7.384631
2024-01-30 16:11:27: *******Train Epoch 376: averaged Loss : 5.574249
2024-01-30 16:11:27: *******Val Epoch 376: averaged Loss : 7.308041
2024-01-30 16:11:28: *******Train Epoch 377: averaged Loss : 5.465964
2024-01-30 16:11:28: *******Val Epoch 377: averaged Loss : 7.314487
2024-01-30 16:11:30: *******Train Epoch 378: averaged Loss : 5.524614
2024-01-30 16:11:30: *******Val Epoch 378: averaged Loss : 7.334598
2024-01-30 16:11:31: *******Train Epoch 379: averaged Loss : 5.520811
2024-01-30 16:11:31: *******Val Epoch 379: averaged Loss : 7.178867
2024-01-30 16:11:32: *******Train Epoch 380: averaged Loss : 5.547338
2024-01-30 16:11:32: *******Val Epoch 380: averaged Loss : 7.312617
2024-01-30 16:11:34: *******Train Epoch 381: averaged Loss : 5.512115
2024-01-30 16:11:34: *******Val Epoch 381: averaged Loss : 7.235397
2024-01-30 16:11:35: *******Train Epoch 382: averaged Loss : 5.501688
2024-01-30 16:11:35: *******Val Epoch 382: averaged Loss : 7.319076
2024-01-30 16:11:37: *******Train Epoch 383: averaged Loss : 5.481996
2024-01-30 16:11:37: *******Val Epoch 383: averaged Loss : 7.300646
2024-01-30 16:11:38: *******Train Epoch 384: averaged Loss : 5.520958
2024-01-30 16:11:38: *******Val Epoch 384: averaged Loss : 7.256051
2024-01-30 16:11:39: *******Train Epoch 385: averaged Loss : 5.519736
2024-01-30 16:11:39: *******Val Epoch 385: averaged Loss : 7.422397
2024-01-30 16:11:41: *******Train Epoch 386: averaged Loss : 5.510599
2024-01-30 16:11:41: *******Val Epoch 386: averaged Loss : 7.329954
2024-01-30 16:11:42: *******Train Epoch 387: averaged Loss : 5.491041
2024-01-30 16:11:42: *******Val Epoch 387: averaged Loss : 7.148989
2024-01-30 16:11:44: *******Train Epoch 388: averaged Loss : 5.528061
2024-01-30 16:11:44: *******Val Epoch 388: averaged Loss : 7.356236
2024-01-30 16:11:45: *******Train Epoch 389: averaged Loss : 5.482911
2024-01-30 16:11:45: *******Val Epoch 389: averaged Loss : 7.311969
2024-01-30 16:11:46: *******Train Epoch 390: averaged Loss : 5.495834
2024-01-30 16:11:46: *******Val Epoch 390: averaged Loss : 7.269015
2024-01-30 16:11:48: *******Train Epoch 391: averaged Loss : 5.535945
2024-01-30 16:11:48: *******Val Epoch 391: averaged Loss : 7.209812
2024-01-30 16:11:49: *******Train Epoch 392: averaged Loss : 5.471408
2024-01-30 16:11:49: *******Val Epoch 392: averaged Loss : 7.191974
2024-01-30 16:11:50: *******Train Epoch 393: averaged Loss : 5.545096
2024-01-30 16:11:51: *******Val Epoch 393: averaged Loss : 7.343768
2024-01-30 16:11:52: *******Train Epoch 394: averaged Loss : 5.491174
2024-01-30 16:11:52: *******Val Epoch 394: averaged Loss : 7.171250
2024-01-30 16:11:53: *******Train Epoch 395: averaged Loss : 5.499282
2024-01-30 16:11:53: *******Val Epoch 395: averaged Loss : 7.230320
2024-01-30 16:11:55: *******Train Epoch 396: averaged Loss : 5.482097
2024-01-30 16:11:55: *******Val Epoch 396: averaged Loss : 7.271774
2024-01-30 16:11:56: *******Train Epoch 397: averaged Loss : 5.486038
2024-01-30 16:11:56: *******Val Epoch 397: averaged Loss : 7.254736
2024-01-30 16:11:58: *******Train Epoch 398: averaged Loss : 5.510452
2024-01-30 16:11:58: *******Val Epoch 398: averaged Loss : 7.234199
2024-01-30 16:11:59: *******Train Epoch 399: averaged Loss : 5.442326
2024-01-30 16:11:59: *******Val Epoch 399: averaged Loss : 7.311544
2024-01-30 16:12:01: *******Train Epoch 400: averaged Loss : 5.502966
2024-01-30 16:12:01: *******Val Epoch 400: averaged Loss : 7.227327
2024-01-30 16:12:02: *******Train Epoch 401: averaged Loss : 5.510004
2024-01-30 16:12:02: *******Val Epoch 401: averaged Loss : 7.263720
2024-01-30 16:12:03: *******Train Epoch 402: averaged Loss : 5.465327
2024-01-30 16:12:03: *******Val Epoch 402: averaged Loss : 7.228946
2024-01-30 16:12:05: *******Train Epoch 403: averaged Loss : 5.429706
2024-01-30 16:12:05: *******Val Epoch 403: averaged Loss : 7.214056
2024-01-30 16:12:06: *******Train Epoch 404: averaged Loss : 5.538618
2024-01-30 16:12:06: *******Val Epoch 404: averaged Loss : 7.355680
2024-01-30 16:12:08: *******Train Epoch 405: averaged Loss : 5.452893
2024-01-30 16:12:08: *******Val Epoch 405: averaged Loss : 7.136818
2024-01-30 16:12:09: *******Train Epoch 406: averaged Loss : 5.459479
2024-01-30 16:12:09: *******Val Epoch 406: averaged Loss : 7.218436
2024-01-30 16:12:11: *******Train Epoch 407: averaged Loss : 5.475520
2024-01-30 16:12:11: *******Val Epoch 407: averaged Loss : 7.355173
2024-01-30 16:12:12: *******Train Epoch 408: averaged Loss : 5.447122
2024-01-30 16:12:12: *******Val Epoch 408: averaged Loss : 7.225685
2024-01-30 16:12:13: *******Train Epoch 409: averaged Loss : 5.513246
2024-01-30 16:12:14: *******Val Epoch 409: averaged Loss : 7.265199
2024-01-30 16:12:15: *******Train Epoch 410: averaged Loss : 5.411452
2024-01-30 16:12:15: *******Val Epoch 410: averaged Loss : 7.263420
2024-01-30 16:12:16: *******Train Epoch 411: averaged Loss : 5.507067
2024-01-30 16:12:16: *******Val Epoch 411: averaged Loss : 7.337994
2024-01-30 16:12:18: *******Train Epoch 412: averaged Loss : 5.472807
2024-01-30 16:12:18: *******Val Epoch 412: averaged Loss : 7.238021
2024-01-30 16:12:19: *******Train Epoch 413: averaged Loss : 5.442622
2024-01-30 16:12:19: *******Val Epoch 413: averaged Loss : 7.252424
2024-01-30 16:12:21: *******Train Epoch 414: averaged Loss : 5.424363
2024-01-30 16:12:21: *******Val Epoch 414: averaged Loss : 7.424842
2024-01-30 16:12:22: *******Train Epoch 415: averaged Loss : 5.483503
2024-01-30 16:12:22: *******Val Epoch 415: averaged Loss : 7.423026
2024-01-30 16:12:24: *******Train Epoch 416: averaged Loss : 5.444189
2024-01-30 16:12:24: *******Val Epoch 416: averaged Loss : 7.329258
2024-01-30 16:12:25: *******Train Epoch 417: averaged Loss : 5.448049
2024-01-30 16:12:25: *******Val Epoch 417: averaged Loss : 7.309283
2024-01-30 16:12:26: *******Train Epoch 418: averaged Loss : 5.434643
2024-01-30 16:12:26: *******Val Epoch 418: averaged Loss : 7.364646
2024-01-30 16:12:28: *******Train Epoch 419: averaged Loss : 5.483465
2024-01-30 16:12:28: *******Val Epoch 419: averaged Loss : 7.317099
2024-01-30 16:12:29: *******Train Epoch 420: averaged Loss : 5.405993
2024-01-30 16:12:29: *******Val Epoch 420: averaged Loss : 7.293202
2024-01-30 16:12:30: *******Train Epoch 421: averaged Loss : 5.440817
2024-01-30 16:12:31: *******Val Epoch 421: averaged Loss : 7.264567
2024-01-30 16:12:32: *******Train Epoch 422: averaged Loss : 5.471685
2024-01-30 16:12:32: *******Val Epoch 422: averaged Loss : 7.235666
2024-01-30 16:12:33: *******Train Epoch 423: averaged Loss : 5.447166
2024-01-30 16:12:33: *******Val Epoch 423: averaged Loss : 7.392234
2024-01-30 16:12:35: *******Train Epoch 424: averaged Loss : 5.489607
2024-01-30 16:12:35: *******Val Epoch 424: averaged Loss : 7.298689
2024-01-30 16:12:36: *******Train Epoch 425: averaged Loss : 5.422259
2024-01-30 16:12:36: *******Val Epoch 425: averaged Loss : 7.128730
2024-01-30 16:12:37: *******Train Epoch 426: averaged Loss : 5.448016
2024-01-30 16:12:37: *******Val Epoch 426: averaged Loss : 7.407266
2024-01-30 16:12:39: *******Train Epoch 427: averaged Loss : 5.443338
2024-01-30 16:12:39: *******Val Epoch 427: averaged Loss : 7.323045
2024-01-30 16:12:40: *******Train Epoch 428: averaged Loss : 5.397123
2024-01-30 16:12:40: *******Val Epoch 428: averaged Loss : 7.305086
2024-01-30 16:12:41: *******Train Epoch 429: averaged Loss : 5.403712
2024-01-30 16:12:42: *******Val Epoch 429: averaged Loss : 7.275335
2024-01-30 16:12:43: *******Train Epoch 430: averaged Loss : 5.473813
2024-01-30 16:12:43: *******Val Epoch 430: averaged Loss : 7.383618
2024-01-30 16:12:44: *******Train Epoch 431: averaged Loss : 5.379432
2024-01-30 16:12:44: *******Val Epoch 431: averaged Loss : 7.277790
2024-01-30 16:12:46: *******Train Epoch 432: averaged Loss : 5.447458
2024-01-30 16:12:46: *******Val Epoch 432: averaged Loss : 7.289264
2024-01-30 16:12:47: *******Train Epoch 433: averaged Loss : 5.420985
2024-01-30 16:12:47: *******Val Epoch 433: averaged Loss : 7.283008
2024-01-30 16:12:48: *******Train Epoch 434: averaged Loss : 5.409741
2024-01-30 16:12:48: *******Val Epoch 434: averaged Loss : 7.396593
2024-01-30 16:12:50: *******Train Epoch 435: averaged Loss : 5.417503
2024-01-30 16:12:50: *******Val Epoch 435: averaged Loss : 7.298274
2024-01-30 16:12:51: *******Train Epoch 436: averaged Loss : 5.460533
2024-01-30 16:12:51: *******Val Epoch 436: averaged Loss : 7.387539
2024-01-30 16:12:52: *******Train Epoch 437: averaged Loss : 5.386966
2024-01-30 16:12:53: *******Val Epoch 437: averaged Loss : 7.339690
2024-01-30 16:12:54: *******Train Epoch 438: averaged Loss : 5.449319
2024-01-30 16:12:54: *******Val Epoch 438: averaged Loss : 7.400266
2024-01-30 16:12:55: *******Train Epoch 439: averaged Loss : 5.413607
2024-01-30 16:12:55: *******Val Epoch 439: averaged Loss : 7.263243
2024-01-30 16:12:57: *******Train Epoch 440: averaged Loss : 5.434800
2024-01-30 16:12:57: *******Val Epoch 440: averaged Loss : 7.351286
2024-01-30 16:12:58: *******Train Epoch 441: averaged Loss : 5.390961
2024-01-30 16:12:58: *******Val Epoch 441: averaged Loss : 7.118790
2024-01-30 16:12:59: *******Train Epoch 442: averaged Loss : 5.412499
2024-01-30 16:12:59: *******Val Epoch 442: averaged Loss : 7.407210
2024-01-30 16:13:01: *******Train Epoch 443: averaged Loss : 5.425705
2024-01-30 16:13:01: *******Val Epoch 443: averaged Loss : 7.368557
2024-01-30 16:13:02: *******Train Epoch 444: averaged Loss : 5.425906
2024-01-30 16:13:02: *******Val Epoch 444: averaged Loss : 7.326857
2024-01-30 16:13:04: *******Train Epoch 445: averaged Loss : 5.370612
2024-01-30 16:13:04: *******Val Epoch 445: averaged Loss : 7.328714
2024-01-30 16:13:05: *******Train Epoch 446: averaged Loss : 5.406823
2024-01-30 16:13:05: *******Val Epoch 446: averaged Loss : 7.111477
2024-01-30 16:13:06: *******Train Epoch 447: averaged Loss : 5.395189
2024-01-30 16:13:06: *******Val Epoch 447: averaged Loss : 7.218389
2024-01-30 16:13:08: *******Train Epoch 448: averaged Loss : 5.382050
2024-01-30 16:13:08: *******Val Epoch 448: averaged Loss : 7.381086
2024-01-30 16:13:09: *******Train Epoch 449: averaged Loss : 5.419896
2024-01-30 16:13:09: *******Val Epoch 449: averaged Loss : 7.212922
2024-01-30 16:13:10: *******Train Epoch 450: averaged Loss : 5.417728
2024-01-30 16:13:11: *******Val Epoch 450: averaged Loss : 7.457432
2024-01-30 16:13:12: *******Train Epoch 451: averaged Loss : 5.395954
2024-01-30 16:13:12: *******Val Epoch 451: averaged Loss : 7.204676
2024-01-30 16:13:13: *******Train Epoch 452: averaged Loss : 5.387451
2024-01-30 16:13:13: *******Val Epoch 452: averaged Loss : 7.297314
2024-01-30 16:13:15: *******Train Epoch 453: averaged Loss : 5.411796
2024-01-30 16:13:15: *******Val Epoch 453: averaged Loss : 7.241259
2024-01-30 16:13:16: *******Train Epoch 454: averaged Loss : 5.417556
2024-01-30 16:13:16: *******Val Epoch 454: averaged Loss : 7.383627
2024-01-30 16:13:17: *******Train Epoch 455: averaged Loss : 5.398989
2024-01-30 16:13:17: *******Val Epoch 455: averaged Loss : 7.348471
2024-01-30 16:13:19: *******Train Epoch 456: averaged Loss : 5.400018
2024-01-30 16:13:19: *******Val Epoch 456: averaged Loss : 7.240351
2024-01-30 16:13:20: *******Train Epoch 457: averaged Loss : 5.359224
2024-01-30 16:13:20: *******Val Epoch 457: averaged Loss : 7.292351
2024-01-30 16:13:22: *******Train Epoch 458: averaged Loss : 5.411053
2024-01-30 16:13:22: *******Val Epoch 458: averaged Loss : 7.280975
2024-01-30 16:13:23: *******Train Epoch 459: averaged Loss : 5.358306
2024-01-30 16:13:23: *******Val Epoch 459: averaged Loss : 7.322800
2024-01-30 16:13:24: *******Train Epoch 460: averaged Loss : 5.381166
2024-01-30 16:13:24: *******Val Epoch 460: averaged Loss : 7.311127
2024-01-30 16:13:26: *******Train Epoch 461: averaged Loss : 5.403280
2024-01-30 16:13:26: *******Val Epoch 461: averaged Loss : 7.298651
2024-01-30 16:13:27: *******Train Epoch 462: averaged Loss : 5.377316
2024-01-30 16:13:27: *******Val Epoch 462: averaged Loss : 7.245798
2024-01-30 16:13:28: *******Train Epoch 463: averaged Loss : 5.341499
2024-01-30 16:13:29: *******Val Epoch 463: averaged Loss : 7.218735
2024-01-30 16:13:30: *******Train Epoch 464: averaged Loss : 5.405483
2024-01-30 16:13:30: *******Val Epoch 464: averaged Loss : 7.336838
2024-01-30 16:13:31: *******Train Epoch 465: averaged Loss : 5.365334
2024-01-30 16:13:31: *******Val Epoch 465: averaged Loss : 7.418478
2024-01-30 16:13:33: *******Train Epoch 466: averaged Loss : 5.337530
2024-01-30 16:13:33: *******Val Epoch 466: averaged Loss : 7.260087
2024-01-30 16:13:34: *******Train Epoch 467: averaged Loss : 5.445398
2024-01-30 16:13:34: *******Val Epoch 467: averaged Loss : 7.438858
2024-01-30 16:13:35: *******Train Epoch 468: averaged Loss : 5.323034
2024-01-30 16:13:35: *******Val Epoch 468: averaged Loss : 7.204721
2024-01-30 16:13:37: *******Train Epoch 469: averaged Loss : 5.408722
2024-01-30 16:13:37: *******Val Epoch 469: averaged Loss : 7.380825
2024-01-30 16:13:38: *******Train Epoch 470: averaged Loss : 5.404106
2024-01-30 16:13:38: *******Val Epoch 470: averaged Loss : 7.267685
2024-01-30 16:13:40: *******Train Epoch 471: averaged Loss : 5.349086
2024-01-30 16:13:40: *******Val Epoch 471: averaged Loss : 7.227313
2024-01-30 16:13:41: *******Train Epoch 472: averaged Loss : 5.345402
2024-01-30 16:13:41: *******Val Epoch 472: averaged Loss : 7.258102
2024-01-30 16:13:42: *******Train Epoch 473: averaged Loss : 5.344778
2024-01-30 16:13:42: *******Val Epoch 473: averaged Loss : 7.302238
2024-01-30 16:13:44: *******Train Epoch 474: averaged Loss : 5.399837
2024-01-30 16:13:44: *******Val Epoch 474: averaged Loss : 7.459834
2024-01-30 16:13:45: *******Train Epoch 475: averaged Loss : 5.341739
2024-01-30 16:13:45: *******Val Epoch 475: averaged Loss : 7.168154
2024-01-30 16:13:46: *******Train Epoch 476: averaged Loss : 5.396119
2024-01-30 16:13:47: *******Val Epoch 476: averaged Loss : 7.280448
2024-01-30 16:13:48: *******Train Epoch 477: averaged Loss : 5.371478
2024-01-30 16:13:48: *******Val Epoch 477: averaged Loss : 7.247401
2024-01-30 16:13:49: *******Train Epoch 478: averaged Loss : 5.375635
2024-01-30 16:13:49: *******Val Epoch 478: averaged Loss : 7.286620
2024-01-30 16:13:51: *******Train Epoch 479: averaged Loss : 5.385615
2024-01-30 16:13:51: *******Val Epoch 479: averaged Loss : 7.217296
2024-01-30 16:13:52: *******Train Epoch 480: averaged Loss : 5.345196
2024-01-30 16:13:52: *******Val Epoch 480: averaged Loss : 7.364115
2024-01-30 16:13:53: *******Train Epoch 481: averaged Loss : 5.327656
2024-01-30 16:13:53: *******Val Epoch 481: averaged Loss : 7.199503
2024-01-30 16:13:55: *******Train Epoch 482: averaged Loss : 5.354528
2024-01-30 16:13:55: *******Val Epoch 482: averaged Loss : 7.421207
2024-01-30 16:13:56: *******Train Epoch 483: averaged Loss : 5.362585
2024-01-30 16:13:56: *******Val Epoch 483: averaged Loss : 7.253810
2024-01-30 16:13:58: *******Train Epoch 484: averaged Loss : 5.344911
2024-01-30 16:13:58: *******Val Epoch 484: averaged Loss : 7.261853
2024-01-30 16:13:59: *******Train Epoch 485: averaged Loss : 5.381851
2024-01-30 16:13:59: *******Val Epoch 485: averaged Loss : 7.326135
2024-01-30 16:14:01: *******Train Epoch 486: averaged Loss : 5.328021
2024-01-30 16:14:01: *******Val Epoch 486: averaged Loss : 7.277499
2024-01-30 16:14:02: *******Train Epoch 487: averaged Loss : 5.378806
2024-01-30 16:14:02: *******Val Epoch 487: averaged Loss : 7.372306
2024-01-30 16:14:04: *******Train Epoch 488: averaged Loss : 5.313760
2024-01-30 16:14:04: *******Val Epoch 488: averaged Loss : 7.306619
2024-01-30 16:14:05: *******Train Epoch 489: averaged Loss : 5.380197
2024-01-30 16:14:05: *******Val Epoch 489: averaged Loss : 7.374381
2024-01-30 16:14:06: *******Train Epoch 490: averaged Loss : 5.300146
2024-01-30 16:14:06: *******Val Epoch 490: averaged Loss : 7.283001
2024-01-30 16:14:08: *******Train Epoch 491: averaged Loss : 5.393178
2024-01-30 16:14:08: *******Val Epoch 491: averaged Loss : 7.331885
2024-01-30 16:14:09: *******Train Epoch 492: averaged Loss : 5.293247
2024-01-30 16:14:09: *******Val Epoch 492: averaged Loss : 7.230623
2024-01-30 16:14:11: *******Train Epoch 493: averaged Loss : 5.391360
2024-01-30 16:14:11: *******Val Epoch 493: averaged Loss : 7.412659
2024-01-30 16:14:12: *******Train Epoch 494: averaged Loss : 5.317788
2024-01-30 16:14:12: *******Val Epoch 494: averaged Loss : 7.321121
2024-01-30 16:14:14: *******Train Epoch 495: averaged Loss : 5.326858
2024-01-30 16:14:14: *******Val Epoch 495: averaged Loss : 7.354251
2024-01-30 16:14:15: *******Train Epoch 496: averaged Loss : 5.371779
2024-01-30 16:14:15: *******Val Epoch 496: averaged Loss : 7.347619
2024-01-30 16:14:17: *******Train Epoch 497: averaged Loss : 5.326491
2024-01-30 16:14:17: *******Val Epoch 497: averaged Loss : 7.299903
2024-01-30 16:14:18: *******Train Epoch 498: averaged Loss : 5.306759
2024-01-30 16:14:18: *******Val Epoch 498: averaged Loss : 7.416103
2024-01-30 16:14:20: *******Train Epoch 499: averaged Loss : 5.332074
2024-01-30 16:14:20: *******Val Epoch 499: averaged Loss : 7.316690
2024-01-30 16:14:21: *******Train Epoch 500: averaged Loss : 5.349897
2024-01-30 16:14:21: *******Val Epoch 500: averaged Loss : 7.355420
2024-01-30 16:14:21: == Training finished.
Total training time: 12.59 min	best loss: 7.0898	best epoch: 256	
2024-01-30 16:14:21: == Test results.
2024-01-30 16:14:24: test, MAE: 6.43, test MAPE: 33.4836%
2024-01-30 16:14:27: rolling, MAE: 18.50, rolling MAPE: 126.5397%
