2024-01-25 12:50:44: Experiment log path in: D:\omer\ST-SSL\experiments\Careem\20240125-125044
2024-01-25 12:50:44: Experiment configs are: Namespace(seed=31, device='cuda', mode='train', best_path='None', debug=False, data_dir='data', dataset='Careem', input_length=19, batch_size=32, test_batch_size=32, graph_file='data/Careem/adj_mx.npz', d_input=1, d_output=1, d_model=64, dropout=0.2, percent=0.1, shm_temp=0.5, nmb_prototype=2, yita=1, epochs=200, lr_init=0.001, early_stop=True, early_stop_patience=150, grad_norm=True, max_grad_norm=5, use_dwa=True, temp=4, num_nodes=285, log_dir='D:\\omer\\ST-SSL\\experiments\\Careem\\20240125-125044')
2024-01-25 12:50:51: *******Train Epoch 1: averaged Loss : 8.697948
2024-01-25 12:50:51: *******Val Epoch 1: averaged Loss : 7.340955
2024-01-25 12:50:51: **************Current best model saved to D:\omer\ST-SSL\experiments\Careem\20240125-125044\best_model.pth
2024-01-25 12:50:53: *******Train Epoch 2: averaged Loss : 7.699317
2024-01-25 12:50:53: *******Val Epoch 2: averaged Loss : 7.058844
2024-01-25 12:50:53: **************Current best model saved to D:\omer\ST-SSL\experiments\Careem\20240125-125044\best_model.pth
2024-01-25 12:50:55: *******Train Epoch 3: averaged Loss : 7.723443
2024-01-25 12:50:55: *******Val Epoch 3: averaged Loss : 7.218298
2024-01-25 12:50:57: *******Train Epoch 4: averaged Loss : 7.391081
2024-01-25 12:50:57: *******Val Epoch 4: averaged Loss : 6.897616
2024-01-25 12:50:57: **************Current best model saved to D:\omer\ST-SSL\experiments\Careem\20240125-125044\best_model.pth
2024-01-25 12:50:59: *******Train Epoch 5: averaged Loss : 7.353763
2024-01-25 12:50:59: *******Val Epoch 5: averaged Loss : 6.824531
2024-01-25 12:50:59: **************Current best model saved to D:\omer\ST-SSL\experiments\Careem\20240125-125044\best_model.pth
2024-01-25 12:51:01: *******Train Epoch 6: averaged Loss : 7.120808
2024-01-25 12:51:01: *******Val Epoch 6: averaged Loss : 6.658670
2024-01-25 12:51:01: **************Current best model saved to D:\omer\ST-SSL\experiments\Careem\20240125-125044\best_model.pth
2024-01-25 12:51:03: *******Train Epoch 7: averaged Loss : 7.073443
2024-01-25 12:51:04: *******Val Epoch 7: averaged Loss : 6.622832
2024-01-25 12:51:04: **************Current best model saved to D:\omer\ST-SSL\experiments\Careem\20240125-125044\best_model.pth
2024-01-25 12:51:06: *******Train Epoch 8: averaged Loss : 7.041462
2024-01-25 12:51:06: *******Val Epoch 8: averaged Loss : 6.613485
2024-01-25 12:51:06: **************Current best model saved to D:\omer\ST-SSL\experiments\Careem\20240125-125044\best_model.pth
2024-01-25 12:51:08: *******Train Epoch 9: averaged Loss : 6.921952
2024-01-25 12:51:08: *******Val Epoch 9: averaged Loss : 6.574955
2024-01-25 12:51:08: **************Current best model saved to D:\omer\ST-SSL\experiments\Careem\20240125-125044\best_model.pth
2024-01-25 12:51:10: *******Train Epoch 10: averaged Loss : 6.906697
2024-01-25 12:51:10: *******Val Epoch 10: averaged Loss : 6.540475
2024-01-25 12:51:10: **************Current best model saved to D:\omer\ST-SSL\experiments\Careem\20240125-125044\best_model.pth
2024-01-25 12:51:12: *******Train Epoch 11: averaged Loss : 6.819236
2024-01-25 12:51:12: *******Val Epoch 11: averaged Loss : 6.682061
2024-01-25 12:51:14: *******Train Epoch 12: averaged Loss : 6.837924
2024-01-25 12:51:14: *******Val Epoch 12: averaged Loss : 6.671607
2024-01-25 12:51:16: *******Train Epoch 13: averaged Loss : 6.850187
2024-01-25 12:51:16: *******Val Epoch 13: averaged Loss : 6.632077
2024-01-25 12:51:18: *******Train Epoch 14: averaged Loss : 6.853677
2024-01-25 12:51:18: *******Val Epoch 14: averaged Loss : 6.573973
2024-01-25 12:51:20: *******Train Epoch 15: averaged Loss : 6.830306
2024-01-25 12:51:21: *******Val Epoch 15: averaged Loss : 6.520228
2024-01-25 12:51:21: **************Current best model saved to D:\omer\ST-SSL\experiments\Careem\20240125-125044\best_model.pth
2024-01-25 12:51:23: *******Train Epoch 16: averaged Loss : 6.659663
2024-01-25 12:51:23: *******Val Epoch 16: averaged Loss : 6.547733
2024-01-25 12:51:25: *******Train Epoch 17: averaged Loss : 6.682243
2024-01-25 12:51:25: *******Val Epoch 17: averaged Loss : 6.555197
2024-01-25 12:51:27: *******Train Epoch 18: averaged Loss : 6.683552
2024-01-25 12:51:27: *******Val Epoch 18: averaged Loss : 6.433162
2024-01-25 12:51:27: **************Current best model saved to D:\omer\ST-SSL\experiments\Careem\20240125-125044\best_model.pth
2024-01-25 12:51:29: *******Train Epoch 19: averaged Loss : 6.701297
2024-01-25 12:51:29: *******Val Epoch 19: averaged Loss : 6.499321
2024-01-25 12:51:31: *******Train Epoch 20: averaged Loss : 6.616022
2024-01-25 12:51:31: *******Val Epoch 20: averaged Loss : 6.512283
2024-01-25 12:51:33: *******Train Epoch 21: averaged Loss : 6.682259
2024-01-25 12:51:33: *******Val Epoch 21: averaged Loss : 6.645278
2024-01-25 12:51:35: *******Train Epoch 22: averaged Loss : 6.661838
2024-01-25 12:51:35: *******Val Epoch 22: averaged Loss : 6.541988
2024-01-25 12:51:37: *******Train Epoch 23: averaged Loss : 6.537364
2024-01-25 12:51:37: *******Val Epoch 23: averaged Loss : 6.760606
2024-01-25 12:51:39: *******Train Epoch 24: averaged Loss : 6.575802
2024-01-25 12:51:39: *******Val Epoch 24: averaged Loss : 6.482143
2024-01-25 12:51:41: *******Train Epoch 25: averaged Loss : 6.549418
2024-01-25 12:51:42: *******Val Epoch 25: averaged Loss : 6.477381
2024-01-25 12:51:44: *******Train Epoch 26: averaged Loss : 6.501613
2024-01-25 12:51:44: *******Val Epoch 26: averaged Loss : 6.452453
2024-01-25 12:51:46: *******Train Epoch 27: averaged Loss : 6.548115
2024-01-25 12:51:46: *******Val Epoch 27: averaged Loss : 6.438064
2024-01-25 12:51:48: *******Train Epoch 28: averaged Loss : 6.548435
2024-01-25 12:51:48: *******Val Epoch 28: averaged Loss : 6.429300
2024-01-25 12:51:48: **************Current best model saved to D:\omer\ST-SSL\experiments\Careem\20240125-125044\best_model.pth
2024-01-25 12:51:50: *******Train Epoch 29: averaged Loss : 6.503412
2024-01-25 12:51:50: *******Val Epoch 29: averaged Loss : 6.426114
2024-01-25 12:51:50: **************Current best model saved to D:\omer\ST-SSL\experiments\Careem\20240125-125044\best_model.pth
2024-01-25 12:51:52: *******Train Epoch 30: averaged Loss : 6.485737
2024-01-25 12:51:52: *******Val Epoch 30: averaged Loss : 6.356128
2024-01-25 12:51:52: **************Current best model saved to D:\omer\ST-SSL\experiments\Careem\20240125-125044\best_model.pth
2024-01-25 12:51:54: *******Train Epoch 31: averaged Loss : 6.475433
2024-01-25 12:51:54: *******Val Epoch 31: averaged Loss : 6.352234
2024-01-25 12:51:54: **************Current best model saved to D:\omer\ST-SSL\experiments\Careem\20240125-125044\best_model.pth
2024-01-25 12:51:57: *******Train Epoch 32: averaged Loss : 6.472770
2024-01-25 12:51:57: *******Val Epoch 32: averaged Loss : 6.424552
2024-01-25 12:51:59: *******Train Epoch 33: averaged Loss : 6.423601
2024-01-25 12:51:59: *******Val Epoch 33: averaged Loss : 6.514374
2024-01-25 12:52:01: *******Train Epoch 34: averaged Loss : 6.425730
2024-01-25 12:52:01: *******Val Epoch 34: averaged Loss : 6.282069
2024-01-25 12:52:01: **************Current best model saved to D:\omer\ST-SSL\experiments\Careem\20240125-125044\best_model.pth
2024-01-25 12:52:03: *******Train Epoch 35: averaged Loss : 6.444042
2024-01-25 12:52:03: *******Val Epoch 35: averaged Loss : 6.412148
2024-01-25 12:52:05: *******Train Epoch 36: averaged Loss : 6.423994
2024-01-25 12:52:05: *******Val Epoch 36: averaged Loss : 6.358480
2024-01-25 12:52:07: *******Train Epoch 37: averaged Loss : 6.369832
2024-01-25 12:52:07: *******Val Epoch 37: averaged Loss : 6.317968
2024-01-25 12:52:09: *******Train Epoch 38: averaged Loss : 6.371531
2024-01-25 12:52:10: *******Val Epoch 38: averaged Loss : 6.320051
2024-01-25 12:52:12: *******Train Epoch 39: averaged Loss : 6.413904
2024-01-25 12:52:12: *******Val Epoch 39: averaged Loss : 6.354044
2024-01-25 12:52:14: *******Train Epoch 40: averaged Loss : 6.490900
2024-01-25 12:52:14: *******Val Epoch 40: averaged Loss : 6.301724
2024-01-25 12:52:16: *******Train Epoch 41: averaged Loss : 6.350101
2024-01-25 12:52:16: *******Val Epoch 41: averaged Loss : 6.401030
2024-01-25 12:52:18: *******Train Epoch 42: averaged Loss : 6.346717
2024-01-25 12:52:18: *******Val Epoch 42: averaged Loss : 6.447047
2024-01-25 12:52:20: *******Train Epoch 43: averaged Loss : 6.318790
2024-01-25 12:52:20: *******Val Epoch 43: averaged Loss : 6.246946
2024-01-25 12:52:20: **************Current best model saved to D:\omer\ST-SSL\experiments\Careem\20240125-125044\best_model.pth
2024-01-25 12:52:22: *******Train Epoch 44: averaged Loss : 6.328511
2024-01-25 12:52:22: *******Val Epoch 44: averaged Loss : 6.311142
2024-01-25 12:52:24: *******Train Epoch 45: averaged Loss : 6.297760
2024-01-25 12:52:24: *******Val Epoch 45: averaged Loss : 6.293660
2024-01-25 12:52:26: *******Train Epoch 46: averaged Loss : 6.277944
2024-01-25 12:52:26: *******Val Epoch 46: averaged Loss : 6.243620
2024-01-25 12:52:26: **************Current best model saved to D:\omer\ST-SSL\experiments\Careem\20240125-125044\best_model.pth
2024-01-25 12:52:28: *******Train Epoch 47: averaged Loss : 6.241513
2024-01-25 12:52:29: *******Val Epoch 47: averaged Loss : 6.248542
2024-01-25 12:52:31: *******Train Epoch 48: averaged Loss : 6.220983
2024-01-25 12:52:31: *******Val Epoch 48: averaged Loss : 6.316847
2024-01-25 12:52:33: *******Train Epoch 49: averaged Loss : 6.244473
2024-01-25 12:52:33: *******Val Epoch 49: averaged Loss : 6.321807
2024-01-25 12:52:35: *******Train Epoch 50: averaged Loss : 6.250728
2024-01-25 12:52:35: *******Val Epoch 50: averaged Loss : 6.259426
2024-01-25 12:52:37: *******Train Epoch 51: averaged Loss : 6.243020
2024-01-25 12:52:37: *******Val Epoch 51: averaged Loss : 6.267010
2024-01-25 12:52:39: *******Train Epoch 52: averaged Loss : 6.238445
2024-01-25 12:52:39: *******Val Epoch 52: averaged Loss : 6.283587
2024-01-25 12:52:41: *******Train Epoch 53: averaged Loss : 6.228526
2024-01-25 12:52:41: *******Val Epoch 53: averaged Loss : 6.348075
2024-01-25 12:52:43: *******Train Epoch 54: averaged Loss : 6.186282
2024-01-25 12:52:43: *******Val Epoch 54: averaged Loss : 6.273470
2024-01-25 12:52:45: *******Train Epoch 55: averaged Loss : 6.198216
2024-01-25 12:52:46: *******Val Epoch 55: averaged Loss : 6.283591
2024-01-25 12:52:48: *******Train Epoch 56: averaged Loss : 6.172570
2024-01-25 12:52:48: *******Val Epoch 56: averaged Loss : 6.261552
2024-01-25 12:52:50: *******Train Epoch 57: averaged Loss : 6.171958
2024-01-25 12:52:50: *******Val Epoch 57: averaged Loss : 6.248006
2024-01-25 12:52:52: *******Train Epoch 58: averaged Loss : 6.158271
2024-01-25 12:52:52: *******Val Epoch 58: averaged Loss : 6.253782
2024-01-25 12:52:54: *******Train Epoch 59: averaged Loss : 6.188426
2024-01-25 12:52:54: *******Val Epoch 59: averaged Loss : 6.268736
2024-01-25 12:52:56: *******Train Epoch 60: averaged Loss : 6.159058
2024-01-25 12:52:56: *******Val Epoch 60: averaged Loss : 6.257684
2024-01-25 12:52:58: *******Train Epoch 61: averaged Loss : 6.123893
2024-01-25 12:52:58: *******Val Epoch 61: averaged Loss : 6.249632
2024-01-25 12:53:00: *******Train Epoch 62: averaged Loss : 6.124054
2024-01-25 12:53:01: *******Val Epoch 62: averaged Loss : 6.254419
2024-01-25 12:53:03: *******Train Epoch 63: averaged Loss : 6.137872
2024-01-25 12:53:03: *******Val Epoch 63: averaged Loss : 6.300277
2024-01-25 12:53:05: *******Train Epoch 64: averaged Loss : 6.095438
2024-01-25 12:53:05: *******Val Epoch 64: averaged Loss : 6.254130
2024-01-25 12:53:07: *******Train Epoch 65: averaged Loss : 6.055921
2024-01-25 12:53:07: *******Val Epoch 65: averaged Loss : 6.265146
2024-01-25 12:53:09: *******Train Epoch 66: averaged Loss : 6.082175
2024-01-25 12:53:09: *******Val Epoch 66: averaged Loss : 6.242889
2024-01-25 12:53:09: **************Current best model saved to D:\omer\ST-SSL\experiments\Careem\20240125-125044\best_model.pth
2024-01-25 12:53:11: *******Train Epoch 67: averaged Loss : 6.072285
2024-01-25 12:53:11: *******Val Epoch 67: averaged Loss : 6.241935
2024-01-25 12:53:11: **************Current best model saved to D:\omer\ST-SSL\experiments\Careem\20240125-125044\best_model.pth
2024-01-25 12:53:13: *******Train Epoch 68: averaged Loss : 6.076663
2024-01-25 12:53:13: *******Val Epoch 68: averaged Loss : 6.236451
2024-01-25 12:53:13: **************Current best model saved to D:\omer\ST-SSL\experiments\Careem\20240125-125044\best_model.pth
2024-01-25 12:53:15: *******Train Epoch 69: averaged Loss : 6.027407
2024-01-25 12:53:15: *******Val Epoch 69: averaged Loss : 6.242836
2024-01-25 12:53:17: *******Train Epoch 70: averaged Loss : 6.018625
2024-01-25 12:53:18: *******Val Epoch 70: averaged Loss : 6.209045
2024-01-25 12:53:18: **************Current best model saved to D:\omer\ST-SSL\experiments\Careem\20240125-125044\best_model.pth
2024-01-25 12:53:20: *******Train Epoch 71: averaged Loss : 6.047732
2024-01-25 12:53:20: *******Val Epoch 71: averaged Loss : 6.224001
2024-01-25 12:53:22: *******Train Epoch 72: averaged Loss : 6.029606
2024-01-25 12:53:22: *******Val Epoch 72: averaged Loss : 6.274265
2024-01-25 12:53:24: *******Train Epoch 73: averaged Loss : 5.982706
2024-01-25 12:53:24: *******Val Epoch 73: averaged Loss : 6.254447
2024-01-25 12:53:26: *******Train Epoch 74: averaged Loss : 6.030763
2024-01-25 12:53:26: *******Val Epoch 74: averaged Loss : 6.278244
2024-01-25 12:53:28: *******Train Epoch 75: averaged Loss : 6.008050
2024-01-25 12:53:28: *******Val Epoch 75: averaged Loss : 6.248181
2024-01-25 12:53:30: *******Train Epoch 76: averaged Loss : 5.982064
2024-01-25 12:53:30: *******Val Epoch 76: averaged Loss : 6.249558
2024-01-25 12:53:32: *******Train Epoch 77: averaged Loss : 5.974699
2024-01-25 12:53:32: *******Val Epoch 77: averaged Loss : 6.216853
2024-01-25 12:53:34: *******Train Epoch 78: averaged Loss : 5.998497
2024-01-25 12:53:35: *******Val Epoch 78: averaged Loss : 6.213579
2024-01-25 12:53:37: *******Train Epoch 79: averaged Loss : 5.963871
2024-01-25 12:53:37: *******Val Epoch 79: averaged Loss : 6.238386
2024-01-25 12:53:39: *******Train Epoch 80: averaged Loss : 5.968091
2024-01-25 12:53:39: *******Val Epoch 80: averaged Loss : 6.189696
2024-01-25 12:53:39: **************Current best model saved to D:\omer\ST-SSL\experiments\Careem\20240125-125044\best_model.pth
2024-01-25 12:53:41: *******Train Epoch 81: averaged Loss : 5.944120
2024-01-25 12:53:41: *******Val Epoch 81: averaged Loss : 6.291691
2024-01-25 12:53:43: *******Train Epoch 82: averaged Loss : 5.928205
2024-01-25 12:53:43: *******Val Epoch 82: averaged Loss : 6.286247
2024-01-25 12:53:45: *******Train Epoch 83: averaged Loss : 5.914240
2024-01-25 12:53:45: *******Val Epoch 83: averaged Loss : 6.256761
2024-01-25 12:53:47: *******Train Epoch 84: averaged Loss : 5.910905
2024-01-25 12:53:47: *******Val Epoch 84: averaged Loss : 6.289746
2024-01-25 12:53:49: *******Train Epoch 85: averaged Loss : 5.886221
2024-01-25 12:53:50: *******Val Epoch 85: averaged Loss : 6.293732
2024-01-25 12:53:52: *******Train Epoch 86: averaged Loss : 5.857947
2024-01-25 12:53:52: *******Val Epoch 86: averaged Loss : 6.264775
2024-01-25 12:53:54: *******Train Epoch 87: averaged Loss : 5.850764
2024-01-25 12:53:54: *******Val Epoch 87: averaged Loss : 6.322062
2024-01-25 12:53:56: *******Train Epoch 88: averaged Loss : 5.875434
2024-01-25 12:53:56: *******Val Epoch 88: averaged Loss : 6.272696
2024-01-25 12:53:58: *******Train Epoch 89: averaged Loss : 5.852696
2024-01-25 12:53:58: *******Val Epoch 89: averaged Loss : 6.260145
2024-01-25 12:54:00: *******Train Epoch 90: averaged Loss : 5.859712
2024-01-25 12:54:00: *******Val Epoch 90: averaged Loss : 6.220263
2024-01-25 12:54:02: *******Train Epoch 91: averaged Loss : 5.855205
2024-01-25 12:54:03: *******Val Epoch 91: averaged Loss : 6.223302
2024-01-25 12:54:05: *******Train Epoch 92: averaged Loss : 5.858444
2024-01-25 12:54:05: *******Val Epoch 92: averaged Loss : 6.244008
2024-01-25 12:54:07: *******Train Epoch 93: averaged Loss : 5.826152
2024-01-25 12:54:07: *******Val Epoch 93: averaged Loss : 6.266252
2024-01-25 12:54:09: *******Train Epoch 94: averaged Loss : 5.815074
2024-01-25 12:54:09: *******Val Epoch 94: averaged Loss : 6.255296
2024-01-25 12:54:11: *******Train Epoch 95: averaged Loss : 5.815579
2024-01-25 12:54:11: *******Val Epoch 95: averaged Loss : 6.239686
2024-01-25 12:54:13: *******Train Epoch 96: averaged Loss : 5.814406
2024-01-25 12:54:13: *******Val Epoch 96: averaged Loss : 6.355242
2024-01-25 12:54:15: *******Train Epoch 97: averaged Loss : 5.826433
2024-01-25 12:54:15: *******Val Epoch 97: averaged Loss : 6.372780
2024-01-25 12:54:17: *******Train Epoch 98: averaged Loss : 5.772612
2024-01-25 12:54:17: *******Val Epoch 98: averaged Loss : 6.313710
2024-01-25 12:54:19: *******Train Epoch 99: averaged Loss : 5.779553
2024-01-25 12:54:20: *******Val Epoch 99: averaged Loss : 6.315227
2024-01-25 12:54:21: *******Train Epoch 100: averaged Loss : 5.776519
2024-01-25 12:54:22: *******Val Epoch 100: averaged Loss : 6.234732
2024-01-25 12:54:24: *******Train Epoch 101: averaged Loss : 5.790264
2024-01-25 12:54:24: *******Val Epoch 101: averaged Loss : 6.261408
2024-01-25 12:54:26: *******Train Epoch 102: averaged Loss : 5.765766
2024-01-25 12:54:26: *******Val Epoch 102: averaged Loss : 6.322780
2024-01-25 12:54:28: *******Train Epoch 103: averaged Loss : 5.757487
2024-01-25 12:54:28: *******Val Epoch 103: averaged Loss : 6.241729
2024-01-25 12:54:30: *******Train Epoch 104: averaged Loss : 5.759108
2024-01-25 12:54:30: *******Val Epoch 104: averaged Loss : 6.260510
2024-01-25 12:54:32: *******Train Epoch 105: averaged Loss : 5.749711
2024-01-25 12:54:32: *******Val Epoch 105: averaged Loss : 6.258253
2024-01-25 12:54:34: *******Train Epoch 106: averaged Loss : 5.725715
2024-01-25 12:54:34: *******Val Epoch 106: averaged Loss : 6.265723
2024-01-25 12:54:36: *******Train Epoch 107: averaged Loss : 5.734783
2024-01-25 12:54:36: *******Val Epoch 107: averaged Loss : 6.266101
2024-01-25 12:54:38: *******Train Epoch 108: averaged Loss : 5.730990
2024-01-25 12:54:38: *******Val Epoch 108: averaged Loss : 6.275551
2024-01-25 12:54:40: *******Train Epoch 109: averaged Loss : 5.737654
2024-01-25 12:54:40: *******Val Epoch 109: averaged Loss : 6.324287
2024-01-25 12:54:43: *******Train Epoch 110: averaged Loss : 5.708342
2024-01-25 12:54:43: *******Val Epoch 110: averaged Loss : 6.256879
2024-01-25 12:54:45: *******Train Epoch 111: averaged Loss : 5.706701
2024-01-25 12:54:45: *******Val Epoch 111: averaged Loss : 6.307707
2024-01-25 12:54:47: *******Train Epoch 112: averaged Loss : 5.676506
2024-01-25 12:54:47: *******Val Epoch 112: averaged Loss : 6.320036
2024-01-25 12:54:49: *******Train Epoch 113: averaged Loss : 5.656275
2024-01-25 12:54:49: *******Val Epoch 113: averaged Loss : 6.280134
2024-01-25 12:54:51: *******Train Epoch 114: averaged Loss : 5.686776
2024-01-25 12:54:51: *******Val Epoch 114: averaged Loss : 6.325357
2024-01-25 12:54:53: *******Train Epoch 115: averaged Loss : 5.654369
2024-01-25 12:54:53: *******Val Epoch 115: averaged Loss : 6.282173
2024-01-25 12:54:55: *******Train Epoch 116: averaged Loss : 5.656846
2024-01-25 12:54:55: *******Val Epoch 116: averaged Loss : 6.271803
2024-01-25 12:54:57: *******Train Epoch 117: averaged Loss : 5.652166
2024-01-25 12:54:58: *******Val Epoch 117: averaged Loss : 6.259892
2024-01-25 12:55:00: *******Train Epoch 118: averaged Loss : 5.648100
2024-01-25 12:55:00: *******Val Epoch 118: averaged Loss : 6.312744
2024-01-25 12:55:02: *******Train Epoch 119: averaged Loss : 5.639225
2024-01-25 12:55:02: *******Val Epoch 119: averaged Loss : 6.499401
2024-01-25 12:55:04: *******Train Epoch 120: averaged Loss : 5.649119
2024-01-25 12:55:04: *******Val Epoch 120: averaged Loss : 6.280899
2024-01-25 12:55:06: *******Train Epoch 121: averaged Loss : 5.637127
2024-01-25 12:55:06: *******Val Epoch 121: averaged Loss : 6.283619
2024-01-25 12:55:08: *******Train Epoch 122: averaged Loss : 5.612979
2024-01-25 12:55:08: *******Val Epoch 122: averaged Loss : 6.269882
2024-01-25 12:55:10: *******Train Epoch 123: averaged Loss : 5.601986
2024-01-25 12:55:10: *******Val Epoch 123: averaged Loss : 6.282614
2024-01-25 12:55:12: *******Train Epoch 124: averaged Loss : 5.588101
2024-01-25 12:55:12: *******Val Epoch 124: averaged Loss : 6.359263
2024-01-25 12:55:14: *******Train Epoch 125: averaged Loss : 5.620485
2024-01-25 12:55:15: *******Val Epoch 125: averaged Loss : 6.258288
2024-01-25 12:55:17: *******Train Epoch 126: averaged Loss : 5.613980
2024-01-25 12:55:17: *******Val Epoch 126: averaged Loss : 6.325227
2024-01-25 12:55:19: *******Train Epoch 127: averaged Loss : 5.613770
2024-01-25 12:55:19: *******Val Epoch 127: averaged Loss : 6.325438
2024-01-25 12:55:21: *******Train Epoch 128: averaged Loss : 5.591085
2024-01-25 12:55:21: *******Val Epoch 128: averaged Loss : 6.450414
2024-01-25 12:55:23: *******Train Epoch 129: averaged Loss : 5.601226
2024-01-25 12:55:23: *******Val Epoch 129: averaged Loss : 6.312560
2024-01-25 12:55:25: *******Train Epoch 130: averaged Loss : 5.567502
2024-01-25 12:55:25: *******Val Epoch 130: averaged Loss : 6.320782
2024-01-25 12:55:27: *******Train Epoch 131: averaged Loss : 5.587681
2024-01-25 12:55:27: *******Val Epoch 131: averaged Loss : 6.282406
2024-01-25 12:55:29: *******Train Epoch 132: averaged Loss : 5.591908
2024-01-25 12:55:29: *******Val Epoch 132: averaged Loss : 6.319511
2024-01-25 12:55:31: *******Train Epoch 133: averaged Loss : 5.559014
2024-01-25 12:55:31: *******Val Epoch 133: averaged Loss : 6.344565
2024-01-25 12:55:33: *******Train Epoch 134: averaged Loss : 5.555977
2024-01-25 12:55:33: *******Val Epoch 134: averaged Loss : 6.296977
2024-01-25 12:55:35: *******Train Epoch 135: averaged Loss : 5.561138
2024-01-25 12:55:36: *******Val Epoch 135: averaged Loss : 6.316723
2024-01-25 12:55:38: *******Train Epoch 136: averaged Loss : 5.519678
2024-01-25 12:55:38: *******Val Epoch 136: averaged Loss : 6.364386
2024-01-25 12:55:40: *******Train Epoch 137: averaged Loss : 5.536496
2024-01-25 12:55:40: *******Val Epoch 137: averaged Loss : 6.259832
2024-01-25 12:55:42: *******Train Epoch 138: averaged Loss : 5.535999
2024-01-25 12:55:42: *******Val Epoch 138: averaged Loss : 6.408883
2024-01-25 12:55:44: *******Train Epoch 139: averaged Loss : 5.535813
2024-01-25 12:55:44: *******Val Epoch 139: averaged Loss : 6.249906
2024-01-25 12:55:46: *******Train Epoch 140: averaged Loss : 5.558168
2024-01-25 12:55:46: *******Val Epoch 140: averaged Loss : 6.353052
2024-01-25 12:55:48: *******Train Epoch 141: averaged Loss : 5.545881
2024-01-25 12:55:48: *******Val Epoch 141: averaged Loss : 6.336636
2024-01-25 12:55:50: *******Train Epoch 142: averaged Loss : 5.515758
2024-01-25 12:55:51: *******Val Epoch 142: averaged Loss : 6.332643
2024-01-25 12:55:53: *******Train Epoch 143: averaged Loss : 5.507786
2024-01-25 12:55:53: *******Val Epoch 143: averaged Loss : 6.393738
2024-01-25 12:55:55: *******Train Epoch 144: averaged Loss : 5.489641
2024-01-25 12:55:55: *******Val Epoch 144: averaged Loss : 6.293298
2024-01-25 12:55:57: *******Train Epoch 145: averaged Loss : 5.499168
2024-01-25 12:55:57: *******Val Epoch 145: averaged Loss : 6.321277
2024-01-25 12:55:59: *******Train Epoch 146: averaged Loss : 5.482795
2024-01-25 12:55:59: *******Val Epoch 146: averaged Loss : 6.320589
2024-01-25 12:56:01: *******Train Epoch 147: averaged Loss : 5.496893
2024-01-25 12:56:01: *******Val Epoch 147: averaged Loss : 6.307168
2024-01-25 12:56:03: *******Train Epoch 148: averaged Loss : 5.487433
2024-01-25 12:56:03: *******Val Epoch 148: averaged Loss : 6.291602
2024-01-25 12:56:05: *******Train Epoch 149: averaged Loss : 5.493375
2024-01-25 12:56:06: *******Val Epoch 149: averaged Loss : 6.299699
2024-01-25 12:56:08: *******Train Epoch 150: averaged Loss : 5.469695
2024-01-25 12:56:08: *******Val Epoch 150: averaged Loss : 6.297229
2024-01-25 12:56:10: *******Train Epoch 151: averaged Loss : 5.455383
2024-01-25 12:56:10: *******Val Epoch 151: averaged Loss : 6.290651
2024-01-25 12:56:12: *******Train Epoch 152: averaged Loss : 5.495446
2024-01-25 12:56:12: *******Val Epoch 152: averaged Loss : 6.366633
2024-01-25 12:56:14: *******Train Epoch 153: averaged Loss : 5.461780
2024-01-25 12:56:14: *******Val Epoch 153: averaged Loss : 6.361127
2024-01-25 12:56:16: *******Train Epoch 154: averaged Loss : 5.439527
2024-01-25 12:56:16: *******Val Epoch 154: averaged Loss : 6.339276
2024-01-25 12:56:18: *******Train Epoch 155: averaged Loss : 5.457848
2024-01-25 12:56:18: *******Val Epoch 155: averaged Loss : 6.330990
2024-01-25 12:56:20: *******Train Epoch 156: averaged Loss : 5.437765
2024-01-25 12:56:20: *******Val Epoch 156: averaged Loss : 6.325376
2024-01-25 12:56:22: *******Train Epoch 157: averaged Loss : 5.411351
2024-01-25 12:56:22: *******Val Epoch 157: averaged Loss : 6.299831
2024-01-25 12:56:24: *******Train Epoch 158: averaged Loss : 5.426117
2024-01-25 12:56:24: *******Val Epoch 158: averaged Loss : 6.318348
2024-01-25 12:56:26: *******Train Epoch 159: averaged Loss : 5.443015
2024-01-25 12:56:26: *******Val Epoch 159: averaged Loss : 6.297812
2024-01-25 12:56:28: *******Train Epoch 160: averaged Loss : 5.406928
2024-01-25 12:56:29: *******Val Epoch 160: averaged Loss : 6.308021
2024-01-25 12:56:31: *******Train Epoch 161: averaged Loss : 5.461507
2024-01-25 12:56:31: *******Val Epoch 161: averaged Loss : 6.310568
2024-01-25 12:56:33: *******Train Epoch 162: averaged Loss : 5.414233
2024-01-25 12:56:33: *******Val Epoch 162: averaged Loss : 6.383753
2024-01-25 12:56:35: *******Train Epoch 163: averaged Loss : 5.383036
2024-01-25 12:56:35: *******Val Epoch 163: averaged Loss : 6.366862
2024-01-25 12:56:37: *******Train Epoch 164: averaged Loss : 5.410758
2024-01-25 12:56:37: *******Val Epoch 164: averaged Loss : 6.311365
2024-01-25 12:56:39: *******Train Epoch 165: averaged Loss : 5.438553
2024-01-25 12:56:39: *******Val Epoch 165: averaged Loss : 6.407313
2024-01-25 12:56:41: *******Train Epoch 166: averaged Loss : 5.393566
2024-01-25 12:56:41: *******Val Epoch 166: averaged Loss : 6.360372
2024-01-25 12:56:43: *******Train Epoch 167: averaged Loss : 5.394835
2024-01-25 12:56:43: *******Val Epoch 167: averaged Loss : 6.314211
2024-01-25 12:56:45: *******Train Epoch 168: averaged Loss : 5.378134
2024-01-25 12:56:45: *******Val Epoch 168: averaged Loss : 6.354110
2024-01-25 12:56:47: *******Train Epoch 169: averaged Loss : 5.384239
2024-01-25 12:56:47: *******Val Epoch 169: averaged Loss : 6.345730
2024-01-25 12:56:50: *******Train Epoch 170: averaged Loss : 5.396080
2024-01-25 12:56:50: *******Val Epoch 170: averaged Loss : 6.328627
2024-01-25 12:56:52: *******Train Epoch 171: averaged Loss : 5.383983
2024-01-25 12:56:52: *******Val Epoch 171: averaged Loss : 6.441812
2024-01-25 12:56:54: *******Train Epoch 172: averaged Loss : 5.369499
2024-01-25 12:56:54: *******Val Epoch 172: averaged Loss : 6.416888
2024-01-25 12:56:56: *******Train Epoch 173: averaged Loss : 5.353905
2024-01-25 12:56:56: *******Val Epoch 173: averaged Loss : 6.372885
2024-01-25 12:56:58: *******Train Epoch 174: averaged Loss : 5.373595
2024-01-25 12:56:58: *******Val Epoch 174: averaged Loss : 6.410166
2024-01-25 12:57:00: *******Train Epoch 175: averaged Loss : 5.354826
2024-01-25 12:57:00: *******Val Epoch 175: averaged Loss : 6.331098
2024-01-25 12:57:02: *******Train Epoch 176: averaged Loss : 5.356724
2024-01-25 12:57:02: *******Val Epoch 176: averaged Loss : 6.331986
2024-01-25 12:57:04: *******Train Epoch 177: averaged Loss : 5.338874
2024-01-25 12:57:05: *******Val Epoch 177: averaged Loss : 6.323299
2024-01-25 12:57:07: *******Train Epoch 178: averaged Loss : 5.336923
2024-01-25 12:57:07: *******Val Epoch 178: averaged Loss : 6.343981
2024-01-25 12:57:09: *******Train Epoch 179: averaged Loss : 5.350719
2024-01-25 12:57:09: *******Val Epoch 179: averaged Loss : 6.376596
2024-01-25 12:57:11: *******Train Epoch 180: averaged Loss : 5.330354
2024-01-25 12:57:11: *******Val Epoch 180: averaged Loss : 6.337227
2024-01-25 12:57:13: *******Train Epoch 181: averaged Loss : 5.337954
2024-01-25 12:57:13: *******Val Epoch 181: averaged Loss : 6.410886
2024-01-25 12:57:15: *******Train Epoch 182: averaged Loss : 5.309458
2024-01-25 12:57:15: *******Val Epoch 182: averaged Loss : 6.334377
2024-01-25 12:57:17: *******Train Epoch 183: averaged Loss : 5.321243
2024-01-25 12:57:17: *******Val Epoch 183: averaged Loss : 6.507823
2024-01-25 12:57:19: *******Train Epoch 184: averaged Loss : 5.331686
2024-01-25 12:57:19: *******Val Epoch 184: averaged Loss : 6.441377
2024-01-25 12:57:21: *******Train Epoch 185: averaged Loss : 5.310062
2024-01-25 12:57:21: *******Val Epoch 185: averaged Loss : 6.425641
2024-01-25 12:57:23: *******Train Epoch 186: averaged Loss : 5.319403
2024-01-25 12:57:24: *******Val Epoch 186: averaged Loss : 6.328046
2024-01-25 12:57:26: *******Train Epoch 187: averaged Loss : 5.311131
2024-01-25 12:57:26: *******Val Epoch 187: averaged Loss : 6.326876
2024-01-25 12:57:28: *******Train Epoch 188: averaged Loss : 5.290266
2024-01-25 12:57:28: *******Val Epoch 188: averaged Loss : 6.398664
2024-01-25 12:57:30: *******Train Epoch 189: averaged Loss : 5.300986
2024-01-25 12:57:30: *******Val Epoch 189: averaged Loss : 6.371594
2024-01-25 12:57:32: *******Train Epoch 190: averaged Loss : 5.311410
2024-01-25 12:57:32: *******Val Epoch 190: averaged Loss : 6.328701
2024-01-25 12:57:34: *******Train Epoch 191: averaged Loss : 5.293487
2024-01-25 12:57:34: *******Val Epoch 191: averaged Loss : 6.392757
2024-01-25 12:57:36: *******Train Epoch 192: averaged Loss : 5.279298
2024-01-25 12:57:36: *******Val Epoch 192: averaged Loss : 6.394608
2024-01-25 12:57:38: *******Train Epoch 193: averaged Loss : 5.277452
2024-01-25 12:57:38: *******Val Epoch 193: averaged Loss : 6.346904
2024-01-25 12:57:40: *******Train Epoch 194: averaged Loss : 5.291917
2024-01-25 12:57:40: *******Val Epoch 194: averaged Loss : 6.401089
2024-01-25 12:57:42: *******Train Epoch 195: averaged Loss : 5.267105
2024-01-25 12:57:43: *******Val Epoch 195: averaged Loss : 6.410485
2024-01-25 12:57:45: *******Train Epoch 196: averaged Loss : 5.275656
2024-01-25 12:57:45: *******Val Epoch 196: averaged Loss : 6.387969
2024-01-25 12:57:47: *******Train Epoch 197: averaged Loss : 5.288548
2024-01-25 12:57:47: *******Val Epoch 197: averaged Loss : 6.354685
2024-01-25 12:57:49: *******Train Epoch 198: averaged Loss : 5.269207
2024-01-25 12:57:49: *******Val Epoch 198: averaged Loss : 6.392572
2024-01-25 12:57:51: *******Train Epoch 199: averaged Loss : 5.239273
2024-01-25 12:57:51: *******Val Epoch 199: averaged Loss : 6.373628
2024-01-25 12:57:53: *******Train Epoch 200: averaged Loss : 5.247478
2024-01-25 12:57:53: *******Val Epoch 200: averaged Loss : 6.346352
2024-01-25 12:57:53: == Training finished.
Total training time: 7.16 min	best loss: 6.1897	best epoch: 80	
2024-01-25 12:57:53: == Test results.
2024-01-25 12:57:53: INFLOW, MAE: 6.10, MAPE: 32.5454%
