2024-01-25 11:47:28: Experiment log path in: D:\omer\ST-SSL\experiments\Careem\20240125-114728
2024-01-25 11:47:28: Experiment configs are: Namespace(seed=31, device='cuda', mode='train', best_path='None', debug=False, data_dir='data', dataset='Careem', input_length=19, batch_size=32, test_batch_size=32, graph_file='data/Careem/adj_mx.npz', d_input=1, d_output=1, d_model=64, dropout=0.2, percent=0.1, shm_temp=0.5, nmb_prototype=2, yita=1, epochs=100, lr_init=0.001, early_stop=True, early_stop_patience=15, grad_norm=True, max_grad_norm=5, use_dwa=True, temp=4, num_nodes=285, log_dir='D:\\omer\\ST-SSL\\experiments\\Careem\\20240125-114728')
2024-01-25 11:47:35: *******Train Epoch 1: averaged Loss : 8.697948
2024-01-25 11:47:35: *******Val Epoch 1: averaged Loss : 7.340955
2024-01-25 11:47:35: **************Current best model saved to D:\omer\ST-SSL\experiments\Careem\20240125-114728\best_model.pth
2024-01-25 11:47:37: *******Train Epoch 2: averaged Loss : 7.699317
2024-01-25 11:47:37: *******Val Epoch 2: averaged Loss : 7.058844
2024-01-25 11:47:37: **************Current best model saved to D:\omer\ST-SSL\experiments\Careem\20240125-114728\best_model.pth
2024-01-25 11:47:40: *******Train Epoch 3: averaged Loss : 7.723443
2024-01-25 11:47:40: *******Val Epoch 3: averaged Loss : 7.218298
2024-01-25 11:47:42: *******Train Epoch 4: averaged Loss : 7.391081
2024-01-25 11:47:42: *******Val Epoch 4: averaged Loss : 6.897616
2024-01-25 11:47:42: **************Current best model saved to D:\omer\ST-SSL\experiments\Careem\20240125-114728\best_model.pth
2024-01-25 11:47:45: *******Train Epoch 5: averaged Loss : 7.353763
2024-01-25 11:47:45: *******Val Epoch 5: averaged Loss : 6.824531
2024-01-25 11:47:45: **************Current best model saved to D:\omer\ST-SSL\experiments\Careem\20240125-114728\best_model.pth
2024-01-25 11:47:47: *******Train Epoch 6: averaged Loss : 7.120808
2024-01-25 11:47:48: *******Val Epoch 6: averaged Loss : 6.658670
2024-01-25 11:47:48: **************Current best model saved to D:\omer\ST-SSL\experiments\Careem\20240125-114728\best_model.pth
2024-01-25 11:47:50: *******Train Epoch 7: averaged Loss : 7.073443
2024-01-25 11:47:50: *******Val Epoch 7: averaged Loss : 6.622832
2024-01-25 11:47:50: **************Current best model saved to D:\omer\ST-SSL\experiments\Careem\20240125-114728\best_model.pth
2024-01-25 11:47:53: *******Train Epoch 8: averaged Loss : 7.041462
2024-01-25 11:47:53: *******Val Epoch 8: averaged Loss : 6.613485
2024-01-25 11:47:53: **************Current best model saved to D:\omer\ST-SSL\experiments\Careem\20240125-114728\best_model.pth
2024-01-25 11:47:55: *******Train Epoch 9: averaged Loss : 6.921952
2024-01-25 11:47:55: *******Val Epoch 9: averaged Loss : 6.574955
2024-01-25 11:47:55: **************Current best model saved to D:\omer\ST-SSL\experiments\Careem\20240125-114728\best_model.pth
2024-01-25 11:47:58: *******Train Epoch 10: averaged Loss : 6.906697
2024-01-25 11:47:58: *******Val Epoch 10: averaged Loss : 6.540475
2024-01-25 11:47:58: **************Current best model saved to D:\omer\ST-SSL\experiments\Careem\20240125-114728\best_model.pth
2024-01-25 11:48:00: *******Train Epoch 11: averaged Loss : 6.819236
2024-01-25 11:48:01: *******Val Epoch 11: averaged Loss : 6.682061
2024-01-25 11:48:03: *******Train Epoch 12: averaged Loss : 6.837924
2024-01-25 11:48:03: *******Val Epoch 12: averaged Loss : 6.671607
2024-01-25 11:48:06: *******Train Epoch 13: averaged Loss : 6.850187
2024-01-25 11:48:06: *******Val Epoch 13: averaged Loss : 6.632077
2024-01-25 11:48:07: Traceback (most recent call last):
  File "D:\omer\ST-SSL\main.py", line 59, in model_supervisor
    results = trainer.train() # best_eval_loss, best_epoch
              ^^^^^^^^^^^^^^^
  File "D:\omer\ST-SSL\model\trainer.py", line 109, in train
    train_epoch_loss, loss_t = self.train_epoch(epoch, loss_weights)
                               ^^^^^^^^^^^^^^^^^^^^^^^^^^^^^^^^^^^^^
  File "D:\omer\ST-SSL\model\trainer.py", line 57, in train_epoch
    repr1, repr2 = self.model(data, self.graph) # nvc
                   ^^^^^^^^^^^^^^^^^^^^^^^^^^^^
  File "C:\Users\CITY3\.conda\envs\i-jepaVENV\Lib\site-packages\torch\nn\modules\module.py", line 1518, in _wrapped_call_impl
    return self._call_impl(*args, **kwargs)
           ^^^^^^^^^^^^^^^^^^^^^^^^^^^^^^^^
  File "C:\Users\CITY3\.conda\envs\i-jepaVENV\Lib\site-packages\torch\nn\modules\module.py", line 1527, in _call_impl
    return forward_call(*args, **kwargs)
           ^^^^^^^^^^^^^^^^^^^^^^^^^^^^^
  File "D:\omer\ST-SSL\model\models.py", line 40, in forward
    repr2 = self.encoder(view2, graph2)
            ^^^^^^^^^^^^^^^^^^^^^^^^^^^
  File "C:\Users\CITY3\.conda\envs\i-jepaVENV\Lib\site-packages\torch\nn\modules\module.py", line 1518, in _wrapped_call_impl
    return self._call_impl(*args, **kwargs)
           ^^^^^^^^^^^^^^^^^^^^^^^^^^^^^^^^
  File "C:\Users\CITY3\.conda\envs\i-jepaVENV\Lib\site-packages\torch\nn\modules\module.py", line 1527, in _call_impl
    return forward_call(*args, **kwargs)
           ^^^^^^^^^^^^^^^^^^^^^^^^^^^^^
  File "D:\omer\ST-SSL\model\layers.py", line 200, in forward
    Lk = self._cheb_polynomial(lap_mx, self.Ks)
         ^^^^^^^^^^^^^^^^^^^^^^^^^^^^^^^^^^^^^^
  File "D:\omer\ST-SSL\model\layers.py", line 248, in _cheb_polynomial
    multi_order_laplacian[k] = 2 * torch.mm(laplacian, multi_order_laplacian[k-1]) - \
    ~~~~~~~~~~~~~~~~~~~~~^^^
KeyboardInterrupt

